

================================================================
== Vivado HLS Report for 'linear_ap_fixed_ap_fixed_64_16_5_3_0_linear_config12_s'
================================================================
* Date:           Tue Oct 25 22:21:37 2022

* Version:        2019.1 (Build 2552052 on Fri May 24 15:28:33 MDT 2019)
* Project:        myproject_prj
* Solution:       solution1
* Product family: zynquplus
* Target device:  xczu3eg-sbva484-1-e


================================================================
== Performance Estimates
================================================================
+ Timing (ns): 
    * Summary: 
    +--------+-------+----------+------------+
    |  Clock | Target| Estimated| Uncertainty|
    +--------+-------+----------+------------+
    |ap_clk  |   5.00|     0.000|        0.62|
    +--------+-------+----------+------------+

+ Latency (clock cycles): 
    * Summary: 
    +-----+-----+-----+-----+----------+
    |  Latency  |  Interval | Pipeline |
    | min | max | min | max |   Type   |
    +-----+-----+-----+-----+----------+
    |    0|    0|    1|    1| function |
    +-----+-----+-----+-----+----------+

    + Detail: 
        * Instance: 
        N/A

        * Loop: 
        N/A

============================================================
+ Verbose Summary: Synthesis Manager
============================================================
InlineROM: 1
ExposeGlobal: 0
============================================================
+ Verbose Summary: CDFG Model
============================================================
IsTopModel: 0
ResetActiveHigh: 1
IsCombinational: 0
IsDatapathOnly: 0
HasWiredReturn: 1
HasMFsm: 2
HasVarLatency: 0
IsPipeline: 1
IsRtlPipelined: 0
IsInstanceOverlapped: 0
IsDontTouch: 0
HasImplIP: 0
IsGatedGlobalClock: 0

+ Individual pipeline summary: 
  * Pipeline-0: initiation interval (II) = 1, depth = 1


============================================================
+ Verbose Summary: Schedule
============================================================
* Number of FSM states : 1
* Pipeline : 1
  Pipeline-0 : II = 1, D = 1, States = { 1 }
* Dataflow Pipeline: 0

* FSM state transitions: 
1 --> 

* FSM state operations: 

State 1 <SV = 0> <Delay = 0.00>
ST_1 : Operation 2 [1/1] (0.00ns)   --->   "%data_11_V_read12 = call i24 @_ssdm_op_Read.ap_auto.i24(i24 %data_11_V_read)" [firmware/nnet_utils/nnet_activation.h:49]   --->   Operation 2 'read' 'data_11_V_read12' <Predicate = true> <Delay = 0.00>
ST_1 : Operation 3 [1/1] (0.00ns)   --->   "%data_10_V_read11 = call i24 @_ssdm_op_Read.ap_auto.i24(i24 %data_10_V_read)" [firmware/nnet_utils/nnet_activation.h:49]   --->   Operation 3 'read' 'data_10_V_read11' <Predicate = true> <Delay = 0.00>
ST_1 : Operation 4 [1/1] (0.00ns)   --->   "%data_9_V_read_9 = call i24 @_ssdm_op_Read.ap_auto.i24(i24 %data_9_V_read)" [firmware/nnet_utils/nnet_activation.h:49]   --->   Operation 4 'read' 'data_9_V_read_9' <Predicate = true> <Delay = 0.00>
ST_1 : Operation 5 [1/1] (0.00ns)   --->   "%data_8_V_read_9 = call i24 @_ssdm_op_Read.ap_auto.i24(i24 %data_8_V_read)" [firmware/nnet_utils/nnet_activation.h:49]   --->   Operation 5 'read' 'data_8_V_read_9' <Predicate = true> <Delay = 0.00>
ST_1 : Operation 6 [1/1] (0.00ns)   --->   "%data_7_V_read_11 = call i24 @_ssdm_op_Read.ap_auto.i24(i24 %data_7_V_read)" [firmware/nnet_utils/nnet_activation.h:49]   --->   Operation 6 'read' 'data_7_V_read_11' <Predicate = true> <Delay = 0.00>
ST_1 : Operation 7 [1/1] (0.00ns)   --->   "%data_6_V_read_11 = call i24 @_ssdm_op_Read.ap_auto.i24(i24 %data_6_V_read)" [firmware/nnet_utils/nnet_activation.h:49]   --->   Operation 7 'read' 'data_6_V_read_11' <Predicate = true> <Delay = 0.00>
ST_1 : Operation 8 [1/1] (0.00ns)   --->   "%data_5_V_read_11 = call i24 @_ssdm_op_Read.ap_auto.i24(i24 %data_5_V_read)" [firmware/nnet_utils/nnet_activation.h:49]   --->   Operation 8 'read' 'data_5_V_read_11' <Predicate = true> <Delay = 0.00>
ST_1 : Operation 9 [1/1] (0.00ns)   --->   "%data_4_V_read_11 = call i24 @_ssdm_op_Read.ap_auto.i24(i24 %data_4_V_read)" [firmware/nnet_utils/nnet_activation.h:49]   --->   Operation 9 'read' 'data_4_V_read_11' <Predicate = true> <Delay = 0.00>
ST_1 : Operation 10 [1/1] (0.00ns)   --->   "%data_3_V_read_13 = call i24 @_ssdm_op_Read.ap_auto.i24(i24 %data_3_V_read)" [firmware/nnet_utils/nnet_activation.h:49]   --->   Operation 10 'read' 'data_3_V_read_13' <Predicate = true> <Delay = 0.00>
ST_1 : Operation 11 [1/1] (0.00ns)   --->   "%data_2_V_read_13 = call i24 @_ssdm_op_Read.ap_auto.i24(i24 %data_2_V_read)" [firmware/nnet_utils/nnet_activation.h:49]   --->   Operation 11 'read' 'data_2_V_read_13' <Predicate = true> <Delay = 0.00>
ST_1 : Operation 12 [1/1] (0.00ns)   --->   "%data_1_V_read_13 = call i24 @_ssdm_op_Read.ap_auto.i24(i24 %data_1_V_read)" [firmware/nnet_utils/nnet_activation.h:49]   --->   Operation 12 'read' 'data_1_V_read_13' <Predicate = true> <Delay = 0.00>
ST_1 : Operation 13 [1/1] (0.00ns)   --->   "%data_0_V_read_13 = call i24 @_ssdm_op_Read.ap_auto.i24(i24 %data_0_V_read)" [firmware/nnet_utils/nnet_activation.h:49]   --->   Operation 13 'read' 'data_0_V_read_13' <Predicate = true> <Delay = 0.00>
ST_1 : Operation 14 [1/1] (0.00ns)   --->   "%tmp = call i32 (...)* @_ssdm_op_SpecRegionBegin([13 x i8]* @p_str33)" [firmware/nnet_utils/nnet_activation.h:51]   --->   Operation 14 'specregionbegin' 'tmp' <Predicate = true> <Delay = 0.00>
ST_1 : Operation 15 [1/1] (0.00ns)   --->   "call void (...)* @_ssdm_op_SpecPipeline(i32 -1, i32 1, i32 1, i32 0, [1 x i8]* @p_str15) nounwind" [firmware/nnet_utils/nnet_activation.h:52]   --->   Operation 15 'specpipeline' <Predicate = true> <Delay = 0.00>
ST_1 : Operation 16 [1/1] (0.00ns)   --->   "%empty = call i32 (...)* @_ssdm_op_SpecRegionEnd([13 x i8]* @p_str33, i32 %tmp)" [firmware/nnet_utils/nnet_activation.h:53]   --->   Operation 16 'specregionend' 'empty' <Predicate = true> <Delay = 0.00>
ST_1 : Operation 17 [1/1] (0.00ns)   --->   "%res_0_V_write_assign = call i52 @_ssdm_op_BitConcatenate.i52.i24.i28(i24 %data_0_V_read_13, i28 0)" [firmware/nnet_utils/nnet_activation.h:59]   --->   Operation 17 'bitconcatenate' 'res_0_V_write_assign' <Predicate = true> <Delay = 0.00>
ST_1 : Operation 18 [1/1] (0.00ns)   --->   "%sext_ln728 = sext i52 %res_0_V_write_assign to i64" [firmware/nnet_utils/nnet_activation.h:59]   --->   Operation 18 'sext' 'sext_ln728' <Predicate = true> <Delay = 0.00>
ST_1 : Operation 19 [1/1] (0.00ns)   --->   "%res_1_V_write_assign = call i52 @_ssdm_op_BitConcatenate.i52.i24.i28(i24 %data_1_V_read_13, i28 0)" [firmware/nnet_utils/nnet_activation.h:59]   --->   Operation 19 'bitconcatenate' 'res_1_V_write_assign' <Predicate = true> <Delay = 0.00>
ST_1 : Operation 20 [1/1] (0.00ns)   --->   "%sext_ln728_42 = sext i52 %res_1_V_write_assign to i64" [firmware/nnet_utils/nnet_activation.h:59]   --->   Operation 20 'sext' 'sext_ln728_42' <Predicate = true> <Delay = 0.00>
ST_1 : Operation 21 [1/1] (0.00ns)   --->   "%res_2_V_write_assign = call i52 @_ssdm_op_BitConcatenate.i52.i24.i28(i24 %data_2_V_read_13, i28 0)" [firmware/nnet_utils/nnet_activation.h:59]   --->   Operation 21 'bitconcatenate' 'res_2_V_write_assign' <Predicate = true> <Delay = 0.00>
ST_1 : Operation 22 [1/1] (0.00ns)   --->   "%sext_ln728_43 = sext i52 %res_2_V_write_assign to i64" [firmware/nnet_utils/nnet_activation.h:59]   --->   Operation 22 'sext' 'sext_ln728_43' <Predicate = true> <Delay = 0.00>
ST_1 : Operation 23 [1/1] (0.00ns)   --->   "%res_3_V_write_assign = call i52 @_ssdm_op_BitConcatenate.i52.i24.i28(i24 %data_3_V_read_13, i28 0)" [firmware/nnet_utils/nnet_activation.h:59]   --->   Operation 23 'bitconcatenate' 'res_3_V_write_assign' <Predicate = true> <Delay = 0.00>
ST_1 : Operation 24 [1/1] (0.00ns)   --->   "%sext_ln728_44 = sext i52 %res_3_V_write_assign to i64" [firmware/nnet_utils/nnet_activation.h:59]   --->   Operation 24 'sext' 'sext_ln728_44' <Predicate = true> <Delay = 0.00>
ST_1 : Operation 25 [1/1] (0.00ns)   --->   "%res_4_V_write_assign = call i52 @_ssdm_op_BitConcatenate.i52.i24.i28(i24 %data_4_V_read_11, i28 0)" [firmware/nnet_utils/nnet_activation.h:59]   --->   Operation 25 'bitconcatenate' 'res_4_V_write_assign' <Predicate = true> <Delay = 0.00>
ST_1 : Operation 26 [1/1] (0.00ns)   --->   "%sext_ln728_45 = sext i52 %res_4_V_write_assign to i64" [firmware/nnet_utils/nnet_activation.h:59]   --->   Operation 26 'sext' 'sext_ln728_45' <Predicate = true> <Delay = 0.00>
ST_1 : Operation 27 [1/1] (0.00ns)   --->   "%res_5_V_write_assign = call i52 @_ssdm_op_BitConcatenate.i52.i24.i28(i24 %data_5_V_read_11, i28 0)" [firmware/nnet_utils/nnet_activation.h:59]   --->   Operation 27 'bitconcatenate' 'res_5_V_write_assign' <Predicate = true> <Delay = 0.00>
ST_1 : Operation 28 [1/1] (0.00ns)   --->   "%sext_ln728_46 = sext i52 %res_5_V_write_assign to i64" [firmware/nnet_utils/nnet_activation.h:59]   --->   Operation 28 'sext' 'sext_ln728_46' <Predicate = true> <Delay = 0.00>
ST_1 : Operation 29 [1/1] (0.00ns)   --->   "%res_6_V_write_assign = call i52 @_ssdm_op_BitConcatenate.i52.i24.i28(i24 %data_6_V_read_11, i28 0)" [firmware/nnet_utils/nnet_activation.h:59]   --->   Operation 29 'bitconcatenate' 'res_6_V_write_assign' <Predicate = true> <Delay = 0.00>
ST_1 : Operation 30 [1/1] (0.00ns)   --->   "%sext_ln728_47 = sext i52 %res_6_V_write_assign to i64" [firmware/nnet_utils/nnet_activation.h:59]   --->   Operation 30 'sext' 'sext_ln728_47' <Predicate = true> <Delay = 0.00>
ST_1 : Operation 31 [1/1] (0.00ns)   --->   "%res_7_V_write_assign = call i52 @_ssdm_op_BitConcatenate.i52.i24.i28(i24 %data_7_V_read_11, i28 0)" [firmware/nnet_utils/nnet_activation.h:59]   --->   Operation 31 'bitconcatenate' 'res_7_V_write_assign' <Predicate = true> <Delay = 0.00>
ST_1 : Operation 32 [1/1] (0.00ns)   --->   "%sext_ln728_48 = sext i52 %res_7_V_write_assign to i64" [firmware/nnet_utils/nnet_activation.h:59]   --->   Operation 32 'sext' 'sext_ln728_48' <Predicate = true> <Delay = 0.00>
ST_1 : Operation 33 [1/1] (0.00ns)   --->   "%res_8_V_write_assign = call i52 @_ssdm_op_BitConcatenate.i52.i24.i28(i24 %data_8_V_read_9, i28 0)" [firmware/nnet_utils/nnet_activation.h:59]   --->   Operation 33 'bitconcatenate' 'res_8_V_write_assign' <Predicate = true> <Delay = 0.00>
ST_1 : Operation 34 [1/1] (0.00ns)   --->   "%sext_ln728_49 = sext i52 %res_8_V_write_assign to i64" [firmware/nnet_utils/nnet_activation.h:59]   --->   Operation 34 'sext' 'sext_ln728_49' <Predicate = true> <Delay = 0.00>
ST_1 : Operation 35 [1/1] (0.00ns)   --->   "%res_9_V_write_assign = call i52 @_ssdm_op_BitConcatenate.i52.i24.i28(i24 %data_9_V_read_9, i28 0)" [firmware/nnet_utils/nnet_activation.h:59]   --->   Operation 35 'bitconcatenate' 'res_9_V_write_assign' <Predicate = true> <Delay = 0.00>
ST_1 : Operation 36 [1/1] (0.00ns)   --->   "%sext_ln728_50 = sext i52 %res_9_V_write_assign to i64" [firmware/nnet_utils/nnet_activation.h:59]   --->   Operation 36 'sext' 'sext_ln728_50' <Predicate = true> <Delay = 0.00>
ST_1 : Operation 37 [1/1] (0.00ns)   --->   "%res_10_V_write_assign = call i52 @_ssdm_op_BitConcatenate.i52.i24.i28(i24 %data_10_V_read11, i28 0)" [firmware/nnet_utils/nnet_activation.h:59]   --->   Operation 37 'bitconcatenate' 'res_10_V_write_assign' <Predicate = true> <Delay = 0.00>
ST_1 : Operation 38 [1/1] (0.00ns)   --->   "%sext_ln728_51 = sext i52 %res_10_V_write_assign to i64" [firmware/nnet_utils/nnet_activation.h:59]   --->   Operation 38 'sext' 'sext_ln728_51' <Predicate = true> <Delay = 0.00>
ST_1 : Operation 39 [1/1] (0.00ns)   --->   "%res_11_V_write_assign = call i52 @_ssdm_op_BitConcatenate.i52.i24.i28(i24 %data_11_V_read12, i28 0)" [firmware/nnet_utils/nnet_activation.h:59]   --->   Operation 39 'bitconcatenate' 'res_11_V_write_assign' <Predicate = true> <Delay = 0.00>
ST_1 : Operation 40 [1/1] (0.00ns)   --->   "%sext_ln728_52 = sext i52 %res_11_V_write_assign to i64" [firmware/nnet_utils/nnet_activation.h:59]   --->   Operation 40 'sext' 'sext_ln728_52' <Predicate = true> <Delay = 0.00>
ST_1 : Operation 41 [1/1] (0.00ns)   --->   "%mrv = insertvalue { i64, i64, i64, i64, i64, i64, i64, i64, i64, i64, i64, i64 } undef, i64 %sext_ln728, 0" [firmware/nnet_utils/nnet_activation.h:61]   --->   Operation 41 'insertvalue' 'mrv' <Predicate = true> <Delay = 0.00>
ST_1 : Operation 42 [1/1] (0.00ns)   --->   "%mrv_1 = insertvalue { i64, i64, i64, i64, i64, i64, i64, i64, i64, i64, i64, i64 } %mrv, i64 %sext_ln728_42, 1" [firmware/nnet_utils/nnet_activation.h:61]   --->   Operation 42 'insertvalue' 'mrv_1' <Predicate = true> <Delay = 0.00>
ST_1 : Operation 43 [1/1] (0.00ns)   --->   "%mrv_2 = insertvalue { i64, i64, i64, i64, i64, i64, i64, i64, i64, i64, i64, i64 } %mrv_1, i64 %sext_ln728_43, 2" [firmware/nnet_utils/nnet_activation.h:61]   --->   Operation 43 'insertvalue' 'mrv_2' <Predicate = true> <Delay = 0.00>
ST_1 : Operation 44 [1/1] (0.00ns)   --->   "%mrv_3 = insertvalue { i64, i64, i64, i64, i64, i64, i64, i64, i64, i64, i64, i64 } %mrv_2, i64 %sext_ln728_44, 3" [firmware/nnet_utils/nnet_activation.h:61]   --->   Operation 44 'insertvalue' 'mrv_3' <Predicate = true> <Delay = 0.00>
ST_1 : Operation 45 [1/1] (0.00ns)   --->   "%mrv_4 = insertvalue { i64, i64, i64, i64, i64, i64, i64, i64, i64, i64, i64, i64 } %mrv_3, i64 %sext_ln728_45, 4" [firmware/nnet_utils/nnet_activation.h:61]   --->   Operation 45 'insertvalue' 'mrv_4' <Predicate = true> <Delay = 0.00>
ST_1 : Operation 46 [1/1] (0.00ns)   --->   "%mrv_5 = insertvalue { i64, i64, i64, i64, i64, i64, i64, i64, i64, i64, i64, i64 } %mrv_4, i64 %sext_ln728_46, 5" [firmware/nnet_utils/nnet_activation.h:61]   --->   Operation 46 'insertvalue' 'mrv_5' <Predicate = true> <Delay = 0.00>
ST_1 : Operation 47 [1/1] (0.00ns)   --->   "%mrv_6 = insertvalue { i64, i64, i64, i64, i64, i64, i64, i64, i64, i64, i64, i64 } %mrv_5, i64 %sext_ln728_47, 6" [firmware/nnet_utils/nnet_activation.h:61]   --->   Operation 47 'insertvalue' 'mrv_6' <Predicate = true> <Delay = 0.00>
ST_1 : Operation 48 [1/1] (0.00ns)   --->   "%mrv_7 = insertvalue { i64, i64, i64, i64, i64, i64, i64, i64, i64, i64, i64, i64 } %mrv_6, i64 %sext_ln728_48, 7" [firmware/nnet_utils/nnet_activation.h:61]   --->   Operation 48 'insertvalue' 'mrv_7' <Predicate = true> <Delay = 0.00>
ST_1 : Operation 49 [1/1] (0.00ns)   --->   "%mrv_8 = insertvalue { i64, i64, i64, i64, i64, i64, i64, i64, i64, i64, i64, i64 } %mrv_7, i64 %sext_ln728_49, 8" [firmware/nnet_utils/nnet_activation.h:61]   --->   Operation 49 'insertvalue' 'mrv_8' <Predicate = true> <Delay = 0.00>
ST_1 : Operation 50 [1/1] (0.00ns)   --->   "%mrv_9 = insertvalue { i64, i64, i64, i64, i64, i64, i64, i64, i64, i64, i64, i64 } %mrv_8, i64 %sext_ln728_50, 9" [firmware/nnet_utils/nnet_activation.h:61]   --->   Operation 50 'insertvalue' 'mrv_9' <Predicate = true> <Delay = 0.00>
ST_1 : Operation 51 [1/1] (0.00ns)   --->   "%mrv_10 = insertvalue { i64, i64, i64, i64, i64, i64, i64, i64, i64, i64, i64, i64 } %mrv_9, i64 %sext_ln728_51, 10" [firmware/nnet_utils/nnet_activation.h:61]   --->   Operation 51 'insertvalue' 'mrv_10' <Predicate = true> <Delay = 0.00>
ST_1 : Operation 52 [1/1] (0.00ns)   --->   "%mrv_11 = insertvalue { i64, i64, i64, i64, i64, i64, i64, i64, i64, i64, i64, i64 } %mrv_10, i64 %sext_ln728_52, 11" [firmware/nnet_utils/nnet_activation.h:61]   --->   Operation 52 'insertvalue' 'mrv_11' <Predicate = true> <Delay = 0.00>
ST_1 : Operation 53 [1/1] (0.00ns)   --->   "ret { i64, i64, i64, i64, i64, i64, i64, i64, i64, i64, i64, i64 } %mrv_11" [firmware/nnet_utils/nnet_activation.h:61]   --->   Operation 53 'ret' <Predicate = true> <Delay = 0.00>


============================================================
+ Verbose Summary: Timing violations
============================================================
Target clock period: 5ns, clock uncertainty: 0.625ns.

 <State 1>: 0ns
The critical path consists of the following:


============================================================
+ Verbose Summary: Binding
============================================================
N/A
* FSMD analyzer results:
  - Output states:
 - Input state : 
  - Chain level:
	State 1


============================================================
+ Verbose Summary: Datapath Resource usage 
============================================================
N/A
