

================================================================
== Vivado HLS Report for 'linear_ap_fixed_ap_fixed_64_16_5_3_0_linear_config21_s'
================================================================
* Date:           Tue Oct 25 22:21:51 2022

* Version:        2019.1 (Build 2552052 on Fri May 24 15:28:33 MDT 2019)
* Project:        myproject_prj
* Solution:       solution1
* Product family: zynquplus
* Target device:  xczu3eg-sbva484-1-e


================================================================
== Performance Estimates
================================================================
+ Timing (ns): 
    * Summary: 
    +--------+-------+----------+------------+
    |  Clock | Target| Estimated| Uncertainty|
    +--------+-------+----------+------------+
    |ap_clk  |   5.00|     0.000|        0.62|
    +--------+-------+----------+------------+

+ Latency (clock cycles): 
    * Summary: 
    +-----+-----+-----+-----+----------+
    |  Latency  |  Interval | Pipeline |
    | min | max | min | max |   Type   |
    +-----+-----+-----+-----+----------+
    |    0|    0|    1|    1| function |
    +-----+-----+-----+-----+----------+

    + Detail: 
        * Instance: 
        N/A

        * Loop: 
        N/A



================================================================
== Utilization Estimates
================================================================
* Summary: 
+-----------------+---------+-------+--------+-------+-----+
|       Name      | BRAM_18K| DSP48E|   FF   |  LUT  | URAM|
+-----------------+---------+-------+--------+-------+-----+
|DSP              |        -|      -|       -|      -|    -|
|Expression       |        -|      -|       -|      -|    -|
|FIFO             |        -|      -|       -|      -|    -|
|Instance         |        -|      -|       -|      -|    -|
|Memory           |        -|      -|       -|      -|    -|
|Multiplexer      |        -|      -|       -|      -|    -|
|Register         |        -|      -|       -|      -|    -|
+-----------------+---------+-------+--------+-------+-----+
|Total            |        0|      0|       0|      0|    0|
+-----------------+---------+-------+--------+-------+-----+
|Available        |      432|    360|  141120|  70560|    0|
+-----------------+---------+-------+--------+-------+-----+
|Utilization (%)  |        0|      0|       0|      0|    0|
+-----------------+---------+-------+--------+-------+-----+

+ Detail: 
    * Instance: 
    N/A

    * DSP48E: 
    N/A

    * Memory: 
    N/A

    * FIFO: 
    N/A

    * Expression: 
    N/A

    * Multiplexer: 
    N/A

    * Register: 
    N/A



================================================================
== Interface
================================================================
* Summary: 
+----------------+-----+-----+------------+--------------------------------------------------------+--------------+
|    RTL Ports   | Dir | Bits|  Protocol  |                      Source Object                     |    C Type    |
+----------------+-----+-----+------------+--------------------------------------------------------+--------------+
|ap_ready        | out |    1| ap_ctrl_hs | linear<ap_fixed,ap_fixed<64,16,5,3,0>,linear_config21> | return value |
|ap_return_0     | out |   64| ap_ctrl_hs | linear<ap_fixed,ap_fixed<64,16,5,3,0>,linear_config21> | return value |
|ap_return_1     | out |   64| ap_ctrl_hs | linear<ap_fixed,ap_fixed<64,16,5,3,0>,linear_config21> | return value |
|ap_return_2     | out |   64| ap_ctrl_hs | linear<ap_fixed,ap_fixed<64,16,5,3,0>,linear_config21> | return value |
|ap_return_3     | out |   64| ap_ctrl_hs | linear<ap_fixed,ap_fixed<64,16,5,3,0>,linear_config21> | return value |
|ap_return_4     | out |   64| ap_ctrl_hs | linear<ap_fixed,ap_fixed<64,16,5,3,0>,linear_config21> | return value |
|ap_return_5     | out |   64| ap_ctrl_hs | linear<ap_fixed,ap_fixed<64,16,5,3,0>,linear_config21> | return value |
|ap_return_6     | out |   64| ap_ctrl_hs | linear<ap_fixed,ap_fixed<64,16,5,3,0>,linear_config21> | return value |
|ap_return_7     | out |   64| ap_ctrl_hs | linear<ap_fixed,ap_fixed<64,16,5,3,0>,linear_config21> | return value |
|ap_return_8     | out |   64| ap_ctrl_hs | linear<ap_fixed,ap_fixed<64,16,5,3,0>,linear_config21> | return value |
|ap_return_9     | out |   64| ap_ctrl_hs | linear<ap_fixed,ap_fixed<64,16,5,3,0>,linear_config21> | return value |
|ap_return_10    | out |   64| ap_ctrl_hs | linear<ap_fixed,ap_fixed<64,16,5,3,0>,linear_config21> | return value |
|ap_return_11    | out |   64| ap_ctrl_hs | linear<ap_fixed,ap_fixed<64,16,5,3,0>,linear_config21> | return value |
|ap_return_12    | out |   64| ap_ctrl_hs | linear<ap_fixed,ap_fixed<64,16,5,3,0>,linear_config21> | return value |
|ap_return_13    | out |   64| ap_ctrl_hs | linear<ap_fixed,ap_fixed<64,16,5,3,0>,linear_config21> | return value |
|ap_return_14    | out |   64| ap_ctrl_hs | linear<ap_fixed,ap_fixed<64,16,5,3,0>,linear_config21> | return value |
|ap_return_15    | out |   64| ap_ctrl_hs | linear<ap_fixed,ap_fixed<64,16,5,3,0>,linear_config21> | return value |
|ap_return_16    | out |   64| ap_ctrl_hs | linear<ap_fixed,ap_fixed<64,16,5,3,0>,linear_config21> | return value |
|ap_return_17    | out |   64| ap_ctrl_hs | linear<ap_fixed,ap_fixed<64,16,5,3,0>,linear_config21> | return value |
|ap_return_18    | out |   64| ap_ctrl_hs | linear<ap_fixed,ap_fixed<64,16,5,3,0>,linear_config21> | return value |
|ap_return_19    | out |   64| ap_ctrl_hs | linear<ap_fixed,ap_fixed<64,16,5,3,0>,linear_config21> | return value |
|data_0_V_read   |  in |   32|   ap_none  |                      data_0_V_read                     |    scalar    |
|data_1_V_read   |  in |   32|   ap_none  |                      data_1_V_read                     |    scalar    |
|data_2_V_read   |  in |   32|   ap_none  |                      data_2_V_read                     |    scalar    |
|data_3_V_read   |  in |   32|   ap_none  |                      data_3_V_read                     |    scalar    |
|data_4_V_read   |  in |   32|   ap_none  |                      data_4_V_read                     |    scalar    |
|data_5_V_read   |  in |   32|   ap_none  |                      data_5_V_read                     |    scalar    |
|data_6_V_read   |  in |   32|   ap_none  |                      data_6_V_read                     |    scalar    |
|data_7_V_read   |  in |   32|   ap_none  |                      data_7_V_read                     |    scalar    |
|data_8_V_read   |  in |   32|   ap_none  |                      data_8_V_read                     |    scalar    |
|data_9_V_read   |  in |   32|   ap_none  |                      data_9_V_read                     |    scalar    |
|data_10_V_read  |  in |   32|   ap_none  |                     data_10_V_read                     |    scalar    |
|data_11_V_read  |  in |   32|   ap_none  |                     data_11_V_read                     |    scalar    |
|data_12_V_read  |  in |   32|   ap_none  |                     data_12_V_read                     |    scalar    |
|data_13_V_read  |  in |   32|   ap_none  |                     data_13_V_read                     |    scalar    |
|data_14_V_read  |  in |   32|   ap_none  |                     data_14_V_read                     |    scalar    |
|data_15_V_read  |  in |   32|   ap_none  |                     data_15_V_read                     |    scalar    |
|data_16_V_read  |  in |   32|   ap_none  |                     data_16_V_read                     |    scalar    |
|data_17_V_read  |  in |   32|   ap_none  |                     data_17_V_read                     |    scalar    |
|data_18_V_read  |  in |   32|   ap_none  |                     data_18_V_read                     |    scalar    |
|data_19_V_read  |  in |   32|   ap_none  |                     data_19_V_read                     |    scalar    |
+----------------+-----+-----+------------+--------------------------------------------------------+--------------+

============================================================
+ Verbose Summary: Synthesis Manager
============================================================
InlineROM: 1
ExposeGlobal: 0
============================================================
+ Verbose Summary: CDFG Model
============================================================
IsTopModel: 0
ResetActiveHigh: 1
IsCombinational: 1
IsDatapathOnly: 2
HasWiredReturn: 1
HasMFsm: 2
HasVarLatency: 0
IsPipeline: 1
IsRtlPipelined: 0
IsInstanceOverlapped: 0
IsDontTouch: 0
HasImplIP: 0
IsGatedGlobalClock: 0

+ Individual pipeline summary: 
  * Pipeline-0: initiation interval (II) = 1, depth = 1


============================================================
+ Verbose Summary: Schedule
============================================================
* Number of FSM states : 1
* Pipeline : 1
  Pipeline-0 : II = 1, D = 1, States = { 1 }
* Dataflow Pipeline: 0

* FSM state transitions: 
1 --> 

* FSM state operations: 

State 1 <SV = 0> <Delay = 0.00>
ST_1 : Operation 2 [1/1] (0.00ns)   --->   "%data_19_V_read_1 = call i32 @_ssdm_op_Read.ap_auto.i32(i32 %data_19_V_read)" [firmware/nnet_utils/nnet_activation.h:49]   --->   Operation 2 'read' 'data_19_V_read_1' <Predicate = true> <Delay = 0.00>
ST_1 : Operation 3 [1/1] (0.00ns)   --->   "%data_18_V_read_1 = call i32 @_ssdm_op_Read.ap_auto.i32(i32 %data_18_V_read)" [firmware/nnet_utils/nnet_activation.h:49]   --->   Operation 3 'read' 'data_18_V_read_1' <Predicate = true> <Delay = 0.00>
ST_1 : Operation 4 [1/1] (0.00ns)   --->   "%data_17_V_read_1 = call i32 @_ssdm_op_Read.ap_auto.i32(i32 %data_17_V_read)" [firmware/nnet_utils/nnet_activation.h:49]   --->   Operation 4 'read' 'data_17_V_read_1' <Predicate = true> <Delay = 0.00>
ST_1 : Operation 5 [1/1] (0.00ns)   --->   "%data_16_V_read_1 = call i32 @_ssdm_op_Read.ap_auto.i32(i32 %data_16_V_read)" [firmware/nnet_utils/nnet_activation.h:49]   --->   Operation 5 'read' 'data_16_V_read_1' <Predicate = true> <Delay = 0.00>
ST_1 : Operation 6 [1/1] (0.00ns)   --->   "%data_15_V_read_1 = call i32 @_ssdm_op_Read.ap_auto.i32(i32 %data_15_V_read)" [firmware/nnet_utils/nnet_activation.h:49]   --->   Operation 6 'read' 'data_15_V_read_1' <Predicate = true> <Delay = 0.00>
ST_1 : Operation 7 [1/1] (0.00ns)   --->   "%data_14_V_read_1 = call i32 @_ssdm_op_Read.ap_auto.i32(i32 %data_14_V_read)" [firmware/nnet_utils/nnet_activation.h:49]   --->   Operation 7 'read' 'data_14_V_read_1' <Predicate = true> <Delay = 0.00>
ST_1 : Operation 8 [1/1] (0.00ns)   --->   "%data_13_V_read_1 = call i32 @_ssdm_op_Read.ap_auto.i32(i32 %data_13_V_read)" [firmware/nnet_utils/nnet_activation.h:49]   --->   Operation 8 'read' 'data_13_V_read_1' <Predicate = true> <Delay = 0.00>
ST_1 : Operation 9 [1/1] (0.00ns)   --->   "%data_12_V_read_1 = call i32 @_ssdm_op_Read.ap_auto.i32(i32 %data_12_V_read)" [firmware/nnet_utils/nnet_activation.h:49]   --->   Operation 9 'read' 'data_12_V_read_1' <Predicate = true> <Delay = 0.00>
ST_1 : Operation 10 [1/1] (0.00ns)   --->   "%data_11_V_read12 = call i32 @_ssdm_op_Read.ap_auto.i32(i32 %data_11_V_read)" [firmware/nnet_utils/nnet_activation.h:49]   --->   Operation 10 'read' 'data_11_V_read12' <Predicate = true> <Delay = 0.00>
ST_1 : Operation 11 [1/1] (0.00ns)   --->   "%data_10_V_read11 = call i32 @_ssdm_op_Read.ap_auto.i32(i32 %data_10_V_read)" [firmware/nnet_utils/nnet_activation.h:49]   --->   Operation 11 'read' 'data_10_V_read11' <Predicate = true> <Delay = 0.00>
ST_1 : Operation 12 [1/1] (0.00ns)   --->   "%data_9_V_read_6 = call i32 @_ssdm_op_Read.ap_auto.i32(i32 %data_9_V_read)" [firmware/nnet_utils/nnet_activation.h:49]   --->   Operation 12 'read' 'data_9_V_read_6' <Predicate = true> <Delay = 0.00>
ST_1 : Operation 13 [1/1] (0.00ns)   --->   "%data_8_V_read_6 = call i32 @_ssdm_op_Read.ap_auto.i32(i32 %data_8_V_read)" [firmware/nnet_utils/nnet_activation.h:49]   --->   Operation 13 'read' 'data_8_V_read_6' <Predicate = true> <Delay = 0.00>
ST_1 : Operation 14 [1/1] (0.00ns)   --->   "%data_7_V_read_8 = call i32 @_ssdm_op_Read.ap_auto.i32(i32 %data_7_V_read)" [firmware/nnet_utils/nnet_activation.h:49]   --->   Operation 14 'read' 'data_7_V_read_8' <Predicate = true> <Delay = 0.00>
ST_1 : Operation 15 [1/1] (0.00ns)   --->   "%data_6_V_read_8 = call i32 @_ssdm_op_Read.ap_auto.i32(i32 %data_6_V_read)" [firmware/nnet_utils/nnet_activation.h:49]   --->   Operation 15 'read' 'data_6_V_read_8' <Predicate = true> <Delay = 0.00>
ST_1 : Operation 16 [1/1] (0.00ns)   --->   "%data_5_V_read_8 = call i32 @_ssdm_op_Read.ap_auto.i32(i32 %data_5_V_read)" [firmware/nnet_utils/nnet_activation.h:49]   --->   Operation 16 'read' 'data_5_V_read_8' <Predicate = true> <Delay = 0.00>
ST_1 : Operation 17 [1/1] (0.00ns)   --->   "%data_4_V_read_8 = call i32 @_ssdm_op_Read.ap_auto.i32(i32 %data_4_V_read)" [firmware/nnet_utils/nnet_activation.h:49]   --->   Operation 17 'read' 'data_4_V_read_8' <Predicate = true> <Delay = 0.00>
ST_1 : Operation 18 [1/1] (0.00ns)   --->   "%data_3_V_read_10 = call i32 @_ssdm_op_Read.ap_auto.i32(i32 %data_3_V_read)" [firmware/nnet_utils/nnet_activation.h:49]   --->   Operation 18 'read' 'data_3_V_read_10' <Predicate = true> <Delay = 0.00>
ST_1 : Operation 19 [1/1] (0.00ns)   --->   "%data_2_V_read_10 = call i32 @_ssdm_op_Read.ap_auto.i32(i32 %data_2_V_read)" [firmware/nnet_utils/nnet_activation.h:49]   --->   Operation 19 'read' 'data_2_V_read_10' <Predicate = true> <Delay = 0.00>
ST_1 : Operation 20 [1/1] (0.00ns)   --->   "%data_1_V_read_10 = call i32 @_ssdm_op_Read.ap_auto.i32(i32 %data_1_V_read)" [firmware/nnet_utils/nnet_activation.h:49]   --->   Operation 20 'read' 'data_1_V_read_10' <Predicate = true> <Delay = 0.00>
ST_1 : Operation 21 [1/1] (0.00ns)   --->   "%data_0_V_read_10 = call i32 @_ssdm_op_Read.ap_auto.i32(i32 %data_0_V_read)" [firmware/nnet_utils/nnet_activation.h:49]   --->   Operation 21 'read' 'data_0_V_read_10' <Predicate = true> <Delay = 0.00>
ST_1 : Operation 22 [1/1] (0.00ns)   --->   "%tmp = call i32 (...)* @_ssdm_op_SpecRegionBegin([13 x i8]* @p_str17)" [firmware/nnet_utils/nnet_activation.h:51]   --->   Operation 22 'specregionbegin' 'tmp' <Predicate = true> <Delay = 0.00>
ST_1 : Operation 23 [1/1] (0.00ns)   --->   "call void (...)* @_ssdm_op_SpecPipeline(i32 -1, i32 1, i32 1, i32 0, [1 x i8]* @p_str15) nounwind" [firmware/nnet_utils/nnet_activation.h:52]   --->   Operation 23 'specpipeline' <Predicate = true> <Delay = 0.00>
ST_1 : Operation 24 [1/1] (0.00ns)   --->   "%empty = call i32 (...)* @_ssdm_op_SpecRegionEnd([13 x i8]* @p_str17, i32 %tmp)" [firmware/nnet_utils/nnet_activation.h:53]   --->   Operation 24 'specregionend' 'empty' <Predicate = true> <Delay = 0.00>
ST_1 : Operation 25 [1/1] (0.00ns)   --->   "%res_0_V_write_assign = call i50 @_ssdm_op_BitConcatenate.i50.i32.i18(i32 %data_0_V_read_10, i18 0)" [firmware/nnet_utils/nnet_activation.h:59]   --->   Operation 25 'bitconcatenate' 'res_0_V_write_assign' <Predicate = true> <Delay = 0.00>
ST_1 : Operation 26 [1/1] (0.00ns)   --->   "%sext_ln728 = sext i50 %res_0_V_write_assign to i64" [firmware/nnet_utils/nnet_activation.h:59]   --->   Operation 26 'sext' 'sext_ln728' <Predicate = true> <Delay = 0.00>
ST_1 : Operation 27 [1/1] (0.00ns)   --->   "%res_1_V_write_assign = call i50 @_ssdm_op_BitConcatenate.i50.i32.i18(i32 %data_1_V_read_10, i18 0)" [firmware/nnet_utils/nnet_activation.h:59]   --->   Operation 27 'bitconcatenate' 'res_1_V_write_assign' <Predicate = true> <Delay = 0.00>
ST_1 : Operation 28 [1/1] (0.00ns)   --->   "%sext_ln728_1 = sext i50 %res_1_V_write_assign to i64" [firmware/nnet_utils/nnet_activation.h:59]   --->   Operation 28 'sext' 'sext_ln728_1' <Predicate = true> <Delay = 0.00>
ST_1 : Operation 29 [1/1] (0.00ns)   --->   "%res_2_V_write_assign = call i50 @_ssdm_op_BitConcatenate.i50.i32.i18(i32 %data_2_V_read_10, i18 0)" [firmware/nnet_utils/nnet_activation.h:59]   --->   Operation 29 'bitconcatenate' 'res_2_V_write_assign' <Predicate = true> <Delay = 0.00>
ST_1 : Operation 30 [1/1] (0.00ns)   --->   "%sext_ln728_2 = sext i50 %res_2_V_write_assign to i64" [firmware/nnet_utils/nnet_activation.h:59]   --->   Operation 30 'sext' 'sext_ln728_2' <Predicate = true> <Delay = 0.00>
ST_1 : Operation 31 [1/1] (0.00ns)   --->   "%res_3_V_write_assign = call i50 @_ssdm_op_BitConcatenate.i50.i32.i18(i32 %data_3_V_read_10, i18 0)" [firmware/nnet_utils/nnet_activation.h:59]   --->   Operation 31 'bitconcatenate' 'res_3_V_write_assign' <Predicate = true> <Delay = 0.00>
ST_1 : Operation 32 [1/1] (0.00ns)   --->   "%sext_ln728_3 = sext i50 %res_3_V_write_assign to i64" [firmware/nnet_utils/nnet_activation.h:59]   --->   Operation 32 'sext' 'sext_ln728_3' <Predicate = true> <Delay = 0.00>
ST_1 : Operation 33 [1/1] (0.00ns)   --->   "%res_4_V_write_assign = call i50 @_ssdm_op_BitConcatenate.i50.i32.i18(i32 %data_4_V_read_8, i18 0)" [firmware/nnet_utils/nnet_activation.h:59]   --->   Operation 33 'bitconcatenate' 'res_4_V_write_assign' <Predicate = true> <Delay = 0.00>
ST_1 : Operation 34 [1/1] (0.00ns)   --->   "%sext_ln728_4 = sext i50 %res_4_V_write_assign to i64" [firmware/nnet_utils/nnet_activation.h:59]   --->   Operation 34 'sext' 'sext_ln728_4' <Predicate = true> <Delay = 0.00>
ST_1 : Operation 35 [1/1] (0.00ns)   --->   "%res_5_V_write_assign = call i50 @_ssdm_op_BitConcatenate.i50.i32.i18(i32 %data_5_V_read_8, i18 0)" [firmware/nnet_utils/nnet_activation.h:59]   --->   Operation 35 'bitconcatenate' 'res_5_V_write_assign' <Predicate = true> <Delay = 0.00>
ST_1 : Operation 36 [1/1] (0.00ns)   --->   "%sext_ln728_5 = sext i50 %res_5_V_write_assign to i64" [firmware/nnet_utils/nnet_activation.h:59]   --->   Operation 36 'sext' 'sext_ln728_5' <Predicate = true> <Delay = 0.00>
ST_1 : Operation 37 [1/1] (0.00ns)   --->   "%res_6_V_write_assign = call i50 @_ssdm_op_BitConcatenate.i50.i32.i18(i32 %data_6_V_read_8, i18 0)" [firmware/nnet_utils/nnet_activation.h:59]   --->   Operation 37 'bitconcatenate' 'res_6_V_write_assign' <Predicate = true> <Delay = 0.00>
ST_1 : Operation 38 [1/1] (0.00ns)   --->   "%sext_ln728_6 = sext i50 %res_6_V_write_assign to i64" [firmware/nnet_utils/nnet_activation.h:59]   --->   Operation 38 'sext' 'sext_ln728_6' <Predicate = true> <Delay = 0.00>
ST_1 : Operation 39 [1/1] (0.00ns)   --->   "%res_7_V_write_assign = call i50 @_ssdm_op_BitConcatenate.i50.i32.i18(i32 %data_7_V_read_8, i18 0)" [firmware/nnet_utils/nnet_activation.h:59]   --->   Operation 39 'bitconcatenate' 'res_7_V_write_assign' <Predicate = true> <Delay = 0.00>
ST_1 : Operation 40 [1/1] (0.00ns)   --->   "%sext_ln728_7 = sext i50 %res_7_V_write_assign to i64" [firmware/nnet_utils/nnet_activation.h:59]   --->   Operation 40 'sext' 'sext_ln728_7' <Predicate = true> <Delay = 0.00>
ST_1 : Operation 41 [1/1] (0.00ns)   --->   "%res_8_V_write_assign = call i50 @_ssdm_op_BitConcatenate.i50.i32.i18(i32 %data_8_V_read_6, i18 0)" [firmware/nnet_utils/nnet_activation.h:59]   --->   Operation 41 'bitconcatenate' 'res_8_V_write_assign' <Predicate = true> <Delay = 0.00>
ST_1 : Operation 42 [1/1] (0.00ns)   --->   "%sext_ln728_8 = sext i50 %res_8_V_write_assign to i64" [firmware/nnet_utils/nnet_activation.h:59]   --->   Operation 42 'sext' 'sext_ln728_8' <Predicate = true> <Delay = 0.00>
ST_1 : Operation 43 [1/1] (0.00ns)   --->   "%res_9_V_write_assign = call i50 @_ssdm_op_BitConcatenate.i50.i32.i18(i32 %data_9_V_read_6, i18 0)" [firmware/nnet_utils/nnet_activation.h:59]   --->   Operation 43 'bitconcatenate' 'res_9_V_write_assign' <Predicate = true> <Delay = 0.00>
ST_1 : Operation 44 [1/1] (0.00ns)   --->   "%sext_ln728_9 = sext i50 %res_9_V_write_assign to i64" [firmware/nnet_utils/nnet_activation.h:59]   --->   Operation 44 'sext' 'sext_ln728_9' <Predicate = true> <Delay = 0.00>
ST_1 : Operation 45 [1/1] (0.00ns)   --->   "%res_10_V_write_assign = call i50 @_ssdm_op_BitConcatenate.i50.i32.i18(i32 %data_10_V_read11, i18 0)" [firmware/nnet_utils/nnet_activation.h:59]   --->   Operation 45 'bitconcatenate' 'res_10_V_write_assign' <Predicate = true> <Delay = 0.00>
ST_1 : Operation 46 [1/1] (0.00ns)   --->   "%sext_ln728_10 = sext i50 %res_10_V_write_assign to i64" [firmware/nnet_utils/nnet_activation.h:59]   --->   Operation 46 'sext' 'sext_ln728_10' <Predicate = true> <Delay = 0.00>
ST_1 : Operation 47 [1/1] (0.00ns)   --->   "%res_11_V_write_assign = call i50 @_ssdm_op_BitConcatenate.i50.i32.i18(i32 %data_11_V_read12, i18 0)" [firmware/nnet_utils/nnet_activation.h:59]   --->   Operation 47 'bitconcatenate' 'res_11_V_write_assign' <Predicate = true> <Delay = 0.00>
ST_1 : Operation 48 [1/1] (0.00ns)   --->   "%sext_ln728_11 = sext i50 %res_11_V_write_assign to i64" [firmware/nnet_utils/nnet_activation.h:59]   --->   Operation 48 'sext' 'sext_ln728_11' <Predicate = true> <Delay = 0.00>
ST_1 : Operation 49 [1/1] (0.00ns)   --->   "%res_12_V_write_assign = call i50 @_ssdm_op_BitConcatenate.i50.i32.i18(i32 %data_12_V_read_1, i18 0)" [firmware/nnet_utils/nnet_activation.h:59]   --->   Operation 49 'bitconcatenate' 'res_12_V_write_assign' <Predicate = true> <Delay = 0.00>
ST_1 : Operation 50 [1/1] (0.00ns)   --->   "%sext_ln728_12 = sext i50 %res_12_V_write_assign to i64" [firmware/nnet_utils/nnet_activation.h:59]   --->   Operation 50 'sext' 'sext_ln728_12' <Predicate = true> <Delay = 0.00>
ST_1 : Operation 51 [1/1] (0.00ns)   --->   "%res_13_V_write_assign = call i50 @_ssdm_op_BitConcatenate.i50.i32.i18(i32 %data_13_V_read_1, i18 0)" [firmware/nnet_utils/nnet_activation.h:59]   --->   Operation 51 'bitconcatenate' 'res_13_V_write_assign' <Predicate = true> <Delay = 0.00>
ST_1 : Operation 52 [1/1] (0.00ns)   --->   "%sext_ln728_13 = sext i50 %res_13_V_write_assign to i64" [firmware/nnet_utils/nnet_activation.h:59]   --->   Operation 52 'sext' 'sext_ln728_13' <Predicate = true> <Delay = 0.00>
ST_1 : Operation 53 [1/1] (0.00ns)   --->   "%res_14_V_write_assign = call i50 @_ssdm_op_BitConcatenate.i50.i32.i18(i32 %data_14_V_read_1, i18 0)" [firmware/nnet_utils/nnet_activation.h:59]   --->   Operation 53 'bitconcatenate' 'res_14_V_write_assign' <Predicate = true> <Delay = 0.00>
ST_1 : Operation 54 [1/1] (0.00ns)   --->   "%sext_ln728_14 = sext i50 %res_14_V_write_assign to i64" [firmware/nnet_utils/nnet_activation.h:59]   --->   Operation 54 'sext' 'sext_ln728_14' <Predicate = true> <Delay = 0.00>
ST_1 : Operation 55 [1/1] (0.00ns)   --->   "%res_15_V_write_assign = call i50 @_ssdm_op_BitConcatenate.i50.i32.i18(i32 %data_15_V_read_1, i18 0)" [firmware/nnet_utils/nnet_activation.h:59]   --->   Operation 55 'bitconcatenate' 'res_15_V_write_assign' <Predicate = true> <Delay = 0.00>
ST_1 : Operation 56 [1/1] (0.00ns)   --->   "%sext_ln728_15 = sext i50 %res_15_V_write_assign to i64" [firmware/nnet_utils/nnet_activation.h:59]   --->   Operation 56 'sext' 'sext_ln728_15' <Predicate = true> <Delay = 0.00>
ST_1 : Operation 57 [1/1] (0.00ns)   --->   "%res_16_V_write_assign = call i50 @_ssdm_op_BitConcatenate.i50.i32.i18(i32 %data_16_V_read_1, i18 0)" [firmware/nnet_utils/nnet_activation.h:59]   --->   Operation 57 'bitconcatenate' 'res_16_V_write_assign' <Predicate = true> <Delay = 0.00>
ST_1 : Operation 58 [1/1] (0.00ns)   --->   "%sext_ln728_16 = sext i50 %res_16_V_write_assign to i64" [firmware/nnet_utils/nnet_activation.h:59]   --->   Operation 58 'sext' 'sext_ln728_16' <Predicate = true> <Delay = 0.00>
ST_1 : Operation 59 [1/1] (0.00ns)   --->   "%res_17_V_write_assign = call i50 @_ssdm_op_BitConcatenate.i50.i32.i18(i32 %data_17_V_read_1, i18 0)" [firmware/nnet_utils/nnet_activation.h:59]   --->   Operation 59 'bitconcatenate' 'res_17_V_write_assign' <Predicate = true> <Delay = 0.00>
ST_1 : Operation 60 [1/1] (0.00ns)   --->   "%sext_ln728_17 = sext i50 %res_17_V_write_assign to i64" [firmware/nnet_utils/nnet_activation.h:59]   --->   Operation 60 'sext' 'sext_ln728_17' <Predicate = true> <Delay = 0.00>
ST_1 : Operation 61 [1/1] (0.00ns)   --->   "%res_18_V_write_assign = call i50 @_ssdm_op_BitConcatenate.i50.i32.i18(i32 %data_18_V_read_1, i18 0)" [firmware/nnet_utils/nnet_activation.h:59]   --->   Operation 61 'bitconcatenate' 'res_18_V_write_assign' <Predicate = true> <Delay = 0.00>
ST_1 : Operation 62 [1/1] (0.00ns)   --->   "%sext_ln728_18 = sext i50 %res_18_V_write_assign to i64" [firmware/nnet_utils/nnet_activation.h:59]   --->   Operation 62 'sext' 'sext_ln728_18' <Predicate = true> <Delay = 0.00>
ST_1 : Operation 63 [1/1] (0.00ns)   --->   "%res_19_V_write_assign = call i50 @_ssdm_op_BitConcatenate.i50.i32.i18(i32 %data_19_V_read_1, i18 0)" [firmware/nnet_utils/nnet_activation.h:59]   --->   Operation 63 'bitconcatenate' 'res_19_V_write_assign' <Predicate = true> <Delay = 0.00>
ST_1 : Operation 64 [1/1] (0.00ns)   --->   "%sext_ln728_19 = sext i50 %res_19_V_write_assign to i64" [firmware/nnet_utils/nnet_activation.h:59]   --->   Operation 64 'sext' 'sext_ln728_19' <Predicate = true> <Delay = 0.00>
ST_1 : Operation 65 [1/1] (0.00ns)   --->   "%mrv = insertvalue { i64, i64, i64, i64, i64, i64, i64, i64, i64, i64, i64, i64, i64, i64, i64, i64, i64, i64, i64, i64 } undef, i64 %sext_ln728, 0" [firmware/nnet_utils/nnet_activation.h:61]   --->   Operation 65 'insertvalue' 'mrv' <Predicate = true> <Delay = 0.00>
ST_1 : Operation 66 [1/1] (0.00ns)   --->   "%mrv_1 = insertvalue { i64, i64, i64, i64, i64, i64, i64, i64, i64, i64, i64, i64, i64, i64, i64, i64, i64, i64, i64, i64 } %mrv, i64 %sext_ln728_1, 1" [firmware/nnet_utils/nnet_activation.h:61]   --->   Operation 66 'insertvalue' 'mrv_1' <Predicate = true> <Delay = 0.00>
ST_1 : Operation 67 [1/1] (0.00ns)   --->   "%mrv_2 = insertvalue { i64, i64, i64, i64, i64, i64, i64, i64, i64, i64, i64, i64, i64, i64, i64, i64, i64, i64, i64, i64 } %mrv_1, i64 %sext_ln728_2, 2" [firmware/nnet_utils/nnet_activation.h:61]   --->   Operation 67 'insertvalue' 'mrv_2' <Predicate = true> <Delay = 0.00>
ST_1 : Operation 68 [1/1] (0.00ns)   --->   "%mrv_3 = insertvalue { i64, i64, i64, i64, i64, i64, i64, i64, i64, i64, i64, i64, i64, i64, i64, i64, i64, i64, i64, i64 } %mrv_2, i64 %sext_ln728_3, 3" [firmware/nnet_utils/nnet_activation.h:61]   --->   Operation 68 'insertvalue' 'mrv_3' <Predicate = true> <Delay = 0.00>
ST_1 : Operation 69 [1/1] (0.00ns)   --->   "%mrv_4 = insertvalue { i64, i64, i64, i64, i64, i64, i64, i64, i64, i64, i64, i64, i64, i64, i64, i64, i64, i64, i64, i64 } %mrv_3, i64 %sext_ln728_4, 4" [firmware/nnet_utils/nnet_activation.h:61]   --->   Operation 69 'insertvalue' 'mrv_4' <Predicate = true> <Delay = 0.00>
ST_1 : Operation 70 [1/1] (0.00ns)   --->   "%mrv_5 = insertvalue { i64, i64, i64, i64, i64, i64, i64, i64, i64, i64, i64, i64, i64, i64, i64, i64, i64, i64, i64, i64 } %mrv_4, i64 %sext_ln728_5, 5" [firmware/nnet_utils/nnet_activation.h:61]   --->   Operation 70 'insertvalue' 'mrv_5' <Predicate = true> <Delay = 0.00>
ST_1 : Operation 71 [1/1] (0.00ns)   --->   "%mrv_6 = insertvalue { i64, i64, i64, i64, i64, i64, i64, i64, i64, i64, i64, i64, i64, i64, i64, i64, i64, i64, i64, i64 } %mrv_5, i64 %sext_ln728_6, 6" [firmware/nnet_utils/nnet_activation.h:61]   --->   Operation 71 'insertvalue' 'mrv_6' <Predicate = true> <Delay = 0.00>
ST_1 : Operation 72 [1/1] (0.00ns)   --->   "%mrv_7 = insertvalue { i64, i64, i64, i64, i64, i64, i64, i64, i64, i64, i64, i64, i64, i64, i64, i64, i64, i64, i64, i64 } %mrv_6, i64 %sext_ln728_7, 7" [firmware/nnet_utils/nnet_activation.h:61]   --->   Operation 72 'insertvalue' 'mrv_7' <Predicate = true> <Delay = 0.00>
ST_1 : Operation 73 [1/1] (0.00ns)   --->   "%mrv_8 = insertvalue { i64, i64, i64, i64, i64, i64, i64, i64, i64, i64, i64, i64, i64, i64, i64, i64, i64, i64, i64, i64 } %mrv_7, i64 %sext_ln728_8, 8" [firmware/nnet_utils/nnet_activation.h:61]   --->   Operation 73 'insertvalue' 'mrv_8' <Predicate = true> <Delay = 0.00>
ST_1 : Operation 74 [1/1] (0.00ns)   --->   "%mrv_9 = insertvalue { i64, i64, i64, i64, i64, i64, i64, i64, i64, i64, i64, i64, i64, i64, i64, i64, i64, i64, i64, i64 } %mrv_8, i64 %sext_ln728_9, 9" [firmware/nnet_utils/nnet_activation.h:61]   --->   Operation 74 'insertvalue' 'mrv_9' <Predicate = true> <Delay = 0.00>
ST_1 : Operation 75 [1/1] (0.00ns)   --->   "%mrv_10 = insertvalue { i64, i64, i64, i64, i64, i64, i64, i64, i64, i64, i64, i64, i64, i64, i64, i64, i64, i64, i64, i64 } %mrv_9, i64 %sext_ln728_10, 10" [firmware/nnet_utils/nnet_activation.h:61]   --->   Operation 75 'insertvalue' 'mrv_10' <Predicate = true> <Delay = 0.00>
ST_1 : Operation 76 [1/1] (0.00ns)   --->   "%mrv_s = insertvalue { i64, i64, i64, i64, i64, i64, i64, i64, i64, i64, i64, i64, i64, i64, i64, i64, i64, i64, i64, i64 } %mrv_10, i64 %sext_ln728_11, 11" [firmware/nnet_utils/nnet_activation.h:61]   --->   Operation 76 'insertvalue' 'mrv_s' <Predicate = true> <Delay = 0.00>
ST_1 : Operation 77 [1/1] (0.00ns)   --->   "%mrv_11 = insertvalue { i64, i64, i64, i64, i64, i64, i64, i64, i64, i64, i64, i64, i64, i64, i64, i64, i64, i64, i64, i64 } %mrv_s, i64 %sext_ln728_12, 12" [firmware/nnet_utils/nnet_activation.h:61]   --->   Operation 77 'insertvalue' 'mrv_11' <Predicate = true> <Delay = 0.00>
ST_1 : Operation 78 [1/1] (0.00ns)   --->   "%mrv_12 = insertvalue { i64, i64, i64, i64, i64, i64, i64, i64, i64, i64, i64, i64, i64, i64, i64, i64, i64, i64, i64, i64 } %mrv_11, i64 %sext_ln728_13, 13" [firmware/nnet_utils/nnet_activation.h:61]   --->   Operation 78 'insertvalue' 'mrv_12' <Predicate = true> <Delay = 0.00>
ST_1 : Operation 79 [1/1] (0.00ns)   --->   "%mrv_13 = insertvalue { i64, i64, i64, i64, i64, i64, i64, i64, i64, i64, i64, i64, i64, i64, i64, i64, i64, i64, i64, i64 } %mrv_12, i64 %sext_ln728_14, 14" [firmware/nnet_utils/nnet_activation.h:61]   --->   Operation 79 'insertvalue' 'mrv_13' <Predicate = true> <Delay = 0.00>
ST_1 : Operation 80 [1/1] (0.00ns)   --->   "%mrv_14 = insertvalue { i64, i64, i64, i64, i64, i64, i64, i64, i64, i64, i64, i64, i64, i64, i64, i64, i64, i64, i64, i64 } %mrv_13, i64 %sext_ln728_15, 15" [firmware/nnet_utils/nnet_activation.h:61]   --->   Operation 80 'insertvalue' 'mrv_14' <Predicate = true> <Delay = 0.00>
ST_1 : Operation 81 [1/1] (0.00ns)   --->   "%mrv_15 = insertvalue { i64, i64, i64, i64, i64, i64, i64, i64, i64, i64, i64, i64, i64, i64, i64, i64, i64, i64, i64, i64 } %mrv_14, i64 %sext_ln728_16, 16" [firmware/nnet_utils/nnet_activation.h:61]   --->   Operation 81 'insertvalue' 'mrv_15' <Predicate = true> <Delay = 0.00>
ST_1 : Operation 82 [1/1] (0.00ns)   --->   "%mrv_16 = insertvalue { i64, i64, i64, i64, i64, i64, i64, i64, i64, i64, i64, i64, i64, i64, i64, i64, i64, i64, i64, i64 } %mrv_15, i64 %sext_ln728_17, 17" [firmware/nnet_utils/nnet_activation.h:61]   --->   Operation 82 'insertvalue' 'mrv_16' <Predicate = true> <Delay = 0.00>
ST_1 : Operation 83 [1/1] (0.00ns)   --->   "%mrv_17 = insertvalue { i64, i64, i64, i64, i64, i64, i64, i64, i64, i64, i64, i64, i64, i64, i64, i64, i64, i64, i64, i64 } %mrv_16, i64 %sext_ln728_18, 18" [firmware/nnet_utils/nnet_activation.h:61]   --->   Operation 83 'insertvalue' 'mrv_17' <Predicate = true> <Delay = 0.00>
ST_1 : Operation 84 [1/1] (0.00ns)   --->   "%mrv_18 = insertvalue { i64, i64, i64, i64, i64, i64, i64, i64, i64, i64, i64, i64, i64, i64, i64, i64, i64, i64, i64, i64 } %mrv_17, i64 %sext_ln728_19, 19" [firmware/nnet_utils/nnet_activation.h:61]   --->   Operation 84 'insertvalue' 'mrv_18' <Predicate = true> <Delay = 0.00>
ST_1 : Operation 85 [1/1] (0.00ns)   --->   "ret { i64, i64, i64, i64, i64, i64, i64, i64, i64, i64, i64, i64, i64, i64, i64, i64, i64, i64, i64, i64 } %mrv_18" [firmware/nnet_utils/nnet_activation.h:61]   --->   Operation 85 'ret' <Predicate = true> <Delay = 0.00>


============================================================
+ Verbose Summary: Binding
============================================================
STG Binding: 
---------------- STG Properties BEGIN ----------------
- Is combinational: 1
- Is one-state seq: 0
- Is datapath-only: 0
- Is pipelined: 1
- Is top level: 0
Port [ Return ] is wired: 1; IO mode=ap_ctrl_hs:ce=0
Port [ data_0_V_read]:  wired=1; compound=0; hidden=0; nouse=0; global=0; static=0; extern=0; dir=0; type=0; pingpong=0; private_global=0; IO mode=ap_none:ce=0
Port [ data_1_V_read]:  wired=1; compound=0; hidden=0; nouse=0; global=0; static=0; extern=0; dir=0; type=0; pingpong=0; private_global=0; IO mode=ap_none:ce=0
Port [ data_2_V_read]:  wired=1; compound=0; hidden=0; nouse=0; global=0; static=0; extern=0; dir=0; type=0; pingpong=0; private_global=0; IO mode=ap_none:ce=0
Port [ data_3_V_read]:  wired=1; compound=0; hidden=0; nouse=0; global=0; static=0; extern=0; dir=0; type=0; pingpong=0; private_global=0; IO mode=ap_none:ce=0
Port [ data_4_V_read]:  wired=1; compound=0; hidden=0; nouse=0; global=0; static=0; extern=0; dir=0; type=0; pingpong=0; private_global=0; IO mode=ap_none:ce=0
Port [ data_5_V_read]:  wired=1; compound=0; hidden=0; nouse=0; global=0; static=0; extern=0; dir=0; type=0; pingpong=0; private_global=0; IO mode=ap_none:ce=0
Port [ data_6_V_read]:  wired=1; compound=0; hidden=0; nouse=0; global=0; static=0; extern=0; dir=0; type=0; pingpong=0; private_global=0; IO mode=ap_none:ce=0
Port [ data_7_V_read]:  wired=1; compound=0; hidden=0; nouse=0; global=0; static=0; extern=0; dir=0; type=0; pingpong=0; private_global=0; IO mode=ap_none:ce=0
Port [ data_8_V_read]:  wired=1; compound=0; hidden=0; nouse=0; global=0; static=0; extern=0; dir=0; type=0; pingpong=0; private_global=0; IO mode=ap_none:ce=0
Port [ data_9_V_read]:  wired=1; compound=0; hidden=0; nouse=0; global=0; static=0; extern=0; dir=0; type=0; pingpong=0; private_global=0; IO mode=ap_none:ce=0
Port [ data_10_V_read]:  wired=1; compound=0; hidden=0; nouse=0; global=0; static=0; extern=0; dir=0; type=0; pingpong=0; private_global=0; IO mode=ap_none:ce=0
Port [ data_11_V_read]:  wired=1; compound=0; hidden=0; nouse=0; global=0; static=0; extern=0; dir=0; type=0; pingpong=0; private_global=0; IO mode=ap_none:ce=0
Port [ data_12_V_read]:  wired=1; compound=0; hidden=0; nouse=0; global=0; static=0; extern=0; dir=0; type=0; pingpong=0; private_global=0; IO mode=ap_none:ce=0
Port [ data_13_V_read]:  wired=1; compound=0; hidden=0; nouse=0; global=0; static=0; extern=0; dir=0; type=0; pingpong=0; private_global=0; IO mode=ap_none:ce=0
Port [ data_14_V_read]:  wired=1; compound=0; hidden=0; nouse=0; global=0; static=0; extern=0; dir=0; type=0; pingpong=0; private_global=0; IO mode=ap_none:ce=0
Port [ data_15_V_read]:  wired=1; compound=0; hidden=0; nouse=0; global=0; static=0; extern=0; dir=0; type=0; pingpong=0; private_global=0; IO mode=ap_none:ce=0
Port [ data_16_V_read]:  wired=1; compound=0; hidden=0; nouse=0; global=0; static=0; extern=0; dir=0; type=0; pingpong=0; private_global=0; IO mode=ap_none:ce=0
Port [ data_17_V_read]:  wired=1; compound=0; hidden=0; nouse=0; global=0; static=0; extern=0; dir=0; type=0; pingpong=0; private_global=0; IO mode=ap_none:ce=0
Port [ data_18_V_read]:  wired=1; compound=0; hidden=0; nouse=0; global=0; static=0; extern=0; dir=0; type=0; pingpong=0; private_global=0; IO mode=ap_none:ce=0
Port [ data_19_V_read]:  wired=1; compound=0; hidden=0; nouse=0; global=0; static=0; extern=0; dir=0; type=0; pingpong=0; private_global=0; IO mode=ap_none:ce=0
---------------- STG Properties END ------------------

---------------- Datapath Model BEGIN ----------------

<LifeTime>
<method=bitvector/>
data_19_V_read_1      (read           ) [ 00]
data_18_V_read_1      (read           ) [ 00]
data_17_V_read_1      (read           ) [ 00]
data_16_V_read_1      (read           ) [ 00]
data_15_V_read_1      (read           ) [ 00]
data_14_V_read_1      (read           ) [ 00]
data_13_V_read_1      (read           ) [ 00]
data_12_V_read_1      (read           ) [ 00]
data_11_V_read12      (read           ) [ 00]
data_10_V_read11      (read           ) [ 00]
data_9_V_read_6       (read           ) [ 00]
data_8_V_read_6       (read           ) [ 00]
data_7_V_read_8       (read           ) [ 00]
data_6_V_read_8       (read           ) [ 00]
data_5_V_read_8       (read           ) [ 00]
data_4_V_read_8       (read           ) [ 00]
data_3_V_read_10      (read           ) [ 00]
data_2_V_read_10      (read           ) [ 00]
data_1_V_read_10      (read           ) [ 00]
data_0_V_read_10      (read           ) [ 00]
tmp                   (specregionbegin) [ 00]
specpipeline_ln52     (specpipeline   ) [ 00]
empty                 (specregionend  ) [ 00]
res_0_V_write_assign  (bitconcatenate ) [ 00]
sext_ln728            (sext           ) [ 00]
res_1_V_write_assign  (bitconcatenate ) [ 00]
sext_ln728_1          (sext           ) [ 00]
res_2_V_write_assign  (bitconcatenate ) [ 00]
sext_ln728_2          (sext           ) [ 00]
res_3_V_write_assign  (bitconcatenate ) [ 00]
sext_ln728_3          (sext           ) [ 00]
res_4_V_write_assign  (bitconcatenate ) [ 00]
sext_ln728_4          (sext           ) [ 00]
res_5_V_write_assign  (bitconcatenate ) [ 00]
sext_ln728_5          (sext           ) [ 00]
res_6_V_write_assign  (bitconcatenate ) [ 00]
sext_ln728_6          (sext           ) [ 00]
res_7_V_write_assign  (bitconcatenate ) [ 00]
sext_ln728_7          (sext           ) [ 00]
res_8_V_write_assign  (bitconcatenate ) [ 00]
sext_ln728_8          (sext           ) [ 00]
res_9_V_write_assign  (bitconcatenate ) [ 00]
sext_ln728_9          (sext           ) [ 00]
res_10_V_write_assign (bitconcatenate ) [ 00]
sext_ln728_10         (sext           ) [ 00]
res_11_V_write_assign (bitconcatenate ) [ 00]
sext_ln728_11         (sext           ) [ 00]
res_12_V_write_assign (bitconcatenate ) [ 00]
sext_ln728_12         (sext           ) [ 00]
res_13_V_write_assign (bitconcatenate ) [ 00]
sext_ln728_13         (sext           ) [ 00]
res_14_V_write_assign (bitconcatenate ) [ 00]
sext_ln728_14         (sext           ) [ 00]
res_15_V_write_assign (bitconcatenate ) [ 00]
sext_ln728_15         (sext           ) [ 00]
res_16_V_write_assign (bitconcatenate ) [ 00]
sext_ln728_16         (sext           ) [ 00]
res_17_V_write_assign (bitconcatenate ) [ 00]
sext_ln728_17         (sext           ) [ 00]
res_18_V_write_assign (bitconcatenate ) [ 00]
sext_ln728_18         (sext           ) [ 00]
res_19_V_write_assign (bitconcatenate ) [ 00]
sext_ln728_19         (sext           ) [ 00]
mrv                   (insertvalue    ) [ 00]
mrv_1                 (insertvalue    ) [ 00]
mrv_2                 (insertvalue    ) [ 00]
mrv_3                 (insertvalue    ) [ 00]
mrv_4                 (insertvalue    ) [ 00]
mrv_5                 (insertvalue    ) [ 00]
mrv_6                 (insertvalue    ) [ 00]
mrv_7                 (insertvalue    ) [ 00]
mrv_8                 (insertvalue    ) [ 00]
mrv_9                 (insertvalue    ) [ 00]
mrv_10                (insertvalue    ) [ 00]
mrv_s                 (insertvalue    ) [ 00]
mrv_11                (insertvalue    ) [ 00]
mrv_12                (insertvalue    ) [ 00]
mrv_13                (insertvalue    ) [ 00]
mrv_14                (insertvalue    ) [ 00]
mrv_15                (insertvalue    ) [ 00]
mrv_16                (insertvalue    ) [ 00]
mrv_17                (insertvalue    ) [ 00]
mrv_18                (insertvalue    ) [ 00]
ret_ln61              (ret            ) [ 00]
</LifeTime>

<model>

<comp_list>
<comp id="0" class="1000" name="data_0_V_read">
<pin_list>
<pin id="1" dir="1" index="0" bw="1" slack="0"/>
</pin_list>
<bind>
<StgValue><ssdm name="data_0_V_read"/></StgValue>
</bind>
</comp>

<comp id="2" class="1000" name="data_1_V_read">
<pin_list>
<pin id="3" dir="1" index="0" bw="1" slack="0"/>
</pin_list>
<bind>
<StgValue><ssdm name="data_1_V_read"/></StgValue>
</bind>
</comp>

<comp id="4" class="1000" name="data_2_V_read">
<pin_list>
<pin id="5" dir="1" index="0" bw="1" slack="0"/>
</pin_list>
<bind>
<StgValue><ssdm name="data_2_V_read"/></StgValue>
</bind>
</comp>

<comp id="6" class="1000" name="data_3_V_read">
<pin_list>
<pin id="7" dir="1" index="0" bw="1" slack="0"/>
</pin_list>
<bind>
<StgValue><ssdm name="data_3_V_read"/></StgValue>
</bind>
</comp>

<comp id="8" class="1000" name="data_4_V_read">
<pin_list>
<pin id="9" dir="1" index="0" bw="1" slack="0"/>
</pin_list>
<bind>
<StgValue><ssdm name="data_4_V_read"/></StgValue>
</bind>
</comp>

<comp id="10" class="1000" name="data_5_V_read">
<pin_list>
<pin id="11" dir="1" index="0" bw="1" slack="0"/>
</pin_list>
<bind>
<StgValue><ssdm name="data_5_V_read"/></StgValue>
</bind>
</comp>

<comp id="12" class="1000" name="data_6_V_read">
<pin_list>
<pin id="13" dir="1" index="0" bw="1" slack="0"/>
</pin_list>
<bind>
<StgValue><ssdm name="data_6_V_read"/></StgValue>
</bind>
</comp>

<comp id="14" class="1000" name="data_7_V_read">
<pin_list>
<pin id="15" dir="1" index="0" bw="1" slack="0"/>
</pin_list>
<bind>
<StgValue><ssdm name="data_7_V_read"/></StgValue>
</bind>
</comp>

<comp id="16" class="1000" name="data_8_V_read">
<pin_list>
<pin id="17" dir="1" index="0" bw="1" slack="0"/>
</pin_list>
<bind>
<StgValue><ssdm name="data_8_V_read"/></StgValue>
</bind>
</comp>

<comp id="18" class="1000" name="data_9_V_read">
<pin_list>
<pin id="19" dir="1" index="0" bw="1" slack="0"/>
</pin_list>
<bind>
<StgValue><ssdm name="data_9_V_read"/></StgValue>
</bind>
</comp>

<comp id="20" class="1000" name="data_10_V_read">
<pin_list>
<pin id="21" dir="1" index="0" bw="1" slack="0"/>
</pin_list>
<bind>
<StgValue><ssdm name="data_10_V_read"/></StgValue>
</bind>
</comp>

<comp id="22" class="1000" name="data_11_V_read">
<pin_list>
<pin id="23" dir="1" index="0" bw="1" slack="0"/>
</pin_list>
<bind>
<StgValue><ssdm name="data_11_V_read"/></StgValue>
</bind>
</comp>

<comp id="24" class="1000" name="data_12_V_read">
<pin_list>
<pin id="25" dir="1" index="0" bw="1" slack="0"/>
</pin_list>
<bind>
<StgValue><ssdm name="data_12_V_read"/></StgValue>
</bind>
</comp>

<comp id="26" class="1000" name="data_13_V_read">
<pin_list>
<pin id="27" dir="1" index="0" bw="1" slack="0"/>
</pin_list>
<bind>
<StgValue><ssdm name="data_13_V_read"/></StgValue>
</bind>
</comp>

<comp id="28" class="1000" name="data_14_V_read">
<pin_list>
<pin id="29" dir="1" index="0" bw="1" slack="0"/>
</pin_list>
<bind>
<StgValue><ssdm name="data_14_V_read"/></StgValue>
</bind>
</comp>

<comp id="30" class="1000" name="data_15_V_read">
<pin_list>
<pin id="31" dir="1" index="0" bw="1" slack="0"/>
</pin_list>
<bind>
<StgValue><ssdm name="data_15_V_read"/></StgValue>
</bind>
</comp>

<comp id="32" class="1000" name="data_16_V_read">
<pin_list>
<pin id="33" dir="1" index="0" bw="1" slack="0"/>
</pin_list>
<bind>
<StgValue><ssdm name="data_16_V_read"/></StgValue>
</bind>
</comp>

<comp id="34" class="1000" name="data_17_V_read">
<pin_list>
<pin id="35" dir="1" index="0" bw="1" slack="0"/>
</pin_list>
<bind>
<StgValue><ssdm name="data_17_V_read"/></StgValue>
</bind>
</comp>

<comp id="36" class="1000" name="data_18_V_read">
<pin_list>
<pin id="37" dir="1" index="0" bw="1" slack="0"/>
</pin_list>
<bind>
<StgValue><ssdm name="data_18_V_read"/></StgValue>
</bind>
</comp>

<comp id="38" class="1000" name="data_19_V_read">
<pin_list>
<pin id="39" dir="1" index="0" bw="1" slack="0"/>
</pin_list>
<bind>
<StgValue><ssdm name="data_19_V_read"/></StgValue>
</bind>
</comp>

<comp id="40" class="1001" name="const_40">
<pin_list>
<pin id="41" dir="1" index="0" bw="1" slack="0"/>
</pin_list>
<bind>
<StgValue><ssdm name="_ssdm_op_Read.ap_auto.i32"/></StgValue>
</bind>
</comp>

<comp id="42" class="1001" name="const_42">
<pin_list>
<pin id="43" dir="1" index="0" bw="1" slack="2147483647"/>
</pin_list>
<bind>
<StgValue><ssdm name="_ssdm_op_SpecRegionBegin"/></StgValue>
</bind>
</comp>

<comp id="44" class="1001" name="const_44">
<pin_list>
<pin id="45" dir="1" index="0" bw="1" slack="2147483647"/>
</pin_list>
<bind>
<StgValue><ssdm name="p_str17"/></StgValue>
</bind>
</comp>

<comp id="46" class="1001" name="const_46">
<pin_list>
<pin id="47" dir="1" index="0" bw="1" slack="2147483647"/>
</pin_list>
<bind>
<StgValue><ssdm name="_ssdm_op_SpecPipeline"/></StgValue>
</bind>
</comp>

<comp id="48" class="1001" name="const_48">
<pin_list>
<pin id="49" dir="1" index="0" bw="1" slack="2147483647"/>
</pin_list>
<bind>
<StgValue><ssdm name=""/></StgValue>
</bind>
</comp>

<comp id="50" class="1001" name="const_50">
<pin_list>
<pin id="51" dir="1" index="0" bw="1" slack="2147483647"/>
</pin_list>
<bind>
<StgValue><ssdm name=""/></StgValue>
</bind>
</comp>

<comp id="52" class="1001" name="const_52">
<pin_list>
<pin id="53" dir="1" index="0" bw="1" slack="2147483647"/>
</pin_list>
<bind>
<StgValue><ssdm name=""/></StgValue>
</bind>
</comp>

<comp id="54" class="1001" name="const_54">
<pin_list>
<pin id="55" dir="1" index="0" bw="1" slack="2147483647"/>
</pin_list>
<bind>
<StgValue><ssdm name="p_str15"/></StgValue>
</bind>
</comp>

<comp id="56" class="1001" name="const_56">
<pin_list>
<pin id="57" dir="1" index="0" bw="1" slack="2147483647"/>
</pin_list>
<bind>
<StgValue><ssdm name="_ssdm_op_SpecRegionEnd"/></StgValue>
</bind>
</comp>

<comp id="58" class="1001" name="const_58">
<pin_list>
<pin id="59" dir="1" index="0" bw="1" slack="0"/>
</pin_list>
<bind>
<StgValue><ssdm name="_ssdm_op_BitConcatenate.i50.i32.i18"/></StgValue>
</bind>
</comp>

<comp id="60" class="1001" name="const_60">
<pin_list>
<pin id="61" dir="1" index="0" bw="1" slack="0"/>
</pin_list>
<bind>
<StgValue><ssdm name=""/></StgValue>
</bind>
</comp>

<comp id="62" class="1001" name="const_62">
<pin_list>
<pin id="63" dir="1" index="0" bw="1" slack="0"/>
</pin_list>
<bind>
<StgValue><ssdm name=""/></StgValue>
</bind>
</comp>

<comp id="64" class="1004" name="data_19_V_read_1_read_fu_64">
<pin_list>
<pin id="65" dir="0" index="0" bw="32" slack="0"/>
<pin id="66" dir="0" index="1" bw="32" slack="0"/>
<pin id="67" dir="1" index="2" bw="32" slack="0"/>
</pin_list>
<bind>
<opcode="read(1150) " fcode="read"/>
<opset="data_19_V_read_1/1 "/>
</bind>
</comp>

<comp id="70" class="1004" name="data_18_V_read_1_read_fu_70">
<pin_list>
<pin id="71" dir="0" index="0" bw="32" slack="0"/>
<pin id="72" dir="0" index="1" bw="32" slack="0"/>
<pin id="73" dir="1" index="2" bw="32" slack="0"/>
</pin_list>
<bind>
<opcode="read(1150) " fcode="read"/>
<opset="data_18_V_read_1/1 "/>
</bind>
</comp>

<comp id="76" class="1004" name="data_17_V_read_1_read_fu_76">
<pin_list>
<pin id="77" dir="0" index="0" bw="32" slack="0"/>
<pin id="78" dir="0" index="1" bw="32" slack="0"/>
<pin id="79" dir="1" index="2" bw="32" slack="0"/>
</pin_list>
<bind>
<opcode="read(1150) " fcode="read"/>
<opset="data_17_V_read_1/1 "/>
</bind>
</comp>

<comp id="82" class="1004" name="data_16_V_read_1_read_fu_82">
<pin_list>
<pin id="83" dir="0" index="0" bw="32" slack="0"/>
<pin id="84" dir="0" index="1" bw="32" slack="0"/>
<pin id="85" dir="1" index="2" bw="32" slack="0"/>
</pin_list>
<bind>
<opcode="read(1150) " fcode="read"/>
<opset="data_16_V_read_1/1 "/>
</bind>
</comp>

<comp id="88" class="1004" name="data_15_V_read_1_read_fu_88">
<pin_list>
<pin id="89" dir="0" index="0" bw="32" slack="0"/>
<pin id="90" dir="0" index="1" bw="32" slack="0"/>
<pin id="91" dir="1" index="2" bw="32" slack="0"/>
</pin_list>
<bind>
<opcode="read(1150) " fcode="read"/>
<opset="data_15_V_read_1/1 "/>
</bind>
</comp>

<comp id="94" class="1004" name="data_14_V_read_1_read_fu_94">
<pin_list>
<pin id="95" dir="0" index="0" bw="32" slack="0"/>
<pin id="96" dir="0" index="1" bw="32" slack="0"/>
<pin id="97" dir="1" index="2" bw="32" slack="0"/>
</pin_list>
<bind>
<opcode="read(1150) " fcode="read"/>
<opset="data_14_V_read_1/1 "/>
</bind>
</comp>

<comp id="100" class="1004" name="data_13_V_read_1_read_fu_100">
<pin_list>
<pin id="101" dir="0" index="0" bw="32" slack="0"/>
<pin id="102" dir="0" index="1" bw="32" slack="0"/>
<pin id="103" dir="1" index="2" bw="32" slack="0"/>
</pin_list>
<bind>
<opcode="read(1150) " fcode="read"/>
<opset="data_13_V_read_1/1 "/>
</bind>
</comp>

<comp id="106" class="1004" name="data_12_V_read_1_read_fu_106">
<pin_list>
<pin id="107" dir="0" index="0" bw="32" slack="0"/>
<pin id="108" dir="0" index="1" bw="32" slack="0"/>
<pin id="109" dir="1" index="2" bw="32" slack="0"/>
</pin_list>
<bind>
<opcode="read(1150) " fcode="read"/>
<opset="data_12_V_read_1/1 "/>
</bind>
</comp>

<comp id="112" class="1004" name="data_11_V_read12_read_fu_112">
<pin_list>
<pin id="113" dir="0" index="0" bw="32" slack="0"/>
<pin id="114" dir="0" index="1" bw="32" slack="0"/>
<pin id="115" dir="1" index="2" bw="32" slack="0"/>
</pin_list>
<bind>
<opcode="read(1150) " fcode="read"/>
<opset="data_11_V_read12/1 "/>
</bind>
</comp>

<comp id="118" class="1004" name="data_10_V_read11_read_fu_118">
<pin_list>
<pin id="119" dir="0" index="0" bw="32" slack="0"/>
<pin id="120" dir="0" index="1" bw="32" slack="0"/>
<pin id="121" dir="1" index="2" bw="32" slack="0"/>
</pin_list>
<bind>
<opcode="read(1150) " fcode="read"/>
<opset="data_10_V_read11/1 "/>
</bind>
</comp>

<comp id="124" class="1004" name="data_9_V_read_6_read_fu_124">
<pin_list>
<pin id="125" dir="0" index="0" bw="32" slack="0"/>
<pin id="126" dir="0" index="1" bw="32" slack="0"/>
<pin id="127" dir="1" index="2" bw="32" slack="0"/>
</pin_list>
<bind>
<opcode="read(1150) " fcode="read"/>
<opset="data_9_V_read_6/1 "/>
</bind>
</comp>

<comp id="130" class="1004" name="data_8_V_read_6_read_fu_130">
<pin_list>
<pin id="131" dir="0" index="0" bw="32" slack="0"/>
<pin id="132" dir="0" index="1" bw="32" slack="0"/>
<pin id="133" dir="1" index="2" bw="32" slack="0"/>
</pin_list>
<bind>
<opcode="read(1150) " fcode="read"/>
<opset="data_8_V_read_6/1 "/>
</bind>
</comp>

<comp id="136" class="1004" name="data_7_V_read_8_read_fu_136">
<pin_list>
<pin id="137" dir="0" index="0" bw="32" slack="0"/>
<pin id="138" dir="0" index="1" bw="32" slack="0"/>
<pin id="139" dir="1" index="2" bw="32" slack="0"/>
</pin_list>
<bind>
<opcode="read(1150) " fcode="read"/>
<opset="data_7_V_read_8/1 "/>
</bind>
</comp>

<comp id="142" class="1004" name="data_6_V_read_8_read_fu_142">
<pin_list>
<pin id="143" dir="0" index="0" bw="32" slack="0"/>
<pin id="144" dir="0" index="1" bw="32" slack="0"/>
<pin id="145" dir="1" index="2" bw="32" slack="0"/>
</pin_list>
<bind>
<opcode="read(1150) " fcode="read"/>
<opset="data_6_V_read_8/1 "/>
</bind>
</comp>

<comp id="148" class="1004" name="data_5_V_read_8_read_fu_148">
<pin_list>
<pin id="149" dir="0" index="0" bw="32" slack="0"/>
<pin id="150" dir="0" index="1" bw="32" slack="0"/>
<pin id="151" dir="1" index="2" bw="32" slack="0"/>
</pin_list>
<bind>
<opcode="read(1150) " fcode="read"/>
<opset="data_5_V_read_8/1 "/>
</bind>
</comp>

<comp id="154" class="1004" name="data_4_V_read_8_read_fu_154">
<pin_list>
<pin id="155" dir="0" index="0" bw="32" slack="0"/>
<pin id="156" dir="0" index="1" bw="32" slack="0"/>
<pin id="157" dir="1" index="2" bw="32" slack="0"/>
</pin_list>
<bind>
<opcode="read(1150) " fcode="read"/>
<opset="data_4_V_read_8/1 "/>
</bind>
</comp>

<comp id="160" class="1004" name="data_3_V_read_10_read_fu_160">
<pin_list>
<pin id="161" dir="0" index="0" bw="32" slack="0"/>
<pin id="162" dir="0" index="1" bw="32" slack="0"/>
<pin id="163" dir="1" index="2" bw="32" slack="0"/>
</pin_list>
<bind>
<opcode="read(1150) " fcode="read"/>
<opset="data_3_V_read_10/1 "/>
</bind>
</comp>

<comp id="166" class="1004" name="data_2_V_read_10_read_fu_166">
<pin_list>
<pin id="167" dir="0" index="0" bw="32" slack="0"/>
<pin id="168" dir="0" index="1" bw="32" slack="0"/>
<pin id="169" dir="1" index="2" bw="32" slack="0"/>
</pin_list>
<bind>
<opcode="read(1150) " fcode="read"/>
<opset="data_2_V_read_10/1 "/>
</bind>
</comp>

<comp id="172" class="1004" name="data_1_V_read_10_read_fu_172">
<pin_list>
<pin id="173" dir="0" index="0" bw="32" slack="0"/>
<pin id="174" dir="0" index="1" bw="32" slack="0"/>
<pin id="175" dir="1" index="2" bw="32" slack="0"/>
</pin_list>
<bind>
<opcode="read(1150) " fcode="read"/>
<opset="data_1_V_read_10/1 "/>
</bind>
</comp>

<comp id="178" class="1004" name="data_0_V_read_10_read_fu_178">
<pin_list>
<pin id="179" dir="0" index="0" bw="32" slack="0"/>
<pin id="180" dir="0" index="1" bw="32" slack="0"/>
<pin id="181" dir="1" index="2" bw="32" slack="0"/>
</pin_list>
<bind>
<opcode="read(1150) " fcode="read"/>
<opset="data_0_V_read_10/1 "/>
</bind>
</comp>

<comp id="184" class="1004" name="res_0_V_write_assign_fu_184">
<pin_list>
<pin id="185" dir="0" index="0" bw="50" slack="0"/>
<pin id="186" dir="0" index="1" bw="32" slack="0"/>
<pin id="187" dir="0" index="2" bw="1" slack="0"/>
<pin id="188" dir="1" index="3" bw="50" slack="0"/>
</pin_list>
<bind>
<opcode="bitconcatenate(1004) " fcode="bitconcatenate"/>
<opset="res_0_V_write_assign/1 "/>
</bind>
</comp>

<comp id="192" class="1004" name="sext_ln728_fu_192">
<pin_list>
<pin id="193" dir="0" index="0" bw="50" slack="0"/>
<pin id="194" dir="1" index="1" bw="64" slack="0"/>
</pin_list>
<bind>
<opcode="sext(35) " fcode="sext"/>
<opset="sext_ln728/1 "/>
</bind>
</comp>

<comp id="196" class="1004" name="res_1_V_write_assign_fu_196">
<pin_list>
<pin id="197" dir="0" index="0" bw="50" slack="0"/>
<pin id="198" dir="0" index="1" bw="32" slack="0"/>
<pin id="199" dir="0" index="2" bw="1" slack="0"/>
<pin id="200" dir="1" index="3" bw="50" slack="0"/>
</pin_list>
<bind>
<opcode="bitconcatenate(1004) " fcode="bitconcatenate"/>
<opset="res_1_V_write_assign/1 "/>
</bind>
</comp>

<comp id="204" class="1004" name="sext_ln728_1_fu_204">
<pin_list>
<pin id="205" dir="0" index="0" bw="50" slack="0"/>
<pin id="206" dir="1" index="1" bw="64" slack="0"/>
</pin_list>
<bind>
<opcode="sext(35) " fcode="sext"/>
<opset="sext_ln728_1/1 "/>
</bind>
</comp>

<comp id="208" class="1004" name="res_2_V_write_assign_fu_208">
<pin_list>
<pin id="209" dir="0" index="0" bw="50" slack="0"/>
<pin id="210" dir="0" index="1" bw="32" slack="0"/>
<pin id="211" dir="0" index="2" bw="1" slack="0"/>
<pin id="212" dir="1" index="3" bw="50" slack="0"/>
</pin_list>
<bind>
<opcode="bitconcatenate(1004) " fcode="bitconcatenate"/>
<opset="res_2_V_write_assign/1 "/>
</bind>
</comp>

<comp id="216" class="1004" name="sext_ln728_2_fu_216">
<pin_list>
<pin id="217" dir="0" index="0" bw="50" slack="0"/>
<pin id="218" dir="1" index="1" bw="64" slack="0"/>
</pin_list>
<bind>
<opcode="sext(35) " fcode="sext"/>
<opset="sext_ln728_2/1 "/>
</bind>
</comp>

<comp id="220" class="1004" name="res_3_V_write_assign_fu_220">
<pin_list>
<pin id="221" dir="0" index="0" bw="50" slack="0"/>
<pin id="222" dir="0" index="1" bw="32" slack="0"/>
<pin id="223" dir="0" index="2" bw="1" slack="0"/>
<pin id="224" dir="1" index="3" bw="50" slack="0"/>
</pin_list>
<bind>
<opcode="bitconcatenate(1004) " fcode="bitconcatenate"/>
<opset="res_3_V_write_assign/1 "/>
</bind>
</comp>

<comp id="228" class="1004" name="sext_ln728_3_fu_228">
<pin_list>
<pin id="229" dir="0" index="0" bw="50" slack="0"/>
<pin id="230" dir="1" index="1" bw="64" slack="0"/>
</pin_list>
<bind>
<opcode="sext(35) " fcode="sext"/>
<opset="sext_ln728_3/1 "/>
</bind>
</comp>

<comp id="232" class="1004" name="res_4_V_write_assign_fu_232">
<pin_list>
<pin id="233" dir="0" index="0" bw="50" slack="0"/>
<pin id="234" dir="0" index="1" bw="32" slack="0"/>
<pin id="235" dir="0" index="2" bw="1" slack="0"/>
<pin id="236" dir="1" index="3" bw="50" slack="0"/>
</pin_list>
<bind>
<opcode="bitconcatenate(1004) " fcode="bitconcatenate"/>
<opset="res_4_V_write_assign/1 "/>
</bind>
</comp>

<comp id="240" class="1004" name="sext_ln728_4_fu_240">
<pin_list>
<pin id="241" dir="0" index="0" bw="50" slack="0"/>
<pin id="242" dir="1" index="1" bw="64" slack="0"/>
</pin_list>
<bind>
<opcode="sext(35) " fcode="sext"/>
<opset="sext_ln728_4/1 "/>
</bind>
</comp>

<comp id="244" class="1004" name="res_5_V_write_assign_fu_244">
<pin_list>
<pin id="245" dir="0" index="0" bw="50" slack="0"/>
<pin id="246" dir="0" index="1" bw="32" slack="0"/>
<pin id="247" dir="0" index="2" bw="1" slack="0"/>
<pin id="248" dir="1" index="3" bw="50" slack="0"/>
</pin_list>
<bind>
<opcode="bitconcatenate(1004) " fcode="bitconcatenate"/>
<opset="res_5_V_write_assign/1 "/>
</bind>
</comp>

<comp id="252" class="1004" name="sext_ln728_5_fu_252">
<pin_list>
<pin id="253" dir="0" index="0" bw="50" slack="0"/>
<pin id="254" dir="1" index="1" bw="64" slack="0"/>
</pin_list>
<bind>
<opcode="sext(35) " fcode="sext"/>
<opset="sext_ln728_5/1 "/>
</bind>
</comp>

<comp id="256" class="1004" name="res_6_V_write_assign_fu_256">
<pin_list>
<pin id="257" dir="0" index="0" bw="50" slack="0"/>
<pin id="258" dir="0" index="1" bw="32" slack="0"/>
<pin id="259" dir="0" index="2" bw="1" slack="0"/>
<pin id="260" dir="1" index="3" bw="50" slack="0"/>
</pin_list>
<bind>
<opcode="bitconcatenate(1004) " fcode="bitconcatenate"/>
<opset="res_6_V_write_assign/1 "/>
</bind>
</comp>

<comp id="264" class="1004" name="sext_ln728_6_fu_264">
<pin_list>
<pin id="265" dir="0" index="0" bw="50" slack="0"/>
<pin id="266" dir="1" index="1" bw="64" slack="0"/>
</pin_list>
<bind>
<opcode="sext(35) " fcode="sext"/>
<opset="sext_ln728_6/1 "/>
</bind>
</comp>

<comp id="268" class="1004" name="res_7_V_write_assign_fu_268">
<pin_list>
<pin id="269" dir="0" index="0" bw="50" slack="0"/>
<pin id="270" dir="0" index="1" bw="32" slack="0"/>
<pin id="271" dir="0" index="2" bw="1" slack="0"/>
<pin id="272" dir="1" index="3" bw="50" slack="0"/>
</pin_list>
<bind>
<opcode="bitconcatenate(1004) " fcode="bitconcatenate"/>
<opset="res_7_V_write_assign/1 "/>
</bind>
</comp>

<comp id="276" class="1004" name="sext_ln728_7_fu_276">
<pin_list>
<pin id="277" dir="0" index="0" bw="50" slack="0"/>
<pin id="278" dir="1" index="1" bw="64" slack="0"/>
</pin_list>
<bind>
<opcode="sext(35) " fcode="sext"/>
<opset="sext_ln728_7/1 "/>
</bind>
</comp>

<comp id="280" class="1004" name="res_8_V_write_assign_fu_280">
<pin_list>
<pin id="281" dir="0" index="0" bw="50" slack="0"/>
<pin id="282" dir="0" index="1" bw="32" slack="0"/>
<pin id="283" dir="0" index="2" bw="1" slack="0"/>
<pin id="284" dir="1" index="3" bw="50" slack="0"/>
</pin_list>
<bind>
<opcode="bitconcatenate(1004) " fcode="bitconcatenate"/>
<opset="res_8_V_write_assign/1 "/>
</bind>
</comp>

<comp id="288" class="1004" name="sext_ln728_8_fu_288">
<pin_list>
<pin id="289" dir="0" index="0" bw="50" slack="0"/>
<pin id="290" dir="1" index="1" bw="64" slack="0"/>
</pin_list>
<bind>
<opcode="sext(35) " fcode="sext"/>
<opset="sext_ln728_8/1 "/>
</bind>
</comp>

<comp id="292" class="1004" name="res_9_V_write_assign_fu_292">
<pin_list>
<pin id="293" dir="0" index="0" bw="50" slack="0"/>
<pin id="294" dir="0" index="1" bw="32" slack="0"/>
<pin id="295" dir="0" index="2" bw="1" slack="0"/>
<pin id="296" dir="1" index="3" bw="50" slack="0"/>
</pin_list>
<bind>
<opcode="bitconcatenate(1004) " fcode="bitconcatenate"/>
<opset="res_9_V_write_assign/1 "/>
</bind>
</comp>

<comp id="300" class="1004" name="sext_ln728_9_fu_300">
<pin_list>
<pin id="301" dir="0" index="0" bw="50" slack="0"/>
<pin id="302" dir="1" index="1" bw="64" slack="0"/>
</pin_list>
<bind>
<opcode="sext(35) " fcode="sext"/>
<opset="sext_ln728_9/1 "/>
</bind>
</comp>

<comp id="304" class="1004" name="res_10_V_write_assign_fu_304">
<pin_list>
<pin id="305" dir="0" index="0" bw="50" slack="0"/>
<pin id="306" dir="0" index="1" bw="32" slack="0"/>
<pin id="307" dir="0" index="2" bw="1" slack="0"/>
<pin id="308" dir="1" index="3" bw="50" slack="0"/>
</pin_list>
<bind>
<opcode="bitconcatenate(1004) " fcode="bitconcatenate"/>
<opset="res_10_V_write_assign/1 "/>
</bind>
</comp>

<comp id="312" class="1004" name="sext_ln728_10_fu_312">
<pin_list>
<pin id="313" dir="0" index="0" bw="50" slack="0"/>
<pin id="314" dir="1" index="1" bw="64" slack="0"/>
</pin_list>
<bind>
<opcode="sext(35) " fcode="sext"/>
<opset="sext_ln728_10/1 "/>
</bind>
</comp>

<comp id="316" class="1004" name="res_11_V_write_assign_fu_316">
<pin_list>
<pin id="317" dir="0" index="0" bw="50" slack="0"/>
<pin id="318" dir="0" index="1" bw="32" slack="0"/>
<pin id="319" dir="0" index="2" bw="1" slack="0"/>
<pin id="320" dir="1" index="3" bw="50" slack="0"/>
</pin_list>
<bind>
<opcode="bitconcatenate(1004) " fcode="bitconcatenate"/>
<opset="res_11_V_write_assign/1 "/>
</bind>
</comp>

<comp id="324" class="1004" name="sext_ln728_11_fu_324">
<pin_list>
<pin id="325" dir="0" index="0" bw="50" slack="0"/>
<pin id="326" dir="1" index="1" bw="64" slack="0"/>
</pin_list>
<bind>
<opcode="sext(35) " fcode="sext"/>
<opset="sext_ln728_11/1 "/>
</bind>
</comp>

<comp id="328" class="1004" name="res_12_V_write_assign_fu_328">
<pin_list>
<pin id="329" dir="0" index="0" bw="50" slack="0"/>
<pin id="330" dir="0" index="1" bw="32" slack="0"/>
<pin id="331" dir="0" index="2" bw="1" slack="0"/>
<pin id="332" dir="1" index="3" bw="50" slack="0"/>
</pin_list>
<bind>
<opcode="bitconcatenate(1004) " fcode="bitconcatenate"/>
<opset="res_12_V_write_assign/1 "/>
</bind>
</comp>

<comp id="336" class="1004" name="sext_ln728_12_fu_336">
<pin_list>
<pin id="337" dir="0" index="0" bw="50" slack="0"/>
<pin id="338" dir="1" index="1" bw="64" slack="0"/>
</pin_list>
<bind>
<opcode="sext(35) " fcode="sext"/>
<opset="sext_ln728_12/1 "/>
</bind>
</comp>

<comp id="340" class="1004" name="res_13_V_write_assign_fu_340">
<pin_list>
<pin id="341" dir="0" index="0" bw="50" slack="0"/>
<pin id="342" dir="0" index="1" bw="32" slack="0"/>
<pin id="343" dir="0" index="2" bw="1" slack="0"/>
<pin id="344" dir="1" index="3" bw="50" slack="0"/>
</pin_list>
<bind>
<opcode="bitconcatenate(1004) " fcode="bitconcatenate"/>
<opset="res_13_V_write_assign/1 "/>
</bind>
</comp>

<comp id="348" class="1004" name="sext_ln728_13_fu_348">
<pin_list>
<pin id="349" dir="0" index="0" bw="50" slack="0"/>
<pin id="350" dir="1" index="1" bw="64" slack="0"/>
</pin_list>
<bind>
<opcode="sext(35) " fcode="sext"/>
<opset="sext_ln728_13/1 "/>
</bind>
</comp>

<comp id="352" class="1004" name="res_14_V_write_assign_fu_352">
<pin_list>
<pin id="353" dir="0" index="0" bw="50" slack="0"/>
<pin id="354" dir="0" index="1" bw="32" slack="0"/>
<pin id="355" dir="0" index="2" bw="1" slack="0"/>
<pin id="356" dir="1" index="3" bw="50" slack="0"/>
</pin_list>
<bind>
<opcode="bitconcatenate(1004) " fcode="bitconcatenate"/>
<opset="res_14_V_write_assign/1 "/>
</bind>
</comp>

<comp id="360" class="1004" name="sext_ln728_14_fu_360">
<pin_list>
<pin id="361" dir="0" index="0" bw="50" slack="0"/>
<pin id="362" dir="1" index="1" bw="64" slack="0"/>
</pin_list>
<bind>
<opcode="sext(35) " fcode="sext"/>
<opset="sext_ln728_14/1 "/>
</bind>
</comp>

<comp id="364" class="1004" name="res_15_V_write_assign_fu_364">
<pin_list>
<pin id="365" dir="0" index="0" bw="50" slack="0"/>
<pin id="366" dir="0" index="1" bw="32" slack="0"/>
<pin id="367" dir="0" index="2" bw="1" slack="0"/>
<pin id="368" dir="1" index="3" bw="50" slack="0"/>
</pin_list>
<bind>
<opcode="bitconcatenate(1004) " fcode="bitconcatenate"/>
<opset="res_15_V_write_assign/1 "/>
</bind>
</comp>

<comp id="372" class="1004" name="sext_ln728_15_fu_372">
<pin_list>
<pin id="373" dir="0" index="0" bw="50" slack="0"/>
<pin id="374" dir="1" index="1" bw="64" slack="0"/>
</pin_list>
<bind>
<opcode="sext(35) " fcode="sext"/>
<opset="sext_ln728_15/1 "/>
</bind>
</comp>

<comp id="376" class="1004" name="res_16_V_write_assign_fu_376">
<pin_list>
<pin id="377" dir="0" index="0" bw="50" slack="0"/>
<pin id="378" dir="0" index="1" bw="32" slack="0"/>
<pin id="379" dir="0" index="2" bw="1" slack="0"/>
<pin id="380" dir="1" index="3" bw="50" slack="0"/>
</pin_list>
<bind>
<opcode="bitconcatenate(1004) " fcode="bitconcatenate"/>
<opset="res_16_V_write_assign/1 "/>
</bind>
</comp>

<comp id="384" class="1004" name="sext_ln728_16_fu_384">
<pin_list>
<pin id="385" dir="0" index="0" bw="50" slack="0"/>
<pin id="386" dir="1" index="1" bw="64" slack="0"/>
</pin_list>
<bind>
<opcode="sext(35) " fcode="sext"/>
<opset="sext_ln728_16/1 "/>
</bind>
</comp>

<comp id="388" class="1004" name="res_17_V_write_assign_fu_388">
<pin_list>
<pin id="389" dir="0" index="0" bw="50" slack="0"/>
<pin id="390" dir="0" index="1" bw="32" slack="0"/>
<pin id="391" dir="0" index="2" bw="1" slack="0"/>
<pin id="392" dir="1" index="3" bw="50" slack="0"/>
</pin_list>
<bind>
<opcode="bitconcatenate(1004) " fcode="bitconcatenate"/>
<opset="res_17_V_write_assign/1 "/>
</bind>
</comp>

<comp id="396" class="1004" name="sext_ln728_17_fu_396">
<pin_list>
<pin id="397" dir="0" index="0" bw="50" slack="0"/>
<pin id="398" dir="1" index="1" bw="64" slack="0"/>
</pin_list>
<bind>
<opcode="sext(35) " fcode="sext"/>
<opset="sext_ln728_17/1 "/>
</bind>
</comp>

<comp id="400" class="1004" name="res_18_V_write_assign_fu_400">
<pin_list>
<pin id="401" dir="0" index="0" bw="50" slack="0"/>
<pin id="402" dir="0" index="1" bw="32" slack="0"/>
<pin id="403" dir="0" index="2" bw="1" slack="0"/>
<pin id="404" dir="1" index="3" bw="50" slack="0"/>
</pin_list>
<bind>
<opcode="bitconcatenate(1004) " fcode="bitconcatenate"/>
<opset="res_18_V_write_assign/1 "/>
</bind>
</comp>

<comp id="408" class="1004" name="sext_ln728_18_fu_408">
<pin_list>
<pin id="409" dir="0" index="0" bw="50" slack="0"/>
<pin id="410" dir="1" index="1" bw="64" slack="0"/>
</pin_list>
<bind>
<opcode="sext(35) " fcode="sext"/>
<opset="sext_ln728_18/1 "/>
</bind>
</comp>

<comp id="412" class="1004" name="res_19_V_write_assign_fu_412">
<pin_list>
<pin id="413" dir="0" index="0" bw="50" slack="0"/>
<pin id="414" dir="0" index="1" bw="32" slack="0"/>
<pin id="415" dir="0" index="2" bw="1" slack="0"/>
<pin id="416" dir="1" index="3" bw="50" slack="0"/>
</pin_list>
<bind>
<opcode="bitconcatenate(1004) " fcode="bitconcatenate"/>
<opset="res_19_V_write_assign/1 "/>
</bind>
</comp>

<comp id="420" class="1004" name="sext_ln728_19_fu_420">
<pin_list>
<pin id="421" dir="0" index="0" bw="50" slack="0"/>
<pin id="422" dir="1" index="1" bw="64" slack="0"/>
</pin_list>
<bind>
<opcode="sext(35) " fcode="sext"/>
<opset="sext_ln728_19/1 "/>
</bind>
</comp>

<comp id="424" class="1004" name="mrv_fu_424">
<pin_list>
<pin id="425" dir="0" index="0" bw="1280" slack="0"/>
<pin id="426" dir="0" index="1" bw="50" slack="0"/>
<pin id="427" dir="1" index="2" bw="1280" slack="0"/>
</pin_list>
<bind>
<opcode="insertvalue(57) " fcode="insertvalue"/>
<opset="mrv/1 "/>
</bind>
</comp>

<comp id="430" class="1004" name="mrv_1_fu_430">
<pin_list>
<pin id="431" dir="0" index="0" bw="1280" slack="0"/>
<pin id="432" dir="0" index="1" bw="50" slack="0"/>
<pin id="433" dir="1" index="2" bw="1280" slack="0"/>
</pin_list>
<bind>
<opcode="insertvalue(57) " fcode="insertvalue"/>
<opset="mrv_1/1 "/>
</bind>
</comp>

<comp id="436" class="1004" name="mrv_2_fu_436">
<pin_list>
<pin id="437" dir="0" index="0" bw="1280" slack="0"/>
<pin id="438" dir="0" index="1" bw="50" slack="0"/>
<pin id="439" dir="1" index="2" bw="1280" slack="0"/>
</pin_list>
<bind>
<opcode="insertvalue(57) " fcode="insertvalue"/>
<opset="mrv_2/1 "/>
</bind>
</comp>

<comp id="442" class="1004" name="mrv_3_fu_442">
<pin_list>
<pin id="443" dir="0" index="0" bw="1280" slack="0"/>
<pin id="444" dir="0" index="1" bw="50" slack="0"/>
<pin id="445" dir="1" index="2" bw="1280" slack="0"/>
</pin_list>
<bind>
<opcode="insertvalue(57) " fcode="insertvalue"/>
<opset="mrv_3/1 "/>
</bind>
</comp>

<comp id="448" class="1004" name="mrv_4_fu_448">
<pin_list>
<pin id="449" dir="0" index="0" bw="1280" slack="0"/>
<pin id="450" dir="0" index="1" bw="50" slack="0"/>
<pin id="451" dir="1" index="2" bw="1280" slack="0"/>
</pin_list>
<bind>
<opcode="insertvalue(57) " fcode="insertvalue"/>
<opset="mrv_4/1 "/>
</bind>
</comp>

<comp id="454" class="1004" name="mrv_5_fu_454">
<pin_list>
<pin id="455" dir="0" index="0" bw="1280" slack="0"/>
<pin id="456" dir="0" index="1" bw="50" slack="0"/>
<pin id="457" dir="1" index="2" bw="1280" slack="0"/>
</pin_list>
<bind>
<opcode="insertvalue(57) " fcode="insertvalue"/>
<opset="mrv_5/1 "/>
</bind>
</comp>

<comp id="460" class="1004" name="mrv_6_fu_460">
<pin_list>
<pin id="461" dir="0" index="0" bw="1280" slack="0"/>
<pin id="462" dir="0" index="1" bw="50" slack="0"/>
<pin id="463" dir="1" index="2" bw="1280" slack="0"/>
</pin_list>
<bind>
<opcode="insertvalue(57) " fcode="insertvalue"/>
<opset="mrv_6/1 "/>
</bind>
</comp>

<comp id="466" class="1004" name="mrv_7_fu_466">
<pin_list>
<pin id="467" dir="0" index="0" bw="1280" slack="0"/>
<pin id="468" dir="0" index="1" bw="50" slack="0"/>
<pin id="469" dir="1" index="2" bw="1280" slack="0"/>
</pin_list>
<bind>
<opcode="insertvalue(57) " fcode="insertvalue"/>
<opset="mrv_7/1 "/>
</bind>
</comp>

<comp id="472" class="1004" name="mrv_8_fu_472">
<pin_list>
<pin id="473" dir="0" index="0" bw="1280" slack="0"/>
<pin id="474" dir="0" index="1" bw="50" slack="0"/>
<pin id="475" dir="1" index="2" bw="1280" slack="0"/>
</pin_list>
<bind>
<opcode="insertvalue(57) " fcode="insertvalue"/>
<opset="mrv_8/1 "/>
</bind>
</comp>

<comp id="478" class="1004" name="mrv_9_fu_478">
<pin_list>
<pin id="479" dir="0" index="0" bw="1280" slack="0"/>
<pin id="480" dir="0" index="1" bw="50" slack="0"/>
<pin id="481" dir="1" index="2" bw="1280" slack="0"/>
</pin_list>
<bind>
<opcode="insertvalue(57) " fcode="insertvalue"/>
<opset="mrv_9/1 "/>
</bind>
</comp>

<comp id="484" class="1004" name="mrv_10_fu_484">
<pin_list>
<pin id="485" dir="0" index="0" bw="1280" slack="0"/>
<pin id="486" dir="0" index="1" bw="50" slack="0"/>
<pin id="487" dir="1" index="2" bw="1280" slack="0"/>
</pin_list>
<bind>
<opcode="insertvalue(57) " fcode="insertvalue"/>
<opset="mrv_10/1 "/>
</bind>
</comp>

<comp id="490" class="1004" name="mrv_s_fu_490">
<pin_list>
<pin id="491" dir="0" index="0" bw="1280" slack="0"/>
<pin id="492" dir="0" index="1" bw="50" slack="0"/>
<pin id="493" dir="1" index="2" bw="1280" slack="0"/>
</pin_list>
<bind>
<opcode="insertvalue(57) " fcode="insertvalue"/>
<opset="mrv_s/1 "/>
</bind>
</comp>

<comp id="496" class="1004" name="mrv_11_fu_496">
<pin_list>
<pin id="497" dir="0" index="0" bw="1280" slack="0"/>
<pin id="498" dir="0" index="1" bw="50" slack="0"/>
<pin id="499" dir="1" index="2" bw="1280" slack="0"/>
</pin_list>
<bind>
<opcode="insertvalue(57) " fcode="insertvalue"/>
<opset="mrv_11/1 "/>
</bind>
</comp>

<comp id="502" class="1004" name="mrv_12_fu_502">
<pin_list>
<pin id="503" dir="0" index="0" bw="1280" slack="0"/>
<pin id="504" dir="0" index="1" bw="50" slack="0"/>
<pin id="505" dir="1" index="2" bw="1280" slack="0"/>
</pin_list>
<bind>
<opcode="insertvalue(57) " fcode="insertvalue"/>
<opset="mrv_12/1 "/>
</bind>
</comp>

<comp id="508" class="1004" name="mrv_13_fu_508">
<pin_list>
<pin id="509" dir="0" index="0" bw="1280" slack="0"/>
<pin id="510" dir="0" index="1" bw="50" slack="0"/>
<pin id="511" dir="1" index="2" bw="1280" slack="0"/>
</pin_list>
<bind>
<opcode="insertvalue(57) " fcode="insertvalue"/>
<opset="mrv_13/1 "/>
</bind>
</comp>

<comp id="514" class="1004" name="mrv_14_fu_514">
<pin_list>
<pin id="515" dir="0" index="0" bw="1280" slack="0"/>
<pin id="516" dir="0" index="1" bw="50" slack="0"/>
<pin id="517" dir="1" index="2" bw="1280" slack="0"/>
</pin_list>
<bind>
<opcode="insertvalue(57) " fcode="insertvalue"/>
<opset="mrv_14/1 "/>
</bind>
</comp>

<comp id="520" class="1004" name="mrv_15_fu_520">
<pin_list>
<pin id="521" dir="0" index="0" bw="1280" slack="0"/>
<pin id="522" dir="0" index="1" bw="50" slack="0"/>
<pin id="523" dir="1" index="2" bw="1280" slack="0"/>
</pin_list>
<bind>
<opcode="insertvalue(57) " fcode="insertvalue"/>
<opset="mrv_15/1 "/>
</bind>
</comp>

<comp id="526" class="1004" name="mrv_16_fu_526">
<pin_list>
<pin id="527" dir="0" index="0" bw="1280" slack="0"/>
<pin id="528" dir="0" index="1" bw="50" slack="0"/>
<pin id="529" dir="1" index="2" bw="1280" slack="0"/>
</pin_list>
<bind>
<opcode="insertvalue(57) " fcode="insertvalue"/>
<opset="mrv_16/1 "/>
</bind>
</comp>

<comp id="532" class="1004" name="mrv_17_fu_532">
<pin_list>
<pin id="533" dir="0" index="0" bw="1280" slack="0"/>
<pin id="534" dir="0" index="1" bw="50" slack="0"/>
<pin id="535" dir="1" index="2" bw="1280" slack="0"/>
</pin_list>
<bind>
<opcode="insertvalue(57) " fcode="insertvalue"/>
<opset="mrv_17/1 "/>
</bind>
</comp>

<comp id="538" class="1004" name="mrv_18_fu_538">
<pin_list>
<pin id="539" dir="0" index="0" bw="1280" slack="0"/>
<pin id="540" dir="0" index="1" bw="50" slack="0"/>
<pin id="541" dir="1" index="2" bw="1280" slack="2147483647"/>
</pin_list>
<bind>
<opcode="insertvalue(57) " fcode="insertvalue"/>
<opset="mrv_18/1 "/>
</bind>
</comp>

</comp_list>

<net_list>
<net id="68"><net_src comp="40" pin="0"/><net_sink comp="64" pin=0"/></net>

<net id="69"><net_src comp="38" pin="0"/><net_sink comp="64" pin=1"/></net>

<net id="74"><net_src comp="40" pin="0"/><net_sink comp="70" pin=0"/></net>

<net id="75"><net_src comp="36" pin="0"/><net_sink comp="70" pin=1"/></net>

<net id="80"><net_src comp="40" pin="0"/><net_sink comp="76" pin=0"/></net>

<net id="81"><net_src comp="34" pin="0"/><net_sink comp="76" pin=1"/></net>

<net id="86"><net_src comp="40" pin="0"/><net_sink comp="82" pin=0"/></net>

<net id="87"><net_src comp="32" pin="0"/><net_sink comp="82" pin=1"/></net>

<net id="92"><net_src comp="40" pin="0"/><net_sink comp="88" pin=0"/></net>

<net id="93"><net_src comp="30" pin="0"/><net_sink comp="88" pin=1"/></net>

<net id="98"><net_src comp="40" pin="0"/><net_sink comp="94" pin=0"/></net>

<net id="99"><net_src comp="28" pin="0"/><net_sink comp="94" pin=1"/></net>

<net id="104"><net_src comp="40" pin="0"/><net_sink comp="100" pin=0"/></net>

<net id="105"><net_src comp="26" pin="0"/><net_sink comp="100" pin=1"/></net>

<net id="110"><net_src comp="40" pin="0"/><net_sink comp="106" pin=0"/></net>

<net id="111"><net_src comp="24" pin="0"/><net_sink comp="106" pin=1"/></net>

<net id="116"><net_src comp="40" pin="0"/><net_sink comp="112" pin=0"/></net>

<net id="117"><net_src comp="22" pin="0"/><net_sink comp="112" pin=1"/></net>

<net id="122"><net_src comp="40" pin="0"/><net_sink comp="118" pin=0"/></net>

<net id="123"><net_src comp="20" pin="0"/><net_sink comp="118" pin=1"/></net>

<net id="128"><net_src comp="40" pin="0"/><net_sink comp="124" pin=0"/></net>

<net id="129"><net_src comp="18" pin="0"/><net_sink comp="124" pin=1"/></net>

<net id="134"><net_src comp="40" pin="0"/><net_sink comp="130" pin=0"/></net>

<net id="135"><net_src comp="16" pin="0"/><net_sink comp="130" pin=1"/></net>

<net id="140"><net_src comp="40" pin="0"/><net_sink comp="136" pin=0"/></net>

<net id="141"><net_src comp="14" pin="0"/><net_sink comp="136" pin=1"/></net>

<net id="146"><net_src comp="40" pin="0"/><net_sink comp="142" pin=0"/></net>

<net id="147"><net_src comp="12" pin="0"/><net_sink comp="142" pin=1"/></net>

<net id="152"><net_src comp="40" pin="0"/><net_sink comp="148" pin=0"/></net>

<net id="153"><net_src comp="10" pin="0"/><net_sink comp="148" pin=1"/></net>

<net id="158"><net_src comp="40" pin="0"/><net_sink comp="154" pin=0"/></net>

<net id="159"><net_src comp="8" pin="0"/><net_sink comp="154" pin=1"/></net>

<net id="164"><net_src comp="40" pin="0"/><net_sink comp="160" pin=0"/></net>

<net id="165"><net_src comp="6" pin="0"/><net_sink comp="160" pin=1"/></net>

<net id="170"><net_src comp="40" pin="0"/><net_sink comp="166" pin=0"/></net>

<net id="171"><net_src comp="4" pin="0"/><net_sink comp="166" pin=1"/></net>

<net id="176"><net_src comp="40" pin="0"/><net_sink comp="172" pin=0"/></net>

<net id="177"><net_src comp="2" pin="0"/><net_sink comp="172" pin=1"/></net>

<net id="182"><net_src comp="40" pin="0"/><net_sink comp="178" pin=0"/></net>

<net id="183"><net_src comp="0" pin="0"/><net_sink comp="178" pin=1"/></net>

<net id="189"><net_src comp="58" pin="0"/><net_sink comp="184" pin=0"/></net>

<net id="190"><net_src comp="178" pin="2"/><net_sink comp="184" pin=1"/></net>

<net id="191"><net_src comp="60" pin="0"/><net_sink comp="184" pin=2"/></net>

<net id="195"><net_src comp="184" pin="3"/><net_sink comp="192" pin=0"/></net>

<net id="201"><net_src comp="58" pin="0"/><net_sink comp="196" pin=0"/></net>

<net id="202"><net_src comp="172" pin="2"/><net_sink comp="196" pin=1"/></net>

<net id="203"><net_src comp="60" pin="0"/><net_sink comp="196" pin=2"/></net>

<net id="207"><net_src comp="196" pin="3"/><net_sink comp="204" pin=0"/></net>

<net id="213"><net_src comp="58" pin="0"/><net_sink comp="208" pin=0"/></net>

<net id="214"><net_src comp="166" pin="2"/><net_sink comp="208" pin=1"/></net>

<net id="215"><net_src comp="60" pin="0"/><net_sink comp="208" pin=2"/></net>

<net id="219"><net_src comp="208" pin="3"/><net_sink comp="216" pin=0"/></net>

<net id="225"><net_src comp="58" pin="0"/><net_sink comp="220" pin=0"/></net>

<net id="226"><net_src comp="160" pin="2"/><net_sink comp="220" pin=1"/></net>

<net id="227"><net_src comp="60" pin="0"/><net_sink comp="220" pin=2"/></net>

<net id="231"><net_src comp="220" pin="3"/><net_sink comp="228" pin=0"/></net>

<net id="237"><net_src comp="58" pin="0"/><net_sink comp="232" pin=0"/></net>

<net id="238"><net_src comp="154" pin="2"/><net_sink comp="232" pin=1"/></net>

<net id="239"><net_src comp="60" pin="0"/><net_sink comp="232" pin=2"/></net>

<net id="243"><net_src comp="232" pin="3"/><net_sink comp="240" pin=0"/></net>

<net id="249"><net_src comp="58" pin="0"/><net_sink comp="244" pin=0"/></net>

<net id="250"><net_src comp="148" pin="2"/><net_sink comp="244" pin=1"/></net>

<net id="251"><net_src comp="60" pin="0"/><net_sink comp="244" pin=2"/></net>

<net id="255"><net_src comp="244" pin="3"/><net_sink comp="252" pin=0"/></net>

<net id="261"><net_src comp="58" pin="0"/><net_sink comp="256" pin=0"/></net>

<net id="262"><net_src comp="142" pin="2"/><net_sink comp="256" pin=1"/></net>

<net id="263"><net_src comp="60" pin="0"/><net_sink comp="256" pin=2"/></net>

<net id="267"><net_src comp="256" pin="3"/><net_sink comp="264" pin=0"/></net>

<net id="273"><net_src comp="58" pin="0"/><net_sink comp="268" pin=0"/></net>

<net id="274"><net_src comp="136" pin="2"/><net_sink comp="268" pin=1"/></net>

<net id="275"><net_src comp="60" pin="0"/><net_sink comp="268" pin=2"/></net>

<net id="279"><net_src comp="268" pin="3"/><net_sink comp="276" pin=0"/></net>

<net id="285"><net_src comp="58" pin="0"/><net_sink comp="280" pin=0"/></net>

<net id="286"><net_src comp="130" pin="2"/><net_sink comp="280" pin=1"/></net>

<net id="287"><net_src comp="60" pin="0"/><net_sink comp="280" pin=2"/></net>

<net id="291"><net_src comp="280" pin="3"/><net_sink comp="288" pin=0"/></net>

<net id="297"><net_src comp="58" pin="0"/><net_sink comp="292" pin=0"/></net>

<net id="298"><net_src comp="124" pin="2"/><net_sink comp="292" pin=1"/></net>

<net id="299"><net_src comp="60" pin="0"/><net_sink comp="292" pin=2"/></net>

<net id="303"><net_src comp="292" pin="3"/><net_sink comp="300" pin=0"/></net>

<net id="309"><net_src comp="58" pin="0"/><net_sink comp="304" pin=0"/></net>

<net id="310"><net_src comp="118" pin="2"/><net_sink comp="304" pin=1"/></net>

<net id="311"><net_src comp="60" pin="0"/><net_sink comp="304" pin=2"/></net>

<net id="315"><net_src comp="304" pin="3"/><net_sink comp="312" pin=0"/></net>

<net id="321"><net_src comp="58" pin="0"/><net_sink comp="316" pin=0"/></net>

<net id="322"><net_src comp="112" pin="2"/><net_sink comp="316" pin=1"/></net>

<net id="323"><net_src comp="60" pin="0"/><net_sink comp="316" pin=2"/></net>

<net id="327"><net_src comp="316" pin="3"/><net_sink comp="324" pin=0"/></net>

<net id="333"><net_src comp="58" pin="0"/><net_sink comp="328" pin=0"/></net>

<net id="334"><net_src comp="106" pin="2"/><net_sink comp="328" pin=1"/></net>

<net id="335"><net_src comp="60" pin="0"/><net_sink comp="328" pin=2"/></net>

<net id="339"><net_src comp="328" pin="3"/><net_sink comp="336" pin=0"/></net>

<net id="345"><net_src comp="58" pin="0"/><net_sink comp="340" pin=0"/></net>

<net id="346"><net_src comp="100" pin="2"/><net_sink comp="340" pin=1"/></net>

<net id="347"><net_src comp="60" pin="0"/><net_sink comp="340" pin=2"/></net>

<net id="351"><net_src comp="340" pin="3"/><net_sink comp="348" pin=0"/></net>

<net id="357"><net_src comp="58" pin="0"/><net_sink comp="352" pin=0"/></net>

<net id="358"><net_src comp="94" pin="2"/><net_sink comp="352" pin=1"/></net>

<net id="359"><net_src comp="60" pin="0"/><net_sink comp="352" pin=2"/></net>

<net id="363"><net_src comp="352" pin="3"/><net_sink comp="360" pin=0"/></net>

<net id="369"><net_src comp="58" pin="0"/><net_sink comp="364" pin=0"/></net>

<net id="370"><net_src comp="88" pin="2"/><net_sink comp="364" pin=1"/></net>

<net id="371"><net_src comp="60" pin="0"/><net_sink comp="364" pin=2"/></net>

<net id="375"><net_src comp="364" pin="3"/><net_sink comp="372" pin=0"/></net>

<net id="381"><net_src comp="58" pin="0"/><net_sink comp="376" pin=0"/></net>

<net id="382"><net_src comp="82" pin="2"/><net_sink comp="376" pin=1"/></net>

<net id="383"><net_src comp="60" pin="0"/><net_sink comp="376" pin=2"/></net>

<net id="387"><net_src comp="376" pin="3"/><net_sink comp="384" pin=0"/></net>

<net id="393"><net_src comp="58" pin="0"/><net_sink comp="388" pin=0"/></net>

<net id="394"><net_src comp="76" pin="2"/><net_sink comp="388" pin=1"/></net>

<net id="395"><net_src comp="60" pin="0"/><net_sink comp="388" pin=2"/></net>

<net id="399"><net_src comp="388" pin="3"/><net_sink comp="396" pin=0"/></net>

<net id="405"><net_src comp="58" pin="0"/><net_sink comp="400" pin=0"/></net>

<net id="406"><net_src comp="70" pin="2"/><net_sink comp="400" pin=1"/></net>

<net id="407"><net_src comp="60" pin="0"/><net_sink comp="400" pin=2"/></net>

<net id="411"><net_src comp="400" pin="3"/><net_sink comp="408" pin=0"/></net>

<net id="417"><net_src comp="58" pin="0"/><net_sink comp="412" pin=0"/></net>

<net id="418"><net_src comp="64" pin="2"/><net_sink comp="412" pin=1"/></net>

<net id="419"><net_src comp="60" pin="0"/><net_sink comp="412" pin=2"/></net>

<net id="423"><net_src comp="412" pin="3"/><net_sink comp="420" pin=0"/></net>

<net id="428"><net_src comp="62" pin="0"/><net_sink comp="424" pin=0"/></net>

<net id="429"><net_src comp="192" pin="1"/><net_sink comp="424" pin=1"/></net>

<net id="434"><net_src comp="424" pin="2"/><net_sink comp="430" pin=0"/></net>

<net id="435"><net_src comp="204" pin="1"/><net_sink comp="430" pin=1"/></net>

<net id="440"><net_src comp="430" pin="2"/><net_sink comp="436" pin=0"/></net>

<net id="441"><net_src comp="216" pin="1"/><net_sink comp="436" pin=1"/></net>

<net id="446"><net_src comp="436" pin="2"/><net_sink comp="442" pin=0"/></net>

<net id="447"><net_src comp="228" pin="1"/><net_sink comp="442" pin=1"/></net>

<net id="452"><net_src comp="442" pin="2"/><net_sink comp="448" pin=0"/></net>

<net id="453"><net_src comp="240" pin="1"/><net_sink comp="448" pin=1"/></net>

<net id="458"><net_src comp="448" pin="2"/><net_sink comp="454" pin=0"/></net>

<net id="459"><net_src comp="252" pin="1"/><net_sink comp="454" pin=1"/></net>

<net id="464"><net_src comp="454" pin="2"/><net_sink comp="460" pin=0"/></net>

<net id="465"><net_src comp="264" pin="1"/><net_sink comp="460" pin=1"/></net>

<net id="470"><net_src comp="460" pin="2"/><net_sink comp="466" pin=0"/></net>

<net id="471"><net_src comp="276" pin="1"/><net_sink comp="466" pin=1"/></net>

<net id="476"><net_src comp="466" pin="2"/><net_sink comp="472" pin=0"/></net>

<net id="477"><net_src comp="288" pin="1"/><net_sink comp="472" pin=1"/></net>

<net id="482"><net_src comp="472" pin="2"/><net_sink comp="478" pin=0"/></net>

<net id="483"><net_src comp="300" pin="1"/><net_sink comp="478" pin=1"/></net>

<net id="488"><net_src comp="478" pin="2"/><net_sink comp="484" pin=0"/></net>

<net id="489"><net_src comp="312" pin="1"/><net_sink comp="484" pin=1"/></net>

<net id="494"><net_src comp="484" pin="2"/><net_sink comp="490" pin=0"/></net>

<net id="495"><net_src comp="324" pin="1"/><net_sink comp="490" pin=1"/></net>

<net id="500"><net_src comp="490" pin="2"/><net_sink comp="496" pin=0"/></net>

<net id="501"><net_src comp="336" pin="1"/><net_sink comp="496" pin=1"/></net>

<net id="506"><net_src comp="496" pin="2"/><net_sink comp="502" pin=0"/></net>

<net id="507"><net_src comp="348" pin="1"/><net_sink comp="502" pin=1"/></net>

<net id="512"><net_src comp="502" pin="2"/><net_sink comp="508" pin=0"/></net>

<net id="513"><net_src comp="360" pin="1"/><net_sink comp="508" pin=1"/></net>

<net id="518"><net_src comp="508" pin="2"/><net_sink comp="514" pin=0"/></net>

<net id="519"><net_src comp="372" pin="1"/><net_sink comp="514" pin=1"/></net>

<net id="524"><net_src comp="514" pin="2"/><net_sink comp="520" pin=0"/></net>

<net id="525"><net_src comp="384" pin="1"/><net_sink comp="520" pin=1"/></net>

<net id="530"><net_src comp="520" pin="2"/><net_sink comp="526" pin=0"/></net>

<net id="531"><net_src comp="396" pin="1"/><net_sink comp="526" pin=1"/></net>

<net id="536"><net_src comp="526" pin="2"/><net_sink comp="532" pin=0"/></net>

<net id="537"><net_src comp="408" pin="1"/><net_sink comp="532" pin=1"/></net>

<net id="542"><net_src comp="532" pin="2"/><net_sink comp="538" pin=0"/></net>

<net id="543"><net_src comp="420" pin="1"/><net_sink comp="538" pin=1"/></net>

</net_list>

</model> 
---------------- Datapath Model END ------------------

* FSMD analyzer results:
  - Output states:
 - Input state : 
	Port: linear<ap_fixed,ap_fixed<64,16,5,3,0>,linear_config21> : data_0_V_read | {1 }
	Port: linear<ap_fixed,ap_fixed<64,16,5,3,0>,linear_config21> : data_1_V_read | {1 }
	Port: linear<ap_fixed,ap_fixed<64,16,5,3,0>,linear_config21> : data_2_V_read | {1 }
	Port: linear<ap_fixed,ap_fixed<64,16,5,3,0>,linear_config21> : data_3_V_read | {1 }
	Port: linear<ap_fixed,ap_fixed<64,16,5,3,0>,linear_config21> : data_4_V_read | {1 }
	Port: linear<ap_fixed,ap_fixed<64,16,5,3,0>,linear_config21> : data_5_V_read | {1 }
	Port: linear<ap_fixed,ap_fixed<64,16,5,3,0>,linear_config21> : data_6_V_read | {1 }
	Port: linear<ap_fixed,ap_fixed<64,16,5,3,0>,linear_config21> : data_7_V_read | {1 }
	Port: linear<ap_fixed,ap_fixed<64,16,5,3,0>,linear_config21> : data_8_V_read | {1 }
	Port: linear<ap_fixed,ap_fixed<64,16,5,3,0>,linear_config21> : data_9_V_read | {1 }
	Port: linear<ap_fixed,ap_fixed<64,16,5,3,0>,linear_config21> : data_10_V_read | {1 }
	Port: linear<ap_fixed,ap_fixed<64,16,5,3,0>,linear_config21> : data_11_V_read | {1 }
	Port: linear<ap_fixed,ap_fixed<64,16,5,3,0>,linear_config21> : data_12_V_read | {1 }
	Port: linear<ap_fixed,ap_fixed<64,16,5,3,0>,linear_config21> : data_13_V_read | {1 }
	Port: linear<ap_fixed,ap_fixed<64,16,5,3,0>,linear_config21> : data_14_V_read | {1 }
	Port: linear<ap_fixed,ap_fixed<64,16,5,3,0>,linear_config21> : data_15_V_read | {1 }
	Port: linear<ap_fixed,ap_fixed<64,16,5,3,0>,linear_config21> : data_16_V_read | {1 }
	Port: linear<ap_fixed,ap_fixed<64,16,5,3,0>,linear_config21> : data_17_V_read | {1 }
	Port: linear<ap_fixed,ap_fixed<64,16,5,3,0>,linear_config21> : data_18_V_read | {1 }
	Port: linear<ap_fixed,ap_fixed<64,16,5,3,0>,linear_config21> : data_19_V_read | {1 }
  - Chain level:
	State 1
		empty : 1
		sext_ln728 : 1
		sext_ln728_1 : 1
		sext_ln728_2 : 1
		sext_ln728_3 : 1
		sext_ln728_4 : 1
		sext_ln728_5 : 1
		sext_ln728_6 : 1
		sext_ln728_7 : 1
		sext_ln728_8 : 1
		sext_ln728_9 : 1
		sext_ln728_10 : 1
		sext_ln728_11 : 1
		sext_ln728_12 : 1
		sext_ln728_13 : 1
		sext_ln728_14 : 1
		sext_ln728_15 : 1
		sext_ln728_16 : 1
		sext_ln728_17 : 1
		sext_ln728_18 : 1
		sext_ln728_19 : 1
		mrv : 2
		mrv_1 : 3
		mrv_2 : 4
		mrv_3 : 5
		mrv_4 : 6
		mrv_5 : 7
		mrv_6 : 8
		mrv_7 : 9
		mrv_8 : 10
		mrv_9 : 11
		mrv_10 : 12
		mrv_s : 13
		mrv_11 : 14
		mrv_12 : 15
		mrv_13 : 16
		mrv_14 : 17
		mrv_15 : 18
		mrv_16 : 19
		mrv_17 : 20
		mrv_18 : 21
		ret_ln61 : 22


============================================================
+ Verbose Summary: Datapath Resource usage 
============================================================

* Functional unit list:
|----------|------------------------------|
| Operation|        Functional Unit       |
|----------|------------------------------|
|          |  data_19_V_read_1_read_fu_64 |
|          |  data_18_V_read_1_read_fu_70 |
|          |  data_17_V_read_1_read_fu_76 |
|          |  data_16_V_read_1_read_fu_82 |
|          |  data_15_V_read_1_read_fu_88 |
|          |  data_14_V_read_1_read_fu_94 |
|          | data_13_V_read_1_read_fu_100 |
|          | data_12_V_read_1_read_fu_106 |
|          | data_11_V_read12_read_fu_112 |
|   read   | data_10_V_read11_read_fu_118 |
|          |  data_9_V_read_6_read_fu_124 |
|          |  data_8_V_read_6_read_fu_130 |
|          |  data_7_V_read_8_read_fu_136 |
|          |  data_6_V_read_8_read_fu_142 |
|          |  data_5_V_read_8_read_fu_148 |
|          |  data_4_V_read_8_read_fu_154 |
|          | data_3_V_read_10_read_fu_160 |
|          | data_2_V_read_10_read_fu_166 |
|          | data_1_V_read_10_read_fu_172 |
|          | data_0_V_read_10_read_fu_178 |
|----------|------------------------------|
|          |  res_0_V_write_assign_fu_184 |
|          |  res_1_V_write_assign_fu_196 |
|          |  res_2_V_write_assign_fu_208 |
|          |  res_3_V_write_assign_fu_220 |
|          |  res_4_V_write_assign_fu_232 |
|          |  res_5_V_write_assign_fu_244 |
|          |  res_6_V_write_assign_fu_256 |
|          |  res_7_V_write_assign_fu_268 |
|          |  res_8_V_write_assign_fu_280 |
|bitconcatenate|  res_9_V_write_assign_fu_292 |
|          | res_10_V_write_assign_fu_304 |
|          | res_11_V_write_assign_fu_316 |
|          | res_12_V_write_assign_fu_328 |
|          | res_13_V_write_assign_fu_340 |
|          | res_14_V_write_assign_fu_352 |
|          | res_15_V_write_assign_fu_364 |
|          | res_16_V_write_assign_fu_376 |
|          | res_17_V_write_assign_fu_388 |
|          | res_18_V_write_assign_fu_400 |
|          | res_19_V_write_assign_fu_412 |
|----------|------------------------------|
|          |       sext_ln728_fu_192      |
|          |      sext_ln728_1_fu_204     |
|          |      sext_ln728_2_fu_216     |
|          |      sext_ln728_3_fu_228     |
|          |      sext_ln728_4_fu_240     |
|          |      sext_ln728_5_fu_252     |
|          |      sext_ln728_6_fu_264     |
|          |      sext_ln728_7_fu_276     |
|          |      sext_ln728_8_fu_288     |
|   sext   |      sext_ln728_9_fu_300     |
|          |     sext_ln728_10_fu_312     |
|          |     sext_ln728_11_fu_324     |
|          |     sext_ln728_12_fu_336     |
|          |     sext_ln728_13_fu_348     |
|          |     sext_ln728_14_fu_360     |
|          |     sext_ln728_15_fu_372     |
|          |     sext_ln728_16_fu_384     |
|          |     sext_ln728_17_fu_396     |
|          |     sext_ln728_18_fu_408     |
|          |     sext_ln728_19_fu_420     |
|----------|------------------------------|
|          |          mrv_fu_424          |
|          |         mrv_1_fu_430         |
|          |         mrv_2_fu_436         |
|          |         mrv_3_fu_442         |
|          |         mrv_4_fu_448         |
|          |         mrv_5_fu_454         |
|          |         mrv_6_fu_460         |
|          |         mrv_7_fu_466         |
|          |         mrv_8_fu_472         |
|insertvalue|         mrv_9_fu_478         |
|          |         mrv_10_fu_484        |
|          |         mrv_s_fu_490         |
|          |         mrv_11_fu_496        |
|          |         mrv_12_fu_502        |
|          |         mrv_13_fu_508        |
|          |         mrv_14_fu_514        |
|          |         mrv_15_fu_520        |
|          |         mrv_16_fu_526        |
|          |         mrv_17_fu_532        |
|          |         mrv_18_fu_538        |
|----------|------------------------------|
|   Total  |                              |
|----------|------------------------------|

Memories:
N/A

* Register list:
N/A

* Multiplexer (MUX) list: 
|--------|------|------|------|--------|
|  Comp  |  Pin | Size |  BW  | S x BW |
|--------|------|------|------|--------|
|  Total |      |      |      |    0   |
|--------|------|------|------|--------|



* Summary:
+-----------+
|           |
+-----------+
|  Function |
|   Memory  |
|Multiplexer|
|  Register |
+-----------+
|   Total   |
+-----------+
