

================================================================
== Vivado HLS Report for 'relu_ap_fixed_ap_ufixed_22_3_5_3_0_relu_config4_s'
================================================================
* Date:           Tue Oct 25 22:21:44 2022

* Version:        2019.1 (Build 2552052 on Fri May 24 15:28:33 MDT 2019)
* Project:        myproject_prj
* Solution:       solution1
* Product family: zynquplus
* Target device:  xczu3eg-sbva484-1-e


================================================================
== Performance Estimates
================================================================
+ Timing (ns): 
    * Summary: 
    +--------+-------+----------+------------+
    |  Clock | Target| Estimated| Uncertainty|
    +--------+-------+----------+------------+
    |ap_clk  |   5.00|     1.918|        0.62|
    +--------+-------+----------+------------+

+ Latency (clock cycles): 
    * Summary: 
    +-----+-----+-----+-----+----------+
    |  Latency  |  Interval | Pipeline |
    | min | max | min | max |   Type   |
    +-----+-----+-----+-----+----------+
    |    0|    0|    1|    1| function |
    +-----+-----+-----+-----+----------+

    + Detail: 
        * Instance: 
        N/A

        * Loop: 
        N/A



================================================================
== Utilization Estimates
================================================================
* Summary: 
+-----------------+---------+-------+--------+-------+-----+
|       Name      | BRAM_18K| DSP48E|   FF   |  LUT  | URAM|
+-----------------+---------+-------+--------+-------+-----+
|DSP              |        -|      -|       -|      -|    -|
|Expression       |        -|      -|       0|    204|    -|
|FIFO             |        -|      -|       -|      -|    -|
|Instance         |        -|      -|       -|      -|    -|
|Memory           |        -|      -|       -|      -|    -|
|Multiplexer      |        -|      -|       -|      -|    -|
|Register         |        -|      -|       -|      -|    -|
+-----------------+---------+-------+--------+-------+-----+
|Total            |        0|      0|       0|    204|    0|
+-----------------+---------+-------+--------+-------+-----+
|Available        |      432|    360|  141120|  70560|    0|
+-----------------+---------+-------+--------+-------+-----+
|Utilization (%)  |        0|      0|       0|   ~0  |    0|
+-----------------+---------+-------+--------+-------+-----+

+ Detail: 
    * Instance: 
    N/A

    * DSP48E: 
    N/A

    * Memory: 
    N/A

    * FIFO: 
    N/A

    * Expression: 
    +----------------------------+----------+-------+---+----+------------+------------+
    |        Variable Name       | Operation| DSP48E| FF| LUT| Bitwidth P0| Bitwidth P1|
    +----------------------------+----------+-------+---+----+------------+------------+
    |icmp_ln1494_1_fu_86_p2      |   icmp   |      0|  0|  29|          64|           1|
    |icmp_ln1494_2_fu_110_p2     |   icmp   |      0|  0|  29|          64|           1|
    |icmp_ln1494_3_fu_134_p2     |   icmp   |      0|  0|  29|          64|           1|
    |icmp_ln1494_fu_62_p2        |   icmp   |      0|  0|  29|          64|           1|
    |select_ln1494_34_fu_102_p3  |  select  |      0|  0|  22|           1|          22|
    |select_ln1494_35_fu_126_p3  |  select  |      0|  0|  22|           1|          22|
    |select_ln1494_36_fu_150_p3  |  select  |      0|  0|  22|           1|          22|
    |select_ln1494_fu_78_p3      |  select  |      0|  0|  22|           1|          22|
    +----------------------------+----------+-------+---+----+------------+------------+
    |Total                       |          |      0|  0| 204|         260|          92|
    +----------------------------+----------+-------+---+----+------------+------------+

    * Multiplexer: 
    N/A

    * Register: 
    N/A



================================================================
== Interface
================================================================
* Summary: 
+---------------+-----+-----+------------+---------------------------------------------------+--------------+
|   RTL Ports   | Dir | Bits|  Protocol  |                   Source Object                   |    C Type    |
+---------------+-----+-----+------------+---------------------------------------------------+--------------+
|ap_ready       | out |    1| ap_ctrl_hs | relu<ap_fixed,ap_ufixed<22,3,5,3,0>,relu_config4> | return value |
|ap_return_0    | out |   22| ap_ctrl_hs | relu<ap_fixed,ap_ufixed<22,3,5,3,0>,relu_config4> | return value |
|ap_return_1    | out |   22| ap_ctrl_hs | relu<ap_fixed,ap_ufixed<22,3,5,3,0>,relu_config4> | return value |
|ap_return_2    | out |   22| ap_ctrl_hs | relu<ap_fixed,ap_ufixed<22,3,5,3,0>,relu_config4> | return value |
|ap_return_3    | out |   22| ap_ctrl_hs | relu<ap_fixed,ap_ufixed<22,3,5,3,0>,relu_config4> | return value |
|data_0_V_read  |  in |   64|   ap_none  |                   data_0_V_read                   |    scalar    |
|data_1_V_read  |  in |   64|   ap_none  |                   data_1_V_read                   |    scalar    |
|data_2_V_read  |  in |   64|   ap_none  |                   data_2_V_read                   |    scalar    |
|data_3_V_read  |  in |   64|   ap_none  |                   data_3_V_read                   |    scalar    |
+---------------+-----+-----+------------+---------------------------------------------------+--------------+

============================================================
+ Verbose Summary: Synthesis Manager
============================================================
InlineROM: 1
ExposeGlobal: 0
============================================================
+ Verbose Summary: CDFG Model
============================================================
IsTopModel: 0
ResetActiveHigh: 1
IsCombinational: 1
IsDatapathOnly: 2
HasWiredReturn: 1
HasMFsm: 2
HasVarLatency: 0
IsPipeline: 1
IsRtlPipelined: 0
IsInstanceOverlapped: 0
IsDontTouch: 0
HasImplIP: 0
IsGatedGlobalClock: 0

+ Individual pipeline summary: 
  * Pipeline-0: initiation interval (II) = 1, depth = 1


============================================================
+ Verbose Summary: Schedule
============================================================
* Number of FSM states : 1
* Pipeline : 1
  Pipeline-0 : II = 1, D = 1, States = { 1 }
* Dataflow Pipeline: 0

* FSM state transitions: 
1 --> 

* FSM state operations: 

State 1 <SV = 0> <Delay = 1.91>
ST_1 : Operation 2 [1/1] (0.00ns)   --->   "%data_3_V_read_4 = call i64 @_ssdm_op_Read.ap_auto.i64(i64 %data_3_V_read)" [firmware/nnet_utils/nnet_activation.h:69]   --->   Operation 2 'read' 'data_3_V_read_4' <Predicate = true> <Delay = 0.00>
ST_1 : Operation 3 [1/1] (0.00ns)   --->   "%data_2_V_read_4 = call i64 @_ssdm_op_Read.ap_auto.i64(i64 %data_2_V_read)" [firmware/nnet_utils/nnet_activation.h:69]   --->   Operation 3 'read' 'data_2_V_read_4' <Predicate = true> <Delay = 0.00>
ST_1 : Operation 4 [1/1] (0.00ns)   --->   "%data_1_V_read_4 = call i64 @_ssdm_op_Read.ap_auto.i64(i64 %data_1_V_read)" [firmware/nnet_utils/nnet_activation.h:69]   --->   Operation 4 'read' 'data_1_V_read_4' <Predicate = true> <Delay = 0.00>
ST_1 : Operation 5 [1/1] (0.00ns)   --->   "%data_0_V_read_4 = call i64 @_ssdm_op_Read.ap_auto.i64(i64 %data_0_V_read)" [firmware/nnet_utils/nnet_activation.h:69]   --->   Operation 5 'read' 'data_0_V_read_4' <Predicate = true> <Delay = 0.00>
ST_1 : Operation 6 [1/1] (0.00ns)   --->   "%tmp = call i32 (...)* @_ssdm_op_SpecRegionBegin([12 x i8]* @p_str41)" [firmware/nnet_utils/nnet_activation.h:71]   --->   Operation 6 'specregionbegin' 'tmp' <Predicate = true> <Delay = 0.00>
ST_1 : Operation 7 [1/1] (0.00ns)   --->   "call void (...)* @_ssdm_op_SpecPipeline(i32 -1, i32 1, i32 1, i32 0, [1 x i8]* @p_str15) nounwind" [firmware/nnet_utils/nnet_activation.h:72]   --->   Operation 7 'specpipeline' <Predicate = true> <Delay = 0.00>
ST_1 : Operation 8 [1/1] (0.00ns)   --->   "%empty = call i32 (...)* @_ssdm_op_SpecRegionEnd([12 x i8]* @p_str41, i32 %tmp)" [firmware/nnet_utils/nnet_activation.h:73]   --->   Operation 8 'specregionend' 'empty' <Predicate = true> <Delay = 0.00>
ST_1 : Operation 9 [1/1] (1.48ns)   --->   "%icmp_ln1494 = icmp sgt i64 %data_0_V_read_4, 0" [firmware/nnet_utils/nnet_activation.h:81]   --->   Operation 9 'icmp' 'icmp_ln1494' <Predicate = true> <Delay = 1.48> <Core = "Cmp">   --->   Core 25 'Cmp' <Latency = 0> <II = 1> <Delay = 1.48> <FuncUnit> <Opcode : 'icmp'> <InPorts = 2> <OutPorts = 1>
ST_1 : Operation 10 [1/1] (0.00ns)   --->   "%trunc_ln = call i22 @_ssdm_op_PartSelect.i22.i64.i32.i32(i64 %data_0_V_read_4, i32 29, i32 50)" [firmware/nnet_utils/nnet_activation.h:81]   --->   Operation 10 'partselect' 'trunc_ln' <Predicate = (icmp_ln1494)> <Delay = 0.00>
ST_1 : Operation 11 [1/1] (0.43ns)   --->   "%select_ln1494 = select i1 %icmp_ln1494, i22 %trunc_ln, i22 0" [firmware/nnet_utils/nnet_activation.h:81]   --->   Operation 11 'select' 'select_ln1494' <Predicate = true> <Delay = 0.43> <Core = "Sel">   --->   Core 26 'Sel' <Latency = 0> <II = 1> <Delay = 0.43> <FuncUnit> <Opcode : 'select'> <InPorts = 3> <OutPorts = 1>
ST_1 : Operation 12 [1/1] (1.48ns)   --->   "%icmp_ln1494_1 = icmp sgt i64 %data_1_V_read_4, 0" [firmware/nnet_utils/nnet_activation.h:81]   --->   Operation 12 'icmp' 'icmp_ln1494_1' <Predicate = true> <Delay = 1.48> <Core = "Cmp">   --->   Core 25 'Cmp' <Latency = 0> <II = 1> <Delay = 1.48> <FuncUnit> <Opcode : 'icmp'> <InPorts = 2> <OutPorts = 1>
ST_1 : Operation 13 [1/1] (0.00ns)   --->   "%trunc_ln708_1 = call i22 @_ssdm_op_PartSelect.i22.i64.i32.i32(i64 %data_1_V_read_4, i32 29, i32 50)" [firmware/nnet_utils/nnet_activation.h:81]   --->   Operation 13 'partselect' 'trunc_ln708_1' <Predicate = (icmp_ln1494_1)> <Delay = 0.00>
ST_1 : Operation 14 [1/1] (0.43ns)   --->   "%select_ln1494_34 = select i1 %icmp_ln1494_1, i22 %trunc_ln708_1, i22 0" [firmware/nnet_utils/nnet_activation.h:81]   --->   Operation 14 'select' 'select_ln1494_34' <Predicate = true> <Delay = 0.43> <Core = "Sel">   --->   Core 26 'Sel' <Latency = 0> <II = 1> <Delay = 0.43> <FuncUnit> <Opcode : 'select'> <InPorts = 3> <OutPorts = 1>
ST_1 : Operation 15 [1/1] (1.48ns)   --->   "%icmp_ln1494_2 = icmp sgt i64 %data_2_V_read_4, 0" [firmware/nnet_utils/nnet_activation.h:81]   --->   Operation 15 'icmp' 'icmp_ln1494_2' <Predicate = true> <Delay = 1.48> <Core = "Cmp">   --->   Core 25 'Cmp' <Latency = 0> <II = 1> <Delay = 1.48> <FuncUnit> <Opcode : 'icmp'> <InPorts = 2> <OutPorts = 1>
ST_1 : Operation 16 [1/1] (0.00ns)   --->   "%trunc_ln708_2 = call i22 @_ssdm_op_PartSelect.i22.i64.i32.i32(i64 %data_2_V_read_4, i32 29, i32 50)" [firmware/nnet_utils/nnet_activation.h:81]   --->   Operation 16 'partselect' 'trunc_ln708_2' <Predicate = (icmp_ln1494_2)> <Delay = 0.00>
ST_1 : Operation 17 [1/1] (0.43ns)   --->   "%select_ln1494_35 = select i1 %icmp_ln1494_2, i22 %trunc_ln708_2, i22 0" [firmware/nnet_utils/nnet_activation.h:81]   --->   Operation 17 'select' 'select_ln1494_35' <Predicate = true> <Delay = 0.43> <Core = "Sel">   --->   Core 26 'Sel' <Latency = 0> <II = 1> <Delay = 0.43> <FuncUnit> <Opcode : 'select'> <InPorts = 3> <OutPorts = 1>
ST_1 : Operation 18 [1/1] (1.48ns)   --->   "%icmp_ln1494_3 = icmp sgt i64 %data_3_V_read_4, 0" [firmware/nnet_utils/nnet_activation.h:81]   --->   Operation 18 'icmp' 'icmp_ln1494_3' <Predicate = true> <Delay = 1.48> <Core = "Cmp">   --->   Core 25 'Cmp' <Latency = 0> <II = 1> <Delay = 1.48> <FuncUnit> <Opcode : 'icmp'> <InPorts = 2> <OutPorts = 1>
ST_1 : Operation 19 [1/1] (0.00ns)   --->   "%trunc_ln708_3 = call i22 @_ssdm_op_PartSelect.i22.i64.i32.i32(i64 %data_3_V_read_4, i32 29, i32 50)" [firmware/nnet_utils/nnet_activation.h:81]   --->   Operation 19 'partselect' 'trunc_ln708_3' <Predicate = (icmp_ln1494_3)> <Delay = 0.00>
ST_1 : Operation 20 [1/1] (0.43ns)   --->   "%select_ln1494_36 = select i1 %icmp_ln1494_3, i22 %trunc_ln708_3, i22 0" [firmware/nnet_utils/nnet_activation.h:81]   --->   Operation 20 'select' 'select_ln1494_36' <Predicate = true> <Delay = 0.43> <Core = "Sel">   --->   Core 26 'Sel' <Latency = 0> <II = 1> <Delay = 0.43> <FuncUnit> <Opcode : 'select'> <InPorts = 3> <OutPorts = 1>
ST_1 : Operation 21 [1/1] (0.00ns)   --->   "%mrv = insertvalue { i22, i22, i22, i22 } undef, i22 %select_ln1494, 0" [firmware/nnet_utils/nnet_activation.h:84]   --->   Operation 21 'insertvalue' 'mrv' <Predicate = true> <Delay = 0.00>
ST_1 : Operation 22 [1/1] (0.00ns)   --->   "%mrv_1 = insertvalue { i22, i22, i22, i22 } %mrv, i22 %select_ln1494_34, 1" [firmware/nnet_utils/nnet_activation.h:84]   --->   Operation 22 'insertvalue' 'mrv_1' <Predicate = true> <Delay = 0.00>
ST_1 : Operation 23 [1/1] (0.00ns)   --->   "%mrv_2 = insertvalue { i22, i22, i22, i22 } %mrv_1, i22 %select_ln1494_35, 2" [firmware/nnet_utils/nnet_activation.h:84]   --->   Operation 23 'insertvalue' 'mrv_2' <Predicate = true> <Delay = 0.00>
ST_1 : Operation 24 [1/1] (0.00ns)   --->   "%mrv_3 = insertvalue { i22, i22, i22, i22 } %mrv_2, i22 %select_ln1494_36, 3" [firmware/nnet_utils/nnet_activation.h:84]   --->   Operation 24 'insertvalue' 'mrv_3' <Predicate = true> <Delay = 0.00>
ST_1 : Operation 25 [1/1] (0.00ns)   --->   "ret { i22, i22, i22, i22 } %mrv_3" [firmware/nnet_utils/nnet_activation.h:84]   --->   Operation 25 'ret' <Predicate = true> <Delay = 0.00>


============================================================
+ Verbose Summary: Binding
============================================================
STG Binding: 
---------------- STG Properties BEGIN ----------------
- Is combinational: 1
- Is one-state seq: 0
- Is datapath-only: 0
- Is pipelined: 1
- Is top level: 0
Port [ Return ] is wired: 1; IO mode=ap_ctrl_hs:ce=0
Port [ data_0_V_read]:  wired=1; compound=0; hidden=0; nouse=0; global=0; static=0; extern=0; dir=0; type=0; pingpong=0; private_global=0; IO mode=ap_none:ce=0
Port [ data_1_V_read]:  wired=1; compound=0; hidden=0; nouse=0; global=0; static=0; extern=0; dir=0; type=0; pingpong=0; private_global=0; IO mode=ap_none:ce=0
Port [ data_2_V_read]:  wired=1; compound=0; hidden=0; nouse=0; global=0; static=0; extern=0; dir=0; type=0; pingpong=0; private_global=0; IO mode=ap_none:ce=0
Port [ data_3_V_read]:  wired=1; compound=0; hidden=0; nouse=0; global=0; static=0; extern=0; dir=0; type=0; pingpong=0; private_global=0; IO mode=ap_none:ce=0
---------------- STG Properties END ------------------

---------------- Datapath Model BEGIN ----------------

<LifeTime>
<method=bitvector/>
data_3_V_read_4   (read           ) [ 00]
data_2_V_read_4   (read           ) [ 00]
data_1_V_read_4   (read           ) [ 00]
data_0_V_read_4   (read           ) [ 00]
tmp               (specregionbegin) [ 00]
specpipeline_ln72 (specpipeline   ) [ 00]
empty             (specregionend  ) [ 00]
icmp_ln1494       (icmp           ) [ 01]
trunc_ln          (partselect     ) [ 00]
select_ln1494     (select         ) [ 00]
icmp_ln1494_1     (icmp           ) [ 01]
trunc_ln708_1     (partselect     ) [ 00]
select_ln1494_34  (select         ) [ 00]
icmp_ln1494_2     (icmp           ) [ 01]
trunc_ln708_2     (partselect     ) [ 00]
select_ln1494_35  (select         ) [ 00]
icmp_ln1494_3     (icmp           ) [ 01]
trunc_ln708_3     (partselect     ) [ 00]
select_ln1494_36  (select         ) [ 00]
mrv               (insertvalue    ) [ 00]
mrv_1             (insertvalue    ) [ 00]
mrv_2             (insertvalue    ) [ 00]
mrv_3             (insertvalue    ) [ 00]
ret_ln84          (ret            ) [ 00]
</LifeTime>

<model>

<comp_list>
<comp id="0" class="1000" name="data_0_V_read">
<pin_list>
<pin id="1" dir="1" index="0" bw="1" slack="0"/>
</pin_list>
<bind>
<StgValue><ssdm name="data_0_V_read"/></StgValue>
</bind>
</comp>

<comp id="2" class="1000" name="data_1_V_read">
<pin_list>
<pin id="3" dir="1" index="0" bw="1" slack="0"/>
</pin_list>
<bind>
<StgValue><ssdm name="data_1_V_read"/></StgValue>
</bind>
</comp>

<comp id="4" class="1000" name="data_2_V_read">
<pin_list>
<pin id="5" dir="1" index="0" bw="1" slack="0"/>
</pin_list>
<bind>
<StgValue><ssdm name="data_2_V_read"/></StgValue>
</bind>
</comp>

<comp id="6" class="1000" name="data_3_V_read">
<pin_list>
<pin id="7" dir="1" index="0" bw="1" slack="0"/>
</pin_list>
<bind>
<StgValue><ssdm name="data_3_V_read"/></StgValue>
</bind>
</comp>

<comp id="8" class="1001" name="const_8">
<pin_list>
<pin id="9" dir="1" index="0" bw="1" slack="0"/>
</pin_list>
<bind>
<StgValue><ssdm name="_ssdm_op_Read.ap_auto.i64"/></StgValue>
</bind>
</comp>

<comp id="10" class="1001" name="const_10">
<pin_list>
<pin id="11" dir="1" index="0" bw="1" slack="2147483647"/>
</pin_list>
<bind>
<StgValue><ssdm name="_ssdm_op_SpecRegionBegin"/></StgValue>
</bind>
</comp>

<comp id="12" class="1001" name="const_12">
<pin_list>
<pin id="13" dir="1" index="0" bw="1" slack="2147483647"/>
</pin_list>
<bind>
<StgValue><ssdm name="p_str41"/></StgValue>
</bind>
</comp>

<comp id="14" class="1001" name="const_14">
<pin_list>
<pin id="15" dir="1" index="0" bw="1" slack="2147483647"/>
</pin_list>
<bind>
<StgValue><ssdm name="_ssdm_op_SpecPipeline"/></StgValue>
</bind>
</comp>

<comp id="16" class="1001" name="const_16">
<pin_list>
<pin id="17" dir="1" index="0" bw="1" slack="2147483647"/>
</pin_list>
<bind>
<StgValue><ssdm name=""/></StgValue>
</bind>
</comp>

<comp id="18" class="1001" name="const_18">
<pin_list>
<pin id="19" dir="1" index="0" bw="1" slack="2147483647"/>
</pin_list>
<bind>
<StgValue><ssdm name=""/></StgValue>
</bind>
</comp>

<comp id="20" class="1001" name="const_20">
<pin_list>
<pin id="21" dir="1" index="0" bw="1" slack="2147483647"/>
</pin_list>
<bind>
<StgValue><ssdm name=""/></StgValue>
</bind>
</comp>

<comp id="22" class="1001" name="const_22">
<pin_list>
<pin id="23" dir="1" index="0" bw="1" slack="2147483647"/>
</pin_list>
<bind>
<StgValue><ssdm name="p_str15"/></StgValue>
</bind>
</comp>

<comp id="24" class="1001" name="const_24">
<pin_list>
<pin id="25" dir="1" index="0" bw="1" slack="2147483647"/>
</pin_list>
<bind>
<StgValue><ssdm name="_ssdm_op_SpecRegionEnd"/></StgValue>
</bind>
</comp>

<comp id="26" class="1001" name="const_26">
<pin_list>
<pin id="27" dir="1" index="0" bw="1" slack="0"/>
</pin_list>
<bind>
<StgValue><ssdm name=""/></StgValue>
</bind>
</comp>

<comp id="28" class="1001" name="const_28">
<pin_list>
<pin id="29" dir="1" index="0" bw="1" slack="0"/>
</pin_list>
<bind>
<StgValue><ssdm name="_ssdm_op_PartSelect.i22.i64.i32.i32"/></StgValue>
</bind>
</comp>

<comp id="30" class="1001" name="const_30">
<pin_list>
<pin id="31" dir="1" index="0" bw="1" slack="0"/>
</pin_list>
<bind>
<StgValue><ssdm name=""/></StgValue>
</bind>
</comp>

<comp id="32" class="1001" name="const_32">
<pin_list>
<pin id="33" dir="1" index="0" bw="1" slack="0"/>
</pin_list>
<bind>
<StgValue><ssdm name=""/></StgValue>
</bind>
</comp>

<comp id="34" class="1001" name="const_34">
<pin_list>
<pin id="35" dir="1" index="0" bw="1" slack="0"/>
</pin_list>
<bind>
<StgValue><ssdm name=""/></StgValue>
</bind>
</comp>

<comp id="36" class="1001" name="const_36">
<pin_list>
<pin id="37" dir="1" index="0" bw="1" slack="0"/>
</pin_list>
<bind>
<StgValue><ssdm name=""/></StgValue>
</bind>
</comp>

<comp id="38" class="1004" name="data_3_V_read_4_read_fu_38">
<pin_list>
<pin id="39" dir="0" index="0" bw="64" slack="0"/>
<pin id="40" dir="0" index="1" bw="64" slack="0"/>
<pin id="41" dir="1" index="2" bw="64" slack="0"/>
</pin_list>
<bind>
<opcode="read(1150) " fcode="read"/>
<opset="data_3_V_read_4/1 "/>
</bind>
</comp>

<comp id="44" class="1004" name="data_2_V_read_4_read_fu_44">
<pin_list>
<pin id="45" dir="0" index="0" bw="64" slack="0"/>
<pin id="46" dir="0" index="1" bw="64" slack="0"/>
<pin id="47" dir="1" index="2" bw="64" slack="0"/>
</pin_list>
<bind>
<opcode="read(1150) " fcode="read"/>
<opset="data_2_V_read_4/1 "/>
</bind>
</comp>

<comp id="50" class="1004" name="data_1_V_read_4_read_fu_50">
<pin_list>
<pin id="51" dir="0" index="0" bw="64" slack="0"/>
<pin id="52" dir="0" index="1" bw="64" slack="0"/>
<pin id="53" dir="1" index="2" bw="64" slack="0"/>
</pin_list>
<bind>
<opcode="read(1150) " fcode="read"/>
<opset="data_1_V_read_4/1 "/>
</bind>
</comp>

<comp id="56" class="1004" name="data_0_V_read_4_read_fu_56">
<pin_list>
<pin id="57" dir="0" index="0" bw="64" slack="0"/>
<pin id="58" dir="0" index="1" bw="64" slack="0"/>
<pin id="59" dir="1" index="2" bw="64" slack="0"/>
</pin_list>
<bind>
<opcode="read(1150) " fcode="read"/>
<opset="data_0_V_read_4/1 "/>
</bind>
</comp>

<comp id="62" class="1004" name="icmp_ln1494_fu_62">
<pin_list>
<pin id="63" dir="0" index="0" bw="64" slack="0"/>
<pin id="64" dir="0" index="1" bw="64" slack="0"/>
<pin id="65" dir="1" index="2" bw="1" slack="0"/>
</pin_list>
<bind>
<opcode="icmp(45) " fcode="icmp"/>
<opset="icmp_ln1494/1 "/>
</bind>
</comp>

<comp id="68" class="1004" name="trunc_ln_fu_68">
<pin_list>
<pin id="69" dir="0" index="0" bw="22" slack="0"/>
<pin id="70" dir="0" index="1" bw="64" slack="0"/>
<pin id="71" dir="0" index="2" bw="6" slack="0"/>
<pin id="72" dir="0" index="3" bw="7" slack="0"/>
<pin id="73" dir="1" index="4" bw="22" slack="0"/>
</pin_list>
<bind>
<opcode="partselect(1002) " fcode="partselect"/>
<opset="trunc_ln/1 "/>
</bind>
</comp>

<comp id="78" class="1004" name="select_ln1494_fu_78">
<pin_list>
<pin id="79" dir="0" index="0" bw="1" slack="0"/>
<pin id="80" dir="0" index="1" bw="22" slack="0"/>
<pin id="81" dir="0" index="2" bw="22" slack="0"/>
<pin id="82" dir="1" index="3" bw="22" slack="0"/>
</pin_list>
<bind>
<opcode="select(49) " fcode="select"/>
<opset="select_ln1494/1 "/>
</bind>
</comp>

<comp id="86" class="1004" name="icmp_ln1494_1_fu_86">
<pin_list>
<pin id="87" dir="0" index="0" bw="64" slack="0"/>
<pin id="88" dir="0" index="1" bw="64" slack="0"/>
<pin id="89" dir="1" index="2" bw="1" slack="0"/>
</pin_list>
<bind>
<opcode="icmp(45) " fcode="icmp"/>
<opset="icmp_ln1494_1/1 "/>
</bind>
</comp>

<comp id="92" class="1004" name="trunc_ln708_1_fu_92">
<pin_list>
<pin id="93" dir="0" index="0" bw="22" slack="0"/>
<pin id="94" dir="0" index="1" bw="64" slack="0"/>
<pin id="95" dir="0" index="2" bw="6" slack="0"/>
<pin id="96" dir="0" index="3" bw="7" slack="0"/>
<pin id="97" dir="1" index="4" bw="22" slack="0"/>
</pin_list>
<bind>
<opcode="partselect(1002) " fcode="partselect"/>
<opset="trunc_ln708_1/1 "/>
</bind>
</comp>

<comp id="102" class="1004" name="select_ln1494_34_fu_102">
<pin_list>
<pin id="103" dir="0" index="0" bw="1" slack="0"/>
<pin id="104" dir="0" index="1" bw="22" slack="0"/>
<pin id="105" dir="0" index="2" bw="22" slack="0"/>
<pin id="106" dir="1" index="3" bw="22" slack="0"/>
</pin_list>
<bind>
<opcode="select(49) " fcode="select"/>
<opset="select_ln1494_34/1 "/>
</bind>
</comp>

<comp id="110" class="1004" name="icmp_ln1494_2_fu_110">
<pin_list>
<pin id="111" dir="0" index="0" bw="64" slack="0"/>
<pin id="112" dir="0" index="1" bw="64" slack="0"/>
<pin id="113" dir="1" index="2" bw="1" slack="0"/>
</pin_list>
<bind>
<opcode="icmp(45) " fcode="icmp"/>
<opset="icmp_ln1494_2/1 "/>
</bind>
</comp>

<comp id="116" class="1004" name="trunc_ln708_2_fu_116">
<pin_list>
<pin id="117" dir="0" index="0" bw="22" slack="0"/>
<pin id="118" dir="0" index="1" bw="64" slack="0"/>
<pin id="119" dir="0" index="2" bw="6" slack="0"/>
<pin id="120" dir="0" index="3" bw="7" slack="0"/>
<pin id="121" dir="1" index="4" bw="22" slack="0"/>
</pin_list>
<bind>
<opcode="partselect(1002) " fcode="partselect"/>
<opset="trunc_ln708_2/1 "/>
</bind>
</comp>

<comp id="126" class="1004" name="select_ln1494_35_fu_126">
<pin_list>
<pin id="127" dir="0" index="0" bw="1" slack="0"/>
<pin id="128" dir="0" index="1" bw="22" slack="0"/>
<pin id="129" dir="0" index="2" bw="22" slack="0"/>
<pin id="130" dir="1" index="3" bw="22" slack="0"/>
</pin_list>
<bind>
<opcode="select(49) " fcode="select"/>
<opset="select_ln1494_35/1 "/>
</bind>
</comp>

<comp id="134" class="1004" name="icmp_ln1494_3_fu_134">
<pin_list>
<pin id="135" dir="0" index="0" bw="64" slack="0"/>
<pin id="136" dir="0" index="1" bw="64" slack="0"/>
<pin id="137" dir="1" index="2" bw="1" slack="0"/>
</pin_list>
<bind>
<opcode="icmp(45) " fcode="icmp"/>
<opset="icmp_ln1494_3/1 "/>
</bind>
</comp>

<comp id="140" class="1004" name="trunc_ln708_3_fu_140">
<pin_list>
<pin id="141" dir="0" index="0" bw="22" slack="0"/>
<pin id="142" dir="0" index="1" bw="64" slack="0"/>
<pin id="143" dir="0" index="2" bw="6" slack="0"/>
<pin id="144" dir="0" index="3" bw="7" slack="0"/>
<pin id="145" dir="1" index="4" bw="22" slack="0"/>
</pin_list>
<bind>
<opcode="partselect(1002) " fcode="partselect"/>
<opset="trunc_ln708_3/1 "/>
</bind>
</comp>

<comp id="150" class="1004" name="select_ln1494_36_fu_150">
<pin_list>
<pin id="151" dir="0" index="0" bw="1" slack="0"/>
<pin id="152" dir="0" index="1" bw="22" slack="0"/>
<pin id="153" dir="0" index="2" bw="22" slack="0"/>
<pin id="154" dir="1" index="3" bw="22" slack="0"/>
</pin_list>
<bind>
<opcode="select(49) " fcode="select"/>
<opset="select_ln1494_36/1 "/>
</bind>
</comp>

<comp id="158" class="1004" name="mrv_fu_158">
<pin_list>
<pin id="159" dir="0" index="0" bw="88" slack="0"/>
<pin id="160" dir="0" index="1" bw="22" slack="0"/>
<pin id="161" dir="1" index="2" bw="88" slack="0"/>
</pin_list>
<bind>
<opcode="insertvalue(57) " fcode="insertvalue"/>
<opset="mrv/1 "/>
</bind>
</comp>

<comp id="164" class="1004" name="mrv_1_fu_164">
<pin_list>
<pin id="165" dir="0" index="0" bw="88" slack="0"/>
<pin id="166" dir="0" index="1" bw="22" slack="0"/>
<pin id="167" dir="1" index="2" bw="88" slack="0"/>
</pin_list>
<bind>
<opcode="insertvalue(57) " fcode="insertvalue"/>
<opset="mrv_1/1 "/>
</bind>
</comp>

<comp id="170" class="1004" name="mrv_2_fu_170">
<pin_list>
<pin id="171" dir="0" index="0" bw="88" slack="0"/>
<pin id="172" dir="0" index="1" bw="22" slack="0"/>
<pin id="173" dir="1" index="2" bw="88" slack="0"/>
</pin_list>
<bind>
<opcode="insertvalue(57) " fcode="insertvalue"/>
<opset="mrv_2/1 "/>
</bind>
</comp>

<comp id="176" class="1004" name="mrv_3_fu_176">
<pin_list>
<pin id="177" dir="0" index="0" bw="88" slack="0"/>
<pin id="178" dir="0" index="1" bw="22" slack="0"/>
<pin id="179" dir="1" index="2" bw="88" slack="2147483647"/>
</pin_list>
<bind>
<opcode="insertvalue(57) " fcode="insertvalue"/>
<opset="mrv_3/1 "/>
</bind>
</comp>

</comp_list>

<net_list>
<net id="42"><net_src comp="8" pin="0"/><net_sink comp="38" pin=0"/></net>

<net id="43"><net_src comp="6" pin="0"/><net_sink comp="38" pin=1"/></net>

<net id="48"><net_src comp="8" pin="0"/><net_sink comp="44" pin=0"/></net>

<net id="49"><net_src comp="4" pin="0"/><net_sink comp="44" pin=1"/></net>

<net id="54"><net_src comp="8" pin="0"/><net_sink comp="50" pin=0"/></net>

<net id="55"><net_src comp="2" pin="0"/><net_sink comp="50" pin=1"/></net>

<net id="60"><net_src comp="8" pin="0"/><net_sink comp="56" pin=0"/></net>

<net id="61"><net_src comp="0" pin="0"/><net_sink comp="56" pin=1"/></net>

<net id="66"><net_src comp="56" pin="2"/><net_sink comp="62" pin=0"/></net>

<net id="67"><net_src comp="26" pin="0"/><net_sink comp="62" pin=1"/></net>

<net id="74"><net_src comp="28" pin="0"/><net_sink comp="68" pin=0"/></net>

<net id="75"><net_src comp="56" pin="2"/><net_sink comp="68" pin=1"/></net>

<net id="76"><net_src comp="30" pin="0"/><net_sink comp="68" pin=2"/></net>

<net id="77"><net_src comp="32" pin="0"/><net_sink comp="68" pin=3"/></net>

<net id="83"><net_src comp="62" pin="2"/><net_sink comp="78" pin=0"/></net>

<net id="84"><net_src comp="68" pin="4"/><net_sink comp="78" pin=1"/></net>

<net id="85"><net_src comp="34" pin="0"/><net_sink comp="78" pin=2"/></net>

<net id="90"><net_src comp="50" pin="2"/><net_sink comp="86" pin=0"/></net>

<net id="91"><net_src comp="26" pin="0"/><net_sink comp="86" pin=1"/></net>

<net id="98"><net_src comp="28" pin="0"/><net_sink comp="92" pin=0"/></net>

<net id="99"><net_src comp="50" pin="2"/><net_sink comp="92" pin=1"/></net>

<net id="100"><net_src comp="30" pin="0"/><net_sink comp="92" pin=2"/></net>

<net id="101"><net_src comp="32" pin="0"/><net_sink comp="92" pin=3"/></net>

<net id="107"><net_src comp="86" pin="2"/><net_sink comp="102" pin=0"/></net>

<net id="108"><net_src comp="92" pin="4"/><net_sink comp="102" pin=1"/></net>

<net id="109"><net_src comp="34" pin="0"/><net_sink comp="102" pin=2"/></net>

<net id="114"><net_src comp="44" pin="2"/><net_sink comp="110" pin=0"/></net>

<net id="115"><net_src comp="26" pin="0"/><net_sink comp="110" pin=1"/></net>

<net id="122"><net_src comp="28" pin="0"/><net_sink comp="116" pin=0"/></net>

<net id="123"><net_src comp="44" pin="2"/><net_sink comp="116" pin=1"/></net>

<net id="124"><net_src comp="30" pin="0"/><net_sink comp="116" pin=2"/></net>

<net id="125"><net_src comp="32" pin="0"/><net_sink comp="116" pin=3"/></net>

<net id="131"><net_src comp="110" pin="2"/><net_sink comp="126" pin=0"/></net>

<net id="132"><net_src comp="116" pin="4"/><net_sink comp="126" pin=1"/></net>

<net id="133"><net_src comp="34" pin="0"/><net_sink comp="126" pin=2"/></net>

<net id="138"><net_src comp="38" pin="2"/><net_sink comp="134" pin=0"/></net>

<net id="139"><net_src comp="26" pin="0"/><net_sink comp="134" pin=1"/></net>

<net id="146"><net_src comp="28" pin="0"/><net_sink comp="140" pin=0"/></net>

<net id="147"><net_src comp="38" pin="2"/><net_sink comp="140" pin=1"/></net>

<net id="148"><net_src comp="30" pin="0"/><net_sink comp="140" pin=2"/></net>

<net id="149"><net_src comp="32" pin="0"/><net_sink comp="140" pin=3"/></net>

<net id="155"><net_src comp="134" pin="2"/><net_sink comp="150" pin=0"/></net>

<net id="156"><net_src comp="140" pin="4"/><net_sink comp="150" pin=1"/></net>

<net id="157"><net_src comp="34" pin="0"/><net_sink comp="150" pin=2"/></net>

<net id="162"><net_src comp="36" pin="0"/><net_sink comp="158" pin=0"/></net>

<net id="163"><net_src comp="78" pin="3"/><net_sink comp="158" pin=1"/></net>

<net id="168"><net_src comp="158" pin="2"/><net_sink comp="164" pin=0"/></net>

<net id="169"><net_src comp="102" pin="3"/><net_sink comp="164" pin=1"/></net>

<net id="174"><net_src comp="164" pin="2"/><net_sink comp="170" pin=0"/></net>

<net id="175"><net_src comp="126" pin="3"/><net_sink comp="170" pin=1"/></net>

<net id="180"><net_src comp="170" pin="2"/><net_sink comp="176" pin=0"/></net>

<net id="181"><net_src comp="150" pin="3"/><net_sink comp="176" pin=1"/></net>

</net_list>

</model> 
---------------- Datapath Model END ------------------

* FSMD analyzer results:
  - Output states:
 - Input state : 
	Port: relu<ap_fixed,ap_ufixed<22,3,5,3,0>,relu_config4> : data_0_V_read | {1 }
	Port: relu<ap_fixed,ap_ufixed<22,3,5,3,0>,relu_config4> : data_1_V_read | {1 }
	Port: relu<ap_fixed,ap_ufixed<22,3,5,3,0>,relu_config4> : data_2_V_read | {1 }
	Port: relu<ap_fixed,ap_ufixed<22,3,5,3,0>,relu_config4> : data_3_V_read | {1 }
  - Chain level:
	State 1
		empty : 1
		select_ln1494 : 1
		select_ln1494_34 : 1
		select_ln1494_35 : 1
		select_ln1494_36 : 1
		mrv : 2
		mrv_1 : 3
		mrv_2 : 4
		mrv_3 : 5
		ret_ln84 : 6


============================================================
+ Verbose Summary: Datapath Resource usage 
============================================================

* Functional unit list:
|----------|----------------------------|---------|---------|
| Operation|       Functional Unit      |    FF   |   LUT   |
|----------|----------------------------|---------|---------|
|          |      icmp_ln1494_fu_62     |    0    |    29   |
|   icmp   |     icmp_ln1494_1_fu_86    |    0    |    29   |
|          |    icmp_ln1494_2_fu_110    |    0    |    29   |
|          |    icmp_ln1494_3_fu_134    |    0    |    29   |
|----------|----------------------------|---------|---------|
|          |     select_ln1494_fu_78    |    0    |    22   |
|  select  |   select_ln1494_34_fu_102  |    0    |    22   |
|          |   select_ln1494_35_fu_126  |    0    |    22   |
|          |   select_ln1494_36_fu_150  |    0    |    22   |
|----------|----------------------------|---------|---------|
|          | data_3_V_read_4_read_fu_38 |    0    |    0    |
|   read   | data_2_V_read_4_read_fu_44 |    0    |    0    |
|          | data_1_V_read_4_read_fu_50 |    0    |    0    |
|          | data_0_V_read_4_read_fu_56 |    0    |    0    |
|----------|----------------------------|---------|---------|
|          |       trunc_ln_fu_68       |    0    |    0    |
|partselect|     trunc_ln708_1_fu_92    |    0    |    0    |
|          |    trunc_ln708_2_fu_116    |    0    |    0    |
|          |    trunc_ln708_3_fu_140    |    0    |    0    |
|----------|----------------------------|---------|---------|
|          |         mrv_fu_158         |    0    |    0    |
|insertvalue|        mrv_1_fu_164        |    0    |    0    |
|          |        mrv_2_fu_170        |    0    |    0    |
|          |        mrv_3_fu_176        |    0    |    0    |
|----------|----------------------------|---------|---------|
|   Total  |                            |    0    |   204   |
|----------|----------------------------|---------|---------|

Memories:
N/A

* Register list:
N/A

* Multiplexer (MUX) list: 
|--------|------|------|------|--------|
|  Comp  |  Pin | Size |  BW  | S x BW |
|--------|------|------|------|--------|
|  Total |      |      |      |    0   |
|--------|------|------|------|--------|



* Summary:
+-----------+--------+--------+
|           |   FF   |   LUT  |
+-----------+--------+--------+
|  Function |    0   |   204  |
|   Memory  |    -   |    -   |
|Multiplexer|    -   |    -   |
|  Register |    -   |    -   |
+-----------+--------+--------+
|   Total   |    0   |   204  |
+-----------+--------+--------+
