

================================================================
== Vivado HLS Report for 'relu_ap_fixed_ap_ufixed_16_3_5_3_0_relu_config19_s'
================================================================
* Date:           Sat Aug  6 20:43:15 2022

* Version:        2019.1 (Build 2552052 on Fri May 24 15:28:33 MDT 2019)
* Project:        myproject_prj
* Solution:       solution1
* Product family: zynquplus
* Target device:  xczu3eg-sbva484-1-e


================================================================
== Performance Estimates
================================================================
+ Timing (ns): 
    * Summary: 
    +--------+-------+----------+------------+
    |  Clock | Target| Estimated| Uncertainty|
    +--------+-------+----------+------------+
    |ap_clk  |   5.00|     1.414|        0.62|
    +--------+-------+----------+------------+

+ Latency (clock cycles): 
    * Summary: 
    +-----+-----+-----+-----+----------+
    |  Latency  |  Interval | Pipeline |
    | min | max | min | max |   Type   |
    +-----+-----+-----+-----+----------+
    |    0|    0|    1|    1| function |
    +-----+-----+-----+-----+----------+

    + Detail: 
        * Instance: 
        N/A

        * Loop: 
        N/A



================================================================
== Utilization Estimates
================================================================
* Summary: 
+-----------------+---------+-------+--------+-------+-----+
|       Name      | BRAM_18K| DSP48E|   FF   |  LUT  | URAM|
+-----------------+---------+-------+--------+-------+-----+
|DSP              |        -|      -|       -|      -|    -|
|Expression       |        -|      -|       0|    324|    -|
|FIFO             |        -|      -|       -|      -|    -|
|Instance         |        -|      -|       -|      -|    -|
|Memory           |        -|      -|       -|      -|    -|
|Multiplexer      |        -|      -|       -|      -|    -|
|Register         |        -|      -|       -|      -|    -|
+-----------------+---------+-------+--------+-------+-----+
|Total            |        0|      0|       0|    324|    0|
+-----------------+---------+-------+--------+-------+-----+
|Available        |      432|    360|  141120|  70560|    0|
+-----------------+---------+-------+--------+-------+-----+
|Utilization (%)  |        0|      0|       0|   ~0  |    0|
+-----------------+---------+-------+--------+-------+-----+

+ Detail: 
    * Instance: 
    N/A

    * DSP48E: 
    N/A

    * Memory: 
    N/A

    * FIFO: 
    N/A

    * Expression: 
    +----------------------------+----------+-------+---+----+------------+------------+
    |        Variable Name       | Operation| DSP48E| FF| LUT| Bitwidth P0| Bitwidth P1|
    +----------------------------+----------+-------+---+----+------------+------------+
    |icmp_ln1494_10_fu_398_p2    |   icmp   |      0|  0|  13|          16|           1|
    |icmp_ln1494_11_fu_426_p2    |   icmp   |      0|  0|  13|          16|           1|
    |icmp_ln1494_1_fu_146_p2     |   icmp   |      0|  0|  13|          16|           1|
    |icmp_ln1494_2_fu_174_p2     |   icmp   |      0|  0|  13|          16|           1|
    |icmp_ln1494_3_fu_202_p2     |   icmp   |      0|  0|  13|          16|           1|
    |icmp_ln1494_4_fu_230_p2     |   icmp   |      0|  0|  13|          16|           1|
    |icmp_ln1494_5_fu_258_p2     |   icmp   |      0|  0|  13|          16|           1|
    |icmp_ln1494_6_fu_286_p2     |   icmp   |      0|  0|  13|          16|           1|
    |icmp_ln1494_7_fu_314_p2     |   icmp   |      0|  0|  13|          16|           1|
    |icmp_ln1494_8_fu_342_p2     |   icmp   |      0|  0|  13|          16|           1|
    |icmp_ln1494_9_fu_370_p2     |   icmp   |      0|  0|  13|          16|           1|
    |icmp_ln1494_fu_118_p2       |   icmp   |      0|  0|  13|          16|           1|
    |select_ln1494_11_fu_162_p3  |  select  |      0|  0|  14|           1|          14|
    |select_ln1494_12_fu_190_p3  |  select  |      0|  0|  14|           1|          14|
    |select_ln1494_13_fu_218_p3  |  select  |      0|  0|  14|           1|          14|
    |select_ln1494_14_fu_246_p3  |  select  |      0|  0|  14|           1|          14|
    |select_ln1494_15_fu_274_p3  |  select  |      0|  0|  14|           1|          14|
    |select_ln1494_16_fu_302_p3  |  select  |      0|  0|  14|           1|          14|
    |select_ln1494_17_fu_330_p3  |  select  |      0|  0|  14|           1|          14|
    |select_ln1494_18_fu_358_p3  |  select  |      0|  0|  14|           1|          14|
    |select_ln1494_19_fu_386_p3  |  select  |      0|  0|  14|           1|          14|
    |select_ln1494_20_fu_414_p3  |  select  |      0|  0|  14|           1|          14|
    |select_ln1494_21_fu_442_p3  |  select  |      0|  0|  14|           1|          14|
    |select_ln1494_fu_134_p3     |  select  |      0|  0|  14|           1|          14|
    +----------------------------+----------+-------+---+----+------------+------------+
    |Total                       |          |      0|  0| 324|         204|         180|
    +----------------------------+----------+-------+---+----+------------+------------+

    * Multiplexer: 
    N/A

    * Register: 
    N/A



================================================================
== Interface
================================================================
* Summary: 
+----------------+-----+-----+------------+----------------------------------------------------+--------------+
|    RTL Ports   | Dir | Bits|  Protocol  |                    Source Object                   |    C Type    |
+----------------+-----+-----+------------+----------------------------------------------------+--------------+
|ap_ready        | out |    1| ap_ctrl_hs | relu<ap_fixed,ap_ufixed<16,3,5,3,0>,relu_config19> | return value |
|ap_return_0     | out |   16| ap_ctrl_hs | relu<ap_fixed,ap_ufixed<16,3,5,3,0>,relu_config19> | return value |
|ap_return_1     | out |   16| ap_ctrl_hs | relu<ap_fixed,ap_ufixed<16,3,5,3,0>,relu_config19> | return value |
|ap_return_2     | out |   16| ap_ctrl_hs | relu<ap_fixed,ap_ufixed<16,3,5,3,0>,relu_config19> | return value |
|ap_return_3     | out |   16| ap_ctrl_hs | relu<ap_fixed,ap_ufixed<16,3,5,3,0>,relu_config19> | return value |
|ap_return_4     | out |   16| ap_ctrl_hs | relu<ap_fixed,ap_ufixed<16,3,5,3,0>,relu_config19> | return value |
|ap_return_5     | out |   16| ap_ctrl_hs | relu<ap_fixed,ap_ufixed<16,3,5,3,0>,relu_config19> | return value |
|ap_return_6     | out |   16| ap_ctrl_hs | relu<ap_fixed,ap_ufixed<16,3,5,3,0>,relu_config19> | return value |
|ap_return_7     | out |   16| ap_ctrl_hs | relu<ap_fixed,ap_ufixed<16,3,5,3,0>,relu_config19> | return value |
|ap_return_8     | out |   16| ap_ctrl_hs | relu<ap_fixed,ap_ufixed<16,3,5,3,0>,relu_config19> | return value |
|ap_return_9     | out |   16| ap_ctrl_hs | relu<ap_fixed,ap_ufixed<16,3,5,3,0>,relu_config19> | return value |
|ap_return_10    | out |   16| ap_ctrl_hs | relu<ap_fixed,ap_ufixed<16,3,5,3,0>,relu_config19> | return value |
|ap_return_11    | out |   16| ap_ctrl_hs | relu<ap_fixed,ap_ufixed<16,3,5,3,0>,relu_config19> | return value |
|data_0_V_read   |  in |   16|   ap_none  |                    data_0_V_read                   |    scalar    |
|data_1_V_read   |  in |   16|   ap_none  |                    data_1_V_read                   |    scalar    |
|data_2_V_read   |  in |   16|   ap_none  |                    data_2_V_read                   |    scalar    |
|data_3_V_read   |  in |   16|   ap_none  |                    data_3_V_read                   |    scalar    |
|data_4_V_read   |  in |   16|   ap_none  |                    data_4_V_read                   |    scalar    |
|data_5_V_read   |  in |   16|   ap_none  |                    data_5_V_read                   |    scalar    |
|data_6_V_read   |  in |   16|   ap_none  |                    data_6_V_read                   |    scalar    |
|data_7_V_read   |  in |   16|   ap_none  |                    data_7_V_read                   |    scalar    |
|data_8_V_read   |  in |   16|   ap_none  |                    data_8_V_read                   |    scalar    |
|data_9_V_read   |  in |   16|   ap_none  |                    data_9_V_read                   |    scalar    |
|data_10_V_read  |  in |   16|   ap_none  |                   data_10_V_read                   |    scalar    |
|data_11_V_read  |  in |   16|   ap_none  |                   data_11_V_read                   |    scalar    |
+----------------+-----+-----+------------+----------------------------------------------------+--------------+

============================================================
+ Verbose Summary: Synthesis Manager
============================================================
InlineROM: 1
ExposeGlobal: 0
============================================================
+ Verbose Summary: CDFG Model
============================================================
IsTopModel: 0
ResetActiveHigh: 1
IsCombinational: 1
IsDatapathOnly: 2
HasWiredReturn: 1
HasMFsm: 2
HasVarLatency: 0
IsPipeline: 1
IsRtlPipelined: 0
IsInstanceOverlapped: 0
IsDontTouch: 0
HasImplIP: 0
IsGatedGlobalClock: 0

+ Individual pipeline summary: 
  * Pipeline-0: initiation interval (II) = 1, depth = 1


============================================================
+ Verbose Summary: Schedule
============================================================
* Number of FSM states : 1
* Pipeline : 1
  Pipeline-0 : II = 1, D = 1, States = { 1 }
* Dataflow Pipeline: 0

* FSM state transitions: 
1 --> 

* FSM state operations: 

State 1 <SV = 0> <Delay = 1.41>
ST_1 : Operation 2 [1/1] (0.00ns)   --->   "%data_11_V_read_1 = call i16 @_ssdm_op_Read.ap_auto.i16(i16 %data_11_V_read)" [firmware/nnet_utils/nnet_activation.h:64]   --->   Operation 2 'read' 'data_11_V_read_1' <Predicate = true> <Delay = 0.00>
ST_1 : Operation 3 [1/1] (0.00ns)   --->   "%data_10_V_read_1 = call i16 @_ssdm_op_Read.ap_auto.i16(i16 %data_10_V_read)" [firmware/nnet_utils/nnet_activation.h:64]   --->   Operation 3 'read' 'data_10_V_read_1' <Predicate = true> <Delay = 0.00>
ST_1 : Operation 4 [1/1] (0.00ns)   --->   "%data_9_V_read_1 = call i16 @_ssdm_op_Read.ap_auto.i16(i16 %data_9_V_read)" [firmware/nnet_utils/nnet_activation.h:64]   --->   Operation 4 'read' 'data_9_V_read_1' <Predicate = true> <Delay = 0.00>
ST_1 : Operation 5 [1/1] (0.00ns)   --->   "%data_8_V_read_1 = call i16 @_ssdm_op_Read.ap_auto.i16(i16 %data_8_V_read)" [firmware/nnet_utils/nnet_activation.h:64]   --->   Operation 5 'read' 'data_8_V_read_1' <Predicate = true> <Delay = 0.00>
ST_1 : Operation 6 [1/1] (0.00ns)   --->   "%data_7_V_read_2 = call i16 @_ssdm_op_Read.ap_auto.i16(i16 %data_7_V_read)" [firmware/nnet_utils/nnet_activation.h:64]   --->   Operation 6 'read' 'data_7_V_read_2' <Predicate = true> <Delay = 0.00>
ST_1 : Operation 7 [1/1] (0.00ns)   --->   "%data_6_V_read_2 = call i16 @_ssdm_op_Read.ap_auto.i16(i16 %data_6_V_read)" [firmware/nnet_utils/nnet_activation.h:64]   --->   Operation 7 'read' 'data_6_V_read_2' <Predicate = true> <Delay = 0.00>
ST_1 : Operation 8 [1/1] (0.00ns)   --->   "%data_5_V_read_2 = call i16 @_ssdm_op_Read.ap_auto.i16(i16 %data_5_V_read)" [firmware/nnet_utils/nnet_activation.h:64]   --->   Operation 8 'read' 'data_5_V_read_2' <Predicate = true> <Delay = 0.00>
ST_1 : Operation 9 [1/1] (0.00ns)   --->   "%data_4_V_read_2 = call i16 @_ssdm_op_Read.ap_auto.i16(i16 %data_4_V_read)" [firmware/nnet_utils/nnet_activation.h:64]   --->   Operation 9 'read' 'data_4_V_read_2' <Predicate = true> <Delay = 0.00>
ST_1 : Operation 10 [1/1] (0.00ns)   --->   "%data_3_V_read_3 = call i16 @_ssdm_op_Read.ap_auto.i16(i16 %data_3_V_read)" [firmware/nnet_utils/nnet_activation.h:64]   --->   Operation 10 'read' 'data_3_V_read_3' <Predicate = true> <Delay = 0.00>
ST_1 : Operation 11 [1/1] (0.00ns)   --->   "%data_2_V_read_3 = call i16 @_ssdm_op_Read.ap_auto.i16(i16 %data_2_V_read)" [firmware/nnet_utils/nnet_activation.h:64]   --->   Operation 11 'read' 'data_2_V_read_3' <Predicate = true> <Delay = 0.00>
ST_1 : Operation 12 [1/1] (0.00ns)   --->   "%data_1_V_read_3 = call i16 @_ssdm_op_Read.ap_auto.i16(i16 %data_1_V_read)" [firmware/nnet_utils/nnet_activation.h:64]   --->   Operation 12 'read' 'data_1_V_read_3' <Predicate = true> <Delay = 0.00>
ST_1 : Operation 13 [1/1] (0.00ns)   --->   "%data_0_V_read_3 = call i16 @_ssdm_op_Read.ap_auto.i16(i16 %data_0_V_read)" [firmware/nnet_utils/nnet_activation.h:64]   --->   Operation 13 'read' 'data_0_V_read_3' <Predicate = true> <Delay = 0.00>
ST_1 : Operation 14 [1/1] (0.00ns)   --->   "call void (...)* @_ssdm_op_SpecPipeline(i32 -1, i32 1, i32 1, i32 0, [1 x i8]* @p_str15) nounwind" [firmware/nnet_utils/nnet_activation.h:66]   --->   Operation 14 'specpipeline' <Predicate = true> <Delay = 0.00>
ST_1 : Operation 15 [1/1] (0.86ns)   --->   "%icmp_ln1494 = icmp sgt i16 %data_0_V_read_3, 0" [firmware/nnet_utils/nnet_activation.h:71]   --->   Operation 15 'icmp' 'icmp_ln1494' <Predicate = true> <Delay = 0.86> <Core = "Cmp">   --->   Core 25 'Cmp' <Latency = 0> <II = 1> <Delay = 0.86> <FuncUnit> <Opcode : 'icmp'> <InPorts = 2> <OutPorts = 1>
ST_1 : Operation 16 [1/1] (0.00ns)   --->   "%trunc_ln = call i14 @_ssdm_op_PartSelect.i14.i16.i32.i32(i16 %data_0_V_read_3, i32 1, i32 14)" [firmware/nnet_utils/nnet_activation.h:71]   --->   Operation 16 'partselect' 'trunc_ln' <Predicate = (icmp_ln1494)> <Delay = 0.00>
ST_1 : Operation 17 [1/1] (0.54ns)   --->   "%select_ln1494 = select i1 %icmp_ln1494, i14 %trunc_ln, i14 0" [firmware/nnet_utils/nnet_activation.h:71]   --->   Operation 17 'select' 'select_ln1494' <Predicate = true> <Delay = 0.54> <Core = "Sel">   --->   Core 26 'Sel' <Latency = 0> <II = 1> <Delay = 0.54> <FuncUnit> <Opcode : 'select'> <InPorts = 3> <OutPorts = 1>
ST_1 : Operation 18 [1/1] (0.00ns)   --->   "%zext_ln1494 = zext i14 %select_ln1494 to i16" [firmware/nnet_utils/nnet_activation.h:71]   --->   Operation 18 'zext' 'zext_ln1494' <Predicate = true> <Delay = 0.00>
ST_1 : Operation 19 [1/1] (0.86ns)   --->   "%icmp_ln1494_1 = icmp sgt i16 %data_1_V_read_3, 0" [firmware/nnet_utils/nnet_activation.h:71]   --->   Operation 19 'icmp' 'icmp_ln1494_1' <Predicate = true> <Delay = 0.86> <Core = "Cmp">   --->   Core 25 'Cmp' <Latency = 0> <II = 1> <Delay = 0.86> <FuncUnit> <Opcode : 'icmp'> <InPorts = 2> <OutPorts = 1>
ST_1 : Operation 20 [1/1] (0.00ns)   --->   "%trunc_ln1494_s = call i14 @_ssdm_op_PartSelect.i14.i16.i32.i32(i16 %data_1_V_read_3, i32 1, i32 14)" [firmware/nnet_utils/nnet_activation.h:71]   --->   Operation 20 'partselect' 'trunc_ln1494_s' <Predicate = (icmp_ln1494_1)> <Delay = 0.00>
ST_1 : Operation 21 [1/1] (0.54ns)   --->   "%select_ln1494_11 = select i1 %icmp_ln1494_1, i14 %trunc_ln1494_s, i14 0" [firmware/nnet_utils/nnet_activation.h:71]   --->   Operation 21 'select' 'select_ln1494_11' <Predicate = true> <Delay = 0.54> <Core = "Sel">   --->   Core 26 'Sel' <Latency = 0> <II = 1> <Delay = 0.54> <FuncUnit> <Opcode : 'select'> <InPorts = 3> <OutPorts = 1>
ST_1 : Operation 22 [1/1] (0.00ns)   --->   "%zext_ln1494_11 = zext i14 %select_ln1494_11 to i16" [firmware/nnet_utils/nnet_activation.h:71]   --->   Operation 22 'zext' 'zext_ln1494_11' <Predicate = true> <Delay = 0.00>
ST_1 : Operation 23 [1/1] (0.86ns)   --->   "%icmp_ln1494_2 = icmp sgt i16 %data_2_V_read_3, 0" [firmware/nnet_utils/nnet_activation.h:71]   --->   Operation 23 'icmp' 'icmp_ln1494_2' <Predicate = true> <Delay = 0.86> <Core = "Cmp">   --->   Core 25 'Cmp' <Latency = 0> <II = 1> <Delay = 0.86> <FuncUnit> <Opcode : 'icmp'> <InPorts = 2> <OutPorts = 1>
ST_1 : Operation 24 [1/1] (0.00ns)   --->   "%trunc_ln1494_1 = call i14 @_ssdm_op_PartSelect.i14.i16.i32.i32(i16 %data_2_V_read_3, i32 1, i32 14)" [firmware/nnet_utils/nnet_activation.h:71]   --->   Operation 24 'partselect' 'trunc_ln1494_1' <Predicate = (icmp_ln1494_2)> <Delay = 0.00>
ST_1 : Operation 25 [1/1] (0.54ns)   --->   "%select_ln1494_12 = select i1 %icmp_ln1494_2, i14 %trunc_ln1494_1, i14 0" [firmware/nnet_utils/nnet_activation.h:71]   --->   Operation 25 'select' 'select_ln1494_12' <Predicate = true> <Delay = 0.54> <Core = "Sel">   --->   Core 26 'Sel' <Latency = 0> <II = 1> <Delay = 0.54> <FuncUnit> <Opcode : 'select'> <InPorts = 3> <OutPorts = 1>
ST_1 : Operation 26 [1/1] (0.00ns)   --->   "%zext_ln1494_12 = zext i14 %select_ln1494_12 to i16" [firmware/nnet_utils/nnet_activation.h:71]   --->   Operation 26 'zext' 'zext_ln1494_12' <Predicate = true> <Delay = 0.00>
ST_1 : Operation 27 [1/1] (0.86ns)   --->   "%icmp_ln1494_3 = icmp sgt i16 %data_3_V_read_3, 0" [firmware/nnet_utils/nnet_activation.h:71]   --->   Operation 27 'icmp' 'icmp_ln1494_3' <Predicate = true> <Delay = 0.86> <Core = "Cmp">   --->   Core 25 'Cmp' <Latency = 0> <II = 1> <Delay = 0.86> <FuncUnit> <Opcode : 'icmp'> <InPorts = 2> <OutPorts = 1>
ST_1 : Operation 28 [1/1] (0.00ns)   --->   "%trunc_ln1494_2 = call i14 @_ssdm_op_PartSelect.i14.i16.i32.i32(i16 %data_3_V_read_3, i32 1, i32 14)" [firmware/nnet_utils/nnet_activation.h:71]   --->   Operation 28 'partselect' 'trunc_ln1494_2' <Predicate = (icmp_ln1494_3)> <Delay = 0.00>
ST_1 : Operation 29 [1/1] (0.54ns)   --->   "%select_ln1494_13 = select i1 %icmp_ln1494_3, i14 %trunc_ln1494_2, i14 0" [firmware/nnet_utils/nnet_activation.h:71]   --->   Operation 29 'select' 'select_ln1494_13' <Predicate = true> <Delay = 0.54> <Core = "Sel">   --->   Core 26 'Sel' <Latency = 0> <II = 1> <Delay = 0.54> <FuncUnit> <Opcode : 'select'> <InPorts = 3> <OutPorts = 1>
ST_1 : Operation 30 [1/1] (0.00ns)   --->   "%zext_ln1494_13 = zext i14 %select_ln1494_13 to i16" [firmware/nnet_utils/nnet_activation.h:71]   --->   Operation 30 'zext' 'zext_ln1494_13' <Predicate = true> <Delay = 0.00>
ST_1 : Operation 31 [1/1] (0.86ns)   --->   "%icmp_ln1494_4 = icmp sgt i16 %data_4_V_read_2, 0" [firmware/nnet_utils/nnet_activation.h:71]   --->   Operation 31 'icmp' 'icmp_ln1494_4' <Predicate = true> <Delay = 0.86> <Core = "Cmp">   --->   Core 25 'Cmp' <Latency = 0> <II = 1> <Delay = 0.86> <FuncUnit> <Opcode : 'icmp'> <InPorts = 2> <OutPorts = 1>
ST_1 : Operation 32 [1/1] (0.00ns)   --->   "%trunc_ln1494_3 = call i14 @_ssdm_op_PartSelect.i14.i16.i32.i32(i16 %data_4_V_read_2, i32 1, i32 14)" [firmware/nnet_utils/nnet_activation.h:71]   --->   Operation 32 'partselect' 'trunc_ln1494_3' <Predicate = (icmp_ln1494_4)> <Delay = 0.00>
ST_1 : Operation 33 [1/1] (0.54ns)   --->   "%select_ln1494_14 = select i1 %icmp_ln1494_4, i14 %trunc_ln1494_3, i14 0" [firmware/nnet_utils/nnet_activation.h:71]   --->   Operation 33 'select' 'select_ln1494_14' <Predicate = true> <Delay = 0.54> <Core = "Sel">   --->   Core 26 'Sel' <Latency = 0> <II = 1> <Delay = 0.54> <FuncUnit> <Opcode : 'select'> <InPorts = 3> <OutPorts = 1>
ST_1 : Operation 34 [1/1] (0.00ns)   --->   "%zext_ln1494_14 = zext i14 %select_ln1494_14 to i16" [firmware/nnet_utils/nnet_activation.h:71]   --->   Operation 34 'zext' 'zext_ln1494_14' <Predicate = true> <Delay = 0.00>
ST_1 : Operation 35 [1/1] (0.86ns)   --->   "%icmp_ln1494_5 = icmp sgt i16 %data_5_V_read_2, 0" [firmware/nnet_utils/nnet_activation.h:71]   --->   Operation 35 'icmp' 'icmp_ln1494_5' <Predicate = true> <Delay = 0.86> <Core = "Cmp">   --->   Core 25 'Cmp' <Latency = 0> <II = 1> <Delay = 0.86> <FuncUnit> <Opcode : 'icmp'> <InPorts = 2> <OutPorts = 1>
ST_1 : Operation 36 [1/1] (0.00ns)   --->   "%trunc_ln1494_4 = call i14 @_ssdm_op_PartSelect.i14.i16.i32.i32(i16 %data_5_V_read_2, i32 1, i32 14)" [firmware/nnet_utils/nnet_activation.h:71]   --->   Operation 36 'partselect' 'trunc_ln1494_4' <Predicate = (icmp_ln1494_5)> <Delay = 0.00>
ST_1 : Operation 37 [1/1] (0.54ns)   --->   "%select_ln1494_15 = select i1 %icmp_ln1494_5, i14 %trunc_ln1494_4, i14 0" [firmware/nnet_utils/nnet_activation.h:71]   --->   Operation 37 'select' 'select_ln1494_15' <Predicate = true> <Delay = 0.54> <Core = "Sel">   --->   Core 26 'Sel' <Latency = 0> <II = 1> <Delay = 0.54> <FuncUnit> <Opcode : 'select'> <InPorts = 3> <OutPorts = 1>
ST_1 : Operation 38 [1/1] (0.00ns)   --->   "%zext_ln1494_15 = zext i14 %select_ln1494_15 to i16" [firmware/nnet_utils/nnet_activation.h:71]   --->   Operation 38 'zext' 'zext_ln1494_15' <Predicate = true> <Delay = 0.00>
ST_1 : Operation 39 [1/1] (0.86ns)   --->   "%icmp_ln1494_6 = icmp sgt i16 %data_6_V_read_2, 0" [firmware/nnet_utils/nnet_activation.h:71]   --->   Operation 39 'icmp' 'icmp_ln1494_6' <Predicate = true> <Delay = 0.86> <Core = "Cmp">   --->   Core 25 'Cmp' <Latency = 0> <II = 1> <Delay = 0.86> <FuncUnit> <Opcode : 'icmp'> <InPorts = 2> <OutPorts = 1>
ST_1 : Operation 40 [1/1] (0.00ns)   --->   "%trunc_ln1494_5 = call i14 @_ssdm_op_PartSelect.i14.i16.i32.i32(i16 %data_6_V_read_2, i32 1, i32 14)" [firmware/nnet_utils/nnet_activation.h:71]   --->   Operation 40 'partselect' 'trunc_ln1494_5' <Predicate = (icmp_ln1494_6)> <Delay = 0.00>
ST_1 : Operation 41 [1/1] (0.54ns)   --->   "%select_ln1494_16 = select i1 %icmp_ln1494_6, i14 %trunc_ln1494_5, i14 0" [firmware/nnet_utils/nnet_activation.h:71]   --->   Operation 41 'select' 'select_ln1494_16' <Predicate = true> <Delay = 0.54> <Core = "Sel">   --->   Core 26 'Sel' <Latency = 0> <II = 1> <Delay = 0.54> <FuncUnit> <Opcode : 'select'> <InPorts = 3> <OutPorts = 1>
ST_1 : Operation 42 [1/1] (0.00ns)   --->   "%zext_ln1494_16 = zext i14 %select_ln1494_16 to i16" [firmware/nnet_utils/nnet_activation.h:71]   --->   Operation 42 'zext' 'zext_ln1494_16' <Predicate = true> <Delay = 0.00>
ST_1 : Operation 43 [1/1] (0.86ns)   --->   "%icmp_ln1494_7 = icmp sgt i16 %data_7_V_read_2, 0" [firmware/nnet_utils/nnet_activation.h:71]   --->   Operation 43 'icmp' 'icmp_ln1494_7' <Predicate = true> <Delay = 0.86> <Core = "Cmp">   --->   Core 25 'Cmp' <Latency = 0> <II = 1> <Delay = 0.86> <FuncUnit> <Opcode : 'icmp'> <InPorts = 2> <OutPorts = 1>
ST_1 : Operation 44 [1/1] (0.00ns)   --->   "%trunc_ln1494_6 = call i14 @_ssdm_op_PartSelect.i14.i16.i32.i32(i16 %data_7_V_read_2, i32 1, i32 14)" [firmware/nnet_utils/nnet_activation.h:71]   --->   Operation 44 'partselect' 'trunc_ln1494_6' <Predicate = (icmp_ln1494_7)> <Delay = 0.00>
ST_1 : Operation 45 [1/1] (0.54ns)   --->   "%select_ln1494_17 = select i1 %icmp_ln1494_7, i14 %trunc_ln1494_6, i14 0" [firmware/nnet_utils/nnet_activation.h:71]   --->   Operation 45 'select' 'select_ln1494_17' <Predicate = true> <Delay = 0.54> <Core = "Sel">   --->   Core 26 'Sel' <Latency = 0> <II = 1> <Delay = 0.54> <FuncUnit> <Opcode : 'select'> <InPorts = 3> <OutPorts = 1>
ST_1 : Operation 46 [1/1] (0.00ns)   --->   "%zext_ln1494_17 = zext i14 %select_ln1494_17 to i16" [firmware/nnet_utils/nnet_activation.h:71]   --->   Operation 46 'zext' 'zext_ln1494_17' <Predicate = true> <Delay = 0.00>
ST_1 : Operation 47 [1/1] (0.86ns)   --->   "%icmp_ln1494_8 = icmp sgt i16 %data_8_V_read_1, 0" [firmware/nnet_utils/nnet_activation.h:71]   --->   Operation 47 'icmp' 'icmp_ln1494_8' <Predicate = true> <Delay = 0.86> <Core = "Cmp">   --->   Core 25 'Cmp' <Latency = 0> <II = 1> <Delay = 0.86> <FuncUnit> <Opcode : 'icmp'> <InPorts = 2> <OutPorts = 1>
ST_1 : Operation 48 [1/1] (0.00ns)   --->   "%trunc_ln1494_7 = call i14 @_ssdm_op_PartSelect.i14.i16.i32.i32(i16 %data_8_V_read_1, i32 1, i32 14)" [firmware/nnet_utils/nnet_activation.h:71]   --->   Operation 48 'partselect' 'trunc_ln1494_7' <Predicate = (icmp_ln1494_8)> <Delay = 0.00>
ST_1 : Operation 49 [1/1] (0.54ns)   --->   "%select_ln1494_18 = select i1 %icmp_ln1494_8, i14 %trunc_ln1494_7, i14 0" [firmware/nnet_utils/nnet_activation.h:71]   --->   Operation 49 'select' 'select_ln1494_18' <Predicate = true> <Delay = 0.54> <Core = "Sel">   --->   Core 26 'Sel' <Latency = 0> <II = 1> <Delay = 0.54> <FuncUnit> <Opcode : 'select'> <InPorts = 3> <OutPorts = 1>
ST_1 : Operation 50 [1/1] (0.00ns)   --->   "%zext_ln1494_18 = zext i14 %select_ln1494_18 to i16" [firmware/nnet_utils/nnet_activation.h:71]   --->   Operation 50 'zext' 'zext_ln1494_18' <Predicate = true> <Delay = 0.00>
ST_1 : Operation 51 [1/1] (0.86ns)   --->   "%icmp_ln1494_9 = icmp sgt i16 %data_9_V_read_1, 0" [firmware/nnet_utils/nnet_activation.h:71]   --->   Operation 51 'icmp' 'icmp_ln1494_9' <Predicate = true> <Delay = 0.86> <Core = "Cmp">   --->   Core 25 'Cmp' <Latency = 0> <II = 1> <Delay = 0.86> <FuncUnit> <Opcode : 'icmp'> <InPorts = 2> <OutPorts = 1>
ST_1 : Operation 52 [1/1] (0.00ns)   --->   "%trunc_ln1494_8 = call i14 @_ssdm_op_PartSelect.i14.i16.i32.i32(i16 %data_9_V_read_1, i32 1, i32 14)" [firmware/nnet_utils/nnet_activation.h:71]   --->   Operation 52 'partselect' 'trunc_ln1494_8' <Predicate = (icmp_ln1494_9)> <Delay = 0.00>
ST_1 : Operation 53 [1/1] (0.54ns)   --->   "%select_ln1494_19 = select i1 %icmp_ln1494_9, i14 %trunc_ln1494_8, i14 0" [firmware/nnet_utils/nnet_activation.h:71]   --->   Operation 53 'select' 'select_ln1494_19' <Predicate = true> <Delay = 0.54> <Core = "Sel">   --->   Core 26 'Sel' <Latency = 0> <II = 1> <Delay = 0.54> <FuncUnit> <Opcode : 'select'> <InPorts = 3> <OutPorts = 1>
ST_1 : Operation 54 [1/1] (0.00ns)   --->   "%zext_ln1494_19 = zext i14 %select_ln1494_19 to i16" [firmware/nnet_utils/nnet_activation.h:71]   --->   Operation 54 'zext' 'zext_ln1494_19' <Predicate = true> <Delay = 0.00>
ST_1 : Operation 55 [1/1] (0.86ns)   --->   "%icmp_ln1494_10 = icmp sgt i16 %data_10_V_read_1, 0" [firmware/nnet_utils/nnet_activation.h:71]   --->   Operation 55 'icmp' 'icmp_ln1494_10' <Predicate = true> <Delay = 0.86> <Core = "Cmp">   --->   Core 25 'Cmp' <Latency = 0> <II = 1> <Delay = 0.86> <FuncUnit> <Opcode : 'icmp'> <InPorts = 2> <OutPorts = 1>
ST_1 : Operation 56 [1/1] (0.00ns)   --->   "%trunc_ln1494_9 = call i14 @_ssdm_op_PartSelect.i14.i16.i32.i32(i16 %data_10_V_read_1, i32 1, i32 14)" [firmware/nnet_utils/nnet_activation.h:71]   --->   Operation 56 'partselect' 'trunc_ln1494_9' <Predicate = (icmp_ln1494_10)> <Delay = 0.00>
ST_1 : Operation 57 [1/1] (0.54ns)   --->   "%select_ln1494_20 = select i1 %icmp_ln1494_10, i14 %trunc_ln1494_9, i14 0" [firmware/nnet_utils/nnet_activation.h:71]   --->   Operation 57 'select' 'select_ln1494_20' <Predicate = true> <Delay = 0.54> <Core = "Sel">   --->   Core 26 'Sel' <Latency = 0> <II = 1> <Delay = 0.54> <FuncUnit> <Opcode : 'select'> <InPorts = 3> <OutPorts = 1>
ST_1 : Operation 58 [1/1] (0.00ns)   --->   "%zext_ln1494_20 = zext i14 %select_ln1494_20 to i16" [firmware/nnet_utils/nnet_activation.h:71]   --->   Operation 58 'zext' 'zext_ln1494_20' <Predicate = true> <Delay = 0.00>
ST_1 : Operation 59 [1/1] (0.86ns)   --->   "%icmp_ln1494_11 = icmp sgt i16 %data_11_V_read_1, 0" [firmware/nnet_utils/nnet_activation.h:71]   --->   Operation 59 'icmp' 'icmp_ln1494_11' <Predicate = true> <Delay = 0.86> <Core = "Cmp">   --->   Core 25 'Cmp' <Latency = 0> <II = 1> <Delay = 0.86> <FuncUnit> <Opcode : 'icmp'> <InPorts = 2> <OutPorts = 1>
ST_1 : Operation 60 [1/1] (0.00ns)   --->   "%trunc_ln1494_10 = call i14 @_ssdm_op_PartSelect.i14.i16.i32.i32(i16 %data_11_V_read_1, i32 1, i32 14)" [firmware/nnet_utils/nnet_activation.h:71]   --->   Operation 60 'partselect' 'trunc_ln1494_10' <Predicate = (icmp_ln1494_11)> <Delay = 0.00>
ST_1 : Operation 61 [1/1] (0.54ns)   --->   "%select_ln1494_21 = select i1 %icmp_ln1494_11, i14 %trunc_ln1494_10, i14 0" [firmware/nnet_utils/nnet_activation.h:71]   --->   Operation 61 'select' 'select_ln1494_21' <Predicate = true> <Delay = 0.54> <Core = "Sel">   --->   Core 26 'Sel' <Latency = 0> <II = 1> <Delay = 0.54> <FuncUnit> <Opcode : 'select'> <InPorts = 3> <OutPorts = 1>
ST_1 : Operation 62 [1/1] (0.00ns)   --->   "%zext_ln1494_21 = zext i14 %select_ln1494_21 to i16" [firmware/nnet_utils/nnet_activation.h:71]   --->   Operation 62 'zext' 'zext_ln1494_21' <Predicate = true> <Delay = 0.00>
ST_1 : Operation 63 [1/1] (0.00ns)   --->   "%mrv = insertvalue { i16, i16, i16, i16, i16, i16, i16, i16, i16, i16, i16, i16 } undef, i16 %zext_ln1494, 0" [firmware/nnet_utils/nnet_activation.h:74]   --->   Operation 63 'insertvalue' 'mrv' <Predicate = true> <Delay = 0.00>
ST_1 : Operation 64 [1/1] (0.00ns)   --->   "%mrv_1 = insertvalue { i16, i16, i16, i16, i16, i16, i16, i16, i16, i16, i16, i16 } %mrv, i16 %zext_ln1494_11, 1" [firmware/nnet_utils/nnet_activation.h:74]   --->   Operation 64 'insertvalue' 'mrv_1' <Predicate = true> <Delay = 0.00>
ST_1 : Operation 65 [1/1] (0.00ns)   --->   "%mrv_2 = insertvalue { i16, i16, i16, i16, i16, i16, i16, i16, i16, i16, i16, i16 } %mrv_1, i16 %zext_ln1494_12, 2" [firmware/nnet_utils/nnet_activation.h:74]   --->   Operation 65 'insertvalue' 'mrv_2' <Predicate = true> <Delay = 0.00>
ST_1 : Operation 66 [1/1] (0.00ns)   --->   "%mrv_3 = insertvalue { i16, i16, i16, i16, i16, i16, i16, i16, i16, i16, i16, i16 } %mrv_2, i16 %zext_ln1494_13, 3" [firmware/nnet_utils/nnet_activation.h:74]   --->   Operation 66 'insertvalue' 'mrv_3' <Predicate = true> <Delay = 0.00>
ST_1 : Operation 67 [1/1] (0.00ns)   --->   "%mrv_4 = insertvalue { i16, i16, i16, i16, i16, i16, i16, i16, i16, i16, i16, i16 } %mrv_3, i16 %zext_ln1494_14, 4" [firmware/nnet_utils/nnet_activation.h:74]   --->   Operation 67 'insertvalue' 'mrv_4' <Predicate = true> <Delay = 0.00>
ST_1 : Operation 68 [1/1] (0.00ns)   --->   "%mrv_5 = insertvalue { i16, i16, i16, i16, i16, i16, i16, i16, i16, i16, i16, i16 } %mrv_4, i16 %zext_ln1494_15, 5" [firmware/nnet_utils/nnet_activation.h:74]   --->   Operation 68 'insertvalue' 'mrv_5' <Predicate = true> <Delay = 0.00>
ST_1 : Operation 69 [1/1] (0.00ns)   --->   "%mrv_6 = insertvalue { i16, i16, i16, i16, i16, i16, i16, i16, i16, i16, i16, i16 } %mrv_5, i16 %zext_ln1494_16, 6" [firmware/nnet_utils/nnet_activation.h:74]   --->   Operation 69 'insertvalue' 'mrv_6' <Predicate = true> <Delay = 0.00>
ST_1 : Operation 70 [1/1] (0.00ns)   --->   "%mrv_7 = insertvalue { i16, i16, i16, i16, i16, i16, i16, i16, i16, i16, i16, i16 } %mrv_6, i16 %zext_ln1494_17, 7" [firmware/nnet_utils/nnet_activation.h:74]   --->   Operation 70 'insertvalue' 'mrv_7' <Predicate = true> <Delay = 0.00>
ST_1 : Operation 71 [1/1] (0.00ns)   --->   "%mrv_8 = insertvalue { i16, i16, i16, i16, i16, i16, i16, i16, i16, i16, i16, i16 } %mrv_7, i16 %zext_ln1494_18, 8" [firmware/nnet_utils/nnet_activation.h:74]   --->   Operation 71 'insertvalue' 'mrv_8' <Predicate = true> <Delay = 0.00>
ST_1 : Operation 72 [1/1] (0.00ns)   --->   "%mrv_9 = insertvalue { i16, i16, i16, i16, i16, i16, i16, i16, i16, i16, i16, i16 } %mrv_8, i16 %zext_ln1494_19, 9" [firmware/nnet_utils/nnet_activation.h:74]   --->   Operation 72 'insertvalue' 'mrv_9' <Predicate = true> <Delay = 0.00>
ST_1 : Operation 73 [1/1] (0.00ns)   --->   "%mrv_s = insertvalue { i16, i16, i16, i16, i16, i16, i16, i16, i16, i16, i16, i16 } %mrv_9, i16 %zext_ln1494_20, 10" [firmware/nnet_utils/nnet_activation.h:74]   --->   Operation 73 'insertvalue' 'mrv_s' <Predicate = true> <Delay = 0.00>
ST_1 : Operation 74 [1/1] (0.00ns)   --->   "%mrv_10 = insertvalue { i16, i16, i16, i16, i16, i16, i16, i16, i16, i16, i16, i16 } %mrv_s, i16 %zext_ln1494_21, 11" [firmware/nnet_utils/nnet_activation.h:74]   --->   Operation 74 'insertvalue' 'mrv_10' <Predicate = true> <Delay = 0.00>
ST_1 : Operation 75 [1/1] (0.00ns)   --->   "ret { i16, i16, i16, i16, i16, i16, i16, i16, i16, i16, i16, i16 } %mrv_10" [firmware/nnet_utils/nnet_activation.h:74]   --->   Operation 75 'ret' <Predicate = true> <Delay = 0.00>


============================================================
+ Verbose Summary: Binding
============================================================
STG Binding: 
---------------- STG Properties BEGIN ----------------
- Is combinational: 1
- Is one-state seq: 0
- Is datapath-only: 0
- Is pipelined: 1
- Is top level: 0
Port [ Return ] is wired: 1; IO mode=ap_ctrl_hs:ce=0
Port [ data_0_V_read]:  wired=1; compound=0; hidden=0; nouse=0; global=0; static=0; extern=0; dir=0; type=0; pingpong=0; private_global=0; IO mode=ap_none:ce=0
Port [ data_1_V_read]:  wired=1; compound=0; hidden=0; nouse=0; global=0; static=0; extern=0; dir=0; type=0; pingpong=0; private_global=0; IO mode=ap_none:ce=0
Port [ data_2_V_read]:  wired=1; compound=0; hidden=0; nouse=0; global=0; static=0; extern=0; dir=0; type=0; pingpong=0; private_global=0; IO mode=ap_none:ce=0
Port [ data_3_V_read]:  wired=1; compound=0; hidden=0; nouse=0; global=0; static=0; extern=0; dir=0; type=0; pingpong=0; private_global=0; IO mode=ap_none:ce=0
Port [ data_4_V_read]:  wired=1; compound=0; hidden=0; nouse=0; global=0; static=0; extern=0; dir=0; type=0; pingpong=0; private_global=0; IO mode=ap_none:ce=0
Port [ data_5_V_read]:  wired=1; compound=0; hidden=0; nouse=0; global=0; static=0; extern=0; dir=0; type=0; pingpong=0; private_global=0; IO mode=ap_none:ce=0
Port [ data_6_V_read]:  wired=1; compound=0; hidden=0; nouse=0; global=0; static=0; extern=0; dir=0; type=0; pingpong=0; private_global=0; IO mode=ap_none:ce=0
Port [ data_7_V_read]:  wired=1; compound=0; hidden=0; nouse=0; global=0; static=0; extern=0; dir=0; type=0; pingpong=0; private_global=0; IO mode=ap_none:ce=0
Port [ data_8_V_read]:  wired=1; compound=0; hidden=0; nouse=0; global=0; static=0; extern=0; dir=0; type=0; pingpong=0; private_global=0; IO mode=ap_none:ce=0
Port [ data_9_V_read]:  wired=1; compound=0; hidden=0; nouse=0; global=0; static=0; extern=0; dir=0; type=0; pingpong=0; private_global=0; IO mode=ap_none:ce=0
Port [ data_10_V_read]:  wired=1; compound=0; hidden=0; nouse=0; global=0; static=0; extern=0; dir=0; type=0; pingpong=0; private_global=0; IO mode=ap_none:ce=0
Port [ data_11_V_read]:  wired=1; compound=0; hidden=0; nouse=0; global=0; static=0; extern=0; dir=0; type=0; pingpong=0; private_global=0; IO mode=ap_none:ce=0
---------------- STG Properties END ------------------

---------------- Datapath Model BEGIN ----------------

<LifeTime>
<method=bitvector/>
data_11_V_read_1  (read        ) [ 00]
data_10_V_read_1  (read        ) [ 00]
data_9_V_read_1   (read        ) [ 00]
data_8_V_read_1   (read        ) [ 00]
data_7_V_read_2   (read        ) [ 00]
data_6_V_read_2   (read        ) [ 00]
data_5_V_read_2   (read        ) [ 00]
data_4_V_read_2   (read        ) [ 00]
data_3_V_read_3   (read        ) [ 00]
data_2_V_read_3   (read        ) [ 00]
data_1_V_read_3   (read        ) [ 00]
data_0_V_read_3   (read        ) [ 00]
specpipeline_ln66 (specpipeline) [ 00]
icmp_ln1494       (icmp        ) [ 01]
trunc_ln          (partselect  ) [ 00]
select_ln1494     (select      ) [ 00]
zext_ln1494       (zext        ) [ 00]
icmp_ln1494_1     (icmp        ) [ 01]
trunc_ln1494_s    (partselect  ) [ 00]
select_ln1494_11  (select      ) [ 00]
zext_ln1494_11    (zext        ) [ 00]
icmp_ln1494_2     (icmp        ) [ 01]
trunc_ln1494_1    (partselect  ) [ 00]
select_ln1494_12  (select      ) [ 00]
zext_ln1494_12    (zext        ) [ 00]
icmp_ln1494_3     (icmp        ) [ 01]
trunc_ln1494_2    (partselect  ) [ 00]
select_ln1494_13  (select      ) [ 00]
zext_ln1494_13    (zext        ) [ 00]
icmp_ln1494_4     (icmp        ) [ 01]
trunc_ln1494_3    (partselect  ) [ 00]
select_ln1494_14  (select      ) [ 00]
zext_ln1494_14    (zext        ) [ 00]
icmp_ln1494_5     (icmp        ) [ 01]
trunc_ln1494_4    (partselect  ) [ 00]
select_ln1494_15  (select      ) [ 00]
zext_ln1494_15    (zext        ) [ 00]
icmp_ln1494_6     (icmp        ) [ 01]
trunc_ln1494_5    (partselect  ) [ 00]
select_ln1494_16  (select      ) [ 00]
zext_ln1494_16    (zext        ) [ 00]
icmp_ln1494_7     (icmp        ) [ 01]
trunc_ln1494_6    (partselect  ) [ 00]
select_ln1494_17  (select      ) [ 00]
zext_ln1494_17    (zext        ) [ 00]
icmp_ln1494_8     (icmp        ) [ 01]
trunc_ln1494_7    (partselect  ) [ 00]
select_ln1494_18  (select      ) [ 00]
zext_ln1494_18    (zext        ) [ 00]
icmp_ln1494_9     (icmp        ) [ 01]
trunc_ln1494_8    (partselect  ) [ 00]
select_ln1494_19  (select      ) [ 00]
zext_ln1494_19    (zext        ) [ 00]
icmp_ln1494_10    (icmp        ) [ 01]
trunc_ln1494_9    (partselect  ) [ 00]
select_ln1494_20  (select      ) [ 00]
zext_ln1494_20    (zext        ) [ 00]
icmp_ln1494_11    (icmp        ) [ 01]
trunc_ln1494_10   (partselect  ) [ 00]
select_ln1494_21  (select      ) [ 00]
zext_ln1494_21    (zext        ) [ 00]
mrv               (insertvalue ) [ 00]
mrv_1             (insertvalue ) [ 00]
mrv_2             (insertvalue ) [ 00]
mrv_3             (insertvalue ) [ 00]
mrv_4             (insertvalue ) [ 00]
mrv_5             (insertvalue ) [ 00]
mrv_6             (insertvalue ) [ 00]
mrv_7             (insertvalue ) [ 00]
mrv_8             (insertvalue ) [ 00]
mrv_9             (insertvalue ) [ 00]
mrv_s             (insertvalue ) [ 00]
mrv_10            (insertvalue ) [ 00]
ret_ln74          (ret         ) [ 00]
</LifeTime>

<model>

<comp_list>
<comp id="0" class="1000" name="data_0_V_read">
<pin_list>
<pin id="1" dir="1" index="0" bw="1" slack="0"/>
</pin_list>
<bind>
<StgValue><ssdm name="data_0_V_read"/></StgValue>
</bind>
</comp>

<comp id="2" class="1000" name="data_1_V_read">
<pin_list>
<pin id="3" dir="1" index="0" bw="1" slack="0"/>
</pin_list>
<bind>
<StgValue><ssdm name="data_1_V_read"/></StgValue>
</bind>
</comp>

<comp id="4" class="1000" name="data_2_V_read">
<pin_list>
<pin id="5" dir="1" index="0" bw="1" slack="0"/>
</pin_list>
<bind>
<StgValue><ssdm name="data_2_V_read"/></StgValue>
</bind>
</comp>

<comp id="6" class="1000" name="data_3_V_read">
<pin_list>
<pin id="7" dir="1" index="0" bw="1" slack="0"/>
</pin_list>
<bind>
<StgValue><ssdm name="data_3_V_read"/></StgValue>
</bind>
</comp>

<comp id="8" class="1000" name="data_4_V_read">
<pin_list>
<pin id="9" dir="1" index="0" bw="1" slack="0"/>
</pin_list>
<bind>
<StgValue><ssdm name="data_4_V_read"/></StgValue>
</bind>
</comp>

<comp id="10" class="1000" name="data_5_V_read">
<pin_list>
<pin id="11" dir="1" index="0" bw="1" slack="0"/>
</pin_list>
<bind>
<StgValue><ssdm name="data_5_V_read"/></StgValue>
</bind>
</comp>

<comp id="12" class="1000" name="data_6_V_read">
<pin_list>
<pin id="13" dir="1" index="0" bw="1" slack="0"/>
</pin_list>
<bind>
<StgValue><ssdm name="data_6_V_read"/></StgValue>
</bind>
</comp>

<comp id="14" class="1000" name="data_7_V_read">
<pin_list>
<pin id="15" dir="1" index="0" bw="1" slack="0"/>
</pin_list>
<bind>
<StgValue><ssdm name="data_7_V_read"/></StgValue>
</bind>
</comp>

<comp id="16" class="1000" name="data_8_V_read">
<pin_list>
<pin id="17" dir="1" index="0" bw="1" slack="0"/>
</pin_list>
<bind>
<StgValue><ssdm name="data_8_V_read"/></StgValue>
</bind>
</comp>

<comp id="18" class="1000" name="data_9_V_read">
<pin_list>
<pin id="19" dir="1" index="0" bw="1" slack="0"/>
</pin_list>
<bind>
<StgValue><ssdm name="data_9_V_read"/></StgValue>
</bind>
</comp>

<comp id="20" class="1000" name="data_10_V_read">
<pin_list>
<pin id="21" dir="1" index="0" bw="1" slack="0"/>
</pin_list>
<bind>
<StgValue><ssdm name="data_10_V_read"/></StgValue>
</bind>
</comp>

<comp id="22" class="1000" name="data_11_V_read">
<pin_list>
<pin id="23" dir="1" index="0" bw="1" slack="0"/>
</pin_list>
<bind>
<StgValue><ssdm name="data_11_V_read"/></StgValue>
</bind>
</comp>

<comp id="24" class="1001" name="const_24">
<pin_list>
<pin id="25" dir="1" index="0" bw="1" slack="0"/>
</pin_list>
<bind>
<StgValue><ssdm name="_ssdm_op_Read.ap_auto.i16"/></StgValue>
</bind>
</comp>

<comp id="26" class="1001" name="const_26">
<pin_list>
<pin id="27" dir="1" index="0" bw="1" slack="2147483647"/>
</pin_list>
<bind>
<StgValue><ssdm name="_ssdm_op_SpecPipeline"/></StgValue>
</bind>
</comp>

<comp id="28" class="1001" name="const_28">
<pin_list>
<pin id="29" dir="1" index="0" bw="1" slack="2147483647"/>
</pin_list>
<bind>
<StgValue><ssdm name=""/></StgValue>
</bind>
</comp>

<comp id="30" class="1001" name="const_30">
<pin_list>
<pin id="31" dir="1" index="0" bw="1" slack="0"/>
</pin_list>
<bind>
<StgValue><ssdm name=""/></StgValue>
</bind>
</comp>

<comp id="32" class="1001" name="const_32">
<pin_list>
<pin id="33" dir="1" index="0" bw="1" slack="2147483647"/>
</pin_list>
<bind>
<StgValue><ssdm name=""/></StgValue>
</bind>
</comp>

<comp id="34" class="1001" name="const_34">
<pin_list>
<pin id="35" dir="1" index="0" bw="1" slack="2147483647"/>
</pin_list>
<bind>
<StgValue><ssdm name="p_str15"/></StgValue>
</bind>
</comp>

<comp id="36" class="1001" name="const_36">
<pin_list>
<pin id="37" dir="1" index="0" bw="1" slack="0"/>
</pin_list>
<bind>
<StgValue><ssdm name=""/></StgValue>
</bind>
</comp>

<comp id="38" class="1001" name="const_38">
<pin_list>
<pin id="39" dir="1" index="0" bw="1" slack="0"/>
</pin_list>
<bind>
<StgValue><ssdm name="_ssdm_op_PartSelect.i14.i16.i32.i32"/></StgValue>
</bind>
</comp>

<comp id="40" class="1001" name="const_40">
<pin_list>
<pin id="41" dir="1" index="0" bw="1" slack="0"/>
</pin_list>
<bind>
<StgValue><ssdm name=""/></StgValue>
</bind>
</comp>

<comp id="42" class="1001" name="const_42">
<pin_list>
<pin id="43" dir="1" index="0" bw="1" slack="0"/>
</pin_list>
<bind>
<StgValue><ssdm name=""/></StgValue>
</bind>
</comp>

<comp id="44" class="1001" name="const_44">
<pin_list>
<pin id="45" dir="1" index="0" bw="1" slack="0"/>
</pin_list>
<bind>
<StgValue><ssdm name=""/></StgValue>
</bind>
</comp>

<comp id="46" class="1004" name="data_11_V_read_1_read_fu_46">
<pin_list>
<pin id="47" dir="0" index="0" bw="16" slack="0"/>
<pin id="48" dir="0" index="1" bw="16" slack="0"/>
<pin id="49" dir="1" index="2" bw="16" slack="0"/>
</pin_list>
<bind>
<opcode="read(1150) " fcode="read"/>
<opset="data_11_V_read_1/1 "/>
</bind>
</comp>

<comp id="52" class="1004" name="data_10_V_read_1_read_fu_52">
<pin_list>
<pin id="53" dir="0" index="0" bw="16" slack="0"/>
<pin id="54" dir="0" index="1" bw="16" slack="0"/>
<pin id="55" dir="1" index="2" bw="16" slack="0"/>
</pin_list>
<bind>
<opcode="read(1150) " fcode="read"/>
<opset="data_10_V_read_1/1 "/>
</bind>
</comp>

<comp id="58" class="1004" name="data_9_V_read_1_read_fu_58">
<pin_list>
<pin id="59" dir="0" index="0" bw="16" slack="0"/>
<pin id="60" dir="0" index="1" bw="16" slack="0"/>
<pin id="61" dir="1" index="2" bw="16" slack="0"/>
</pin_list>
<bind>
<opcode="read(1150) " fcode="read"/>
<opset="data_9_V_read_1/1 "/>
</bind>
</comp>

<comp id="64" class="1004" name="data_8_V_read_1_read_fu_64">
<pin_list>
<pin id="65" dir="0" index="0" bw="16" slack="0"/>
<pin id="66" dir="0" index="1" bw="16" slack="0"/>
<pin id="67" dir="1" index="2" bw="16" slack="0"/>
</pin_list>
<bind>
<opcode="read(1150) " fcode="read"/>
<opset="data_8_V_read_1/1 "/>
</bind>
</comp>

<comp id="70" class="1004" name="data_7_V_read_2_read_fu_70">
<pin_list>
<pin id="71" dir="0" index="0" bw="16" slack="0"/>
<pin id="72" dir="0" index="1" bw="16" slack="0"/>
<pin id="73" dir="1" index="2" bw="16" slack="0"/>
</pin_list>
<bind>
<opcode="read(1150) " fcode="read"/>
<opset="data_7_V_read_2/1 "/>
</bind>
</comp>

<comp id="76" class="1004" name="data_6_V_read_2_read_fu_76">
<pin_list>
<pin id="77" dir="0" index="0" bw="16" slack="0"/>
<pin id="78" dir="0" index="1" bw="16" slack="0"/>
<pin id="79" dir="1" index="2" bw="16" slack="0"/>
</pin_list>
<bind>
<opcode="read(1150) " fcode="read"/>
<opset="data_6_V_read_2/1 "/>
</bind>
</comp>

<comp id="82" class="1004" name="data_5_V_read_2_read_fu_82">
<pin_list>
<pin id="83" dir="0" index="0" bw="16" slack="0"/>
<pin id="84" dir="0" index="1" bw="16" slack="0"/>
<pin id="85" dir="1" index="2" bw="16" slack="0"/>
</pin_list>
<bind>
<opcode="read(1150) " fcode="read"/>
<opset="data_5_V_read_2/1 "/>
</bind>
</comp>

<comp id="88" class="1004" name="data_4_V_read_2_read_fu_88">
<pin_list>
<pin id="89" dir="0" index="0" bw="16" slack="0"/>
<pin id="90" dir="0" index="1" bw="16" slack="0"/>
<pin id="91" dir="1" index="2" bw="16" slack="0"/>
</pin_list>
<bind>
<opcode="read(1150) " fcode="read"/>
<opset="data_4_V_read_2/1 "/>
</bind>
</comp>

<comp id="94" class="1004" name="data_3_V_read_3_read_fu_94">
<pin_list>
<pin id="95" dir="0" index="0" bw="16" slack="0"/>
<pin id="96" dir="0" index="1" bw="16" slack="0"/>
<pin id="97" dir="1" index="2" bw="16" slack="0"/>
</pin_list>
<bind>
<opcode="read(1150) " fcode="read"/>
<opset="data_3_V_read_3/1 "/>
</bind>
</comp>

<comp id="100" class="1004" name="data_2_V_read_3_read_fu_100">
<pin_list>
<pin id="101" dir="0" index="0" bw="16" slack="0"/>
<pin id="102" dir="0" index="1" bw="16" slack="0"/>
<pin id="103" dir="1" index="2" bw="16" slack="0"/>
</pin_list>
<bind>
<opcode="read(1150) " fcode="read"/>
<opset="data_2_V_read_3/1 "/>
</bind>
</comp>

<comp id="106" class="1004" name="data_1_V_read_3_read_fu_106">
<pin_list>
<pin id="107" dir="0" index="0" bw="16" slack="0"/>
<pin id="108" dir="0" index="1" bw="16" slack="0"/>
<pin id="109" dir="1" index="2" bw="16" slack="0"/>
</pin_list>
<bind>
<opcode="read(1150) " fcode="read"/>
<opset="data_1_V_read_3/1 "/>
</bind>
</comp>

<comp id="112" class="1004" name="data_0_V_read_3_read_fu_112">
<pin_list>
<pin id="113" dir="0" index="0" bw="16" slack="0"/>
<pin id="114" dir="0" index="1" bw="16" slack="0"/>
<pin id="115" dir="1" index="2" bw="16" slack="0"/>
</pin_list>
<bind>
<opcode="read(1150) " fcode="read"/>
<opset="data_0_V_read_3/1 "/>
</bind>
</comp>

<comp id="118" class="1004" name="icmp_ln1494_fu_118">
<pin_list>
<pin id="119" dir="0" index="0" bw="16" slack="0"/>
<pin id="120" dir="0" index="1" bw="16" slack="0"/>
<pin id="121" dir="1" index="2" bw="1" slack="0"/>
</pin_list>
<bind>
<opcode="icmp(45) " fcode="icmp"/>
<opset="icmp_ln1494/1 "/>
</bind>
</comp>

<comp id="124" class="1004" name="trunc_ln_fu_124">
<pin_list>
<pin id="125" dir="0" index="0" bw="14" slack="0"/>
<pin id="126" dir="0" index="1" bw="16" slack="0"/>
<pin id="127" dir="0" index="2" bw="1" slack="0"/>
<pin id="128" dir="0" index="3" bw="5" slack="0"/>
<pin id="129" dir="1" index="4" bw="14" slack="0"/>
</pin_list>
<bind>
<opcode="partselect(1002) " fcode="partselect"/>
<opset="trunc_ln/1 "/>
</bind>
</comp>

<comp id="134" class="1004" name="select_ln1494_fu_134">
<pin_list>
<pin id="135" dir="0" index="0" bw="1" slack="0"/>
<pin id="136" dir="0" index="1" bw="14" slack="0"/>
<pin id="137" dir="0" index="2" bw="14" slack="0"/>
<pin id="138" dir="1" index="3" bw="14" slack="0"/>
</pin_list>
<bind>
<opcode="select(49) " fcode="select"/>
<opset="select_ln1494/1 "/>
</bind>
</comp>

<comp id="142" class="1004" name="zext_ln1494_fu_142">
<pin_list>
<pin id="143" dir="0" index="0" bw="14" slack="0"/>
<pin id="144" dir="1" index="1" bw="16" slack="0"/>
</pin_list>
<bind>
<opcode="zext(34) " fcode="zext"/>
<opset="zext_ln1494/1 "/>
</bind>
</comp>

<comp id="146" class="1004" name="icmp_ln1494_1_fu_146">
<pin_list>
<pin id="147" dir="0" index="0" bw="16" slack="0"/>
<pin id="148" dir="0" index="1" bw="16" slack="0"/>
<pin id="149" dir="1" index="2" bw="1" slack="0"/>
</pin_list>
<bind>
<opcode="icmp(45) " fcode="icmp"/>
<opset="icmp_ln1494_1/1 "/>
</bind>
</comp>

<comp id="152" class="1004" name="trunc_ln1494_s_fu_152">
<pin_list>
<pin id="153" dir="0" index="0" bw="14" slack="0"/>
<pin id="154" dir="0" index="1" bw="16" slack="0"/>
<pin id="155" dir="0" index="2" bw="1" slack="0"/>
<pin id="156" dir="0" index="3" bw="5" slack="0"/>
<pin id="157" dir="1" index="4" bw="14" slack="0"/>
</pin_list>
<bind>
<opcode="partselect(1002) " fcode="partselect"/>
<opset="trunc_ln1494_s/1 "/>
</bind>
</comp>

<comp id="162" class="1004" name="select_ln1494_11_fu_162">
<pin_list>
<pin id="163" dir="0" index="0" bw="1" slack="0"/>
<pin id="164" dir="0" index="1" bw="14" slack="0"/>
<pin id="165" dir="0" index="2" bw="14" slack="0"/>
<pin id="166" dir="1" index="3" bw="14" slack="0"/>
</pin_list>
<bind>
<opcode="select(49) " fcode="select"/>
<opset="select_ln1494_11/1 "/>
</bind>
</comp>

<comp id="170" class="1004" name="zext_ln1494_11_fu_170">
<pin_list>
<pin id="171" dir="0" index="0" bw="14" slack="0"/>
<pin id="172" dir="1" index="1" bw="16" slack="0"/>
</pin_list>
<bind>
<opcode="zext(34) " fcode="zext"/>
<opset="zext_ln1494_11/1 "/>
</bind>
</comp>

<comp id="174" class="1004" name="icmp_ln1494_2_fu_174">
<pin_list>
<pin id="175" dir="0" index="0" bw="16" slack="0"/>
<pin id="176" dir="0" index="1" bw="16" slack="0"/>
<pin id="177" dir="1" index="2" bw="1" slack="0"/>
</pin_list>
<bind>
<opcode="icmp(45) " fcode="icmp"/>
<opset="icmp_ln1494_2/1 "/>
</bind>
</comp>

<comp id="180" class="1004" name="trunc_ln1494_1_fu_180">
<pin_list>
<pin id="181" dir="0" index="0" bw="14" slack="0"/>
<pin id="182" dir="0" index="1" bw="16" slack="0"/>
<pin id="183" dir="0" index="2" bw="1" slack="0"/>
<pin id="184" dir="0" index="3" bw="5" slack="0"/>
<pin id="185" dir="1" index="4" bw="14" slack="0"/>
</pin_list>
<bind>
<opcode="partselect(1002) " fcode="partselect"/>
<opset="trunc_ln1494_1/1 "/>
</bind>
</comp>

<comp id="190" class="1004" name="select_ln1494_12_fu_190">
<pin_list>
<pin id="191" dir="0" index="0" bw="1" slack="0"/>
<pin id="192" dir="0" index="1" bw="14" slack="0"/>
<pin id="193" dir="0" index="2" bw="14" slack="0"/>
<pin id="194" dir="1" index="3" bw="14" slack="0"/>
</pin_list>
<bind>
<opcode="select(49) " fcode="select"/>
<opset="select_ln1494_12/1 "/>
</bind>
</comp>

<comp id="198" class="1004" name="zext_ln1494_12_fu_198">
<pin_list>
<pin id="199" dir="0" index="0" bw="14" slack="0"/>
<pin id="200" dir="1" index="1" bw="16" slack="0"/>
</pin_list>
<bind>
<opcode="zext(34) " fcode="zext"/>
<opset="zext_ln1494_12/1 "/>
</bind>
</comp>

<comp id="202" class="1004" name="icmp_ln1494_3_fu_202">
<pin_list>
<pin id="203" dir="0" index="0" bw="16" slack="0"/>
<pin id="204" dir="0" index="1" bw="16" slack="0"/>
<pin id="205" dir="1" index="2" bw="1" slack="0"/>
</pin_list>
<bind>
<opcode="icmp(45) " fcode="icmp"/>
<opset="icmp_ln1494_3/1 "/>
</bind>
</comp>

<comp id="208" class="1004" name="trunc_ln1494_2_fu_208">
<pin_list>
<pin id="209" dir="0" index="0" bw="14" slack="0"/>
<pin id="210" dir="0" index="1" bw="16" slack="0"/>
<pin id="211" dir="0" index="2" bw="1" slack="0"/>
<pin id="212" dir="0" index="3" bw="5" slack="0"/>
<pin id="213" dir="1" index="4" bw="14" slack="0"/>
</pin_list>
<bind>
<opcode="partselect(1002) " fcode="partselect"/>
<opset="trunc_ln1494_2/1 "/>
</bind>
</comp>

<comp id="218" class="1004" name="select_ln1494_13_fu_218">
<pin_list>
<pin id="219" dir="0" index="0" bw="1" slack="0"/>
<pin id="220" dir="0" index="1" bw="14" slack="0"/>
<pin id="221" dir="0" index="2" bw="14" slack="0"/>
<pin id="222" dir="1" index="3" bw="14" slack="0"/>
</pin_list>
<bind>
<opcode="select(49) " fcode="select"/>
<opset="select_ln1494_13/1 "/>
</bind>
</comp>

<comp id="226" class="1004" name="zext_ln1494_13_fu_226">
<pin_list>
<pin id="227" dir="0" index="0" bw="14" slack="0"/>
<pin id="228" dir="1" index="1" bw="16" slack="0"/>
</pin_list>
<bind>
<opcode="zext(34) " fcode="zext"/>
<opset="zext_ln1494_13/1 "/>
</bind>
</comp>

<comp id="230" class="1004" name="icmp_ln1494_4_fu_230">
<pin_list>
<pin id="231" dir="0" index="0" bw="16" slack="0"/>
<pin id="232" dir="0" index="1" bw="16" slack="0"/>
<pin id="233" dir="1" index="2" bw="1" slack="0"/>
</pin_list>
<bind>
<opcode="icmp(45) " fcode="icmp"/>
<opset="icmp_ln1494_4/1 "/>
</bind>
</comp>

<comp id="236" class="1004" name="trunc_ln1494_3_fu_236">
<pin_list>
<pin id="237" dir="0" index="0" bw="14" slack="0"/>
<pin id="238" dir="0" index="1" bw="16" slack="0"/>
<pin id="239" dir="0" index="2" bw="1" slack="0"/>
<pin id="240" dir="0" index="3" bw="5" slack="0"/>
<pin id="241" dir="1" index="4" bw="14" slack="0"/>
</pin_list>
<bind>
<opcode="partselect(1002) " fcode="partselect"/>
<opset="trunc_ln1494_3/1 "/>
</bind>
</comp>

<comp id="246" class="1004" name="select_ln1494_14_fu_246">
<pin_list>
<pin id="247" dir="0" index="0" bw="1" slack="0"/>
<pin id="248" dir="0" index="1" bw="14" slack="0"/>
<pin id="249" dir="0" index="2" bw="14" slack="0"/>
<pin id="250" dir="1" index="3" bw="14" slack="0"/>
</pin_list>
<bind>
<opcode="select(49) " fcode="select"/>
<opset="select_ln1494_14/1 "/>
</bind>
</comp>

<comp id="254" class="1004" name="zext_ln1494_14_fu_254">
<pin_list>
<pin id="255" dir="0" index="0" bw="14" slack="0"/>
<pin id="256" dir="1" index="1" bw="16" slack="0"/>
</pin_list>
<bind>
<opcode="zext(34) " fcode="zext"/>
<opset="zext_ln1494_14/1 "/>
</bind>
</comp>

<comp id="258" class="1004" name="icmp_ln1494_5_fu_258">
<pin_list>
<pin id="259" dir="0" index="0" bw="16" slack="0"/>
<pin id="260" dir="0" index="1" bw="16" slack="0"/>
<pin id="261" dir="1" index="2" bw="1" slack="0"/>
</pin_list>
<bind>
<opcode="icmp(45) " fcode="icmp"/>
<opset="icmp_ln1494_5/1 "/>
</bind>
</comp>

<comp id="264" class="1004" name="trunc_ln1494_4_fu_264">
<pin_list>
<pin id="265" dir="0" index="0" bw="14" slack="0"/>
<pin id="266" dir="0" index="1" bw="16" slack="0"/>
<pin id="267" dir="0" index="2" bw="1" slack="0"/>
<pin id="268" dir="0" index="3" bw="5" slack="0"/>
<pin id="269" dir="1" index="4" bw="14" slack="0"/>
</pin_list>
<bind>
<opcode="partselect(1002) " fcode="partselect"/>
<opset="trunc_ln1494_4/1 "/>
</bind>
</comp>

<comp id="274" class="1004" name="select_ln1494_15_fu_274">
<pin_list>
<pin id="275" dir="0" index="0" bw="1" slack="0"/>
<pin id="276" dir="0" index="1" bw="14" slack="0"/>
<pin id="277" dir="0" index="2" bw="14" slack="0"/>
<pin id="278" dir="1" index="3" bw="14" slack="0"/>
</pin_list>
<bind>
<opcode="select(49) " fcode="select"/>
<opset="select_ln1494_15/1 "/>
</bind>
</comp>

<comp id="282" class="1004" name="zext_ln1494_15_fu_282">
<pin_list>
<pin id="283" dir="0" index="0" bw="14" slack="0"/>
<pin id="284" dir="1" index="1" bw="16" slack="0"/>
</pin_list>
<bind>
<opcode="zext(34) " fcode="zext"/>
<opset="zext_ln1494_15/1 "/>
</bind>
</comp>

<comp id="286" class="1004" name="icmp_ln1494_6_fu_286">
<pin_list>
<pin id="287" dir="0" index="0" bw="16" slack="0"/>
<pin id="288" dir="0" index="1" bw="16" slack="0"/>
<pin id="289" dir="1" index="2" bw="1" slack="0"/>
</pin_list>
<bind>
<opcode="icmp(45) " fcode="icmp"/>
<opset="icmp_ln1494_6/1 "/>
</bind>
</comp>

<comp id="292" class="1004" name="trunc_ln1494_5_fu_292">
<pin_list>
<pin id="293" dir="0" index="0" bw="14" slack="0"/>
<pin id="294" dir="0" index="1" bw="16" slack="0"/>
<pin id="295" dir="0" index="2" bw="1" slack="0"/>
<pin id="296" dir="0" index="3" bw="5" slack="0"/>
<pin id="297" dir="1" index="4" bw="14" slack="0"/>
</pin_list>
<bind>
<opcode="partselect(1002) " fcode="partselect"/>
<opset="trunc_ln1494_5/1 "/>
</bind>
</comp>

<comp id="302" class="1004" name="select_ln1494_16_fu_302">
<pin_list>
<pin id="303" dir="0" index="0" bw="1" slack="0"/>
<pin id="304" dir="0" index="1" bw="14" slack="0"/>
<pin id="305" dir="0" index="2" bw="14" slack="0"/>
<pin id="306" dir="1" index="3" bw="14" slack="0"/>
</pin_list>
<bind>
<opcode="select(49) " fcode="select"/>
<opset="select_ln1494_16/1 "/>
</bind>
</comp>

<comp id="310" class="1004" name="zext_ln1494_16_fu_310">
<pin_list>
<pin id="311" dir="0" index="0" bw="14" slack="0"/>
<pin id="312" dir="1" index="1" bw="16" slack="0"/>
</pin_list>
<bind>
<opcode="zext(34) " fcode="zext"/>
<opset="zext_ln1494_16/1 "/>
</bind>
</comp>

<comp id="314" class="1004" name="icmp_ln1494_7_fu_314">
<pin_list>
<pin id="315" dir="0" index="0" bw="16" slack="0"/>
<pin id="316" dir="0" index="1" bw="16" slack="0"/>
<pin id="317" dir="1" index="2" bw="1" slack="0"/>
</pin_list>
<bind>
<opcode="icmp(45) " fcode="icmp"/>
<opset="icmp_ln1494_7/1 "/>
</bind>
</comp>

<comp id="320" class="1004" name="trunc_ln1494_6_fu_320">
<pin_list>
<pin id="321" dir="0" index="0" bw="14" slack="0"/>
<pin id="322" dir="0" index="1" bw="16" slack="0"/>
<pin id="323" dir="0" index="2" bw="1" slack="0"/>
<pin id="324" dir="0" index="3" bw="5" slack="0"/>
<pin id="325" dir="1" index="4" bw="14" slack="0"/>
</pin_list>
<bind>
<opcode="partselect(1002) " fcode="partselect"/>
<opset="trunc_ln1494_6/1 "/>
</bind>
</comp>

<comp id="330" class="1004" name="select_ln1494_17_fu_330">
<pin_list>
<pin id="331" dir="0" index="0" bw="1" slack="0"/>
<pin id="332" dir="0" index="1" bw="14" slack="0"/>
<pin id="333" dir="0" index="2" bw="14" slack="0"/>
<pin id="334" dir="1" index="3" bw="14" slack="0"/>
</pin_list>
<bind>
<opcode="select(49) " fcode="select"/>
<opset="select_ln1494_17/1 "/>
</bind>
</comp>

<comp id="338" class="1004" name="zext_ln1494_17_fu_338">
<pin_list>
<pin id="339" dir="0" index="0" bw="14" slack="0"/>
<pin id="340" dir="1" index="1" bw="16" slack="0"/>
</pin_list>
<bind>
<opcode="zext(34) " fcode="zext"/>
<opset="zext_ln1494_17/1 "/>
</bind>
</comp>

<comp id="342" class="1004" name="icmp_ln1494_8_fu_342">
<pin_list>
<pin id="343" dir="0" index="0" bw="16" slack="0"/>
<pin id="344" dir="0" index="1" bw="16" slack="0"/>
<pin id="345" dir="1" index="2" bw="1" slack="0"/>
</pin_list>
<bind>
<opcode="icmp(45) " fcode="icmp"/>
<opset="icmp_ln1494_8/1 "/>
</bind>
</comp>

<comp id="348" class="1004" name="trunc_ln1494_7_fu_348">
<pin_list>
<pin id="349" dir="0" index="0" bw="14" slack="0"/>
<pin id="350" dir="0" index="1" bw="16" slack="0"/>
<pin id="351" dir="0" index="2" bw="1" slack="0"/>
<pin id="352" dir="0" index="3" bw="5" slack="0"/>
<pin id="353" dir="1" index="4" bw="14" slack="0"/>
</pin_list>
<bind>
<opcode="partselect(1002) " fcode="partselect"/>
<opset="trunc_ln1494_7/1 "/>
</bind>
</comp>

<comp id="358" class="1004" name="select_ln1494_18_fu_358">
<pin_list>
<pin id="359" dir="0" index="0" bw="1" slack="0"/>
<pin id="360" dir="0" index="1" bw="14" slack="0"/>
<pin id="361" dir="0" index="2" bw="14" slack="0"/>
<pin id="362" dir="1" index="3" bw="14" slack="0"/>
</pin_list>
<bind>
<opcode="select(49) " fcode="select"/>
<opset="select_ln1494_18/1 "/>
</bind>
</comp>

<comp id="366" class="1004" name="zext_ln1494_18_fu_366">
<pin_list>
<pin id="367" dir="0" index="0" bw="14" slack="0"/>
<pin id="368" dir="1" index="1" bw="16" slack="0"/>
</pin_list>
<bind>
<opcode="zext(34) " fcode="zext"/>
<opset="zext_ln1494_18/1 "/>
</bind>
</comp>

<comp id="370" class="1004" name="icmp_ln1494_9_fu_370">
<pin_list>
<pin id="371" dir="0" index="0" bw="16" slack="0"/>
<pin id="372" dir="0" index="1" bw="16" slack="0"/>
<pin id="373" dir="1" index="2" bw="1" slack="0"/>
</pin_list>
<bind>
<opcode="icmp(45) " fcode="icmp"/>
<opset="icmp_ln1494_9/1 "/>
</bind>
</comp>

<comp id="376" class="1004" name="trunc_ln1494_8_fu_376">
<pin_list>
<pin id="377" dir="0" index="0" bw="14" slack="0"/>
<pin id="378" dir="0" index="1" bw="16" slack="0"/>
<pin id="379" dir="0" index="2" bw="1" slack="0"/>
<pin id="380" dir="0" index="3" bw="5" slack="0"/>
<pin id="381" dir="1" index="4" bw="14" slack="0"/>
</pin_list>
<bind>
<opcode="partselect(1002) " fcode="partselect"/>
<opset="trunc_ln1494_8/1 "/>
</bind>
</comp>

<comp id="386" class="1004" name="select_ln1494_19_fu_386">
<pin_list>
<pin id="387" dir="0" index="0" bw="1" slack="0"/>
<pin id="388" dir="0" index="1" bw="14" slack="0"/>
<pin id="389" dir="0" index="2" bw="14" slack="0"/>
<pin id="390" dir="1" index="3" bw="14" slack="0"/>
</pin_list>
<bind>
<opcode="select(49) " fcode="select"/>
<opset="select_ln1494_19/1 "/>
</bind>
</comp>

<comp id="394" class="1004" name="zext_ln1494_19_fu_394">
<pin_list>
<pin id="395" dir="0" index="0" bw="14" slack="0"/>
<pin id="396" dir="1" index="1" bw="16" slack="0"/>
</pin_list>
<bind>
<opcode="zext(34) " fcode="zext"/>
<opset="zext_ln1494_19/1 "/>
</bind>
</comp>

<comp id="398" class="1004" name="icmp_ln1494_10_fu_398">
<pin_list>
<pin id="399" dir="0" index="0" bw="16" slack="0"/>
<pin id="400" dir="0" index="1" bw="16" slack="0"/>
<pin id="401" dir="1" index="2" bw="1" slack="0"/>
</pin_list>
<bind>
<opcode="icmp(45) " fcode="icmp"/>
<opset="icmp_ln1494_10/1 "/>
</bind>
</comp>

<comp id="404" class="1004" name="trunc_ln1494_9_fu_404">
<pin_list>
<pin id="405" dir="0" index="0" bw="14" slack="0"/>
<pin id="406" dir="0" index="1" bw="16" slack="0"/>
<pin id="407" dir="0" index="2" bw="1" slack="0"/>
<pin id="408" dir="0" index="3" bw="5" slack="0"/>
<pin id="409" dir="1" index="4" bw="14" slack="0"/>
</pin_list>
<bind>
<opcode="partselect(1002) " fcode="partselect"/>
<opset="trunc_ln1494_9/1 "/>
</bind>
</comp>

<comp id="414" class="1004" name="select_ln1494_20_fu_414">
<pin_list>
<pin id="415" dir="0" index="0" bw="1" slack="0"/>
<pin id="416" dir="0" index="1" bw="14" slack="0"/>
<pin id="417" dir="0" index="2" bw="14" slack="0"/>
<pin id="418" dir="1" index="3" bw="14" slack="0"/>
</pin_list>
<bind>
<opcode="select(49) " fcode="select"/>
<opset="select_ln1494_20/1 "/>
</bind>
</comp>

<comp id="422" class="1004" name="zext_ln1494_20_fu_422">
<pin_list>
<pin id="423" dir="0" index="0" bw="14" slack="0"/>
<pin id="424" dir="1" index="1" bw="16" slack="0"/>
</pin_list>
<bind>
<opcode="zext(34) " fcode="zext"/>
<opset="zext_ln1494_20/1 "/>
</bind>
</comp>

<comp id="426" class="1004" name="icmp_ln1494_11_fu_426">
<pin_list>
<pin id="427" dir="0" index="0" bw="16" slack="0"/>
<pin id="428" dir="0" index="1" bw="16" slack="0"/>
<pin id="429" dir="1" index="2" bw="1" slack="0"/>
</pin_list>
<bind>
<opcode="icmp(45) " fcode="icmp"/>
<opset="icmp_ln1494_11/1 "/>
</bind>
</comp>

<comp id="432" class="1004" name="trunc_ln1494_10_fu_432">
<pin_list>
<pin id="433" dir="0" index="0" bw="14" slack="0"/>
<pin id="434" dir="0" index="1" bw="16" slack="0"/>
<pin id="435" dir="0" index="2" bw="1" slack="0"/>
<pin id="436" dir="0" index="3" bw="5" slack="0"/>
<pin id="437" dir="1" index="4" bw="14" slack="0"/>
</pin_list>
<bind>
<opcode="partselect(1002) " fcode="partselect"/>
<opset="trunc_ln1494_10/1 "/>
</bind>
</comp>

<comp id="442" class="1004" name="select_ln1494_21_fu_442">
<pin_list>
<pin id="443" dir="0" index="0" bw="1" slack="0"/>
<pin id="444" dir="0" index="1" bw="14" slack="0"/>
<pin id="445" dir="0" index="2" bw="14" slack="0"/>
<pin id="446" dir="1" index="3" bw="14" slack="0"/>
</pin_list>
<bind>
<opcode="select(49) " fcode="select"/>
<opset="select_ln1494_21/1 "/>
</bind>
</comp>

<comp id="450" class="1004" name="zext_ln1494_21_fu_450">
<pin_list>
<pin id="451" dir="0" index="0" bw="14" slack="0"/>
<pin id="452" dir="1" index="1" bw="16" slack="0"/>
</pin_list>
<bind>
<opcode="zext(34) " fcode="zext"/>
<opset="zext_ln1494_21/1 "/>
</bind>
</comp>

<comp id="454" class="1004" name="mrv_fu_454">
<pin_list>
<pin id="455" dir="0" index="0" bw="192" slack="0"/>
<pin id="456" dir="0" index="1" bw="14" slack="0"/>
<pin id="457" dir="1" index="2" bw="192" slack="0"/>
</pin_list>
<bind>
<opcode="insertvalue(57) " fcode="insertvalue"/>
<opset="mrv/1 "/>
</bind>
</comp>

<comp id="460" class="1004" name="mrv_1_fu_460">
<pin_list>
<pin id="461" dir="0" index="0" bw="192" slack="0"/>
<pin id="462" dir="0" index="1" bw="14" slack="0"/>
<pin id="463" dir="1" index="2" bw="192" slack="0"/>
</pin_list>
<bind>
<opcode="insertvalue(57) " fcode="insertvalue"/>
<opset="mrv_1/1 "/>
</bind>
</comp>

<comp id="466" class="1004" name="mrv_2_fu_466">
<pin_list>
<pin id="467" dir="0" index="0" bw="192" slack="0"/>
<pin id="468" dir="0" index="1" bw="14" slack="0"/>
<pin id="469" dir="1" index="2" bw="192" slack="0"/>
</pin_list>
<bind>
<opcode="insertvalue(57) " fcode="insertvalue"/>
<opset="mrv_2/1 "/>
</bind>
</comp>

<comp id="472" class="1004" name="mrv_3_fu_472">
<pin_list>
<pin id="473" dir="0" index="0" bw="192" slack="0"/>
<pin id="474" dir="0" index="1" bw="14" slack="0"/>
<pin id="475" dir="1" index="2" bw="192" slack="0"/>
</pin_list>
<bind>
<opcode="insertvalue(57) " fcode="insertvalue"/>
<opset="mrv_3/1 "/>
</bind>
</comp>

<comp id="478" class="1004" name="mrv_4_fu_478">
<pin_list>
<pin id="479" dir="0" index="0" bw="192" slack="0"/>
<pin id="480" dir="0" index="1" bw="14" slack="0"/>
<pin id="481" dir="1" index="2" bw="192" slack="0"/>
</pin_list>
<bind>
<opcode="insertvalue(57) " fcode="insertvalue"/>
<opset="mrv_4/1 "/>
</bind>
</comp>

<comp id="484" class="1004" name="mrv_5_fu_484">
<pin_list>
<pin id="485" dir="0" index="0" bw="192" slack="0"/>
<pin id="486" dir="0" index="1" bw="14" slack="0"/>
<pin id="487" dir="1" index="2" bw="192" slack="0"/>
</pin_list>
<bind>
<opcode="insertvalue(57) " fcode="insertvalue"/>
<opset="mrv_5/1 "/>
</bind>
</comp>

<comp id="490" class="1004" name="mrv_6_fu_490">
<pin_list>
<pin id="491" dir="0" index="0" bw="192" slack="0"/>
<pin id="492" dir="0" index="1" bw="14" slack="0"/>
<pin id="493" dir="1" index="2" bw="192" slack="0"/>
</pin_list>
<bind>
<opcode="insertvalue(57) " fcode="insertvalue"/>
<opset="mrv_6/1 "/>
</bind>
</comp>

<comp id="496" class="1004" name="mrv_7_fu_496">
<pin_list>
<pin id="497" dir="0" index="0" bw="192" slack="0"/>
<pin id="498" dir="0" index="1" bw="14" slack="0"/>
<pin id="499" dir="1" index="2" bw="192" slack="0"/>
</pin_list>
<bind>
<opcode="insertvalue(57) " fcode="insertvalue"/>
<opset="mrv_7/1 "/>
</bind>
</comp>

<comp id="502" class="1004" name="mrv_8_fu_502">
<pin_list>
<pin id="503" dir="0" index="0" bw="192" slack="0"/>
<pin id="504" dir="0" index="1" bw="14" slack="0"/>
<pin id="505" dir="1" index="2" bw="192" slack="0"/>
</pin_list>
<bind>
<opcode="insertvalue(57) " fcode="insertvalue"/>
<opset="mrv_8/1 "/>
</bind>
</comp>

<comp id="508" class="1004" name="mrv_9_fu_508">
<pin_list>
<pin id="509" dir="0" index="0" bw="192" slack="0"/>
<pin id="510" dir="0" index="1" bw="14" slack="0"/>
<pin id="511" dir="1" index="2" bw="192" slack="0"/>
</pin_list>
<bind>
<opcode="insertvalue(57) " fcode="insertvalue"/>
<opset="mrv_9/1 "/>
</bind>
</comp>

<comp id="514" class="1004" name="mrv_s_fu_514">
<pin_list>
<pin id="515" dir="0" index="0" bw="192" slack="0"/>
<pin id="516" dir="0" index="1" bw="14" slack="0"/>
<pin id="517" dir="1" index="2" bw="192" slack="0"/>
</pin_list>
<bind>
<opcode="insertvalue(57) " fcode="insertvalue"/>
<opset="mrv_s/1 "/>
</bind>
</comp>

<comp id="520" class="1004" name="mrv_10_fu_520">
<pin_list>
<pin id="521" dir="0" index="0" bw="192" slack="0"/>
<pin id="522" dir="0" index="1" bw="14" slack="0"/>
<pin id="523" dir="1" index="2" bw="192" slack="2147483647"/>
</pin_list>
<bind>
<opcode="insertvalue(57) " fcode="insertvalue"/>
<opset="mrv_10/1 "/>
</bind>
</comp>

</comp_list>

<net_list>
<net id="50"><net_src comp="24" pin="0"/><net_sink comp="46" pin=0"/></net>

<net id="51"><net_src comp="22" pin="0"/><net_sink comp="46" pin=1"/></net>

<net id="56"><net_src comp="24" pin="0"/><net_sink comp="52" pin=0"/></net>

<net id="57"><net_src comp="20" pin="0"/><net_sink comp="52" pin=1"/></net>

<net id="62"><net_src comp="24" pin="0"/><net_sink comp="58" pin=0"/></net>

<net id="63"><net_src comp="18" pin="0"/><net_sink comp="58" pin=1"/></net>

<net id="68"><net_src comp="24" pin="0"/><net_sink comp="64" pin=0"/></net>

<net id="69"><net_src comp="16" pin="0"/><net_sink comp="64" pin=1"/></net>

<net id="74"><net_src comp="24" pin="0"/><net_sink comp="70" pin=0"/></net>

<net id="75"><net_src comp="14" pin="0"/><net_sink comp="70" pin=1"/></net>

<net id="80"><net_src comp="24" pin="0"/><net_sink comp="76" pin=0"/></net>

<net id="81"><net_src comp="12" pin="0"/><net_sink comp="76" pin=1"/></net>

<net id="86"><net_src comp="24" pin="0"/><net_sink comp="82" pin=0"/></net>

<net id="87"><net_src comp="10" pin="0"/><net_sink comp="82" pin=1"/></net>

<net id="92"><net_src comp="24" pin="0"/><net_sink comp="88" pin=0"/></net>

<net id="93"><net_src comp="8" pin="0"/><net_sink comp="88" pin=1"/></net>

<net id="98"><net_src comp="24" pin="0"/><net_sink comp="94" pin=0"/></net>

<net id="99"><net_src comp="6" pin="0"/><net_sink comp="94" pin=1"/></net>

<net id="104"><net_src comp="24" pin="0"/><net_sink comp="100" pin=0"/></net>

<net id="105"><net_src comp="4" pin="0"/><net_sink comp="100" pin=1"/></net>

<net id="110"><net_src comp="24" pin="0"/><net_sink comp="106" pin=0"/></net>

<net id="111"><net_src comp="2" pin="0"/><net_sink comp="106" pin=1"/></net>

<net id="116"><net_src comp="24" pin="0"/><net_sink comp="112" pin=0"/></net>

<net id="117"><net_src comp="0" pin="0"/><net_sink comp="112" pin=1"/></net>

<net id="122"><net_src comp="112" pin="2"/><net_sink comp="118" pin=0"/></net>

<net id="123"><net_src comp="36" pin="0"/><net_sink comp="118" pin=1"/></net>

<net id="130"><net_src comp="38" pin="0"/><net_sink comp="124" pin=0"/></net>

<net id="131"><net_src comp="112" pin="2"/><net_sink comp="124" pin=1"/></net>

<net id="132"><net_src comp="30" pin="0"/><net_sink comp="124" pin=2"/></net>

<net id="133"><net_src comp="40" pin="0"/><net_sink comp="124" pin=3"/></net>

<net id="139"><net_src comp="118" pin="2"/><net_sink comp="134" pin=0"/></net>

<net id="140"><net_src comp="124" pin="4"/><net_sink comp="134" pin=1"/></net>

<net id="141"><net_src comp="42" pin="0"/><net_sink comp="134" pin=2"/></net>

<net id="145"><net_src comp="134" pin="3"/><net_sink comp="142" pin=0"/></net>

<net id="150"><net_src comp="106" pin="2"/><net_sink comp="146" pin=0"/></net>

<net id="151"><net_src comp="36" pin="0"/><net_sink comp="146" pin=1"/></net>

<net id="158"><net_src comp="38" pin="0"/><net_sink comp="152" pin=0"/></net>

<net id="159"><net_src comp="106" pin="2"/><net_sink comp="152" pin=1"/></net>

<net id="160"><net_src comp="30" pin="0"/><net_sink comp="152" pin=2"/></net>

<net id="161"><net_src comp="40" pin="0"/><net_sink comp="152" pin=3"/></net>

<net id="167"><net_src comp="146" pin="2"/><net_sink comp="162" pin=0"/></net>

<net id="168"><net_src comp="152" pin="4"/><net_sink comp="162" pin=1"/></net>

<net id="169"><net_src comp="42" pin="0"/><net_sink comp="162" pin=2"/></net>

<net id="173"><net_src comp="162" pin="3"/><net_sink comp="170" pin=0"/></net>

<net id="178"><net_src comp="100" pin="2"/><net_sink comp="174" pin=0"/></net>

<net id="179"><net_src comp="36" pin="0"/><net_sink comp="174" pin=1"/></net>

<net id="186"><net_src comp="38" pin="0"/><net_sink comp="180" pin=0"/></net>

<net id="187"><net_src comp="100" pin="2"/><net_sink comp="180" pin=1"/></net>

<net id="188"><net_src comp="30" pin="0"/><net_sink comp="180" pin=2"/></net>

<net id="189"><net_src comp="40" pin="0"/><net_sink comp="180" pin=3"/></net>

<net id="195"><net_src comp="174" pin="2"/><net_sink comp="190" pin=0"/></net>

<net id="196"><net_src comp="180" pin="4"/><net_sink comp="190" pin=1"/></net>

<net id="197"><net_src comp="42" pin="0"/><net_sink comp="190" pin=2"/></net>

<net id="201"><net_src comp="190" pin="3"/><net_sink comp="198" pin=0"/></net>

<net id="206"><net_src comp="94" pin="2"/><net_sink comp="202" pin=0"/></net>

<net id="207"><net_src comp="36" pin="0"/><net_sink comp="202" pin=1"/></net>

<net id="214"><net_src comp="38" pin="0"/><net_sink comp="208" pin=0"/></net>

<net id="215"><net_src comp="94" pin="2"/><net_sink comp="208" pin=1"/></net>

<net id="216"><net_src comp="30" pin="0"/><net_sink comp="208" pin=2"/></net>

<net id="217"><net_src comp="40" pin="0"/><net_sink comp="208" pin=3"/></net>

<net id="223"><net_src comp="202" pin="2"/><net_sink comp="218" pin=0"/></net>

<net id="224"><net_src comp="208" pin="4"/><net_sink comp="218" pin=1"/></net>

<net id="225"><net_src comp="42" pin="0"/><net_sink comp="218" pin=2"/></net>

<net id="229"><net_src comp="218" pin="3"/><net_sink comp="226" pin=0"/></net>

<net id="234"><net_src comp="88" pin="2"/><net_sink comp="230" pin=0"/></net>

<net id="235"><net_src comp="36" pin="0"/><net_sink comp="230" pin=1"/></net>

<net id="242"><net_src comp="38" pin="0"/><net_sink comp="236" pin=0"/></net>

<net id="243"><net_src comp="88" pin="2"/><net_sink comp="236" pin=1"/></net>

<net id="244"><net_src comp="30" pin="0"/><net_sink comp="236" pin=2"/></net>

<net id="245"><net_src comp="40" pin="0"/><net_sink comp="236" pin=3"/></net>

<net id="251"><net_src comp="230" pin="2"/><net_sink comp="246" pin=0"/></net>

<net id="252"><net_src comp="236" pin="4"/><net_sink comp="246" pin=1"/></net>

<net id="253"><net_src comp="42" pin="0"/><net_sink comp="246" pin=2"/></net>

<net id="257"><net_src comp="246" pin="3"/><net_sink comp="254" pin=0"/></net>

<net id="262"><net_src comp="82" pin="2"/><net_sink comp="258" pin=0"/></net>

<net id="263"><net_src comp="36" pin="0"/><net_sink comp="258" pin=1"/></net>

<net id="270"><net_src comp="38" pin="0"/><net_sink comp="264" pin=0"/></net>

<net id="271"><net_src comp="82" pin="2"/><net_sink comp="264" pin=1"/></net>

<net id="272"><net_src comp="30" pin="0"/><net_sink comp="264" pin=2"/></net>

<net id="273"><net_src comp="40" pin="0"/><net_sink comp="264" pin=3"/></net>

<net id="279"><net_src comp="258" pin="2"/><net_sink comp="274" pin=0"/></net>

<net id="280"><net_src comp="264" pin="4"/><net_sink comp="274" pin=1"/></net>

<net id="281"><net_src comp="42" pin="0"/><net_sink comp="274" pin=2"/></net>

<net id="285"><net_src comp="274" pin="3"/><net_sink comp="282" pin=0"/></net>

<net id="290"><net_src comp="76" pin="2"/><net_sink comp="286" pin=0"/></net>

<net id="291"><net_src comp="36" pin="0"/><net_sink comp="286" pin=1"/></net>

<net id="298"><net_src comp="38" pin="0"/><net_sink comp="292" pin=0"/></net>

<net id="299"><net_src comp="76" pin="2"/><net_sink comp="292" pin=1"/></net>

<net id="300"><net_src comp="30" pin="0"/><net_sink comp="292" pin=2"/></net>

<net id="301"><net_src comp="40" pin="0"/><net_sink comp="292" pin=3"/></net>

<net id="307"><net_src comp="286" pin="2"/><net_sink comp="302" pin=0"/></net>

<net id="308"><net_src comp="292" pin="4"/><net_sink comp="302" pin=1"/></net>

<net id="309"><net_src comp="42" pin="0"/><net_sink comp="302" pin=2"/></net>

<net id="313"><net_src comp="302" pin="3"/><net_sink comp="310" pin=0"/></net>

<net id="318"><net_src comp="70" pin="2"/><net_sink comp="314" pin=0"/></net>

<net id="319"><net_src comp="36" pin="0"/><net_sink comp="314" pin=1"/></net>

<net id="326"><net_src comp="38" pin="0"/><net_sink comp="320" pin=0"/></net>

<net id="327"><net_src comp="70" pin="2"/><net_sink comp="320" pin=1"/></net>

<net id="328"><net_src comp="30" pin="0"/><net_sink comp="320" pin=2"/></net>

<net id="329"><net_src comp="40" pin="0"/><net_sink comp="320" pin=3"/></net>

<net id="335"><net_src comp="314" pin="2"/><net_sink comp="330" pin=0"/></net>

<net id="336"><net_src comp="320" pin="4"/><net_sink comp="330" pin=1"/></net>

<net id="337"><net_src comp="42" pin="0"/><net_sink comp="330" pin=2"/></net>

<net id="341"><net_src comp="330" pin="3"/><net_sink comp="338" pin=0"/></net>

<net id="346"><net_src comp="64" pin="2"/><net_sink comp="342" pin=0"/></net>

<net id="347"><net_src comp="36" pin="0"/><net_sink comp="342" pin=1"/></net>

<net id="354"><net_src comp="38" pin="0"/><net_sink comp="348" pin=0"/></net>

<net id="355"><net_src comp="64" pin="2"/><net_sink comp="348" pin=1"/></net>

<net id="356"><net_src comp="30" pin="0"/><net_sink comp="348" pin=2"/></net>

<net id="357"><net_src comp="40" pin="0"/><net_sink comp="348" pin=3"/></net>

<net id="363"><net_src comp="342" pin="2"/><net_sink comp="358" pin=0"/></net>

<net id="364"><net_src comp="348" pin="4"/><net_sink comp="358" pin=1"/></net>

<net id="365"><net_src comp="42" pin="0"/><net_sink comp="358" pin=2"/></net>

<net id="369"><net_src comp="358" pin="3"/><net_sink comp="366" pin=0"/></net>

<net id="374"><net_src comp="58" pin="2"/><net_sink comp="370" pin=0"/></net>

<net id="375"><net_src comp="36" pin="0"/><net_sink comp="370" pin=1"/></net>

<net id="382"><net_src comp="38" pin="0"/><net_sink comp="376" pin=0"/></net>

<net id="383"><net_src comp="58" pin="2"/><net_sink comp="376" pin=1"/></net>

<net id="384"><net_src comp="30" pin="0"/><net_sink comp="376" pin=2"/></net>

<net id="385"><net_src comp="40" pin="0"/><net_sink comp="376" pin=3"/></net>

<net id="391"><net_src comp="370" pin="2"/><net_sink comp="386" pin=0"/></net>

<net id="392"><net_src comp="376" pin="4"/><net_sink comp="386" pin=1"/></net>

<net id="393"><net_src comp="42" pin="0"/><net_sink comp="386" pin=2"/></net>

<net id="397"><net_src comp="386" pin="3"/><net_sink comp="394" pin=0"/></net>

<net id="402"><net_src comp="52" pin="2"/><net_sink comp="398" pin=0"/></net>

<net id="403"><net_src comp="36" pin="0"/><net_sink comp="398" pin=1"/></net>

<net id="410"><net_src comp="38" pin="0"/><net_sink comp="404" pin=0"/></net>

<net id="411"><net_src comp="52" pin="2"/><net_sink comp="404" pin=1"/></net>

<net id="412"><net_src comp="30" pin="0"/><net_sink comp="404" pin=2"/></net>

<net id="413"><net_src comp="40" pin="0"/><net_sink comp="404" pin=3"/></net>

<net id="419"><net_src comp="398" pin="2"/><net_sink comp="414" pin=0"/></net>

<net id="420"><net_src comp="404" pin="4"/><net_sink comp="414" pin=1"/></net>

<net id="421"><net_src comp="42" pin="0"/><net_sink comp="414" pin=2"/></net>

<net id="425"><net_src comp="414" pin="3"/><net_sink comp="422" pin=0"/></net>

<net id="430"><net_src comp="46" pin="2"/><net_sink comp="426" pin=0"/></net>

<net id="431"><net_src comp="36" pin="0"/><net_sink comp="426" pin=1"/></net>

<net id="438"><net_src comp="38" pin="0"/><net_sink comp="432" pin=0"/></net>

<net id="439"><net_src comp="46" pin="2"/><net_sink comp="432" pin=1"/></net>

<net id="440"><net_src comp="30" pin="0"/><net_sink comp="432" pin=2"/></net>

<net id="441"><net_src comp="40" pin="0"/><net_sink comp="432" pin=3"/></net>

<net id="447"><net_src comp="426" pin="2"/><net_sink comp="442" pin=0"/></net>

<net id="448"><net_src comp="432" pin="4"/><net_sink comp="442" pin=1"/></net>

<net id="449"><net_src comp="42" pin="0"/><net_sink comp="442" pin=2"/></net>

<net id="453"><net_src comp="442" pin="3"/><net_sink comp="450" pin=0"/></net>

<net id="458"><net_src comp="44" pin="0"/><net_sink comp="454" pin=0"/></net>

<net id="459"><net_src comp="142" pin="1"/><net_sink comp="454" pin=1"/></net>

<net id="464"><net_src comp="454" pin="2"/><net_sink comp="460" pin=0"/></net>

<net id="465"><net_src comp="170" pin="1"/><net_sink comp="460" pin=1"/></net>

<net id="470"><net_src comp="460" pin="2"/><net_sink comp="466" pin=0"/></net>

<net id="471"><net_src comp="198" pin="1"/><net_sink comp="466" pin=1"/></net>

<net id="476"><net_src comp="466" pin="2"/><net_sink comp="472" pin=0"/></net>

<net id="477"><net_src comp="226" pin="1"/><net_sink comp="472" pin=1"/></net>

<net id="482"><net_src comp="472" pin="2"/><net_sink comp="478" pin=0"/></net>

<net id="483"><net_src comp="254" pin="1"/><net_sink comp="478" pin=1"/></net>

<net id="488"><net_src comp="478" pin="2"/><net_sink comp="484" pin=0"/></net>

<net id="489"><net_src comp="282" pin="1"/><net_sink comp="484" pin=1"/></net>

<net id="494"><net_src comp="484" pin="2"/><net_sink comp="490" pin=0"/></net>

<net id="495"><net_src comp="310" pin="1"/><net_sink comp="490" pin=1"/></net>

<net id="500"><net_src comp="490" pin="2"/><net_sink comp="496" pin=0"/></net>

<net id="501"><net_src comp="338" pin="1"/><net_sink comp="496" pin=1"/></net>

<net id="506"><net_src comp="496" pin="2"/><net_sink comp="502" pin=0"/></net>

<net id="507"><net_src comp="366" pin="1"/><net_sink comp="502" pin=1"/></net>

<net id="512"><net_src comp="502" pin="2"/><net_sink comp="508" pin=0"/></net>

<net id="513"><net_src comp="394" pin="1"/><net_sink comp="508" pin=1"/></net>

<net id="518"><net_src comp="508" pin="2"/><net_sink comp="514" pin=0"/></net>

<net id="519"><net_src comp="422" pin="1"/><net_sink comp="514" pin=1"/></net>

<net id="524"><net_src comp="514" pin="2"/><net_sink comp="520" pin=0"/></net>

<net id="525"><net_src comp="450" pin="1"/><net_sink comp="520" pin=1"/></net>

</net_list>

</model> 
---------------- Datapath Model END ------------------

* FSMD analyzer results:
  - Output states:
 - Input state : 
	Port: relu<ap_fixed,ap_ufixed<16,3,5,3,0>,relu_config19> : data_0_V_read | {1 }
	Port: relu<ap_fixed,ap_ufixed<16,3,5,3,0>,relu_config19> : data_1_V_read | {1 }
	Port: relu<ap_fixed,ap_ufixed<16,3,5,3,0>,relu_config19> : data_2_V_read | {1 }
	Port: relu<ap_fixed,ap_ufixed<16,3,5,3,0>,relu_config19> : data_3_V_read | {1 }
	Port: relu<ap_fixed,ap_ufixed<16,3,5,3,0>,relu_config19> : data_4_V_read | {1 }
	Port: relu<ap_fixed,ap_ufixed<16,3,5,3,0>,relu_config19> : data_5_V_read | {1 }
	Port: relu<ap_fixed,ap_ufixed<16,3,5,3,0>,relu_config19> : data_6_V_read | {1 }
	Port: relu<ap_fixed,ap_ufixed<16,3,5,3,0>,relu_config19> : data_7_V_read | {1 }
	Port: relu<ap_fixed,ap_ufixed<16,3,5,3,0>,relu_config19> : data_8_V_read | {1 }
	Port: relu<ap_fixed,ap_ufixed<16,3,5,3,0>,relu_config19> : data_9_V_read | {1 }
	Port: relu<ap_fixed,ap_ufixed<16,3,5,3,0>,relu_config19> : data_10_V_read | {1 }
	Port: relu<ap_fixed,ap_ufixed<16,3,5,3,0>,relu_config19> : data_11_V_read | {1 }
  - Chain level:
	State 1
		select_ln1494 : 1
		zext_ln1494 : 2
		select_ln1494_11 : 1
		zext_ln1494_11 : 2
		select_ln1494_12 : 1
		zext_ln1494_12 : 2
		select_ln1494_13 : 1
		zext_ln1494_13 : 2
		select_ln1494_14 : 1
		zext_ln1494_14 : 2
		select_ln1494_15 : 1
		zext_ln1494_15 : 2
		select_ln1494_16 : 1
		zext_ln1494_16 : 2
		select_ln1494_17 : 1
		zext_ln1494_17 : 2
		select_ln1494_18 : 1
		zext_ln1494_18 : 2
		select_ln1494_19 : 1
		zext_ln1494_19 : 2
		select_ln1494_20 : 1
		zext_ln1494_20 : 2
		select_ln1494_21 : 1
		zext_ln1494_21 : 2
		mrv : 3
		mrv_1 : 4
		mrv_2 : 5
		mrv_3 : 6
		mrv_4 : 7
		mrv_5 : 8
		mrv_6 : 9
		mrv_7 : 10
		mrv_8 : 11
		mrv_9 : 12
		mrv_s : 13
		mrv_10 : 14
		ret_ln74 : 15


============================================================
+ Verbose Summary: Datapath Resource usage 
============================================================

* Functional unit list:
|----------|-----------------------------|---------|---------|
| Operation|       Functional Unit       |    FF   |   LUT   |
|----------|-----------------------------|---------|---------|
|          |     select_ln1494_fu_134    |    0    |    14   |
|          |   select_ln1494_11_fu_162   |    0    |    14   |
|          |   select_ln1494_12_fu_190   |    0    |    14   |
|          |   select_ln1494_13_fu_218   |    0    |    14   |
|          |   select_ln1494_14_fu_246   |    0    |    14   |
|  select  |   select_ln1494_15_fu_274   |    0    |    14   |
|          |   select_ln1494_16_fu_302   |    0    |    14   |
|          |   select_ln1494_17_fu_330   |    0    |    14   |
|          |   select_ln1494_18_fu_358   |    0    |    14   |
|          |   select_ln1494_19_fu_386   |    0    |    14   |
|          |   select_ln1494_20_fu_414   |    0    |    14   |
|          |   select_ln1494_21_fu_442   |    0    |    14   |
|----------|-----------------------------|---------|---------|
|          |      icmp_ln1494_fu_118     |    0    |    13   |
|          |     icmp_ln1494_1_fu_146    |    0    |    13   |
|          |     icmp_ln1494_2_fu_174    |    0    |    13   |
|          |     icmp_ln1494_3_fu_202    |    0    |    13   |
|          |     icmp_ln1494_4_fu_230    |    0    |    13   |
|   icmp   |     icmp_ln1494_5_fu_258    |    0    |    13   |
|          |     icmp_ln1494_6_fu_286    |    0    |    13   |
|          |     icmp_ln1494_7_fu_314    |    0    |    13   |
|          |     icmp_ln1494_8_fu_342    |    0    |    13   |
|          |     icmp_ln1494_9_fu_370    |    0    |    13   |
|          |    icmp_ln1494_10_fu_398    |    0    |    13   |
|          |    icmp_ln1494_11_fu_426    |    0    |    13   |
|----------|-----------------------------|---------|---------|
|          | data_11_V_read_1_read_fu_46 |    0    |    0    |
|          | data_10_V_read_1_read_fu_52 |    0    |    0    |
|          |  data_9_V_read_1_read_fu_58 |    0    |    0    |
|          |  data_8_V_read_1_read_fu_64 |    0    |    0    |
|          |  data_7_V_read_2_read_fu_70 |    0    |    0    |
|   read   |  data_6_V_read_2_read_fu_76 |    0    |    0    |
|          |  data_5_V_read_2_read_fu_82 |    0    |    0    |
|          |  data_4_V_read_2_read_fu_88 |    0    |    0    |
|          |  data_3_V_read_3_read_fu_94 |    0    |    0    |
|          | data_2_V_read_3_read_fu_100 |    0    |    0    |
|          | data_1_V_read_3_read_fu_106 |    0    |    0    |
|          | data_0_V_read_3_read_fu_112 |    0    |    0    |
|----------|-----------------------------|---------|---------|
|          |       trunc_ln_fu_124       |    0    |    0    |
|          |    trunc_ln1494_s_fu_152    |    0    |    0    |
|          |    trunc_ln1494_1_fu_180    |    0    |    0    |
|          |    trunc_ln1494_2_fu_208    |    0    |    0    |
|          |    trunc_ln1494_3_fu_236    |    0    |    0    |
|partselect|    trunc_ln1494_4_fu_264    |    0    |    0    |
|          |    trunc_ln1494_5_fu_292    |    0    |    0    |
|          |    trunc_ln1494_6_fu_320    |    0    |    0    |
|          |    trunc_ln1494_7_fu_348    |    0    |    0    |
|          |    trunc_ln1494_8_fu_376    |    0    |    0    |
|          |    trunc_ln1494_9_fu_404    |    0    |    0    |
|          |    trunc_ln1494_10_fu_432   |    0    |    0    |
|----------|-----------------------------|---------|---------|
|          |      zext_ln1494_fu_142     |    0    |    0    |
|          |    zext_ln1494_11_fu_170    |    0    |    0    |
|          |    zext_ln1494_12_fu_198    |    0    |    0    |
|          |    zext_ln1494_13_fu_226    |    0    |    0    |
|          |    zext_ln1494_14_fu_254    |    0    |    0    |
|   zext   |    zext_ln1494_15_fu_282    |    0    |    0    |
|          |    zext_ln1494_16_fu_310    |    0    |    0    |
|          |    zext_ln1494_17_fu_338    |    0    |    0    |
|          |    zext_ln1494_18_fu_366    |    0    |    0    |
|          |    zext_ln1494_19_fu_394    |    0    |    0    |
|          |    zext_ln1494_20_fu_422    |    0    |    0    |
|          |    zext_ln1494_21_fu_450    |    0    |    0    |
|----------|-----------------------------|---------|---------|
|          |          mrv_fu_454         |    0    |    0    |
|          |         mrv_1_fu_460        |    0    |    0    |
|          |         mrv_2_fu_466        |    0    |    0    |
|          |         mrv_3_fu_472        |    0    |    0    |
|          |         mrv_4_fu_478        |    0    |    0    |
|insertvalue|         mrv_5_fu_484        |    0    |    0    |
|          |         mrv_6_fu_490        |    0    |    0    |
|          |         mrv_7_fu_496        |    0    |    0    |
|          |         mrv_8_fu_502        |    0    |    0    |
|          |         mrv_9_fu_508        |    0    |    0    |
|          |         mrv_s_fu_514        |    0    |    0    |
|          |        mrv_10_fu_520        |    0    |    0    |
|----------|-----------------------------|---------|---------|
|   Total  |                             |    0    |   324   |
|----------|-----------------------------|---------|---------|

Memories:
N/A

* Register list:
N/A

* Multiplexer (MUX) list: 
|--------|------|------|------|--------|
|  Comp  |  Pin | Size |  BW  | S x BW |
|--------|------|------|------|--------|
|  Total |      |      |      |    0   |
|--------|------|------|------|--------|



* Summary:
+-----------+--------+--------+
|           |   FF   |   LUT  |
+-----------+--------+--------+
|  Function |    0   |   324  |
|   Memory  |    -   |    -   |
|Multiplexer|    -   |    -   |
|  Register |    -   |    -   |
+-----------+--------+--------+
|   Total   |    0   |   324  |
+-----------+--------+--------+
