

================================================================
== Vivado HLS Report for 'relu_ap_fixed_ap_ufixed_16_3_5_3_0_relu_config7_s'
================================================================
* Date:           Sat Aug  6 20:42:55 2022

* Version:        2019.1 (Build 2552052 on Fri May 24 15:28:33 MDT 2019)
* Project:        myproject_prj
* Solution:       solution1
* Product family: zynquplus
* Target device:  xczu3eg-sbva484-1-e


================================================================
== Performance Estimates
================================================================
+ Timing (ns): 
    * Summary: 
    +--------+-------+----------+------------+
    |  Clock | Target| Estimated| Uncertainty|
    +--------+-------+----------+------------+
    |ap_clk  |   5.00|     1.414|        0.62|
    +--------+-------+----------+------------+

+ Latency (clock cycles): 
    * Summary: 
    +-----+-----+-----+-----+----------+
    |  Latency  |  Interval | Pipeline |
    | min | max | min | max |   Type   |
    +-----+-----+-----+-----+----------+
    |    0|    0|    1|    1| function |
    +-----+-----+-----+-----+----------+

    + Detail: 
        * Instance: 
        N/A

        * Loop: 
        N/A

============================================================
+ Verbose Summary: Synthesis Manager
============================================================
InlineROM: 1
ExposeGlobal: 0
============================================================
+ Verbose Summary: CDFG Model
============================================================
IsTopModel: 0
ResetActiveHigh: 1
IsCombinational: 0
IsDatapathOnly: 0
HasWiredReturn: 1
HasMFsm: 2
HasVarLatency: 0
IsPipeline: 1
IsRtlPipelined: 0
IsInstanceOverlapped: 0
IsDontTouch: 0
HasImplIP: 0
IsGatedGlobalClock: 0

+ Individual pipeline summary: 
  * Pipeline-0: initiation interval (II) = 1, depth = 1


============================================================
+ Verbose Summary: Schedule
============================================================
* Number of FSM states : 1
* Pipeline : 1
  Pipeline-0 : II = 1, D = 1, States = { 1 }
* Dataflow Pipeline: 0

* FSM state transitions: 
1 --> 

* FSM state operations: 

State 1 <SV = 0> <Delay = 1.41>
ST_1 : Operation 2 [1/1] (0.00ns)   --->   "%data_7_V_read_1 = call i16 @_ssdm_op_Read.ap_auto.i16(i16 %data_7_V_read)" [firmware/nnet_utils/nnet_activation.h:64]   --->   Operation 2 'read' 'data_7_V_read_1' <Predicate = true> <Delay = 0.00>
ST_1 : Operation 3 [1/1] (0.00ns)   --->   "%data_6_V_read_1 = call i16 @_ssdm_op_Read.ap_auto.i16(i16 %data_6_V_read)" [firmware/nnet_utils/nnet_activation.h:64]   --->   Operation 3 'read' 'data_6_V_read_1' <Predicate = true> <Delay = 0.00>
ST_1 : Operation 4 [1/1] (0.00ns)   --->   "%data_5_V_read_1 = call i16 @_ssdm_op_Read.ap_auto.i16(i16 %data_5_V_read)" [firmware/nnet_utils/nnet_activation.h:64]   --->   Operation 4 'read' 'data_5_V_read_1' <Predicate = true> <Delay = 0.00>
ST_1 : Operation 5 [1/1] (0.00ns)   --->   "%data_4_V_read_1 = call i16 @_ssdm_op_Read.ap_auto.i16(i16 %data_4_V_read)" [firmware/nnet_utils/nnet_activation.h:64]   --->   Operation 5 'read' 'data_4_V_read_1' <Predicate = true> <Delay = 0.00>
ST_1 : Operation 6 [1/1] (0.00ns)   --->   "%data_3_V_read_1 = call i16 @_ssdm_op_Read.ap_auto.i16(i16 %data_3_V_read)" [firmware/nnet_utils/nnet_activation.h:64]   --->   Operation 6 'read' 'data_3_V_read_1' <Predicate = true> <Delay = 0.00>
ST_1 : Operation 7 [1/1] (0.00ns)   --->   "%data_2_V_read_1 = call i16 @_ssdm_op_Read.ap_auto.i16(i16 %data_2_V_read)" [firmware/nnet_utils/nnet_activation.h:64]   --->   Operation 7 'read' 'data_2_V_read_1' <Predicate = true> <Delay = 0.00>
ST_1 : Operation 8 [1/1] (0.00ns)   --->   "%data_1_V_read_1 = call i16 @_ssdm_op_Read.ap_auto.i16(i16 %data_1_V_read)" [firmware/nnet_utils/nnet_activation.h:64]   --->   Operation 8 'read' 'data_1_V_read_1' <Predicate = true> <Delay = 0.00>
ST_1 : Operation 9 [1/1] (0.00ns)   --->   "%data_0_V_read_1 = call i16 @_ssdm_op_Read.ap_auto.i16(i16 %data_0_V_read)" [firmware/nnet_utils/nnet_activation.h:64]   --->   Operation 9 'read' 'data_0_V_read_1' <Predicate = true> <Delay = 0.00>
ST_1 : Operation 10 [1/1] (0.00ns)   --->   "call void (...)* @_ssdm_op_SpecPipeline(i32 -1, i32 1, i32 1, i32 0, [1 x i8]* @p_str15) nounwind" [firmware/nnet_utils/nnet_activation.h:66]   --->   Operation 10 'specpipeline' <Predicate = true> <Delay = 0.00>
ST_1 : Operation 11 [1/1] (0.86ns)   --->   "%icmp_ln1494 = icmp sgt i16 %data_0_V_read_1, 0" [firmware/nnet_utils/nnet_activation.h:71]   --->   Operation 11 'icmp' 'icmp_ln1494' <Predicate = true> <Delay = 0.86> <Core = "Cmp">   --->   Core 25 'Cmp' <Latency = 0> <II = 1> <Delay = 0.86> <FuncUnit> <Opcode : 'icmp'> <InPorts = 2> <OutPorts = 1>
ST_1 : Operation 12 [1/1] (0.00ns)   --->   "%trunc_ln = call i14 @_ssdm_op_PartSelect.i14.i16.i32.i32(i16 %data_0_V_read_1, i32 1, i32 14)" [firmware/nnet_utils/nnet_activation.h:71]   --->   Operation 12 'partselect' 'trunc_ln' <Predicate = (icmp_ln1494)> <Delay = 0.00>
ST_1 : Operation 13 [1/1] (0.54ns)   --->   "%select_ln1494 = select i1 %icmp_ln1494, i14 %trunc_ln, i14 0" [firmware/nnet_utils/nnet_activation.h:71]   --->   Operation 13 'select' 'select_ln1494' <Predicate = true> <Delay = 0.54> <Core = "Sel">   --->   Core 26 'Sel' <Latency = 0> <II = 1> <Delay = 0.54> <FuncUnit> <Opcode : 'select'> <InPorts = 3> <OutPorts = 1>
ST_1 : Operation 14 [1/1] (0.00ns)   --->   "%zext_ln1494 = zext i14 %select_ln1494 to i16" [firmware/nnet_utils/nnet_activation.h:71]   --->   Operation 14 'zext' 'zext_ln1494' <Predicate = true> <Delay = 0.00>
ST_1 : Operation 15 [1/1] (0.86ns)   --->   "%icmp_ln1494_1 = icmp sgt i16 %data_1_V_read_1, 0" [firmware/nnet_utils/nnet_activation.h:71]   --->   Operation 15 'icmp' 'icmp_ln1494_1' <Predicate = true> <Delay = 0.86> <Core = "Cmp">   --->   Core 25 'Cmp' <Latency = 0> <II = 1> <Delay = 0.86> <FuncUnit> <Opcode : 'icmp'> <InPorts = 2> <OutPorts = 1>
ST_1 : Operation 16 [1/1] (0.00ns)   --->   "%trunc_ln1494_1 = call i14 @_ssdm_op_PartSelect.i14.i16.i32.i32(i16 %data_1_V_read_1, i32 1, i32 14)" [firmware/nnet_utils/nnet_activation.h:71]   --->   Operation 16 'partselect' 'trunc_ln1494_1' <Predicate = (icmp_ln1494_1)> <Delay = 0.00>
ST_1 : Operation 17 [1/1] (0.54ns)   --->   "%select_ln1494_1 = select i1 %icmp_ln1494_1, i14 %trunc_ln1494_1, i14 0" [firmware/nnet_utils/nnet_activation.h:71]   --->   Operation 17 'select' 'select_ln1494_1' <Predicate = true> <Delay = 0.54> <Core = "Sel">   --->   Core 26 'Sel' <Latency = 0> <II = 1> <Delay = 0.54> <FuncUnit> <Opcode : 'select'> <InPorts = 3> <OutPorts = 1>
ST_1 : Operation 18 [1/1] (0.00ns)   --->   "%zext_ln1494_1 = zext i14 %select_ln1494_1 to i16" [firmware/nnet_utils/nnet_activation.h:71]   --->   Operation 18 'zext' 'zext_ln1494_1' <Predicate = true> <Delay = 0.00>
ST_1 : Operation 19 [1/1] (0.86ns)   --->   "%icmp_ln1494_2 = icmp sgt i16 %data_2_V_read_1, 0" [firmware/nnet_utils/nnet_activation.h:71]   --->   Operation 19 'icmp' 'icmp_ln1494_2' <Predicate = true> <Delay = 0.86> <Core = "Cmp">   --->   Core 25 'Cmp' <Latency = 0> <II = 1> <Delay = 0.86> <FuncUnit> <Opcode : 'icmp'> <InPorts = 2> <OutPorts = 1>
ST_1 : Operation 20 [1/1] (0.00ns)   --->   "%trunc_ln1494_2 = call i14 @_ssdm_op_PartSelect.i14.i16.i32.i32(i16 %data_2_V_read_1, i32 1, i32 14)" [firmware/nnet_utils/nnet_activation.h:71]   --->   Operation 20 'partselect' 'trunc_ln1494_2' <Predicate = (icmp_ln1494_2)> <Delay = 0.00>
ST_1 : Operation 21 [1/1] (0.54ns)   --->   "%select_ln1494_2 = select i1 %icmp_ln1494_2, i14 %trunc_ln1494_2, i14 0" [firmware/nnet_utils/nnet_activation.h:71]   --->   Operation 21 'select' 'select_ln1494_2' <Predicate = true> <Delay = 0.54> <Core = "Sel">   --->   Core 26 'Sel' <Latency = 0> <II = 1> <Delay = 0.54> <FuncUnit> <Opcode : 'select'> <InPorts = 3> <OutPorts = 1>
ST_1 : Operation 22 [1/1] (0.00ns)   --->   "%zext_ln1494_2 = zext i14 %select_ln1494_2 to i16" [firmware/nnet_utils/nnet_activation.h:71]   --->   Operation 22 'zext' 'zext_ln1494_2' <Predicate = true> <Delay = 0.00>
ST_1 : Operation 23 [1/1] (0.86ns)   --->   "%icmp_ln1494_3 = icmp sgt i16 %data_3_V_read_1, 0" [firmware/nnet_utils/nnet_activation.h:71]   --->   Operation 23 'icmp' 'icmp_ln1494_3' <Predicate = true> <Delay = 0.86> <Core = "Cmp">   --->   Core 25 'Cmp' <Latency = 0> <II = 1> <Delay = 0.86> <FuncUnit> <Opcode : 'icmp'> <InPorts = 2> <OutPorts = 1>
ST_1 : Operation 24 [1/1] (0.00ns)   --->   "%trunc_ln1494_3 = call i14 @_ssdm_op_PartSelect.i14.i16.i32.i32(i16 %data_3_V_read_1, i32 1, i32 14)" [firmware/nnet_utils/nnet_activation.h:71]   --->   Operation 24 'partselect' 'trunc_ln1494_3' <Predicate = (icmp_ln1494_3)> <Delay = 0.00>
ST_1 : Operation 25 [1/1] (0.54ns)   --->   "%select_ln1494_3 = select i1 %icmp_ln1494_3, i14 %trunc_ln1494_3, i14 0" [firmware/nnet_utils/nnet_activation.h:71]   --->   Operation 25 'select' 'select_ln1494_3' <Predicate = true> <Delay = 0.54> <Core = "Sel">   --->   Core 26 'Sel' <Latency = 0> <II = 1> <Delay = 0.54> <FuncUnit> <Opcode : 'select'> <InPorts = 3> <OutPorts = 1>
ST_1 : Operation 26 [1/1] (0.00ns)   --->   "%zext_ln1494_3 = zext i14 %select_ln1494_3 to i16" [firmware/nnet_utils/nnet_activation.h:71]   --->   Operation 26 'zext' 'zext_ln1494_3' <Predicate = true> <Delay = 0.00>
ST_1 : Operation 27 [1/1] (0.86ns)   --->   "%icmp_ln1494_4 = icmp sgt i16 %data_4_V_read_1, 0" [firmware/nnet_utils/nnet_activation.h:71]   --->   Operation 27 'icmp' 'icmp_ln1494_4' <Predicate = true> <Delay = 0.86> <Core = "Cmp">   --->   Core 25 'Cmp' <Latency = 0> <II = 1> <Delay = 0.86> <FuncUnit> <Opcode : 'icmp'> <InPorts = 2> <OutPorts = 1>
ST_1 : Operation 28 [1/1] (0.00ns)   --->   "%trunc_ln1494_4 = call i14 @_ssdm_op_PartSelect.i14.i16.i32.i32(i16 %data_4_V_read_1, i32 1, i32 14)" [firmware/nnet_utils/nnet_activation.h:71]   --->   Operation 28 'partselect' 'trunc_ln1494_4' <Predicate = (icmp_ln1494_4)> <Delay = 0.00>
ST_1 : Operation 29 [1/1] (0.54ns)   --->   "%select_ln1494_4 = select i1 %icmp_ln1494_4, i14 %trunc_ln1494_4, i14 0" [firmware/nnet_utils/nnet_activation.h:71]   --->   Operation 29 'select' 'select_ln1494_4' <Predicate = true> <Delay = 0.54> <Core = "Sel">   --->   Core 26 'Sel' <Latency = 0> <II = 1> <Delay = 0.54> <FuncUnit> <Opcode : 'select'> <InPorts = 3> <OutPorts = 1>
ST_1 : Operation 30 [1/1] (0.00ns)   --->   "%zext_ln1494_4 = zext i14 %select_ln1494_4 to i16" [firmware/nnet_utils/nnet_activation.h:71]   --->   Operation 30 'zext' 'zext_ln1494_4' <Predicate = true> <Delay = 0.00>
ST_1 : Operation 31 [1/1] (0.86ns)   --->   "%icmp_ln1494_5 = icmp sgt i16 %data_5_V_read_1, 0" [firmware/nnet_utils/nnet_activation.h:71]   --->   Operation 31 'icmp' 'icmp_ln1494_5' <Predicate = true> <Delay = 0.86> <Core = "Cmp">   --->   Core 25 'Cmp' <Latency = 0> <II = 1> <Delay = 0.86> <FuncUnit> <Opcode : 'icmp'> <InPorts = 2> <OutPorts = 1>
ST_1 : Operation 32 [1/1] (0.00ns)   --->   "%trunc_ln1494_5 = call i14 @_ssdm_op_PartSelect.i14.i16.i32.i32(i16 %data_5_V_read_1, i32 1, i32 14)" [firmware/nnet_utils/nnet_activation.h:71]   --->   Operation 32 'partselect' 'trunc_ln1494_5' <Predicate = (icmp_ln1494_5)> <Delay = 0.00>
ST_1 : Operation 33 [1/1] (0.54ns)   --->   "%select_ln1494_5 = select i1 %icmp_ln1494_5, i14 %trunc_ln1494_5, i14 0" [firmware/nnet_utils/nnet_activation.h:71]   --->   Operation 33 'select' 'select_ln1494_5' <Predicate = true> <Delay = 0.54> <Core = "Sel">   --->   Core 26 'Sel' <Latency = 0> <II = 1> <Delay = 0.54> <FuncUnit> <Opcode : 'select'> <InPorts = 3> <OutPorts = 1>
ST_1 : Operation 34 [1/1] (0.00ns)   --->   "%zext_ln1494_5 = zext i14 %select_ln1494_5 to i16" [firmware/nnet_utils/nnet_activation.h:71]   --->   Operation 34 'zext' 'zext_ln1494_5' <Predicate = true> <Delay = 0.00>
ST_1 : Operation 35 [1/1] (0.86ns)   --->   "%icmp_ln1494_6 = icmp sgt i16 %data_6_V_read_1, 0" [firmware/nnet_utils/nnet_activation.h:71]   --->   Operation 35 'icmp' 'icmp_ln1494_6' <Predicate = true> <Delay = 0.86> <Core = "Cmp">   --->   Core 25 'Cmp' <Latency = 0> <II = 1> <Delay = 0.86> <FuncUnit> <Opcode : 'icmp'> <InPorts = 2> <OutPorts = 1>
ST_1 : Operation 36 [1/1] (0.00ns)   --->   "%trunc_ln1494_6 = call i14 @_ssdm_op_PartSelect.i14.i16.i32.i32(i16 %data_6_V_read_1, i32 1, i32 14)" [firmware/nnet_utils/nnet_activation.h:71]   --->   Operation 36 'partselect' 'trunc_ln1494_6' <Predicate = (icmp_ln1494_6)> <Delay = 0.00>
ST_1 : Operation 37 [1/1] (0.54ns)   --->   "%select_ln1494_6 = select i1 %icmp_ln1494_6, i14 %trunc_ln1494_6, i14 0" [firmware/nnet_utils/nnet_activation.h:71]   --->   Operation 37 'select' 'select_ln1494_6' <Predicate = true> <Delay = 0.54> <Core = "Sel">   --->   Core 26 'Sel' <Latency = 0> <II = 1> <Delay = 0.54> <FuncUnit> <Opcode : 'select'> <InPorts = 3> <OutPorts = 1>
ST_1 : Operation 38 [1/1] (0.00ns)   --->   "%zext_ln1494_6 = zext i14 %select_ln1494_6 to i16" [firmware/nnet_utils/nnet_activation.h:71]   --->   Operation 38 'zext' 'zext_ln1494_6' <Predicate = true> <Delay = 0.00>
ST_1 : Operation 39 [1/1] (0.86ns)   --->   "%icmp_ln1494_7 = icmp sgt i16 %data_7_V_read_1, 0" [firmware/nnet_utils/nnet_activation.h:71]   --->   Operation 39 'icmp' 'icmp_ln1494_7' <Predicate = true> <Delay = 0.86> <Core = "Cmp">   --->   Core 25 'Cmp' <Latency = 0> <II = 1> <Delay = 0.86> <FuncUnit> <Opcode : 'icmp'> <InPorts = 2> <OutPorts = 1>
ST_1 : Operation 40 [1/1] (0.00ns)   --->   "%trunc_ln1494_7 = call i14 @_ssdm_op_PartSelect.i14.i16.i32.i32(i16 %data_7_V_read_1, i32 1, i32 14)" [firmware/nnet_utils/nnet_activation.h:71]   --->   Operation 40 'partselect' 'trunc_ln1494_7' <Predicate = (icmp_ln1494_7)> <Delay = 0.00>
ST_1 : Operation 41 [1/1] (0.54ns)   --->   "%select_ln1494_7 = select i1 %icmp_ln1494_7, i14 %trunc_ln1494_7, i14 0" [firmware/nnet_utils/nnet_activation.h:71]   --->   Operation 41 'select' 'select_ln1494_7' <Predicate = true> <Delay = 0.54> <Core = "Sel">   --->   Core 26 'Sel' <Latency = 0> <II = 1> <Delay = 0.54> <FuncUnit> <Opcode : 'select'> <InPorts = 3> <OutPorts = 1>
ST_1 : Operation 42 [1/1] (0.00ns)   --->   "%zext_ln1494_7 = zext i14 %select_ln1494_7 to i16" [firmware/nnet_utils/nnet_activation.h:71]   --->   Operation 42 'zext' 'zext_ln1494_7' <Predicate = true> <Delay = 0.00>
ST_1 : Operation 43 [1/1] (0.00ns)   --->   "%mrv = insertvalue { i16, i16, i16, i16, i16, i16, i16, i16 } undef, i16 %zext_ln1494, 0" [firmware/nnet_utils/nnet_activation.h:74]   --->   Operation 43 'insertvalue' 'mrv' <Predicate = true> <Delay = 0.00>
ST_1 : Operation 44 [1/1] (0.00ns)   --->   "%mrv_1 = insertvalue { i16, i16, i16, i16, i16, i16, i16, i16 } %mrv, i16 %zext_ln1494_1, 1" [firmware/nnet_utils/nnet_activation.h:74]   --->   Operation 44 'insertvalue' 'mrv_1' <Predicate = true> <Delay = 0.00>
ST_1 : Operation 45 [1/1] (0.00ns)   --->   "%mrv_2 = insertvalue { i16, i16, i16, i16, i16, i16, i16, i16 } %mrv_1, i16 %zext_ln1494_2, 2" [firmware/nnet_utils/nnet_activation.h:74]   --->   Operation 45 'insertvalue' 'mrv_2' <Predicate = true> <Delay = 0.00>
ST_1 : Operation 46 [1/1] (0.00ns)   --->   "%mrv_3 = insertvalue { i16, i16, i16, i16, i16, i16, i16, i16 } %mrv_2, i16 %zext_ln1494_3, 3" [firmware/nnet_utils/nnet_activation.h:74]   --->   Operation 46 'insertvalue' 'mrv_3' <Predicate = true> <Delay = 0.00>
ST_1 : Operation 47 [1/1] (0.00ns)   --->   "%mrv_4 = insertvalue { i16, i16, i16, i16, i16, i16, i16, i16 } %mrv_3, i16 %zext_ln1494_4, 4" [firmware/nnet_utils/nnet_activation.h:74]   --->   Operation 47 'insertvalue' 'mrv_4' <Predicate = true> <Delay = 0.00>
ST_1 : Operation 48 [1/1] (0.00ns)   --->   "%mrv_5 = insertvalue { i16, i16, i16, i16, i16, i16, i16, i16 } %mrv_4, i16 %zext_ln1494_5, 5" [firmware/nnet_utils/nnet_activation.h:74]   --->   Operation 48 'insertvalue' 'mrv_5' <Predicate = true> <Delay = 0.00>
ST_1 : Operation 49 [1/1] (0.00ns)   --->   "%mrv_6 = insertvalue { i16, i16, i16, i16, i16, i16, i16, i16 } %mrv_5, i16 %zext_ln1494_6, 6" [firmware/nnet_utils/nnet_activation.h:74]   --->   Operation 49 'insertvalue' 'mrv_6' <Predicate = true> <Delay = 0.00>
ST_1 : Operation 50 [1/1] (0.00ns)   --->   "%mrv_7 = insertvalue { i16, i16, i16, i16, i16, i16, i16, i16 } %mrv_6, i16 %zext_ln1494_7, 7" [firmware/nnet_utils/nnet_activation.h:74]   --->   Operation 50 'insertvalue' 'mrv_7' <Predicate = true> <Delay = 0.00>
ST_1 : Operation 51 [1/1] (0.00ns)   --->   "ret { i16, i16, i16, i16, i16, i16, i16, i16 } %mrv_7" [firmware/nnet_utils/nnet_activation.h:74]   --->   Operation 51 'ret' <Predicate = true> <Delay = 0.00>


============================================================
+ Verbose Summary: Binding
============================================================
STG Binding: 
---------------- STG Properties BEGIN ----------------
- Is combinational: 1
- Is one-state seq: 0
- Is datapath-only: 0
- Is pipelined: 1
- Is top level: 0
Port [ Return ] is wired: 1; IO mode=ap_ctrl_hs:ce=0
Port [ data_0_V_read]:  wired=1; compound=0; hidden=0; nouse=0; global=0; static=0; extern=0; dir=0; type=0; pingpong=0; private_global=0; IO mode=ap_none:ce=0
Port [ data_1_V_read]:  wired=1; compound=0; hidden=0; nouse=0; global=0; static=0; extern=0; dir=0; type=0; pingpong=0; private_global=0; IO mode=ap_none:ce=0
Port [ data_2_V_read]:  wired=1; compound=0; hidden=0; nouse=0; global=0; static=0; extern=0; dir=0; type=0; pingpong=0; private_global=0; IO mode=ap_none:ce=0
Port [ data_3_V_read]:  wired=1; compound=0; hidden=0; nouse=0; global=0; static=0; extern=0; dir=0; type=0; pingpong=0; private_global=0; IO mode=ap_none:ce=0
Port [ data_4_V_read]:  wired=1; compound=0; hidden=0; nouse=0; global=0; static=0; extern=0; dir=0; type=0; pingpong=0; private_global=0; IO mode=ap_none:ce=0
Port [ data_5_V_read]:  wired=1; compound=0; hidden=0; nouse=0; global=0; static=0; extern=0; dir=0; type=0; pingpong=0; private_global=0; IO mode=ap_none:ce=0
Port [ data_6_V_read]:  wired=1; compound=0; hidden=0; nouse=0; global=0; static=0; extern=0; dir=0; type=0; pingpong=0; private_global=0; IO mode=ap_none:ce=0
Port [ data_7_V_read]:  wired=1; compound=0; hidden=0; nouse=0; global=0; static=0; extern=0; dir=0; type=0; pingpong=0; private_global=0; IO mode=ap_none:ce=0
---------------- STG Properties END ------------------

---------------- Datapath Model BEGIN ----------------

<LifeTime>
<method=bitvector/>
data_7_V_read_1   (read        ) [ 00]
data_6_V_read_1   (read        ) [ 00]
data_5_V_read_1   (read        ) [ 00]
data_4_V_read_1   (read        ) [ 00]
data_3_V_read_1   (read        ) [ 00]
data_2_V_read_1   (read        ) [ 00]
data_1_V_read_1   (read        ) [ 00]
data_0_V_read_1   (read        ) [ 00]
specpipeline_ln66 (specpipeline) [ 00]
icmp_ln1494       (icmp        ) [ 01]
trunc_ln          (partselect  ) [ 00]
select_ln1494     (select      ) [ 00]
zext_ln1494       (zext        ) [ 00]
icmp_ln1494_1     (icmp        ) [ 01]
trunc_ln1494_1    (partselect  ) [ 00]
select_ln1494_1   (select      ) [ 00]
zext_ln1494_1     (zext        ) [ 00]
icmp_ln1494_2     (icmp        ) [ 01]
trunc_ln1494_2    (partselect  ) [ 00]
select_ln1494_2   (select      ) [ 00]
zext_ln1494_2     (zext        ) [ 00]
icmp_ln1494_3     (icmp        ) [ 01]
trunc_ln1494_3    (partselect  ) [ 00]
select_ln1494_3   (select      ) [ 00]
zext_ln1494_3     (zext        ) [ 00]
icmp_ln1494_4     (icmp        ) [ 01]
trunc_ln1494_4    (partselect  ) [ 00]
select_ln1494_4   (select      ) [ 00]
zext_ln1494_4     (zext        ) [ 00]
icmp_ln1494_5     (icmp        ) [ 01]
trunc_ln1494_5    (partselect  ) [ 00]
select_ln1494_5   (select      ) [ 00]
zext_ln1494_5     (zext        ) [ 00]
icmp_ln1494_6     (icmp        ) [ 01]
trunc_ln1494_6    (partselect  ) [ 00]
select_ln1494_6   (select      ) [ 00]
zext_ln1494_6     (zext        ) [ 00]
icmp_ln1494_7     (icmp        ) [ 01]
trunc_ln1494_7    (partselect  ) [ 00]
select_ln1494_7   (select      ) [ 00]
zext_ln1494_7     (zext        ) [ 00]
mrv               (insertvalue ) [ 00]
mrv_1             (insertvalue ) [ 00]
mrv_2             (insertvalue ) [ 00]
mrv_3             (insertvalue ) [ 00]
mrv_4             (insertvalue ) [ 00]
mrv_5             (insertvalue ) [ 00]
mrv_6             (insertvalue ) [ 00]
mrv_7             (insertvalue ) [ 00]
ret_ln74          (ret         ) [ 00]
</LifeTime>

<model>

<comp_list>
<comp id="0" class="1000" name="data_0_V_read">
<pin_list>
<pin id="1" dir="1" index="0" bw="1" slack="0"/>
</pin_list>
<bind>
<StgValue><ssdm name="data_0_V_read"/></StgValue>
</bind>
</comp>

<comp id="2" class="1000" name="data_1_V_read">
<pin_list>
<pin id="3" dir="1" index="0" bw="1" slack="0"/>
</pin_list>
<bind>
<StgValue><ssdm name="data_1_V_read"/></StgValue>
</bind>
</comp>

<comp id="4" class="1000" name="data_2_V_read">
<pin_list>
<pin id="5" dir="1" index="0" bw="1" slack="0"/>
</pin_list>
<bind>
<StgValue><ssdm name="data_2_V_read"/></StgValue>
</bind>
</comp>

<comp id="6" class="1000" name="data_3_V_read">
<pin_list>
<pin id="7" dir="1" index="0" bw="1" slack="0"/>
</pin_list>
<bind>
<StgValue><ssdm name="data_3_V_read"/></StgValue>
</bind>
</comp>

<comp id="8" class="1000" name="data_4_V_read">
<pin_list>
<pin id="9" dir="1" index="0" bw="1" slack="0"/>
</pin_list>
<bind>
<StgValue><ssdm name="data_4_V_read"/></StgValue>
</bind>
</comp>

<comp id="10" class="1000" name="data_5_V_read">
<pin_list>
<pin id="11" dir="1" index="0" bw="1" slack="0"/>
</pin_list>
<bind>
<StgValue><ssdm name="data_5_V_read"/></StgValue>
</bind>
</comp>

<comp id="12" class="1000" name="data_6_V_read">
<pin_list>
<pin id="13" dir="1" index="0" bw="1" slack="0"/>
</pin_list>
<bind>
<StgValue><ssdm name="data_6_V_read"/></StgValue>
</bind>
</comp>

<comp id="14" class="1000" name="data_7_V_read">
<pin_list>
<pin id="15" dir="1" index="0" bw="1" slack="0"/>
</pin_list>
<bind>
<StgValue><ssdm name="data_7_V_read"/></StgValue>
</bind>
</comp>

<comp id="16" class="1001" name="const_16">
<pin_list>
<pin id="17" dir="1" index="0" bw="1" slack="0"/>
</pin_list>
<bind>
<StgValue><ssdm name="_ssdm_op_Read.ap_auto.i16"/></StgValue>
</bind>
</comp>

<comp id="18" class="1001" name="const_18">
<pin_list>
<pin id="19" dir="1" index="0" bw="1" slack="2147483647"/>
</pin_list>
<bind>
<StgValue><ssdm name="_ssdm_op_SpecPipeline"/></StgValue>
</bind>
</comp>

<comp id="20" class="1001" name="const_20">
<pin_list>
<pin id="21" dir="1" index="0" bw="1" slack="2147483647"/>
</pin_list>
<bind>
<StgValue><ssdm name=""/></StgValue>
</bind>
</comp>

<comp id="22" class="1001" name="const_22">
<pin_list>
<pin id="23" dir="1" index="0" bw="1" slack="0"/>
</pin_list>
<bind>
<StgValue><ssdm name=""/></StgValue>
</bind>
</comp>

<comp id="24" class="1001" name="const_24">
<pin_list>
<pin id="25" dir="1" index="0" bw="1" slack="2147483647"/>
</pin_list>
<bind>
<StgValue><ssdm name=""/></StgValue>
</bind>
</comp>

<comp id="26" class="1001" name="const_26">
<pin_list>
<pin id="27" dir="1" index="0" bw="1" slack="2147483647"/>
</pin_list>
<bind>
<StgValue><ssdm name="p_str15"/></StgValue>
</bind>
</comp>

<comp id="28" class="1001" name="const_28">
<pin_list>
<pin id="29" dir="1" index="0" bw="1" slack="0"/>
</pin_list>
<bind>
<StgValue><ssdm name=""/></StgValue>
</bind>
</comp>

<comp id="30" class="1001" name="const_30">
<pin_list>
<pin id="31" dir="1" index="0" bw="1" slack="0"/>
</pin_list>
<bind>
<StgValue><ssdm name="_ssdm_op_PartSelect.i14.i16.i32.i32"/></StgValue>
</bind>
</comp>

<comp id="32" class="1001" name="const_32">
<pin_list>
<pin id="33" dir="1" index="0" bw="1" slack="0"/>
</pin_list>
<bind>
<StgValue><ssdm name=""/></StgValue>
</bind>
</comp>

<comp id="34" class="1001" name="const_34">
<pin_list>
<pin id="35" dir="1" index="0" bw="1" slack="0"/>
</pin_list>
<bind>
<StgValue><ssdm name=""/></StgValue>
</bind>
</comp>

<comp id="36" class="1001" name="const_36">
<pin_list>
<pin id="37" dir="1" index="0" bw="1" slack="0"/>
</pin_list>
<bind>
<StgValue><ssdm name=""/></StgValue>
</bind>
</comp>

<comp id="38" class="1004" name="data_7_V_read_1_read_fu_38">
<pin_list>
<pin id="39" dir="0" index="0" bw="16" slack="0"/>
<pin id="40" dir="0" index="1" bw="16" slack="0"/>
<pin id="41" dir="1" index="2" bw="16" slack="0"/>
</pin_list>
<bind>
<opcode="read(1150) " fcode="read"/>
<opset="data_7_V_read_1/1 "/>
</bind>
</comp>

<comp id="44" class="1004" name="data_6_V_read_1_read_fu_44">
<pin_list>
<pin id="45" dir="0" index="0" bw="16" slack="0"/>
<pin id="46" dir="0" index="1" bw="16" slack="0"/>
<pin id="47" dir="1" index="2" bw="16" slack="0"/>
</pin_list>
<bind>
<opcode="read(1150) " fcode="read"/>
<opset="data_6_V_read_1/1 "/>
</bind>
</comp>

<comp id="50" class="1004" name="data_5_V_read_1_read_fu_50">
<pin_list>
<pin id="51" dir="0" index="0" bw="16" slack="0"/>
<pin id="52" dir="0" index="1" bw="16" slack="0"/>
<pin id="53" dir="1" index="2" bw="16" slack="0"/>
</pin_list>
<bind>
<opcode="read(1150) " fcode="read"/>
<opset="data_5_V_read_1/1 "/>
</bind>
</comp>

<comp id="56" class="1004" name="data_4_V_read_1_read_fu_56">
<pin_list>
<pin id="57" dir="0" index="0" bw="16" slack="0"/>
<pin id="58" dir="0" index="1" bw="16" slack="0"/>
<pin id="59" dir="1" index="2" bw="16" slack="0"/>
</pin_list>
<bind>
<opcode="read(1150) " fcode="read"/>
<opset="data_4_V_read_1/1 "/>
</bind>
</comp>

<comp id="62" class="1004" name="data_3_V_read_1_read_fu_62">
<pin_list>
<pin id="63" dir="0" index="0" bw="16" slack="0"/>
<pin id="64" dir="0" index="1" bw="16" slack="0"/>
<pin id="65" dir="1" index="2" bw="16" slack="0"/>
</pin_list>
<bind>
<opcode="read(1150) " fcode="read"/>
<opset="data_3_V_read_1/1 "/>
</bind>
</comp>

<comp id="68" class="1004" name="data_2_V_read_1_read_fu_68">
<pin_list>
<pin id="69" dir="0" index="0" bw="16" slack="0"/>
<pin id="70" dir="0" index="1" bw="16" slack="0"/>
<pin id="71" dir="1" index="2" bw="16" slack="0"/>
</pin_list>
<bind>
<opcode="read(1150) " fcode="read"/>
<opset="data_2_V_read_1/1 "/>
</bind>
</comp>

<comp id="74" class="1004" name="data_1_V_read_1_read_fu_74">
<pin_list>
<pin id="75" dir="0" index="0" bw="16" slack="0"/>
<pin id="76" dir="0" index="1" bw="16" slack="0"/>
<pin id="77" dir="1" index="2" bw="16" slack="0"/>
</pin_list>
<bind>
<opcode="read(1150) " fcode="read"/>
<opset="data_1_V_read_1/1 "/>
</bind>
</comp>

<comp id="80" class="1004" name="data_0_V_read_1_read_fu_80">
<pin_list>
<pin id="81" dir="0" index="0" bw="16" slack="0"/>
<pin id="82" dir="0" index="1" bw="16" slack="0"/>
<pin id="83" dir="1" index="2" bw="16" slack="0"/>
</pin_list>
<bind>
<opcode="read(1150) " fcode="read"/>
<opset="data_0_V_read_1/1 "/>
</bind>
</comp>

<comp id="86" class="1004" name="icmp_ln1494_fu_86">
<pin_list>
<pin id="87" dir="0" index="0" bw="16" slack="0"/>
<pin id="88" dir="0" index="1" bw="1" slack="0"/>
<pin id="89" dir="1" index="2" bw="1" slack="0"/>
</pin_list>
<bind>
<opcode="icmp(45) " fcode="icmp"/>
<opset="icmp_ln1494/1 "/>
</bind>
</comp>

<comp id="92" class="1004" name="trunc_ln_fu_92">
<pin_list>
<pin id="93" dir="0" index="0" bw="14" slack="0"/>
<pin id="94" dir="0" index="1" bw="16" slack="0"/>
<pin id="95" dir="0" index="2" bw="1" slack="0"/>
<pin id="96" dir="0" index="3" bw="5" slack="0"/>
<pin id="97" dir="1" index="4" bw="14" slack="0"/>
</pin_list>
<bind>
<opcode="partselect(1002) " fcode="partselect"/>
<opset="trunc_ln/1 "/>
</bind>
</comp>

<comp id="102" class="1004" name="select_ln1494_fu_102">
<pin_list>
<pin id="103" dir="0" index="0" bw="1" slack="0"/>
<pin id="104" dir="0" index="1" bw="14" slack="0"/>
<pin id="105" dir="0" index="2" bw="1" slack="0"/>
<pin id="106" dir="1" index="3" bw="14" slack="0"/>
</pin_list>
<bind>
<opcode="select(49) " fcode="select"/>
<opset="select_ln1494/1 "/>
</bind>
</comp>

<comp id="110" class="1004" name="zext_ln1494_fu_110">
<pin_list>
<pin id="111" dir="0" index="0" bw="14" slack="0"/>
<pin id="112" dir="1" index="1" bw="16" slack="0"/>
</pin_list>
<bind>
<opcode="zext(34) " fcode="zext"/>
<opset="zext_ln1494/1 "/>
</bind>
</comp>

<comp id="114" class="1004" name="icmp_ln1494_1_fu_114">
<pin_list>
<pin id="115" dir="0" index="0" bw="16" slack="0"/>
<pin id="116" dir="0" index="1" bw="1" slack="0"/>
<pin id="117" dir="1" index="2" bw="1" slack="0"/>
</pin_list>
<bind>
<opcode="icmp(45) " fcode="icmp"/>
<opset="icmp_ln1494_1/1 "/>
</bind>
</comp>

<comp id="120" class="1004" name="trunc_ln1494_1_fu_120">
<pin_list>
<pin id="121" dir="0" index="0" bw="14" slack="0"/>
<pin id="122" dir="0" index="1" bw="16" slack="0"/>
<pin id="123" dir="0" index="2" bw="1" slack="0"/>
<pin id="124" dir="0" index="3" bw="5" slack="0"/>
<pin id="125" dir="1" index="4" bw="14" slack="0"/>
</pin_list>
<bind>
<opcode="partselect(1002) " fcode="partselect"/>
<opset="trunc_ln1494_1/1 "/>
</bind>
</comp>

<comp id="130" class="1004" name="select_ln1494_1_fu_130">
<pin_list>
<pin id="131" dir="0" index="0" bw="1" slack="0"/>
<pin id="132" dir="0" index="1" bw="14" slack="0"/>
<pin id="133" dir="0" index="2" bw="1" slack="0"/>
<pin id="134" dir="1" index="3" bw="14" slack="0"/>
</pin_list>
<bind>
<opcode="select(49) " fcode="select"/>
<opset="select_ln1494_1/1 "/>
</bind>
</comp>

<comp id="138" class="1004" name="zext_ln1494_1_fu_138">
<pin_list>
<pin id="139" dir="0" index="0" bw="14" slack="0"/>
<pin id="140" dir="1" index="1" bw="16" slack="0"/>
</pin_list>
<bind>
<opcode="zext(34) " fcode="zext"/>
<opset="zext_ln1494_1/1 "/>
</bind>
</comp>

<comp id="142" class="1004" name="icmp_ln1494_2_fu_142">
<pin_list>
<pin id="143" dir="0" index="0" bw="16" slack="0"/>
<pin id="144" dir="0" index="1" bw="1" slack="0"/>
<pin id="145" dir="1" index="2" bw="1" slack="0"/>
</pin_list>
<bind>
<opcode="icmp(45) " fcode="icmp"/>
<opset="icmp_ln1494_2/1 "/>
</bind>
</comp>

<comp id="148" class="1004" name="trunc_ln1494_2_fu_148">
<pin_list>
<pin id="149" dir="0" index="0" bw="14" slack="0"/>
<pin id="150" dir="0" index="1" bw="16" slack="0"/>
<pin id="151" dir="0" index="2" bw="1" slack="0"/>
<pin id="152" dir="0" index="3" bw="5" slack="0"/>
<pin id="153" dir="1" index="4" bw="14" slack="0"/>
</pin_list>
<bind>
<opcode="partselect(1002) " fcode="partselect"/>
<opset="trunc_ln1494_2/1 "/>
</bind>
</comp>

<comp id="158" class="1004" name="select_ln1494_2_fu_158">
<pin_list>
<pin id="159" dir="0" index="0" bw="1" slack="0"/>
<pin id="160" dir="0" index="1" bw="14" slack="0"/>
<pin id="161" dir="0" index="2" bw="1" slack="0"/>
<pin id="162" dir="1" index="3" bw="14" slack="0"/>
</pin_list>
<bind>
<opcode="select(49) " fcode="select"/>
<opset="select_ln1494_2/1 "/>
</bind>
</comp>

<comp id="166" class="1004" name="zext_ln1494_2_fu_166">
<pin_list>
<pin id="167" dir="0" index="0" bw="14" slack="0"/>
<pin id="168" dir="1" index="1" bw="16" slack="0"/>
</pin_list>
<bind>
<opcode="zext(34) " fcode="zext"/>
<opset="zext_ln1494_2/1 "/>
</bind>
</comp>

<comp id="170" class="1004" name="icmp_ln1494_3_fu_170">
<pin_list>
<pin id="171" dir="0" index="0" bw="16" slack="0"/>
<pin id="172" dir="0" index="1" bw="1" slack="0"/>
<pin id="173" dir="1" index="2" bw="1" slack="0"/>
</pin_list>
<bind>
<opcode="icmp(45) " fcode="icmp"/>
<opset="icmp_ln1494_3/1 "/>
</bind>
</comp>

<comp id="176" class="1004" name="trunc_ln1494_3_fu_176">
<pin_list>
<pin id="177" dir="0" index="0" bw="14" slack="0"/>
<pin id="178" dir="0" index="1" bw="16" slack="0"/>
<pin id="179" dir="0" index="2" bw="1" slack="0"/>
<pin id="180" dir="0" index="3" bw="5" slack="0"/>
<pin id="181" dir="1" index="4" bw="14" slack="0"/>
</pin_list>
<bind>
<opcode="partselect(1002) " fcode="partselect"/>
<opset="trunc_ln1494_3/1 "/>
</bind>
</comp>

<comp id="186" class="1004" name="select_ln1494_3_fu_186">
<pin_list>
<pin id="187" dir="0" index="0" bw="1" slack="0"/>
<pin id="188" dir="0" index="1" bw="14" slack="0"/>
<pin id="189" dir="0" index="2" bw="1" slack="0"/>
<pin id="190" dir="1" index="3" bw="14" slack="0"/>
</pin_list>
<bind>
<opcode="select(49) " fcode="select"/>
<opset="select_ln1494_3/1 "/>
</bind>
</comp>

<comp id="194" class="1004" name="zext_ln1494_3_fu_194">
<pin_list>
<pin id="195" dir="0" index="0" bw="14" slack="0"/>
<pin id="196" dir="1" index="1" bw="16" slack="0"/>
</pin_list>
<bind>
<opcode="zext(34) " fcode="zext"/>
<opset="zext_ln1494_3/1 "/>
</bind>
</comp>

<comp id="198" class="1004" name="icmp_ln1494_4_fu_198">
<pin_list>
<pin id="199" dir="0" index="0" bw="16" slack="0"/>
<pin id="200" dir="0" index="1" bw="1" slack="0"/>
<pin id="201" dir="1" index="2" bw="1" slack="0"/>
</pin_list>
<bind>
<opcode="icmp(45) " fcode="icmp"/>
<opset="icmp_ln1494_4/1 "/>
</bind>
</comp>

<comp id="204" class="1004" name="trunc_ln1494_4_fu_204">
<pin_list>
<pin id="205" dir="0" index="0" bw="14" slack="0"/>
<pin id="206" dir="0" index="1" bw="16" slack="0"/>
<pin id="207" dir="0" index="2" bw="1" slack="0"/>
<pin id="208" dir="0" index="3" bw="5" slack="0"/>
<pin id="209" dir="1" index="4" bw="14" slack="0"/>
</pin_list>
<bind>
<opcode="partselect(1002) " fcode="partselect"/>
<opset="trunc_ln1494_4/1 "/>
</bind>
</comp>

<comp id="214" class="1004" name="select_ln1494_4_fu_214">
<pin_list>
<pin id="215" dir="0" index="0" bw="1" slack="0"/>
<pin id="216" dir="0" index="1" bw="14" slack="0"/>
<pin id="217" dir="0" index="2" bw="1" slack="0"/>
<pin id="218" dir="1" index="3" bw="14" slack="0"/>
</pin_list>
<bind>
<opcode="select(49) " fcode="select"/>
<opset="select_ln1494_4/1 "/>
</bind>
</comp>

<comp id="222" class="1004" name="zext_ln1494_4_fu_222">
<pin_list>
<pin id="223" dir="0" index="0" bw="14" slack="0"/>
<pin id="224" dir="1" index="1" bw="16" slack="0"/>
</pin_list>
<bind>
<opcode="zext(34) " fcode="zext"/>
<opset="zext_ln1494_4/1 "/>
</bind>
</comp>

<comp id="226" class="1004" name="icmp_ln1494_5_fu_226">
<pin_list>
<pin id="227" dir="0" index="0" bw="16" slack="0"/>
<pin id="228" dir="0" index="1" bw="1" slack="0"/>
<pin id="229" dir="1" index="2" bw="1" slack="0"/>
</pin_list>
<bind>
<opcode="icmp(45) " fcode="icmp"/>
<opset="icmp_ln1494_5/1 "/>
</bind>
</comp>

<comp id="232" class="1004" name="trunc_ln1494_5_fu_232">
<pin_list>
<pin id="233" dir="0" index="0" bw="14" slack="0"/>
<pin id="234" dir="0" index="1" bw="16" slack="0"/>
<pin id="235" dir="0" index="2" bw="1" slack="0"/>
<pin id="236" dir="0" index="3" bw="5" slack="0"/>
<pin id="237" dir="1" index="4" bw="14" slack="0"/>
</pin_list>
<bind>
<opcode="partselect(1002) " fcode="partselect"/>
<opset="trunc_ln1494_5/1 "/>
</bind>
</comp>

<comp id="242" class="1004" name="select_ln1494_5_fu_242">
<pin_list>
<pin id="243" dir="0" index="0" bw="1" slack="0"/>
<pin id="244" dir="0" index="1" bw="14" slack="0"/>
<pin id="245" dir="0" index="2" bw="1" slack="0"/>
<pin id="246" dir="1" index="3" bw="14" slack="0"/>
</pin_list>
<bind>
<opcode="select(49) " fcode="select"/>
<opset="select_ln1494_5/1 "/>
</bind>
</comp>

<comp id="250" class="1004" name="zext_ln1494_5_fu_250">
<pin_list>
<pin id="251" dir="0" index="0" bw="14" slack="0"/>
<pin id="252" dir="1" index="1" bw="16" slack="0"/>
</pin_list>
<bind>
<opcode="zext(34) " fcode="zext"/>
<opset="zext_ln1494_5/1 "/>
</bind>
</comp>

<comp id="254" class="1004" name="icmp_ln1494_6_fu_254">
<pin_list>
<pin id="255" dir="0" index="0" bw="16" slack="0"/>
<pin id="256" dir="0" index="1" bw="1" slack="0"/>
<pin id="257" dir="1" index="2" bw="1" slack="0"/>
</pin_list>
<bind>
<opcode="icmp(45) " fcode="icmp"/>
<opset="icmp_ln1494_6/1 "/>
</bind>
</comp>

<comp id="260" class="1004" name="trunc_ln1494_6_fu_260">
<pin_list>
<pin id="261" dir="0" index="0" bw="14" slack="0"/>
<pin id="262" dir="0" index="1" bw="16" slack="0"/>
<pin id="263" dir="0" index="2" bw="1" slack="0"/>
<pin id="264" dir="0" index="3" bw="5" slack="0"/>
<pin id="265" dir="1" index="4" bw="14" slack="0"/>
</pin_list>
<bind>
<opcode="partselect(1002) " fcode="partselect"/>
<opset="trunc_ln1494_6/1 "/>
</bind>
</comp>

<comp id="270" class="1004" name="select_ln1494_6_fu_270">
<pin_list>
<pin id="271" dir="0" index="0" bw="1" slack="0"/>
<pin id="272" dir="0" index="1" bw="14" slack="0"/>
<pin id="273" dir="0" index="2" bw="1" slack="0"/>
<pin id="274" dir="1" index="3" bw="14" slack="0"/>
</pin_list>
<bind>
<opcode="select(49) " fcode="select"/>
<opset="select_ln1494_6/1 "/>
</bind>
</comp>

<comp id="278" class="1004" name="zext_ln1494_6_fu_278">
<pin_list>
<pin id="279" dir="0" index="0" bw="14" slack="0"/>
<pin id="280" dir="1" index="1" bw="16" slack="0"/>
</pin_list>
<bind>
<opcode="zext(34) " fcode="zext"/>
<opset="zext_ln1494_6/1 "/>
</bind>
</comp>

<comp id="282" class="1004" name="icmp_ln1494_7_fu_282">
<pin_list>
<pin id="283" dir="0" index="0" bw="16" slack="0"/>
<pin id="284" dir="0" index="1" bw="1" slack="0"/>
<pin id="285" dir="1" index="2" bw="1" slack="0"/>
</pin_list>
<bind>
<opcode="icmp(45) " fcode="icmp"/>
<opset="icmp_ln1494_7/1 "/>
</bind>
</comp>

<comp id="288" class="1004" name="trunc_ln1494_7_fu_288">
<pin_list>
<pin id="289" dir="0" index="0" bw="14" slack="0"/>
<pin id="290" dir="0" index="1" bw="16" slack="0"/>
<pin id="291" dir="0" index="2" bw="1" slack="0"/>
<pin id="292" dir="0" index="3" bw="5" slack="0"/>
<pin id="293" dir="1" index="4" bw="14" slack="0"/>
</pin_list>
<bind>
<opcode="partselect(1002) " fcode="partselect"/>
<opset="trunc_ln1494_7/1 "/>
</bind>
</comp>

<comp id="298" class="1004" name="select_ln1494_7_fu_298">
<pin_list>
<pin id="299" dir="0" index="0" bw="1" slack="0"/>
<pin id="300" dir="0" index="1" bw="14" slack="0"/>
<pin id="301" dir="0" index="2" bw="1" slack="0"/>
<pin id="302" dir="1" index="3" bw="14" slack="0"/>
</pin_list>
<bind>
<opcode="select(49) " fcode="select"/>
<opset="select_ln1494_7/1 "/>
</bind>
</comp>

<comp id="306" class="1004" name="zext_ln1494_7_fu_306">
<pin_list>
<pin id="307" dir="0" index="0" bw="14" slack="0"/>
<pin id="308" dir="1" index="1" bw="16" slack="0"/>
</pin_list>
<bind>
<opcode="zext(34) " fcode="zext"/>
<opset="zext_ln1494_7/1 "/>
</bind>
</comp>

<comp id="310" class="1004" name="mrv_fu_310">
<pin_list>
<pin id="311" dir="0" index="0" bw="128" slack="0"/>
<pin id="312" dir="0" index="1" bw="14" slack="0"/>
<pin id="313" dir="1" index="2" bw="128" slack="0"/>
</pin_list>
<bind>
<opcode="insertvalue(57) " fcode="insertvalue"/>
<opset="mrv/1 "/>
</bind>
</comp>

<comp id="316" class="1004" name="mrv_1_fu_316">
<pin_list>
<pin id="317" dir="0" index="0" bw="128" slack="0"/>
<pin id="318" dir="0" index="1" bw="14" slack="0"/>
<pin id="319" dir="1" index="2" bw="128" slack="0"/>
</pin_list>
<bind>
<opcode="insertvalue(57) " fcode="insertvalue"/>
<opset="mrv_1/1 "/>
</bind>
</comp>

<comp id="322" class="1004" name="mrv_2_fu_322">
<pin_list>
<pin id="323" dir="0" index="0" bw="128" slack="0"/>
<pin id="324" dir="0" index="1" bw="14" slack="0"/>
<pin id="325" dir="1" index="2" bw="128" slack="0"/>
</pin_list>
<bind>
<opcode="insertvalue(57) " fcode="insertvalue"/>
<opset="mrv_2/1 "/>
</bind>
</comp>

<comp id="328" class="1004" name="mrv_3_fu_328">
<pin_list>
<pin id="329" dir="0" index="0" bw="128" slack="0"/>
<pin id="330" dir="0" index="1" bw="14" slack="0"/>
<pin id="331" dir="1" index="2" bw="128" slack="0"/>
</pin_list>
<bind>
<opcode="insertvalue(57) " fcode="insertvalue"/>
<opset="mrv_3/1 "/>
</bind>
</comp>

<comp id="334" class="1004" name="mrv_4_fu_334">
<pin_list>
<pin id="335" dir="0" index="0" bw="128" slack="0"/>
<pin id="336" dir="0" index="1" bw="14" slack="0"/>
<pin id="337" dir="1" index="2" bw="128" slack="0"/>
</pin_list>
<bind>
<opcode="insertvalue(57) " fcode="insertvalue"/>
<opset="mrv_4/1 "/>
</bind>
</comp>

<comp id="340" class="1004" name="mrv_5_fu_340">
<pin_list>
<pin id="341" dir="0" index="0" bw="128" slack="0"/>
<pin id="342" dir="0" index="1" bw="14" slack="0"/>
<pin id="343" dir="1" index="2" bw="128" slack="0"/>
</pin_list>
<bind>
<opcode="insertvalue(57) " fcode="insertvalue"/>
<opset="mrv_5/1 "/>
</bind>
</comp>

<comp id="346" class="1004" name="mrv_6_fu_346">
<pin_list>
<pin id="347" dir="0" index="0" bw="128" slack="0"/>
<pin id="348" dir="0" index="1" bw="14" slack="0"/>
<pin id="349" dir="1" index="2" bw="128" slack="0"/>
</pin_list>
<bind>
<opcode="insertvalue(57) " fcode="insertvalue"/>
<opset="mrv_6/1 "/>
</bind>
</comp>

<comp id="352" class="1004" name="mrv_7_fu_352">
<pin_list>
<pin id="353" dir="0" index="0" bw="128" slack="0"/>
<pin id="354" dir="0" index="1" bw="14" slack="0"/>
<pin id="355" dir="1" index="2" bw="128" slack="2147483647"/>
</pin_list>
<bind>
<opcode="insertvalue(57) " fcode="insertvalue"/>
<opset="mrv_7/1 "/>
</bind>
</comp>

</comp_list>

<net_list>
<net id="42"><net_src comp="16" pin="0"/><net_sink comp="38" pin=0"/></net>

<net id="43"><net_src comp="14" pin="0"/><net_sink comp="38" pin=1"/></net>

<net id="48"><net_src comp="16" pin="0"/><net_sink comp="44" pin=0"/></net>

<net id="49"><net_src comp="12" pin="0"/><net_sink comp="44" pin=1"/></net>

<net id="54"><net_src comp="16" pin="0"/><net_sink comp="50" pin=0"/></net>

<net id="55"><net_src comp="10" pin="0"/><net_sink comp="50" pin=1"/></net>

<net id="60"><net_src comp="16" pin="0"/><net_sink comp="56" pin=0"/></net>

<net id="61"><net_src comp="8" pin="0"/><net_sink comp="56" pin=1"/></net>

<net id="66"><net_src comp="16" pin="0"/><net_sink comp="62" pin=0"/></net>

<net id="67"><net_src comp="6" pin="0"/><net_sink comp="62" pin=1"/></net>

<net id="72"><net_src comp="16" pin="0"/><net_sink comp="68" pin=0"/></net>

<net id="73"><net_src comp="4" pin="0"/><net_sink comp="68" pin=1"/></net>

<net id="78"><net_src comp="16" pin="0"/><net_sink comp="74" pin=0"/></net>

<net id="79"><net_src comp="2" pin="0"/><net_sink comp="74" pin=1"/></net>

<net id="84"><net_src comp="16" pin="0"/><net_sink comp="80" pin=0"/></net>

<net id="85"><net_src comp="0" pin="0"/><net_sink comp="80" pin=1"/></net>

<net id="90"><net_src comp="80" pin="2"/><net_sink comp="86" pin=0"/></net>

<net id="91"><net_src comp="28" pin="0"/><net_sink comp="86" pin=1"/></net>

<net id="98"><net_src comp="30" pin="0"/><net_sink comp="92" pin=0"/></net>

<net id="99"><net_src comp="80" pin="2"/><net_sink comp="92" pin=1"/></net>

<net id="100"><net_src comp="22" pin="0"/><net_sink comp="92" pin=2"/></net>

<net id="101"><net_src comp="32" pin="0"/><net_sink comp="92" pin=3"/></net>

<net id="107"><net_src comp="86" pin="2"/><net_sink comp="102" pin=0"/></net>

<net id="108"><net_src comp="92" pin="4"/><net_sink comp="102" pin=1"/></net>

<net id="109"><net_src comp="34" pin="0"/><net_sink comp="102" pin=2"/></net>

<net id="113"><net_src comp="102" pin="3"/><net_sink comp="110" pin=0"/></net>

<net id="118"><net_src comp="74" pin="2"/><net_sink comp="114" pin=0"/></net>

<net id="119"><net_src comp="28" pin="0"/><net_sink comp="114" pin=1"/></net>

<net id="126"><net_src comp="30" pin="0"/><net_sink comp="120" pin=0"/></net>

<net id="127"><net_src comp="74" pin="2"/><net_sink comp="120" pin=1"/></net>

<net id="128"><net_src comp="22" pin="0"/><net_sink comp="120" pin=2"/></net>

<net id="129"><net_src comp="32" pin="0"/><net_sink comp="120" pin=3"/></net>

<net id="135"><net_src comp="114" pin="2"/><net_sink comp="130" pin=0"/></net>

<net id="136"><net_src comp="120" pin="4"/><net_sink comp="130" pin=1"/></net>

<net id="137"><net_src comp="34" pin="0"/><net_sink comp="130" pin=2"/></net>

<net id="141"><net_src comp="130" pin="3"/><net_sink comp="138" pin=0"/></net>

<net id="146"><net_src comp="68" pin="2"/><net_sink comp="142" pin=0"/></net>

<net id="147"><net_src comp="28" pin="0"/><net_sink comp="142" pin=1"/></net>

<net id="154"><net_src comp="30" pin="0"/><net_sink comp="148" pin=0"/></net>

<net id="155"><net_src comp="68" pin="2"/><net_sink comp="148" pin=1"/></net>

<net id="156"><net_src comp="22" pin="0"/><net_sink comp="148" pin=2"/></net>

<net id="157"><net_src comp="32" pin="0"/><net_sink comp="148" pin=3"/></net>

<net id="163"><net_src comp="142" pin="2"/><net_sink comp="158" pin=0"/></net>

<net id="164"><net_src comp="148" pin="4"/><net_sink comp="158" pin=1"/></net>

<net id="165"><net_src comp="34" pin="0"/><net_sink comp="158" pin=2"/></net>

<net id="169"><net_src comp="158" pin="3"/><net_sink comp="166" pin=0"/></net>

<net id="174"><net_src comp="62" pin="2"/><net_sink comp="170" pin=0"/></net>

<net id="175"><net_src comp="28" pin="0"/><net_sink comp="170" pin=1"/></net>

<net id="182"><net_src comp="30" pin="0"/><net_sink comp="176" pin=0"/></net>

<net id="183"><net_src comp="62" pin="2"/><net_sink comp="176" pin=1"/></net>

<net id="184"><net_src comp="22" pin="0"/><net_sink comp="176" pin=2"/></net>

<net id="185"><net_src comp="32" pin="0"/><net_sink comp="176" pin=3"/></net>

<net id="191"><net_src comp="170" pin="2"/><net_sink comp="186" pin=0"/></net>

<net id="192"><net_src comp="176" pin="4"/><net_sink comp="186" pin=1"/></net>

<net id="193"><net_src comp="34" pin="0"/><net_sink comp="186" pin=2"/></net>

<net id="197"><net_src comp="186" pin="3"/><net_sink comp="194" pin=0"/></net>

<net id="202"><net_src comp="56" pin="2"/><net_sink comp="198" pin=0"/></net>

<net id="203"><net_src comp="28" pin="0"/><net_sink comp="198" pin=1"/></net>

<net id="210"><net_src comp="30" pin="0"/><net_sink comp="204" pin=0"/></net>

<net id="211"><net_src comp="56" pin="2"/><net_sink comp="204" pin=1"/></net>

<net id="212"><net_src comp="22" pin="0"/><net_sink comp="204" pin=2"/></net>

<net id="213"><net_src comp="32" pin="0"/><net_sink comp="204" pin=3"/></net>

<net id="219"><net_src comp="198" pin="2"/><net_sink comp="214" pin=0"/></net>

<net id="220"><net_src comp="204" pin="4"/><net_sink comp="214" pin=1"/></net>

<net id="221"><net_src comp="34" pin="0"/><net_sink comp="214" pin=2"/></net>

<net id="225"><net_src comp="214" pin="3"/><net_sink comp="222" pin=0"/></net>

<net id="230"><net_src comp="50" pin="2"/><net_sink comp="226" pin=0"/></net>

<net id="231"><net_src comp="28" pin="0"/><net_sink comp="226" pin=1"/></net>

<net id="238"><net_src comp="30" pin="0"/><net_sink comp="232" pin=0"/></net>

<net id="239"><net_src comp="50" pin="2"/><net_sink comp="232" pin=1"/></net>

<net id="240"><net_src comp="22" pin="0"/><net_sink comp="232" pin=2"/></net>

<net id="241"><net_src comp="32" pin="0"/><net_sink comp="232" pin=3"/></net>

<net id="247"><net_src comp="226" pin="2"/><net_sink comp="242" pin=0"/></net>

<net id="248"><net_src comp="232" pin="4"/><net_sink comp="242" pin=1"/></net>

<net id="249"><net_src comp="34" pin="0"/><net_sink comp="242" pin=2"/></net>

<net id="253"><net_src comp="242" pin="3"/><net_sink comp="250" pin=0"/></net>

<net id="258"><net_src comp="44" pin="2"/><net_sink comp="254" pin=0"/></net>

<net id="259"><net_src comp="28" pin="0"/><net_sink comp="254" pin=1"/></net>

<net id="266"><net_src comp="30" pin="0"/><net_sink comp="260" pin=0"/></net>

<net id="267"><net_src comp="44" pin="2"/><net_sink comp="260" pin=1"/></net>

<net id="268"><net_src comp="22" pin="0"/><net_sink comp="260" pin=2"/></net>

<net id="269"><net_src comp="32" pin="0"/><net_sink comp="260" pin=3"/></net>

<net id="275"><net_src comp="254" pin="2"/><net_sink comp="270" pin=0"/></net>

<net id="276"><net_src comp="260" pin="4"/><net_sink comp="270" pin=1"/></net>

<net id="277"><net_src comp="34" pin="0"/><net_sink comp="270" pin=2"/></net>

<net id="281"><net_src comp="270" pin="3"/><net_sink comp="278" pin=0"/></net>

<net id="286"><net_src comp="38" pin="2"/><net_sink comp="282" pin=0"/></net>

<net id="287"><net_src comp="28" pin="0"/><net_sink comp="282" pin=1"/></net>

<net id="294"><net_src comp="30" pin="0"/><net_sink comp="288" pin=0"/></net>

<net id="295"><net_src comp="38" pin="2"/><net_sink comp="288" pin=1"/></net>

<net id="296"><net_src comp="22" pin="0"/><net_sink comp="288" pin=2"/></net>

<net id="297"><net_src comp="32" pin="0"/><net_sink comp="288" pin=3"/></net>

<net id="303"><net_src comp="282" pin="2"/><net_sink comp="298" pin=0"/></net>

<net id="304"><net_src comp="288" pin="4"/><net_sink comp="298" pin=1"/></net>

<net id="305"><net_src comp="34" pin="0"/><net_sink comp="298" pin=2"/></net>

<net id="309"><net_src comp="298" pin="3"/><net_sink comp="306" pin=0"/></net>

<net id="314"><net_src comp="36" pin="0"/><net_sink comp="310" pin=0"/></net>

<net id="315"><net_src comp="110" pin="1"/><net_sink comp="310" pin=1"/></net>

<net id="320"><net_src comp="310" pin="2"/><net_sink comp="316" pin=0"/></net>

<net id="321"><net_src comp="138" pin="1"/><net_sink comp="316" pin=1"/></net>

<net id="326"><net_src comp="316" pin="2"/><net_sink comp="322" pin=0"/></net>

<net id="327"><net_src comp="166" pin="1"/><net_sink comp="322" pin=1"/></net>

<net id="332"><net_src comp="322" pin="2"/><net_sink comp="328" pin=0"/></net>

<net id="333"><net_src comp="194" pin="1"/><net_sink comp="328" pin=1"/></net>

<net id="338"><net_src comp="328" pin="2"/><net_sink comp="334" pin=0"/></net>

<net id="339"><net_src comp="222" pin="1"/><net_sink comp="334" pin=1"/></net>

<net id="344"><net_src comp="334" pin="2"/><net_sink comp="340" pin=0"/></net>

<net id="345"><net_src comp="250" pin="1"/><net_sink comp="340" pin=1"/></net>

<net id="350"><net_src comp="340" pin="2"/><net_sink comp="346" pin=0"/></net>

<net id="351"><net_src comp="278" pin="1"/><net_sink comp="346" pin=1"/></net>

<net id="356"><net_src comp="346" pin="2"/><net_sink comp="352" pin=0"/></net>

<net id="357"><net_src comp="306" pin="1"/><net_sink comp="352" pin=1"/></net>

</net_list>

</model> 
---------------- Datapath Model END ------------------

* FSMD analyzer results:
  - Output states:
 - Input state : 
	Port: relu<ap_fixed,ap_ufixed<16,3,5,3,0>,relu_config7> : data_0_V_read | {1 }
	Port: relu<ap_fixed,ap_ufixed<16,3,5,3,0>,relu_config7> : data_1_V_read | {1 }
	Port: relu<ap_fixed,ap_ufixed<16,3,5,3,0>,relu_config7> : data_2_V_read | {1 }
	Port: relu<ap_fixed,ap_ufixed<16,3,5,3,0>,relu_config7> : data_3_V_read | {1 }
	Port: relu<ap_fixed,ap_ufixed<16,3,5,3,0>,relu_config7> : data_4_V_read | {1 }
	Port: relu<ap_fixed,ap_ufixed<16,3,5,3,0>,relu_config7> : data_5_V_read | {1 }
	Port: relu<ap_fixed,ap_ufixed<16,3,5,3,0>,relu_config7> : data_6_V_read | {1 }
	Port: relu<ap_fixed,ap_ufixed<16,3,5,3,0>,relu_config7> : data_7_V_read | {1 }
  - Chain level:
	State 1
		select_ln1494 : 1
		zext_ln1494 : 2
		select_ln1494_1 : 1
		zext_ln1494_1 : 2
		select_ln1494_2 : 1
		zext_ln1494_2 : 2
		select_ln1494_3 : 1
		zext_ln1494_3 : 2
		select_ln1494_4 : 1
		zext_ln1494_4 : 2
		select_ln1494_5 : 1
		zext_ln1494_5 : 2
		select_ln1494_6 : 1
		zext_ln1494_6 : 2
		select_ln1494_7 : 1
		zext_ln1494_7 : 2
		mrv : 3
		mrv_1 : 4
		mrv_2 : 5
		mrv_3 : 6
		mrv_4 : 7
		mrv_5 : 8
		mrv_6 : 9
		mrv_7 : 10
		ret_ln74 : 11


============================================================
+ Verbose Summary: Datapath Resource usage 
============================================================

* Functional unit list:
|----------|----------------------------|---------|---------|
| Operation|       Functional Unit      |    FF   |   LUT   |
|----------|----------------------------|---------|---------|
|          |    select_ln1494_fu_102    |    0    |    14   |
|          |   select_ln1494_1_fu_130   |    0    |    14   |
|          |   select_ln1494_2_fu_158   |    0    |    14   |
|  select  |   select_ln1494_3_fu_186   |    0    |    14   |
|          |   select_ln1494_4_fu_214   |    0    |    14   |
|          |   select_ln1494_5_fu_242   |    0    |    14   |
|          |   select_ln1494_6_fu_270   |    0    |    14   |
|          |   select_ln1494_7_fu_298   |    0    |    14   |
|----------|----------------------------|---------|---------|
|          |      icmp_ln1494_fu_86     |    0    |    13   |
|          |    icmp_ln1494_1_fu_114    |    0    |    13   |
|          |    icmp_ln1494_2_fu_142    |    0    |    13   |
|   icmp   |    icmp_ln1494_3_fu_170    |    0    |    13   |
|          |    icmp_ln1494_4_fu_198    |    0    |    13   |
|          |    icmp_ln1494_5_fu_226    |    0    |    13   |
|          |    icmp_ln1494_6_fu_254    |    0    |    13   |
|          |    icmp_ln1494_7_fu_282    |    0    |    13   |
|----------|----------------------------|---------|---------|
|          | data_7_V_read_1_read_fu_38 |    0    |    0    |
|          | data_6_V_read_1_read_fu_44 |    0    |    0    |
|          | data_5_V_read_1_read_fu_50 |    0    |    0    |
|   read   | data_4_V_read_1_read_fu_56 |    0    |    0    |
|          | data_3_V_read_1_read_fu_62 |    0    |    0    |
|          | data_2_V_read_1_read_fu_68 |    0    |    0    |
|          | data_1_V_read_1_read_fu_74 |    0    |    0    |
|          | data_0_V_read_1_read_fu_80 |    0    |    0    |
|----------|----------------------------|---------|---------|
|          |       trunc_ln_fu_92       |    0    |    0    |
|          |    trunc_ln1494_1_fu_120   |    0    |    0    |
|          |    trunc_ln1494_2_fu_148   |    0    |    0    |
|partselect|    trunc_ln1494_3_fu_176   |    0    |    0    |
|          |    trunc_ln1494_4_fu_204   |    0    |    0    |
|          |    trunc_ln1494_5_fu_232   |    0    |    0    |
|          |    trunc_ln1494_6_fu_260   |    0    |    0    |
|          |    trunc_ln1494_7_fu_288   |    0    |    0    |
|----------|----------------------------|---------|---------|
|          |     zext_ln1494_fu_110     |    0    |    0    |
|          |    zext_ln1494_1_fu_138    |    0    |    0    |
|          |    zext_ln1494_2_fu_166    |    0    |    0    |
|   zext   |    zext_ln1494_3_fu_194    |    0    |    0    |
|          |    zext_ln1494_4_fu_222    |    0    |    0    |
|          |    zext_ln1494_5_fu_250    |    0    |    0    |
|          |    zext_ln1494_6_fu_278    |    0    |    0    |
|          |    zext_ln1494_7_fu_306    |    0    |    0    |
|----------|----------------------------|---------|---------|
|          |         mrv_fu_310         |    0    |    0    |
|          |        mrv_1_fu_316        |    0    |    0    |
|          |        mrv_2_fu_322        |    0    |    0    |
|insertvalue|        mrv_3_fu_328        |    0    |    0    |
|          |        mrv_4_fu_334        |    0    |    0    |
|          |        mrv_5_fu_340        |    0    |    0    |
|          |        mrv_6_fu_346        |    0    |    0    |
|          |        mrv_7_fu_352        |    0    |    0    |
|----------|----------------------------|---------|---------|
|   Total  |                            |    0    |   216   |
|----------|----------------------------|---------|---------|

Memories:
N/A

* Register list:
N/A

* Multiplexer (MUX) list: 
|--------|------|------|------|--------|
|  Comp  |  Pin | Size |  BW  | S x BW |
|--------|------|------|------|--------|
|  Total |      |      |      |    0   |
|--------|------|------|------|--------|



* Summary:
+-----------+--------+--------+
|           |   FF   |   LUT  |
+-----------+--------+--------+
|  Function |    0   |   216  |
|   Memory  |    -   |    -   |
|Multiplexer|    -   |    -   |
|  Register |    -   |    -   |
+-----------+--------+--------+
|   Total   |    0   |   216  |
+-----------+--------+--------+
