

================================================================
== Vivado HLS Report for 'relu_ap_fixed_ap_ufixed_22_3_5_3_0_relu_config4_s'
================================================================
* Date:           Tue Oct 25 22:21:35 2022

* Version:        2019.1 (Build 2552052 on Fri May 24 15:28:33 MDT 2019)
* Project:        myproject_prj
* Solution:       solution1
* Product family: zynquplus
* Target device:  xczu3eg-sbva484-1-e


================================================================
== Performance Estimates
================================================================
+ Timing (ns): 
    * Summary: 
    +--------+-------+----------+------------+
    |  Clock | Target| Estimated| Uncertainty|
    +--------+-------+----------+------------+
    |ap_clk  |   5.00|     1.918|        0.62|
    +--------+-------+----------+------------+

+ Latency (clock cycles): 
    * Summary: 
    +-----+-----+-----+-----+----------+
    |  Latency  |  Interval | Pipeline |
    | min | max | min | max |   Type   |
    +-----+-----+-----+-----+----------+
    |    0|    0|    1|    1| function |
    +-----+-----+-----+-----+----------+

    + Detail: 
        * Instance: 
        N/A

        * Loop: 
        N/A

============================================================
+ Verbose Summary: Synthesis Manager
============================================================
InlineROM: 1
ExposeGlobal: 0
============================================================
+ Verbose Summary: CDFG Model
============================================================
IsTopModel: 0
ResetActiveHigh: 1
IsCombinational: 0
IsDatapathOnly: 0
HasWiredReturn: 1
HasMFsm: 2
HasVarLatency: 0
IsPipeline: 1
IsRtlPipelined: 0
IsInstanceOverlapped: 0
IsDontTouch: 0
HasImplIP: 0
IsGatedGlobalClock: 0

+ Individual pipeline summary: 
  * Pipeline-0: initiation interval (II) = 1, depth = 1


============================================================
+ Verbose Summary: Schedule
============================================================
* Number of FSM states : 1
* Pipeline : 1
  Pipeline-0 : II = 1, D = 1, States = { 1 }
* Dataflow Pipeline: 0

* FSM state transitions: 
1 --> 

* FSM state operations: 

State 1 <SV = 0> <Delay = 1.91>
ST_1 : Operation 2 [1/1] (0.00ns)   --->   "%data_3_V_read_4 = call i64 @_ssdm_op_Read.ap_auto.i64(i64 %data_3_V_read)" [firmware/nnet_utils/nnet_activation.h:69]   --->   Operation 2 'read' 'data_3_V_read_4' <Predicate = true> <Delay = 0.00>
ST_1 : Operation 3 [1/1] (0.00ns)   --->   "%data_2_V_read_4 = call i64 @_ssdm_op_Read.ap_auto.i64(i64 %data_2_V_read)" [firmware/nnet_utils/nnet_activation.h:69]   --->   Operation 3 'read' 'data_2_V_read_4' <Predicate = true> <Delay = 0.00>
ST_1 : Operation 4 [1/1] (0.00ns)   --->   "%data_1_V_read_4 = call i64 @_ssdm_op_Read.ap_auto.i64(i64 %data_1_V_read)" [firmware/nnet_utils/nnet_activation.h:69]   --->   Operation 4 'read' 'data_1_V_read_4' <Predicate = true> <Delay = 0.00>
ST_1 : Operation 5 [1/1] (0.00ns)   --->   "%data_0_V_read_4 = call i64 @_ssdm_op_Read.ap_auto.i64(i64 %data_0_V_read)" [firmware/nnet_utils/nnet_activation.h:69]   --->   Operation 5 'read' 'data_0_V_read_4' <Predicate = true> <Delay = 0.00>
ST_1 : Operation 6 [1/1] (0.00ns)   --->   "%tmp = call i32 (...)* @_ssdm_op_SpecRegionBegin([12 x i8]* @p_str41)" [firmware/nnet_utils/nnet_activation.h:71]   --->   Operation 6 'specregionbegin' 'tmp' <Predicate = true> <Delay = 0.00>
ST_1 : Operation 7 [1/1] (0.00ns)   --->   "call void (...)* @_ssdm_op_SpecPipeline(i32 -1, i32 1, i32 1, i32 0, [1 x i8]* @p_str15) nounwind" [firmware/nnet_utils/nnet_activation.h:72]   --->   Operation 7 'specpipeline' <Predicate = true> <Delay = 0.00>
ST_1 : Operation 8 [1/1] (0.00ns)   --->   "%empty = call i32 (...)* @_ssdm_op_SpecRegionEnd([12 x i8]* @p_str41, i32 %tmp)" [firmware/nnet_utils/nnet_activation.h:73]   --->   Operation 8 'specregionend' 'empty' <Predicate = true> <Delay = 0.00>
ST_1 : Operation 9 [1/1] (1.48ns)   --->   "%icmp_ln1494 = icmp sgt i64 %data_0_V_read_4, 0" [firmware/nnet_utils/nnet_activation.h:81]   --->   Operation 9 'icmp' 'icmp_ln1494' <Predicate = true> <Delay = 1.48> <Core = "Cmp">   --->   Core 25 'Cmp' <Latency = 0> <II = 1> <Delay = 1.48> <FuncUnit> <Opcode : 'icmp'> <InPorts = 2> <OutPorts = 1>
ST_1 : Operation 10 [1/1] (0.00ns)   --->   "%trunc_ln = call i22 @_ssdm_op_PartSelect.i22.i64.i32.i32(i64 %data_0_V_read_4, i32 29, i32 50)" [firmware/nnet_utils/nnet_activation.h:81]   --->   Operation 10 'partselect' 'trunc_ln' <Predicate = (icmp_ln1494)> <Delay = 0.00>
ST_1 : Operation 11 [1/1] (0.43ns)   --->   "%select_ln1494 = select i1 %icmp_ln1494, i22 %trunc_ln, i22 0" [firmware/nnet_utils/nnet_activation.h:81]   --->   Operation 11 'select' 'select_ln1494' <Predicate = true> <Delay = 0.43> <Core = "Sel">   --->   Core 26 'Sel' <Latency = 0> <II = 1> <Delay = 0.43> <FuncUnit> <Opcode : 'select'> <InPorts = 3> <OutPorts = 1>
ST_1 : Operation 12 [1/1] (1.48ns)   --->   "%icmp_ln1494_1 = icmp sgt i64 %data_1_V_read_4, 0" [firmware/nnet_utils/nnet_activation.h:81]   --->   Operation 12 'icmp' 'icmp_ln1494_1' <Predicate = true> <Delay = 1.48> <Core = "Cmp">   --->   Core 25 'Cmp' <Latency = 0> <II = 1> <Delay = 1.48> <FuncUnit> <Opcode : 'icmp'> <InPorts = 2> <OutPorts = 1>
ST_1 : Operation 13 [1/1] (0.00ns)   --->   "%trunc_ln708_1 = call i22 @_ssdm_op_PartSelect.i22.i64.i32.i32(i64 %data_1_V_read_4, i32 29, i32 50)" [firmware/nnet_utils/nnet_activation.h:81]   --->   Operation 13 'partselect' 'trunc_ln708_1' <Predicate = (icmp_ln1494_1)> <Delay = 0.00>
ST_1 : Operation 14 [1/1] (0.43ns)   --->   "%select_ln1494_34 = select i1 %icmp_ln1494_1, i22 %trunc_ln708_1, i22 0" [firmware/nnet_utils/nnet_activation.h:81]   --->   Operation 14 'select' 'select_ln1494_34' <Predicate = true> <Delay = 0.43> <Core = "Sel">   --->   Core 26 'Sel' <Latency = 0> <II = 1> <Delay = 0.43> <FuncUnit> <Opcode : 'select'> <InPorts = 3> <OutPorts = 1>
ST_1 : Operation 15 [1/1] (1.48ns)   --->   "%icmp_ln1494_2 = icmp sgt i64 %data_2_V_read_4, 0" [firmware/nnet_utils/nnet_activation.h:81]   --->   Operation 15 'icmp' 'icmp_ln1494_2' <Predicate = true> <Delay = 1.48> <Core = "Cmp">   --->   Core 25 'Cmp' <Latency = 0> <II = 1> <Delay = 1.48> <FuncUnit> <Opcode : 'icmp'> <InPorts = 2> <OutPorts = 1>
ST_1 : Operation 16 [1/1] (0.00ns)   --->   "%trunc_ln708_2 = call i22 @_ssdm_op_PartSelect.i22.i64.i32.i32(i64 %data_2_V_read_4, i32 29, i32 50)" [firmware/nnet_utils/nnet_activation.h:81]   --->   Operation 16 'partselect' 'trunc_ln708_2' <Predicate = (icmp_ln1494_2)> <Delay = 0.00>
ST_1 : Operation 17 [1/1] (0.43ns)   --->   "%select_ln1494_35 = select i1 %icmp_ln1494_2, i22 %trunc_ln708_2, i22 0" [firmware/nnet_utils/nnet_activation.h:81]   --->   Operation 17 'select' 'select_ln1494_35' <Predicate = true> <Delay = 0.43> <Core = "Sel">   --->   Core 26 'Sel' <Latency = 0> <II = 1> <Delay = 0.43> <FuncUnit> <Opcode : 'select'> <InPorts = 3> <OutPorts = 1>
ST_1 : Operation 18 [1/1] (1.48ns)   --->   "%icmp_ln1494_3 = icmp sgt i64 %data_3_V_read_4, 0" [firmware/nnet_utils/nnet_activation.h:81]   --->   Operation 18 'icmp' 'icmp_ln1494_3' <Predicate = true> <Delay = 1.48> <Core = "Cmp">   --->   Core 25 'Cmp' <Latency = 0> <II = 1> <Delay = 1.48> <FuncUnit> <Opcode : 'icmp'> <InPorts = 2> <OutPorts = 1>
ST_1 : Operation 19 [1/1] (0.00ns)   --->   "%trunc_ln708_3 = call i22 @_ssdm_op_PartSelect.i22.i64.i32.i32(i64 %data_3_V_read_4, i32 29, i32 50)" [firmware/nnet_utils/nnet_activation.h:81]   --->   Operation 19 'partselect' 'trunc_ln708_3' <Predicate = (icmp_ln1494_3)> <Delay = 0.00>
ST_1 : Operation 20 [1/1] (0.43ns)   --->   "%select_ln1494_36 = select i1 %icmp_ln1494_3, i22 %trunc_ln708_3, i22 0" [firmware/nnet_utils/nnet_activation.h:81]   --->   Operation 20 'select' 'select_ln1494_36' <Predicate = true> <Delay = 0.43> <Core = "Sel">   --->   Core 26 'Sel' <Latency = 0> <II = 1> <Delay = 0.43> <FuncUnit> <Opcode : 'select'> <InPorts = 3> <OutPorts = 1>
ST_1 : Operation 21 [1/1] (0.00ns)   --->   "%mrv = insertvalue { i22, i22, i22, i22 } undef, i22 %select_ln1494, 0" [firmware/nnet_utils/nnet_activation.h:84]   --->   Operation 21 'insertvalue' 'mrv' <Predicate = true> <Delay = 0.00>
ST_1 : Operation 22 [1/1] (0.00ns)   --->   "%mrv_1 = insertvalue { i22, i22, i22, i22 } %mrv, i22 %select_ln1494_34, 1" [firmware/nnet_utils/nnet_activation.h:84]   --->   Operation 22 'insertvalue' 'mrv_1' <Predicate = true> <Delay = 0.00>
ST_1 : Operation 23 [1/1] (0.00ns)   --->   "%mrv_2 = insertvalue { i22, i22, i22, i22 } %mrv_1, i22 %select_ln1494_35, 2" [firmware/nnet_utils/nnet_activation.h:84]   --->   Operation 23 'insertvalue' 'mrv_2' <Predicate = true> <Delay = 0.00>
ST_1 : Operation 24 [1/1] (0.00ns)   --->   "%mrv_3 = insertvalue { i22, i22, i22, i22 } %mrv_2, i22 %select_ln1494_36, 3" [firmware/nnet_utils/nnet_activation.h:84]   --->   Operation 24 'insertvalue' 'mrv_3' <Predicate = true> <Delay = 0.00>
ST_1 : Operation 25 [1/1] (0.00ns)   --->   "ret { i22, i22, i22, i22 } %mrv_3" [firmware/nnet_utils/nnet_activation.h:84]   --->   Operation 25 'ret' <Predicate = true> <Delay = 0.00>


============================================================
+ Verbose Summary: Timing violations
============================================================
Target clock period: 5ns, clock uncertainty: 0.625ns.

 <State 1>: 1.92ns
The critical path consists of the following:
	wire read on port 'data_3_V_read' (firmware/nnet_utils/nnet_activation.h:69) [5]  (0 ns)
	'icmp' operation ('icmp_ln1494_3', firmware/nnet_utils/nnet_activation.h:81) [21]  (1.48 ns)
	'select' operation ('res[3].V', firmware/nnet_utils/nnet_activation.h:81) [23]  (0.437 ns)


============================================================
+ Verbose Summary: Binding
============================================================
N/A
* FSMD analyzer results:
  - Output states:
 - Input state : 
  - Chain level:
	State 1


============================================================
+ Verbose Summary: Datapath Resource usage 
============================================================
N/A
