

================================================================
== Vivado HLS Report for 'relu_ap_fixed_ap_ufixed_16_3_5_3_0_relu_config4_s'
================================================================
* Date:           Sat Aug  6 20:42:54 2022

* Version:        2019.1 (Build 2552052 on Fri May 24 15:28:33 MDT 2019)
* Project:        myproject_prj
* Solution:       solution1
* Product family: zynquplus
* Target device:  xczu3eg-sbva484-1-e


================================================================
== Performance Estimates
================================================================
+ Timing (ns): 
    * Summary: 
    +--------+-------+----------+------------+
    |  Clock | Target| Estimated| Uncertainty|
    +--------+-------+----------+------------+
    |ap_clk  |   5.00|     1.414|        0.62|
    +--------+-------+----------+------------+

+ Latency (clock cycles): 
    * Summary: 
    +-----+-----+-----+-----+----------+
    |  Latency  |  Interval | Pipeline |
    | min | max | min | max |   Type   |
    +-----+-----+-----+-----+----------+
    |    0|    0|    1|    1| function |
    +-----+-----+-----+-----+----------+

    + Detail: 
        * Instance: 
        N/A

        * Loop: 
        N/A

============================================================
+ Verbose Summary: Synthesis Manager
============================================================
InlineROM: 1
ExposeGlobal: 0
============================================================
+ Verbose Summary: CDFG Model
============================================================
IsTopModel: 0
ResetActiveHigh: 1
IsCombinational: 0
IsDatapathOnly: 0
HasWiredReturn: 1
HasMFsm: 2
HasVarLatency: 0
IsPipeline: 1
IsRtlPipelined: 0
IsInstanceOverlapped: 0
IsDontTouch: 0
HasImplIP: 0
IsGatedGlobalClock: 0

+ Individual pipeline summary: 
  * Pipeline-0: initiation interval (II) = 1, depth = 1


============================================================
+ Verbose Summary: Schedule
============================================================
* Number of FSM states : 1
* Pipeline : 1
  Pipeline-0 : II = 1, D = 1, States = { 1 }
* Dataflow Pipeline: 0

* FSM state transitions: 
1 --> 

* FSM state operations: 

State 1 <SV = 0> <Delay = 1.41>
ST_1 : Operation 2 [1/1] (0.00ns)   --->   "%data_3_V_read_2 = call i16 @_ssdm_op_Read.ap_auto.i16(i16 %data_3_V_read)" [firmware/nnet_utils/nnet_activation.h:64]   --->   Operation 2 'read' 'data_3_V_read_2' <Predicate = true> <Delay = 0.00>
ST_1 : Operation 3 [1/1] (0.00ns)   --->   "%data_2_V_read_2 = call i16 @_ssdm_op_Read.ap_auto.i16(i16 %data_2_V_read)" [firmware/nnet_utils/nnet_activation.h:64]   --->   Operation 3 'read' 'data_2_V_read_2' <Predicate = true> <Delay = 0.00>
ST_1 : Operation 4 [1/1] (0.00ns)   --->   "%data_1_V_read_2 = call i16 @_ssdm_op_Read.ap_auto.i16(i16 %data_1_V_read)" [firmware/nnet_utils/nnet_activation.h:64]   --->   Operation 4 'read' 'data_1_V_read_2' <Predicate = true> <Delay = 0.00>
ST_1 : Operation 5 [1/1] (0.00ns)   --->   "%data_0_V_read_2 = call i16 @_ssdm_op_Read.ap_auto.i16(i16 %data_0_V_read)" [firmware/nnet_utils/nnet_activation.h:64]   --->   Operation 5 'read' 'data_0_V_read_2' <Predicate = true> <Delay = 0.00>
ST_1 : Operation 6 [1/1] (0.00ns)   --->   "call void (...)* @_ssdm_op_SpecPipeline(i32 -1, i32 1, i32 1, i32 0, [1 x i8]* @p_str15) nounwind" [firmware/nnet_utils/nnet_activation.h:66]   --->   Operation 6 'specpipeline' <Predicate = true> <Delay = 0.00>
ST_1 : Operation 7 [1/1] (0.86ns)   --->   "%icmp_ln1494 = icmp sgt i16 %data_0_V_read_2, 0" [firmware/nnet_utils/nnet_activation.h:71]   --->   Operation 7 'icmp' 'icmp_ln1494' <Predicate = true> <Delay = 0.86> <Core = "Cmp">   --->   Core 25 'Cmp' <Latency = 0> <II = 1> <Delay = 0.86> <FuncUnit> <Opcode : 'icmp'> <InPorts = 2> <OutPorts = 1>
ST_1 : Operation 8 [1/1] (0.00ns)   --->   "%trunc_ln = call i14 @_ssdm_op_PartSelect.i14.i16.i32.i32(i16 %data_0_V_read_2, i32 1, i32 14)" [firmware/nnet_utils/nnet_activation.h:71]   --->   Operation 8 'partselect' 'trunc_ln' <Predicate = (icmp_ln1494)> <Delay = 0.00>
ST_1 : Operation 9 [1/1] (0.54ns)   --->   "%select_ln1494 = select i1 %icmp_ln1494, i14 %trunc_ln, i14 0" [firmware/nnet_utils/nnet_activation.h:71]   --->   Operation 9 'select' 'select_ln1494' <Predicate = true> <Delay = 0.54> <Core = "Sel">   --->   Core 26 'Sel' <Latency = 0> <II = 1> <Delay = 0.54> <FuncUnit> <Opcode : 'select'> <InPorts = 3> <OutPorts = 1>
ST_1 : Operation 10 [1/1] (0.00ns)   --->   "%zext_ln1494 = zext i14 %select_ln1494 to i16" [firmware/nnet_utils/nnet_activation.h:71]   --->   Operation 10 'zext' 'zext_ln1494' <Predicate = true> <Delay = 0.00>
ST_1 : Operation 11 [1/1] (0.86ns)   --->   "%icmp_ln1494_1 = icmp sgt i16 %data_1_V_read_2, 0" [firmware/nnet_utils/nnet_activation.h:71]   --->   Operation 11 'icmp' 'icmp_ln1494_1' <Predicate = true> <Delay = 0.86> <Core = "Cmp">   --->   Core 25 'Cmp' <Latency = 0> <II = 1> <Delay = 0.86> <FuncUnit> <Opcode : 'icmp'> <InPorts = 2> <OutPorts = 1>
ST_1 : Operation 12 [1/1] (0.00ns)   --->   "%trunc_ln1494_8 = call i14 @_ssdm_op_PartSelect.i14.i16.i32.i32(i16 %data_1_V_read_2, i32 1, i32 14)" [firmware/nnet_utils/nnet_activation.h:71]   --->   Operation 12 'partselect' 'trunc_ln1494_8' <Predicate = (icmp_ln1494_1)> <Delay = 0.00>
ST_1 : Operation 13 [1/1] (0.54ns)   --->   "%select_ln1494_8 = select i1 %icmp_ln1494_1, i14 %trunc_ln1494_8, i14 0" [firmware/nnet_utils/nnet_activation.h:71]   --->   Operation 13 'select' 'select_ln1494_8' <Predicate = true> <Delay = 0.54> <Core = "Sel">   --->   Core 26 'Sel' <Latency = 0> <II = 1> <Delay = 0.54> <FuncUnit> <Opcode : 'select'> <InPorts = 3> <OutPorts = 1>
ST_1 : Operation 14 [1/1] (0.00ns)   --->   "%zext_ln1494_8 = zext i14 %select_ln1494_8 to i16" [firmware/nnet_utils/nnet_activation.h:71]   --->   Operation 14 'zext' 'zext_ln1494_8' <Predicate = true> <Delay = 0.00>
ST_1 : Operation 15 [1/1] (0.86ns)   --->   "%icmp_ln1494_2 = icmp sgt i16 %data_2_V_read_2, 0" [firmware/nnet_utils/nnet_activation.h:71]   --->   Operation 15 'icmp' 'icmp_ln1494_2' <Predicate = true> <Delay = 0.86> <Core = "Cmp">   --->   Core 25 'Cmp' <Latency = 0> <II = 1> <Delay = 0.86> <FuncUnit> <Opcode : 'icmp'> <InPorts = 2> <OutPorts = 1>
ST_1 : Operation 16 [1/1] (0.00ns)   --->   "%trunc_ln1494_9 = call i14 @_ssdm_op_PartSelect.i14.i16.i32.i32(i16 %data_2_V_read_2, i32 1, i32 14)" [firmware/nnet_utils/nnet_activation.h:71]   --->   Operation 16 'partselect' 'trunc_ln1494_9' <Predicate = (icmp_ln1494_2)> <Delay = 0.00>
ST_1 : Operation 17 [1/1] (0.54ns)   --->   "%select_ln1494_9 = select i1 %icmp_ln1494_2, i14 %trunc_ln1494_9, i14 0" [firmware/nnet_utils/nnet_activation.h:71]   --->   Operation 17 'select' 'select_ln1494_9' <Predicate = true> <Delay = 0.54> <Core = "Sel">   --->   Core 26 'Sel' <Latency = 0> <II = 1> <Delay = 0.54> <FuncUnit> <Opcode : 'select'> <InPorts = 3> <OutPorts = 1>
ST_1 : Operation 18 [1/1] (0.00ns)   --->   "%zext_ln1494_9 = zext i14 %select_ln1494_9 to i16" [firmware/nnet_utils/nnet_activation.h:71]   --->   Operation 18 'zext' 'zext_ln1494_9' <Predicate = true> <Delay = 0.00>
ST_1 : Operation 19 [1/1] (0.86ns)   --->   "%icmp_ln1494_3 = icmp sgt i16 %data_3_V_read_2, 0" [firmware/nnet_utils/nnet_activation.h:71]   --->   Operation 19 'icmp' 'icmp_ln1494_3' <Predicate = true> <Delay = 0.86> <Core = "Cmp">   --->   Core 25 'Cmp' <Latency = 0> <II = 1> <Delay = 0.86> <FuncUnit> <Opcode : 'icmp'> <InPorts = 2> <OutPorts = 1>
ST_1 : Operation 20 [1/1] (0.00ns)   --->   "%trunc_ln1494_s = call i14 @_ssdm_op_PartSelect.i14.i16.i32.i32(i16 %data_3_V_read_2, i32 1, i32 14)" [firmware/nnet_utils/nnet_activation.h:71]   --->   Operation 20 'partselect' 'trunc_ln1494_s' <Predicate = (icmp_ln1494_3)> <Delay = 0.00>
ST_1 : Operation 21 [1/1] (0.54ns)   --->   "%select_ln1494_10 = select i1 %icmp_ln1494_3, i14 %trunc_ln1494_s, i14 0" [firmware/nnet_utils/nnet_activation.h:71]   --->   Operation 21 'select' 'select_ln1494_10' <Predicate = true> <Delay = 0.54> <Core = "Sel">   --->   Core 26 'Sel' <Latency = 0> <II = 1> <Delay = 0.54> <FuncUnit> <Opcode : 'select'> <InPorts = 3> <OutPorts = 1>
ST_1 : Operation 22 [1/1] (0.00ns)   --->   "%zext_ln1494_10 = zext i14 %select_ln1494_10 to i16" [firmware/nnet_utils/nnet_activation.h:71]   --->   Operation 22 'zext' 'zext_ln1494_10' <Predicate = true> <Delay = 0.00>
ST_1 : Operation 23 [1/1] (0.00ns)   --->   "%mrv = insertvalue { i16, i16, i16, i16 } undef, i16 %zext_ln1494, 0" [firmware/nnet_utils/nnet_activation.h:74]   --->   Operation 23 'insertvalue' 'mrv' <Predicate = true> <Delay = 0.00>
ST_1 : Operation 24 [1/1] (0.00ns)   --->   "%mrv_1 = insertvalue { i16, i16, i16, i16 } %mrv, i16 %zext_ln1494_8, 1" [firmware/nnet_utils/nnet_activation.h:74]   --->   Operation 24 'insertvalue' 'mrv_1' <Predicate = true> <Delay = 0.00>
ST_1 : Operation 25 [1/1] (0.00ns)   --->   "%mrv_2 = insertvalue { i16, i16, i16, i16 } %mrv_1, i16 %zext_ln1494_9, 2" [firmware/nnet_utils/nnet_activation.h:74]   --->   Operation 25 'insertvalue' 'mrv_2' <Predicate = true> <Delay = 0.00>
ST_1 : Operation 26 [1/1] (0.00ns)   --->   "%mrv_3 = insertvalue { i16, i16, i16, i16 } %mrv_2, i16 %zext_ln1494_10, 3" [firmware/nnet_utils/nnet_activation.h:74]   --->   Operation 26 'insertvalue' 'mrv_3' <Predicate = true> <Delay = 0.00>
ST_1 : Operation 27 [1/1] (0.00ns)   --->   "ret { i16, i16, i16, i16 } %mrv_3" [firmware/nnet_utils/nnet_activation.h:74]   --->   Operation 27 'ret' <Predicate = true> <Delay = 0.00>


============================================================
+ Verbose Summary: Binding
============================================================
STG Binding: 
---------------- STG Properties BEGIN ----------------
- Is combinational: 1
- Is one-state seq: 0
- Is datapath-only: 0
- Is pipelined: 1
- Is top level: 0
Port [ Return ] is wired: 1; IO mode=ap_ctrl_hs:ce=0
Port [ data_0_V_read]:  wired=1; compound=0; hidden=0; nouse=0; global=0; static=0; extern=0; dir=0; type=0; pingpong=0; private_global=0; IO mode=ap_none:ce=0
Port [ data_1_V_read]:  wired=1; compound=0; hidden=0; nouse=0; global=0; static=0; extern=0; dir=0; type=0; pingpong=0; private_global=0; IO mode=ap_none:ce=0
Port [ data_2_V_read]:  wired=1; compound=0; hidden=0; nouse=0; global=0; static=0; extern=0; dir=0; type=0; pingpong=0; private_global=0; IO mode=ap_none:ce=0
Port [ data_3_V_read]:  wired=1; compound=0; hidden=0; nouse=0; global=0; static=0; extern=0; dir=0; type=0; pingpong=0; private_global=0; IO mode=ap_none:ce=0
---------------- STG Properties END ------------------

---------------- Datapath Model BEGIN ----------------

<LifeTime>
<method=bitvector/>
data_3_V_read_2   (read        ) [ 00]
data_2_V_read_2   (read        ) [ 00]
data_1_V_read_2   (read        ) [ 00]
data_0_V_read_2   (read        ) [ 00]
specpipeline_ln66 (specpipeline) [ 00]
icmp_ln1494       (icmp        ) [ 01]
trunc_ln          (partselect  ) [ 00]
select_ln1494     (select      ) [ 00]
zext_ln1494       (zext        ) [ 00]
icmp_ln1494_1     (icmp        ) [ 01]
trunc_ln1494_8    (partselect  ) [ 00]
select_ln1494_8   (select      ) [ 00]
zext_ln1494_8     (zext        ) [ 00]
icmp_ln1494_2     (icmp        ) [ 01]
trunc_ln1494_9    (partselect  ) [ 00]
select_ln1494_9   (select      ) [ 00]
zext_ln1494_9     (zext        ) [ 00]
icmp_ln1494_3     (icmp        ) [ 01]
trunc_ln1494_s    (partselect  ) [ 00]
select_ln1494_10  (select      ) [ 00]
zext_ln1494_10    (zext        ) [ 00]
mrv               (insertvalue ) [ 00]
mrv_1             (insertvalue ) [ 00]
mrv_2             (insertvalue ) [ 00]
mrv_3             (insertvalue ) [ 00]
ret_ln74          (ret         ) [ 00]
</LifeTime>

<model>

<comp_list>
<comp id="0" class="1000" name="data_0_V_read">
<pin_list>
<pin id="1" dir="1" index="0" bw="1" slack="0"/>
</pin_list>
<bind>
<StgValue><ssdm name="data_0_V_read"/></StgValue>
</bind>
</comp>

<comp id="2" class="1000" name="data_1_V_read">
<pin_list>
<pin id="3" dir="1" index="0" bw="1" slack="0"/>
</pin_list>
<bind>
<StgValue><ssdm name="data_1_V_read"/></StgValue>
</bind>
</comp>

<comp id="4" class="1000" name="data_2_V_read">
<pin_list>
<pin id="5" dir="1" index="0" bw="1" slack="0"/>
</pin_list>
<bind>
<StgValue><ssdm name="data_2_V_read"/></StgValue>
</bind>
</comp>

<comp id="6" class="1000" name="data_3_V_read">
<pin_list>
<pin id="7" dir="1" index="0" bw="1" slack="0"/>
</pin_list>
<bind>
<StgValue><ssdm name="data_3_V_read"/></StgValue>
</bind>
</comp>

<comp id="8" class="1001" name="const_8">
<pin_list>
<pin id="9" dir="1" index="0" bw="1" slack="0"/>
</pin_list>
<bind>
<StgValue><ssdm name="_ssdm_op_Read.ap_auto.i16"/></StgValue>
</bind>
</comp>

<comp id="10" class="1001" name="const_10">
<pin_list>
<pin id="11" dir="1" index="0" bw="1" slack="2147483647"/>
</pin_list>
<bind>
<StgValue><ssdm name="_ssdm_op_SpecPipeline"/></StgValue>
</bind>
</comp>

<comp id="12" class="1001" name="const_12">
<pin_list>
<pin id="13" dir="1" index="0" bw="1" slack="2147483647"/>
</pin_list>
<bind>
<StgValue><ssdm name=""/></StgValue>
</bind>
</comp>

<comp id="14" class="1001" name="const_14">
<pin_list>
<pin id="15" dir="1" index="0" bw="1" slack="0"/>
</pin_list>
<bind>
<StgValue><ssdm name=""/></StgValue>
</bind>
</comp>

<comp id="16" class="1001" name="const_16">
<pin_list>
<pin id="17" dir="1" index="0" bw="1" slack="2147483647"/>
</pin_list>
<bind>
<StgValue><ssdm name=""/></StgValue>
</bind>
</comp>

<comp id="18" class="1001" name="const_18">
<pin_list>
<pin id="19" dir="1" index="0" bw="1" slack="2147483647"/>
</pin_list>
<bind>
<StgValue><ssdm name="p_str15"/></StgValue>
</bind>
</comp>

<comp id="20" class="1001" name="const_20">
<pin_list>
<pin id="21" dir="1" index="0" bw="1" slack="0"/>
</pin_list>
<bind>
<StgValue><ssdm name=""/></StgValue>
</bind>
</comp>

<comp id="22" class="1001" name="const_22">
<pin_list>
<pin id="23" dir="1" index="0" bw="1" slack="0"/>
</pin_list>
<bind>
<StgValue><ssdm name="_ssdm_op_PartSelect.i14.i16.i32.i32"/></StgValue>
</bind>
</comp>

<comp id="24" class="1001" name="const_24">
<pin_list>
<pin id="25" dir="1" index="0" bw="1" slack="0"/>
</pin_list>
<bind>
<StgValue><ssdm name=""/></StgValue>
</bind>
</comp>

<comp id="26" class="1001" name="const_26">
<pin_list>
<pin id="27" dir="1" index="0" bw="1" slack="0"/>
</pin_list>
<bind>
<StgValue><ssdm name=""/></StgValue>
</bind>
</comp>

<comp id="28" class="1001" name="const_28">
<pin_list>
<pin id="29" dir="1" index="0" bw="1" slack="0"/>
</pin_list>
<bind>
<StgValue><ssdm name=""/></StgValue>
</bind>
</comp>

<comp id="30" class="1004" name="data_3_V_read_2_read_fu_30">
<pin_list>
<pin id="31" dir="0" index="0" bw="16" slack="0"/>
<pin id="32" dir="0" index="1" bw="16" slack="0"/>
<pin id="33" dir="1" index="2" bw="16" slack="0"/>
</pin_list>
<bind>
<opcode="read(1150) " fcode="read"/>
<opset="data_3_V_read_2/1 "/>
</bind>
</comp>

<comp id="36" class="1004" name="data_2_V_read_2_read_fu_36">
<pin_list>
<pin id="37" dir="0" index="0" bw="16" slack="0"/>
<pin id="38" dir="0" index="1" bw="16" slack="0"/>
<pin id="39" dir="1" index="2" bw="16" slack="0"/>
</pin_list>
<bind>
<opcode="read(1150) " fcode="read"/>
<opset="data_2_V_read_2/1 "/>
</bind>
</comp>

<comp id="42" class="1004" name="data_1_V_read_2_read_fu_42">
<pin_list>
<pin id="43" dir="0" index="0" bw="16" slack="0"/>
<pin id="44" dir="0" index="1" bw="16" slack="0"/>
<pin id="45" dir="1" index="2" bw="16" slack="0"/>
</pin_list>
<bind>
<opcode="read(1150) " fcode="read"/>
<opset="data_1_V_read_2/1 "/>
</bind>
</comp>

<comp id="48" class="1004" name="data_0_V_read_2_read_fu_48">
<pin_list>
<pin id="49" dir="0" index="0" bw="16" slack="0"/>
<pin id="50" dir="0" index="1" bw="16" slack="0"/>
<pin id="51" dir="1" index="2" bw="16" slack="0"/>
</pin_list>
<bind>
<opcode="read(1150) " fcode="read"/>
<opset="data_0_V_read_2/1 "/>
</bind>
</comp>

<comp id="54" class="1004" name="icmp_ln1494_fu_54">
<pin_list>
<pin id="55" dir="0" index="0" bw="16" slack="0"/>
<pin id="56" dir="0" index="1" bw="1" slack="0"/>
<pin id="57" dir="1" index="2" bw="1" slack="0"/>
</pin_list>
<bind>
<opcode="icmp(45) " fcode="icmp"/>
<opset="icmp_ln1494/1 "/>
</bind>
</comp>

<comp id="60" class="1004" name="trunc_ln_fu_60">
<pin_list>
<pin id="61" dir="0" index="0" bw="14" slack="0"/>
<pin id="62" dir="0" index="1" bw="16" slack="0"/>
<pin id="63" dir="0" index="2" bw="1" slack="0"/>
<pin id="64" dir="0" index="3" bw="5" slack="0"/>
<pin id="65" dir="1" index="4" bw="14" slack="0"/>
</pin_list>
<bind>
<opcode="partselect(1002) " fcode="partselect"/>
<opset="trunc_ln/1 "/>
</bind>
</comp>

<comp id="70" class="1004" name="select_ln1494_fu_70">
<pin_list>
<pin id="71" dir="0" index="0" bw="1" slack="0"/>
<pin id="72" dir="0" index="1" bw="14" slack="0"/>
<pin id="73" dir="0" index="2" bw="1" slack="0"/>
<pin id="74" dir="1" index="3" bw="14" slack="0"/>
</pin_list>
<bind>
<opcode="select(49) " fcode="select"/>
<opset="select_ln1494/1 "/>
</bind>
</comp>

<comp id="78" class="1004" name="zext_ln1494_fu_78">
<pin_list>
<pin id="79" dir="0" index="0" bw="14" slack="0"/>
<pin id="80" dir="1" index="1" bw="16" slack="0"/>
</pin_list>
<bind>
<opcode="zext(34) " fcode="zext"/>
<opset="zext_ln1494/1 "/>
</bind>
</comp>

<comp id="82" class="1004" name="icmp_ln1494_1_fu_82">
<pin_list>
<pin id="83" dir="0" index="0" bw="16" slack="0"/>
<pin id="84" dir="0" index="1" bw="1" slack="0"/>
<pin id="85" dir="1" index="2" bw="1" slack="0"/>
</pin_list>
<bind>
<opcode="icmp(45) " fcode="icmp"/>
<opset="icmp_ln1494_1/1 "/>
</bind>
</comp>

<comp id="88" class="1004" name="trunc_ln1494_8_fu_88">
<pin_list>
<pin id="89" dir="0" index="0" bw="14" slack="0"/>
<pin id="90" dir="0" index="1" bw="16" slack="0"/>
<pin id="91" dir="0" index="2" bw="1" slack="0"/>
<pin id="92" dir="0" index="3" bw="5" slack="0"/>
<pin id="93" dir="1" index="4" bw="14" slack="0"/>
</pin_list>
<bind>
<opcode="partselect(1002) " fcode="partselect"/>
<opset="trunc_ln1494_8/1 "/>
</bind>
</comp>

<comp id="98" class="1004" name="select_ln1494_8_fu_98">
<pin_list>
<pin id="99" dir="0" index="0" bw="1" slack="0"/>
<pin id="100" dir="0" index="1" bw="14" slack="0"/>
<pin id="101" dir="0" index="2" bw="1" slack="0"/>
<pin id="102" dir="1" index="3" bw="14" slack="0"/>
</pin_list>
<bind>
<opcode="select(49) " fcode="select"/>
<opset="select_ln1494_8/1 "/>
</bind>
</comp>

<comp id="106" class="1004" name="zext_ln1494_8_fu_106">
<pin_list>
<pin id="107" dir="0" index="0" bw="14" slack="0"/>
<pin id="108" dir="1" index="1" bw="16" slack="0"/>
</pin_list>
<bind>
<opcode="zext(34) " fcode="zext"/>
<opset="zext_ln1494_8/1 "/>
</bind>
</comp>

<comp id="110" class="1004" name="icmp_ln1494_2_fu_110">
<pin_list>
<pin id="111" dir="0" index="0" bw="16" slack="0"/>
<pin id="112" dir="0" index="1" bw="1" slack="0"/>
<pin id="113" dir="1" index="2" bw="1" slack="0"/>
</pin_list>
<bind>
<opcode="icmp(45) " fcode="icmp"/>
<opset="icmp_ln1494_2/1 "/>
</bind>
</comp>

<comp id="116" class="1004" name="trunc_ln1494_9_fu_116">
<pin_list>
<pin id="117" dir="0" index="0" bw="14" slack="0"/>
<pin id="118" dir="0" index="1" bw="16" slack="0"/>
<pin id="119" dir="0" index="2" bw="1" slack="0"/>
<pin id="120" dir="0" index="3" bw="5" slack="0"/>
<pin id="121" dir="1" index="4" bw="14" slack="0"/>
</pin_list>
<bind>
<opcode="partselect(1002) " fcode="partselect"/>
<opset="trunc_ln1494_9/1 "/>
</bind>
</comp>

<comp id="126" class="1004" name="select_ln1494_9_fu_126">
<pin_list>
<pin id="127" dir="0" index="0" bw="1" slack="0"/>
<pin id="128" dir="0" index="1" bw="14" slack="0"/>
<pin id="129" dir="0" index="2" bw="1" slack="0"/>
<pin id="130" dir="1" index="3" bw="14" slack="0"/>
</pin_list>
<bind>
<opcode="select(49) " fcode="select"/>
<opset="select_ln1494_9/1 "/>
</bind>
</comp>

<comp id="134" class="1004" name="zext_ln1494_9_fu_134">
<pin_list>
<pin id="135" dir="0" index="0" bw="14" slack="0"/>
<pin id="136" dir="1" index="1" bw="16" slack="0"/>
</pin_list>
<bind>
<opcode="zext(34) " fcode="zext"/>
<opset="zext_ln1494_9/1 "/>
</bind>
</comp>

<comp id="138" class="1004" name="icmp_ln1494_3_fu_138">
<pin_list>
<pin id="139" dir="0" index="0" bw="16" slack="0"/>
<pin id="140" dir="0" index="1" bw="1" slack="0"/>
<pin id="141" dir="1" index="2" bw="1" slack="0"/>
</pin_list>
<bind>
<opcode="icmp(45) " fcode="icmp"/>
<opset="icmp_ln1494_3/1 "/>
</bind>
</comp>

<comp id="144" class="1004" name="trunc_ln1494_s_fu_144">
<pin_list>
<pin id="145" dir="0" index="0" bw="14" slack="0"/>
<pin id="146" dir="0" index="1" bw="16" slack="0"/>
<pin id="147" dir="0" index="2" bw="1" slack="0"/>
<pin id="148" dir="0" index="3" bw="5" slack="0"/>
<pin id="149" dir="1" index="4" bw="14" slack="0"/>
</pin_list>
<bind>
<opcode="partselect(1002) " fcode="partselect"/>
<opset="trunc_ln1494_s/1 "/>
</bind>
</comp>

<comp id="154" class="1004" name="select_ln1494_10_fu_154">
<pin_list>
<pin id="155" dir="0" index="0" bw="1" slack="0"/>
<pin id="156" dir="0" index="1" bw="14" slack="0"/>
<pin id="157" dir="0" index="2" bw="1" slack="0"/>
<pin id="158" dir="1" index="3" bw="14" slack="0"/>
</pin_list>
<bind>
<opcode="select(49) " fcode="select"/>
<opset="select_ln1494_10/1 "/>
</bind>
</comp>

<comp id="162" class="1004" name="zext_ln1494_10_fu_162">
<pin_list>
<pin id="163" dir="0" index="0" bw="14" slack="0"/>
<pin id="164" dir="1" index="1" bw="16" slack="0"/>
</pin_list>
<bind>
<opcode="zext(34) " fcode="zext"/>
<opset="zext_ln1494_10/1 "/>
</bind>
</comp>

<comp id="166" class="1004" name="mrv_fu_166">
<pin_list>
<pin id="167" dir="0" index="0" bw="64" slack="0"/>
<pin id="168" dir="0" index="1" bw="14" slack="0"/>
<pin id="169" dir="1" index="2" bw="64" slack="0"/>
</pin_list>
<bind>
<opcode="insertvalue(57) " fcode="insertvalue"/>
<opset="mrv/1 "/>
</bind>
</comp>

<comp id="172" class="1004" name="mrv_1_fu_172">
<pin_list>
<pin id="173" dir="0" index="0" bw="64" slack="0"/>
<pin id="174" dir="0" index="1" bw="14" slack="0"/>
<pin id="175" dir="1" index="2" bw="64" slack="0"/>
</pin_list>
<bind>
<opcode="insertvalue(57) " fcode="insertvalue"/>
<opset="mrv_1/1 "/>
</bind>
</comp>

<comp id="178" class="1004" name="mrv_2_fu_178">
<pin_list>
<pin id="179" dir="0" index="0" bw="64" slack="0"/>
<pin id="180" dir="0" index="1" bw="14" slack="0"/>
<pin id="181" dir="1" index="2" bw="64" slack="0"/>
</pin_list>
<bind>
<opcode="insertvalue(57) " fcode="insertvalue"/>
<opset="mrv_2/1 "/>
</bind>
</comp>

<comp id="184" class="1004" name="mrv_3_fu_184">
<pin_list>
<pin id="185" dir="0" index="0" bw="64" slack="0"/>
<pin id="186" dir="0" index="1" bw="14" slack="0"/>
<pin id="187" dir="1" index="2" bw="64" slack="2147483647"/>
</pin_list>
<bind>
<opcode="insertvalue(57) " fcode="insertvalue"/>
<opset="mrv_3/1 "/>
</bind>
</comp>

</comp_list>

<net_list>
<net id="34"><net_src comp="8" pin="0"/><net_sink comp="30" pin=0"/></net>

<net id="35"><net_src comp="6" pin="0"/><net_sink comp="30" pin=1"/></net>

<net id="40"><net_src comp="8" pin="0"/><net_sink comp="36" pin=0"/></net>

<net id="41"><net_src comp="4" pin="0"/><net_sink comp="36" pin=1"/></net>

<net id="46"><net_src comp="8" pin="0"/><net_sink comp="42" pin=0"/></net>

<net id="47"><net_src comp="2" pin="0"/><net_sink comp="42" pin=1"/></net>

<net id="52"><net_src comp="8" pin="0"/><net_sink comp="48" pin=0"/></net>

<net id="53"><net_src comp="0" pin="0"/><net_sink comp="48" pin=1"/></net>

<net id="58"><net_src comp="48" pin="2"/><net_sink comp="54" pin=0"/></net>

<net id="59"><net_src comp="20" pin="0"/><net_sink comp="54" pin=1"/></net>

<net id="66"><net_src comp="22" pin="0"/><net_sink comp="60" pin=0"/></net>

<net id="67"><net_src comp="48" pin="2"/><net_sink comp="60" pin=1"/></net>

<net id="68"><net_src comp="14" pin="0"/><net_sink comp="60" pin=2"/></net>

<net id="69"><net_src comp="24" pin="0"/><net_sink comp="60" pin=3"/></net>

<net id="75"><net_src comp="54" pin="2"/><net_sink comp="70" pin=0"/></net>

<net id="76"><net_src comp="60" pin="4"/><net_sink comp="70" pin=1"/></net>

<net id="77"><net_src comp="26" pin="0"/><net_sink comp="70" pin=2"/></net>

<net id="81"><net_src comp="70" pin="3"/><net_sink comp="78" pin=0"/></net>

<net id="86"><net_src comp="42" pin="2"/><net_sink comp="82" pin=0"/></net>

<net id="87"><net_src comp="20" pin="0"/><net_sink comp="82" pin=1"/></net>

<net id="94"><net_src comp="22" pin="0"/><net_sink comp="88" pin=0"/></net>

<net id="95"><net_src comp="42" pin="2"/><net_sink comp="88" pin=1"/></net>

<net id="96"><net_src comp="14" pin="0"/><net_sink comp="88" pin=2"/></net>

<net id="97"><net_src comp="24" pin="0"/><net_sink comp="88" pin=3"/></net>

<net id="103"><net_src comp="82" pin="2"/><net_sink comp="98" pin=0"/></net>

<net id="104"><net_src comp="88" pin="4"/><net_sink comp="98" pin=1"/></net>

<net id="105"><net_src comp="26" pin="0"/><net_sink comp="98" pin=2"/></net>

<net id="109"><net_src comp="98" pin="3"/><net_sink comp="106" pin=0"/></net>

<net id="114"><net_src comp="36" pin="2"/><net_sink comp="110" pin=0"/></net>

<net id="115"><net_src comp="20" pin="0"/><net_sink comp="110" pin=1"/></net>

<net id="122"><net_src comp="22" pin="0"/><net_sink comp="116" pin=0"/></net>

<net id="123"><net_src comp="36" pin="2"/><net_sink comp="116" pin=1"/></net>

<net id="124"><net_src comp="14" pin="0"/><net_sink comp="116" pin=2"/></net>

<net id="125"><net_src comp="24" pin="0"/><net_sink comp="116" pin=3"/></net>

<net id="131"><net_src comp="110" pin="2"/><net_sink comp="126" pin=0"/></net>

<net id="132"><net_src comp="116" pin="4"/><net_sink comp="126" pin=1"/></net>

<net id="133"><net_src comp="26" pin="0"/><net_sink comp="126" pin=2"/></net>

<net id="137"><net_src comp="126" pin="3"/><net_sink comp="134" pin=0"/></net>

<net id="142"><net_src comp="30" pin="2"/><net_sink comp="138" pin=0"/></net>

<net id="143"><net_src comp="20" pin="0"/><net_sink comp="138" pin=1"/></net>

<net id="150"><net_src comp="22" pin="0"/><net_sink comp="144" pin=0"/></net>

<net id="151"><net_src comp="30" pin="2"/><net_sink comp="144" pin=1"/></net>

<net id="152"><net_src comp="14" pin="0"/><net_sink comp="144" pin=2"/></net>

<net id="153"><net_src comp="24" pin="0"/><net_sink comp="144" pin=3"/></net>

<net id="159"><net_src comp="138" pin="2"/><net_sink comp="154" pin=0"/></net>

<net id="160"><net_src comp="144" pin="4"/><net_sink comp="154" pin=1"/></net>

<net id="161"><net_src comp="26" pin="0"/><net_sink comp="154" pin=2"/></net>

<net id="165"><net_src comp="154" pin="3"/><net_sink comp="162" pin=0"/></net>

<net id="170"><net_src comp="28" pin="0"/><net_sink comp="166" pin=0"/></net>

<net id="171"><net_src comp="78" pin="1"/><net_sink comp="166" pin=1"/></net>

<net id="176"><net_src comp="166" pin="2"/><net_sink comp="172" pin=0"/></net>

<net id="177"><net_src comp="106" pin="1"/><net_sink comp="172" pin=1"/></net>

<net id="182"><net_src comp="172" pin="2"/><net_sink comp="178" pin=0"/></net>

<net id="183"><net_src comp="134" pin="1"/><net_sink comp="178" pin=1"/></net>

<net id="188"><net_src comp="178" pin="2"/><net_sink comp="184" pin=0"/></net>

<net id="189"><net_src comp="162" pin="1"/><net_sink comp="184" pin=1"/></net>

</net_list>

</model> 
---------------- Datapath Model END ------------------

* FSMD analyzer results:
  - Output states:
 - Input state : 
	Port: relu<ap_fixed,ap_ufixed<16,3,5,3,0>,relu_config4> : data_0_V_read | {1 }
	Port: relu<ap_fixed,ap_ufixed<16,3,5,3,0>,relu_config4> : data_1_V_read | {1 }
	Port: relu<ap_fixed,ap_ufixed<16,3,5,3,0>,relu_config4> : data_2_V_read | {1 }
	Port: relu<ap_fixed,ap_ufixed<16,3,5,3,0>,relu_config4> : data_3_V_read | {1 }
  - Chain level:
	State 1
		select_ln1494 : 1
		zext_ln1494 : 2
		select_ln1494_8 : 1
		zext_ln1494_8 : 2
		select_ln1494_9 : 1
		zext_ln1494_9 : 2
		select_ln1494_10 : 1
		zext_ln1494_10 : 2
		mrv : 3
		mrv_1 : 4
		mrv_2 : 5
		mrv_3 : 6
		ret_ln74 : 7


============================================================
+ Verbose Summary: Datapath Resource usage 
============================================================

* Functional unit list:
|----------|----------------------------|---------|---------|
| Operation|       Functional Unit      |    FF   |   LUT   |
|----------|----------------------------|---------|---------|
|          |     select_ln1494_fu_70    |    0    |    14   |
|  select  |    select_ln1494_8_fu_98   |    0    |    14   |
|          |   select_ln1494_9_fu_126   |    0    |    14   |
|          |   select_ln1494_10_fu_154  |    0    |    14   |
|----------|----------------------------|---------|---------|
|          |      icmp_ln1494_fu_54     |    0    |    13   |
|   icmp   |     icmp_ln1494_1_fu_82    |    0    |    13   |
|          |    icmp_ln1494_2_fu_110    |    0    |    13   |
|          |    icmp_ln1494_3_fu_138    |    0    |    13   |
|----------|----------------------------|---------|---------|
|          | data_3_V_read_2_read_fu_30 |    0    |    0    |
|   read   | data_2_V_read_2_read_fu_36 |    0    |    0    |
|          | data_1_V_read_2_read_fu_42 |    0    |    0    |
|          | data_0_V_read_2_read_fu_48 |    0    |    0    |
|----------|----------------------------|---------|---------|
|          |       trunc_ln_fu_60       |    0    |    0    |
|partselect|    trunc_ln1494_8_fu_88    |    0    |    0    |
|          |    trunc_ln1494_9_fu_116   |    0    |    0    |
|          |    trunc_ln1494_s_fu_144   |    0    |    0    |
|----------|----------------------------|---------|---------|
|          |      zext_ln1494_fu_78     |    0    |    0    |
|   zext   |    zext_ln1494_8_fu_106    |    0    |    0    |
|          |    zext_ln1494_9_fu_134    |    0    |    0    |
|          |    zext_ln1494_10_fu_162   |    0    |    0    |
|----------|----------------------------|---------|---------|
|          |         mrv_fu_166         |    0    |    0    |
|insertvalue|        mrv_1_fu_172        |    0    |    0    |
|          |        mrv_2_fu_178        |    0    |    0    |
|          |        mrv_3_fu_184        |    0    |    0    |
|----------|----------------------------|---------|---------|
|   Total  |                            |    0    |   108   |
|----------|----------------------------|---------|---------|

Memories:
N/A

* Register list:
N/A

* Multiplexer (MUX) list: 
|--------|------|------|------|--------|
|  Comp  |  Pin | Size |  BW  | S x BW |
|--------|------|------|------|--------|
|  Total |      |      |      |    0   |
|--------|------|------|------|--------|



* Summary:
+-----------+--------+--------+
|           |   FF   |   LUT  |
+-----------+--------+--------+
|  Function |    0   |   108  |
|   Memory  |    -   |    -   |
|Multiplexer|    -   |    -   |
|  Register |    -   |    -   |
+-----------+--------+--------+
|   Total   |    0   |   108  |
+-----------+--------+--------+
