

================================================================
== Vivado HLS Report for 'relu_ap_fixed_ap_ufixed_14_4_5_3_0_relu_config7_s'
================================================================
* Date:           Tue Oct 25 22:21:44 2022

* Version:        2019.1 (Build 2552052 on Fri May 24 15:28:33 MDT 2019)
* Project:        myproject_prj
* Solution:       solution1
* Product family: zynquplus
* Target device:  xczu3eg-sbva484-1-e


================================================================
== Performance Estimates
================================================================
+ Timing (ns): 
    * Summary: 
    +--------+-------+----------+------------+
    |  Clock | Target| Estimated| Uncertainty|
    +--------+-------+----------+------------+
    |ap_clk  |   5.00|     2.029|        0.62|
    +--------+-------+----------+------------+

+ Latency (clock cycles): 
    * Summary: 
    +-----+-----+-----+-----+----------+
    |  Latency  |  Interval | Pipeline |
    | min | max | min | max |   Type   |
    +-----+-----+-----+-----+----------+
    |    0|    0|    1|    1| function |
    +-----+-----+-----+-----+----------+

    + Detail: 
        * Instance: 
        N/A

        * Loop: 
        N/A



================================================================
== Utilization Estimates
================================================================
* Summary: 
+-----------------+---------+-------+--------+-------+-----+
|       Name      | BRAM_18K| DSP48E|   FF   |  LUT  | URAM|
+-----------------+---------+-------+--------+-------+-----+
|DSP              |        -|      -|       -|      -|    -|
|Expression       |        -|      -|       0|    344|    -|
|FIFO             |        -|      -|       -|      -|    -|
|Instance         |        -|      -|       -|      -|    -|
|Memory           |        -|      -|       -|      -|    -|
|Multiplexer      |        -|      -|       -|      -|    -|
|Register         |        -|      -|       -|      -|    -|
+-----------------+---------+-------+--------+-------+-----+
|Total            |        0|      0|       0|    344|    0|
+-----------------+---------+-------+--------+-------+-----+
|Available        |      432|    360|  141120|  70560|    0|
+-----------------+---------+-------+--------+-------+-----+
|Utilization (%)  |        0|      0|       0|   ~0  |    0|
+-----------------+---------+-------+--------+-------+-----+

+ Detail: 
    * Instance: 
    N/A

    * DSP48E: 
    N/A

    * Memory: 
    N/A

    * FIFO: 
    N/A

    * Expression: 
    +----------------------------+----------+-------+---+----+------------+------------+
    |        Variable Name       | Operation| DSP48E| FF| LUT| Bitwidth P0| Bitwidth P1|
    +----------------------------+----------+-------+---+----+------------+------------+
    |icmp_ln1494_1_fu_118_p2     |   icmp   |      0|  0|  29|          64|           1|
    |icmp_ln1494_2_fu_142_p2     |   icmp   |      0|  0|  29|          64|           1|
    |icmp_ln1494_3_fu_166_p2     |   icmp   |      0|  0|  29|          64|           1|
    |icmp_ln1494_4_fu_190_p2     |   icmp   |      0|  0|  29|          64|           1|
    |icmp_ln1494_5_fu_214_p2     |   icmp   |      0|  0|  29|          64|           1|
    |icmp_ln1494_6_fu_238_p2     |   icmp   |      0|  0|  29|          64|           1|
    |icmp_ln1494_7_fu_262_p2     |   icmp   |      0|  0|  29|          64|           1|
    |icmp_ln1494_fu_94_p2        |   icmp   |      0|  0|  29|          64|           1|
    |select_ln1494_48_fu_134_p3  |  select  |      0|  0|  14|           1|          14|
    |select_ln1494_49_fu_158_p3  |  select  |      0|  0|  14|           1|          14|
    |select_ln1494_50_fu_182_p3  |  select  |      0|  0|  14|           1|          14|
    |select_ln1494_51_fu_206_p3  |  select  |      0|  0|  14|           1|          14|
    |select_ln1494_52_fu_230_p3  |  select  |      0|  0|  14|           1|          14|
    |select_ln1494_53_fu_254_p3  |  select  |      0|  0|  14|           1|          14|
    |select_ln1494_54_fu_278_p3  |  select  |      0|  0|  14|           1|          14|
    |select_ln1494_fu_110_p3     |  select  |      0|  0|  14|           1|          14|
    +----------------------------+----------+-------+---+----+------------+------------+
    |Total                       |          |      0|  0| 344|         520|         120|
    +----------------------------+----------+-------+---+----+------------+------------+

    * Multiplexer: 
    N/A

    * Register: 
    N/A



================================================================
== Interface
================================================================
* Summary: 
+---------------+-----+-----+------------+---------------------------------------------------+--------------+
|   RTL Ports   | Dir | Bits|  Protocol  |                   Source Object                   |    C Type    |
+---------------+-----+-----+------------+---------------------------------------------------+--------------+
|ap_ready       | out |    1| ap_ctrl_hs | relu<ap_fixed,ap_ufixed<14,4,5,3,0>,relu_config7> | return value |
|ap_return_0    | out |   14| ap_ctrl_hs | relu<ap_fixed,ap_ufixed<14,4,5,3,0>,relu_config7> | return value |
|ap_return_1    | out |   14| ap_ctrl_hs | relu<ap_fixed,ap_ufixed<14,4,5,3,0>,relu_config7> | return value |
|ap_return_2    | out |   14| ap_ctrl_hs | relu<ap_fixed,ap_ufixed<14,4,5,3,0>,relu_config7> | return value |
|ap_return_3    | out |   14| ap_ctrl_hs | relu<ap_fixed,ap_ufixed<14,4,5,3,0>,relu_config7> | return value |
|ap_return_4    | out |   14| ap_ctrl_hs | relu<ap_fixed,ap_ufixed<14,4,5,3,0>,relu_config7> | return value |
|ap_return_5    | out |   14| ap_ctrl_hs | relu<ap_fixed,ap_ufixed<14,4,5,3,0>,relu_config7> | return value |
|ap_return_6    | out |   14| ap_ctrl_hs | relu<ap_fixed,ap_ufixed<14,4,5,3,0>,relu_config7> | return value |
|ap_return_7    | out |   14| ap_ctrl_hs | relu<ap_fixed,ap_ufixed<14,4,5,3,0>,relu_config7> | return value |
|data_0_V_read  |  in |   64|   ap_none  |                   data_0_V_read                   |    scalar    |
|data_1_V_read  |  in |   64|   ap_none  |                   data_1_V_read                   |    scalar    |
|data_2_V_read  |  in |   64|   ap_none  |                   data_2_V_read                   |    scalar    |
|data_3_V_read  |  in |   64|   ap_none  |                   data_3_V_read                   |    scalar    |
|data_4_V_read  |  in |   64|   ap_none  |                   data_4_V_read                   |    scalar    |
|data_5_V_read  |  in |   64|   ap_none  |                   data_5_V_read                   |    scalar    |
|data_6_V_read  |  in |   64|   ap_none  |                   data_6_V_read                   |    scalar    |
|data_7_V_read  |  in |   64|   ap_none  |                   data_7_V_read                   |    scalar    |
+---------------+-----+-----+------------+---------------------------------------------------+--------------+

============================================================
+ Verbose Summary: Synthesis Manager
============================================================
InlineROM: 1
ExposeGlobal: 0
============================================================
+ Verbose Summary: CDFG Model
============================================================
IsTopModel: 0
ResetActiveHigh: 1
IsCombinational: 1
IsDatapathOnly: 2
HasWiredReturn: 1
HasMFsm: 2
HasVarLatency: 0
IsPipeline: 1
IsRtlPipelined: 0
IsInstanceOverlapped: 0
IsDontTouch: 0
HasImplIP: 0
IsGatedGlobalClock: 0

+ Individual pipeline summary: 
  * Pipeline-0: initiation interval (II) = 1, depth = 1


============================================================
+ Verbose Summary: Schedule
============================================================
* Number of FSM states : 1
* Pipeline : 1
  Pipeline-0 : II = 1, D = 1, States = { 1 }
* Dataflow Pipeline: 0

* FSM state transitions: 
1 --> 

* FSM state operations: 

State 1 <SV = 0> <Delay = 2.02>
ST_1 : Operation 2 [1/1] (0.00ns)   --->   "%data_7_V_read_5 = call i64 @_ssdm_op_Read.ap_auto.i64(i64 %data_7_V_read)" [firmware/nnet_utils/nnet_activation.h:69]   --->   Operation 2 'read' 'data_7_V_read_5' <Predicate = true> <Delay = 0.00>
ST_1 : Operation 3 [1/1] (0.00ns)   --->   "%data_6_V_read_5 = call i64 @_ssdm_op_Read.ap_auto.i64(i64 %data_6_V_read)" [firmware/nnet_utils/nnet_activation.h:69]   --->   Operation 3 'read' 'data_6_V_read_5' <Predicate = true> <Delay = 0.00>
ST_1 : Operation 4 [1/1] (0.00ns)   --->   "%data_5_V_read_5 = call i64 @_ssdm_op_Read.ap_auto.i64(i64 %data_5_V_read)" [firmware/nnet_utils/nnet_activation.h:69]   --->   Operation 4 'read' 'data_5_V_read_5' <Predicate = true> <Delay = 0.00>
ST_1 : Operation 5 [1/1] (0.00ns)   --->   "%data_4_V_read_5 = call i64 @_ssdm_op_Read.ap_auto.i64(i64 %data_4_V_read)" [firmware/nnet_utils/nnet_activation.h:69]   --->   Operation 5 'read' 'data_4_V_read_5' <Predicate = true> <Delay = 0.00>
ST_1 : Operation 6 [1/1] (0.00ns)   --->   "%data_3_V_read_6 = call i64 @_ssdm_op_Read.ap_auto.i64(i64 %data_3_V_read)" [firmware/nnet_utils/nnet_activation.h:69]   --->   Operation 6 'read' 'data_3_V_read_6' <Predicate = true> <Delay = 0.00>
ST_1 : Operation 7 [1/1] (0.00ns)   --->   "%data_2_V_read_6 = call i64 @_ssdm_op_Read.ap_auto.i64(i64 %data_2_V_read)" [firmware/nnet_utils/nnet_activation.h:69]   --->   Operation 7 'read' 'data_2_V_read_6' <Predicate = true> <Delay = 0.00>
ST_1 : Operation 8 [1/1] (0.00ns)   --->   "%data_1_V_read_6 = call i64 @_ssdm_op_Read.ap_auto.i64(i64 %data_1_V_read)" [firmware/nnet_utils/nnet_activation.h:69]   --->   Operation 8 'read' 'data_1_V_read_6' <Predicate = true> <Delay = 0.00>
ST_1 : Operation 9 [1/1] (0.00ns)   --->   "%data_0_V_read_6 = call i64 @_ssdm_op_Read.ap_auto.i64(i64 %data_0_V_read)" [firmware/nnet_utils/nnet_activation.h:69]   --->   Operation 9 'read' 'data_0_V_read_6' <Predicate = true> <Delay = 0.00>
ST_1 : Operation 10 [1/1] (0.00ns)   --->   "%tmp = call i32 (...)* @_ssdm_op_SpecRegionBegin([13 x i8]* @p_str38)" [firmware/nnet_utils/nnet_activation.h:71]   --->   Operation 10 'specregionbegin' 'tmp' <Predicate = true> <Delay = 0.00>
ST_1 : Operation 11 [1/1] (0.00ns)   --->   "call void (...)* @_ssdm_op_SpecPipeline(i32 -1, i32 1, i32 1, i32 0, [1 x i8]* @p_str15) nounwind" [firmware/nnet_utils/nnet_activation.h:72]   --->   Operation 11 'specpipeline' <Predicate = true> <Delay = 0.00>
ST_1 : Operation 12 [1/1] (0.00ns)   --->   "%empty = call i32 (...)* @_ssdm_op_SpecRegionEnd([13 x i8]* @p_str38, i32 %tmp)" [firmware/nnet_utils/nnet_activation.h:73]   --->   Operation 12 'specregionend' 'empty' <Predicate = true> <Delay = 0.00>
ST_1 : Operation 13 [1/1] (1.48ns)   --->   "%icmp_ln1494 = icmp sgt i64 %data_0_V_read_6, 0" [firmware/nnet_utils/nnet_activation.h:81]   --->   Operation 13 'icmp' 'icmp_ln1494' <Predicate = true> <Delay = 1.48> <Core = "Cmp">   --->   Core 25 'Cmp' <Latency = 0> <II = 1> <Delay = 1.48> <FuncUnit> <Opcode : 'icmp'> <InPorts = 2> <OutPorts = 1>
ST_1 : Operation 14 [1/1] (0.00ns)   --->   "%trunc_ln = call i14 @_ssdm_op_PartSelect.i14.i64.i32.i32(i64 %data_0_V_read_6, i32 38, i32 51)" [firmware/nnet_utils/nnet_activation.h:81]   --->   Operation 14 'partselect' 'trunc_ln' <Predicate = (icmp_ln1494)> <Delay = 0.00>
ST_1 : Operation 15 [1/1] (0.54ns)   --->   "%select_ln1494 = select i1 %icmp_ln1494, i14 %trunc_ln, i14 0" [firmware/nnet_utils/nnet_activation.h:81]   --->   Operation 15 'select' 'select_ln1494' <Predicate = true> <Delay = 0.54> <Core = "Sel">   --->   Core 26 'Sel' <Latency = 0> <II = 1> <Delay = 0.54> <FuncUnit> <Opcode : 'select'> <InPorts = 3> <OutPorts = 1>
ST_1 : Operation 16 [1/1] (1.48ns)   --->   "%icmp_ln1494_1 = icmp sgt i64 %data_1_V_read_6, 0" [firmware/nnet_utils/nnet_activation.h:81]   --->   Operation 16 'icmp' 'icmp_ln1494_1' <Predicate = true> <Delay = 1.48> <Core = "Cmp">   --->   Core 25 'Cmp' <Latency = 0> <II = 1> <Delay = 1.48> <FuncUnit> <Opcode : 'icmp'> <InPorts = 2> <OutPorts = 1>
ST_1 : Operation 17 [1/1] (0.00ns)   --->   "%trunc_ln708_1 = call i14 @_ssdm_op_PartSelect.i14.i64.i32.i32(i64 %data_1_V_read_6, i32 38, i32 51)" [firmware/nnet_utils/nnet_activation.h:81]   --->   Operation 17 'partselect' 'trunc_ln708_1' <Predicate = (icmp_ln1494_1)> <Delay = 0.00>
ST_1 : Operation 18 [1/1] (0.54ns)   --->   "%select_ln1494_48 = select i1 %icmp_ln1494_1, i14 %trunc_ln708_1, i14 0" [firmware/nnet_utils/nnet_activation.h:81]   --->   Operation 18 'select' 'select_ln1494_48' <Predicate = true> <Delay = 0.54> <Core = "Sel">   --->   Core 26 'Sel' <Latency = 0> <II = 1> <Delay = 0.54> <FuncUnit> <Opcode : 'select'> <InPorts = 3> <OutPorts = 1>
ST_1 : Operation 19 [1/1] (1.48ns)   --->   "%icmp_ln1494_2 = icmp sgt i64 %data_2_V_read_6, 0" [firmware/nnet_utils/nnet_activation.h:81]   --->   Operation 19 'icmp' 'icmp_ln1494_2' <Predicate = true> <Delay = 1.48> <Core = "Cmp">   --->   Core 25 'Cmp' <Latency = 0> <II = 1> <Delay = 1.48> <FuncUnit> <Opcode : 'icmp'> <InPorts = 2> <OutPorts = 1>
ST_1 : Operation 20 [1/1] (0.00ns)   --->   "%trunc_ln708_2 = call i14 @_ssdm_op_PartSelect.i14.i64.i32.i32(i64 %data_2_V_read_6, i32 38, i32 51)" [firmware/nnet_utils/nnet_activation.h:81]   --->   Operation 20 'partselect' 'trunc_ln708_2' <Predicate = (icmp_ln1494_2)> <Delay = 0.00>
ST_1 : Operation 21 [1/1] (0.54ns)   --->   "%select_ln1494_49 = select i1 %icmp_ln1494_2, i14 %trunc_ln708_2, i14 0" [firmware/nnet_utils/nnet_activation.h:81]   --->   Operation 21 'select' 'select_ln1494_49' <Predicate = true> <Delay = 0.54> <Core = "Sel">   --->   Core 26 'Sel' <Latency = 0> <II = 1> <Delay = 0.54> <FuncUnit> <Opcode : 'select'> <InPorts = 3> <OutPorts = 1>
ST_1 : Operation 22 [1/1] (1.48ns)   --->   "%icmp_ln1494_3 = icmp sgt i64 %data_3_V_read_6, 0" [firmware/nnet_utils/nnet_activation.h:81]   --->   Operation 22 'icmp' 'icmp_ln1494_3' <Predicate = true> <Delay = 1.48> <Core = "Cmp">   --->   Core 25 'Cmp' <Latency = 0> <II = 1> <Delay = 1.48> <FuncUnit> <Opcode : 'icmp'> <InPorts = 2> <OutPorts = 1>
ST_1 : Operation 23 [1/1] (0.00ns)   --->   "%trunc_ln708_3 = call i14 @_ssdm_op_PartSelect.i14.i64.i32.i32(i64 %data_3_V_read_6, i32 38, i32 51)" [firmware/nnet_utils/nnet_activation.h:81]   --->   Operation 23 'partselect' 'trunc_ln708_3' <Predicate = (icmp_ln1494_3)> <Delay = 0.00>
ST_1 : Operation 24 [1/1] (0.54ns)   --->   "%select_ln1494_50 = select i1 %icmp_ln1494_3, i14 %trunc_ln708_3, i14 0" [firmware/nnet_utils/nnet_activation.h:81]   --->   Operation 24 'select' 'select_ln1494_50' <Predicate = true> <Delay = 0.54> <Core = "Sel">   --->   Core 26 'Sel' <Latency = 0> <II = 1> <Delay = 0.54> <FuncUnit> <Opcode : 'select'> <InPorts = 3> <OutPorts = 1>
ST_1 : Operation 25 [1/1] (1.48ns)   --->   "%icmp_ln1494_4 = icmp sgt i64 %data_4_V_read_5, 0" [firmware/nnet_utils/nnet_activation.h:81]   --->   Operation 25 'icmp' 'icmp_ln1494_4' <Predicate = true> <Delay = 1.48> <Core = "Cmp">   --->   Core 25 'Cmp' <Latency = 0> <II = 1> <Delay = 1.48> <FuncUnit> <Opcode : 'icmp'> <InPorts = 2> <OutPorts = 1>
ST_1 : Operation 26 [1/1] (0.00ns)   --->   "%trunc_ln708_4 = call i14 @_ssdm_op_PartSelect.i14.i64.i32.i32(i64 %data_4_V_read_5, i32 38, i32 51)" [firmware/nnet_utils/nnet_activation.h:81]   --->   Operation 26 'partselect' 'trunc_ln708_4' <Predicate = (icmp_ln1494_4)> <Delay = 0.00>
ST_1 : Operation 27 [1/1] (0.54ns)   --->   "%select_ln1494_51 = select i1 %icmp_ln1494_4, i14 %trunc_ln708_4, i14 0" [firmware/nnet_utils/nnet_activation.h:81]   --->   Operation 27 'select' 'select_ln1494_51' <Predicate = true> <Delay = 0.54> <Core = "Sel">   --->   Core 26 'Sel' <Latency = 0> <II = 1> <Delay = 0.54> <FuncUnit> <Opcode : 'select'> <InPorts = 3> <OutPorts = 1>
ST_1 : Operation 28 [1/1] (1.48ns)   --->   "%icmp_ln1494_5 = icmp sgt i64 %data_5_V_read_5, 0" [firmware/nnet_utils/nnet_activation.h:81]   --->   Operation 28 'icmp' 'icmp_ln1494_5' <Predicate = true> <Delay = 1.48> <Core = "Cmp">   --->   Core 25 'Cmp' <Latency = 0> <II = 1> <Delay = 1.48> <FuncUnit> <Opcode : 'icmp'> <InPorts = 2> <OutPorts = 1>
ST_1 : Operation 29 [1/1] (0.00ns)   --->   "%trunc_ln708_5 = call i14 @_ssdm_op_PartSelect.i14.i64.i32.i32(i64 %data_5_V_read_5, i32 38, i32 51)" [firmware/nnet_utils/nnet_activation.h:81]   --->   Operation 29 'partselect' 'trunc_ln708_5' <Predicate = (icmp_ln1494_5)> <Delay = 0.00>
ST_1 : Operation 30 [1/1] (0.54ns)   --->   "%select_ln1494_52 = select i1 %icmp_ln1494_5, i14 %trunc_ln708_5, i14 0" [firmware/nnet_utils/nnet_activation.h:81]   --->   Operation 30 'select' 'select_ln1494_52' <Predicate = true> <Delay = 0.54> <Core = "Sel">   --->   Core 26 'Sel' <Latency = 0> <II = 1> <Delay = 0.54> <FuncUnit> <Opcode : 'select'> <InPorts = 3> <OutPorts = 1>
ST_1 : Operation 31 [1/1] (1.48ns)   --->   "%icmp_ln1494_6 = icmp sgt i64 %data_6_V_read_5, 0" [firmware/nnet_utils/nnet_activation.h:81]   --->   Operation 31 'icmp' 'icmp_ln1494_6' <Predicate = true> <Delay = 1.48> <Core = "Cmp">   --->   Core 25 'Cmp' <Latency = 0> <II = 1> <Delay = 1.48> <FuncUnit> <Opcode : 'icmp'> <InPorts = 2> <OutPorts = 1>
ST_1 : Operation 32 [1/1] (0.00ns)   --->   "%trunc_ln708_6 = call i14 @_ssdm_op_PartSelect.i14.i64.i32.i32(i64 %data_6_V_read_5, i32 38, i32 51)" [firmware/nnet_utils/nnet_activation.h:81]   --->   Operation 32 'partselect' 'trunc_ln708_6' <Predicate = (icmp_ln1494_6)> <Delay = 0.00>
ST_1 : Operation 33 [1/1] (0.54ns)   --->   "%select_ln1494_53 = select i1 %icmp_ln1494_6, i14 %trunc_ln708_6, i14 0" [firmware/nnet_utils/nnet_activation.h:81]   --->   Operation 33 'select' 'select_ln1494_53' <Predicate = true> <Delay = 0.54> <Core = "Sel">   --->   Core 26 'Sel' <Latency = 0> <II = 1> <Delay = 0.54> <FuncUnit> <Opcode : 'select'> <InPorts = 3> <OutPorts = 1>
ST_1 : Operation 34 [1/1] (1.48ns)   --->   "%icmp_ln1494_7 = icmp sgt i64 %data_7_V_read_5, 0" [firmware/nnet_utils/nnet_activation.h:81]   --->   Operation 34 'icmp' 'icmp_ln1494_7' <Predicate = true> <Delay = 1.48> <Core = "Cmp">   --->   Core 25 'Cmp' <Latency = 0> <II = 1> <Delay = 1.48> <FuncUnit> <Opcode : 'icmp'> <InPorts = 2> <OutPorts = 1>
ST_1 : Operation 35 [1/1] (0.00ns)   --->   "%trunc_ln708_7 = call i14 @_ssdm_op_PartSelect.i14.i64.i32.i32(i64 %data_7_V_read_5, i32 38, i32 51)" [firmware/nnet_utils/nnet_activation.h:81]   --->   Operation 35 'partselect' 'trunc_ln708_7' <Predicate = (icmp_ln1494_7)> <Delay = 0.00>
ST_1 : Operation 36 [1/1] (0.54ns)   --->   "%select_ln1494_54 = select i1 %icmp_ln1494_7, i14 %trunc_ln708_7, i14 0" [firmware/nnet_utils/nnet_activation.h:81]   --->   Operation 36 'select' 'select_ln1494_54' <Predicate = true> <Delay = 0.54> <Core = "Sel">   --->   Core 26 'Sel' <Latency = 0> <II = 1> <Delay = 0.54> <FuncUnit> <Opcode : 'select'> <InPorts = 3> <OutPorts = 1>
ST_1 : Operation 37 [1/1] (0.00ns)   --->   "%mrv = insertvalue { i14, i14, i14, i14, i14, i14, i14, i14 } undef, i14 %select_ln1494, 0" [firmware/nnet_utils/nnet_activation.h:84]   --->   Operation 37 'insertvalue' 'mrv' <Predicate = true> <Delay = 0.00>
ST_1 : Operation 38 [1/1] (0.00ns)   --->   "%mrv_1 = insertvalue { i14, i14, i14, i14, i14, i14, i14, i14 } %mrv, i14 %select_ln1494_48, 1" [firmware/nnet_utils/nnet_activation.h:84]   --->   Operation 38 'insertvalue' 'mrv_1' <Predicate = true> <Delay = 0.00>
ST_1 : Operation 39 [1/1] (0.00ns)   --->   "%mrv_2 = insertvalue { i14, i14, i14, i14, i14, i14, i14, i14 } %mrv_1, i14 %select_ln1494_49, 2" [firmware/nnet_utils/nnet_activation.h:84]   --->   Operation 39 'insertvalue' 'mrv_2' <Predicate = true> <Delay = 0.00>
ST_1 : Operation 40 [1/1] (0.00ns)   --->   "%mrv_3 = insertvalue { i14, i14, i14, i14, i14, i14, i14, i14 } %mrv_2, i14 %select_ln1494_50, 3" [firmware/nnet_utils/nnet_activation.h:84]   --->   Operation 40 'insertvalue' 'mrv_3' <Predicate = true> <Delay = 0.00>
ST_1 : Operation 41 [1/1] (0.00ns)   --->   "%mrv_4 = insertvalue { i14, i14, i14, i14, i14, i14, i14, i14 } %mrv_3, i14 %select_ln1494_51, 4" [firmware/nnet_utils/nnet_activation.h:84]   --->   Operation 41 'insertvalue' 'mrv_4' <Predicate = true> <Delay = 0.00>
ST_1 : Operation 42 [1/1] (0.00ns)   --->   "%mrv_5 = insertvalue { i14, i14, i14, i14, i14, i14, i14, i14 } %mrv_4, i14 %select_ln1494_52, 5" [firmware/nnet_utils/nnet_activation.h:84]   --->   Operation 42 'insertvalue' 'mrv_5' <Predicate = true> <Delay = 0.00>
ST_1 : Operation 43 [1/1] (0.00ns)   --->   "%mrv_6 = insertvalue { i14, i14, i14, i14, i14, i14, i14, i14 } %mrv_5, i14 %select_ln1494_53, 6" [firmware/nnet_utils/nnet_activation.h:84]   --->   Operation 43 'insertvalue' 'mrv_6' <Predicate = true> <Delay = 0.00>
ST_1 : Operation 44 [1/1] (0.00ns)   --->   "%mrv_7 = insertvalue { i14, i14, i14, i14, i14, i14, i14, i14 } %mrv_6, i14 %select_ln1494_54, 7" [firmware/nnet_utils/nnet_activation.h:84]   --->   Operation 44 'insertvalue' 'mrv_7' <Predicate = true> <Delay = 0.00>
ST_1 : Operation 45 [1/1] (0.00ns)   --->   "ret { i14, i14, i14, i14, i14, i14, i14, i14 } %mrv_7" [firmware/nnet_utils/nnet_activation.h:84]   --->   Operation 45 'ret' <Predicate = true> <Delay = 0.00>


============================================================
+ Verbose Summary: Binding
============================================================
STG Binding: 
---------------- STG Properties BEGIN ----------------
- Is combinational: 1
- Is one-state seq: 0
- Is datapath-only: 0
- Is pipelined: 1
- Is top level: 0
Port [ Return ] is wired: 1; IO mode=ap_ctrl_hs:ce=0
Port [ data_0_V_read]:  wired=1; compound=0; hidden=0; nouse=0; global=0; static=0; extern=0; dir=0; type=0; pingpong=0; private_global=0; IO mode=ap_none:ce=0
Port [ data_1_V_read]:  wired=1; compound=0; hidden=0; nouse=0; global=0; static=0; extern=0; dir=0; type=0; pingpong=0; private_global=0; IO mode=ap_none:ce=0
Port [ data_2_V_read]:  wired=1; compound=0; hidden=0; nouse=0; global=0; static=0; extern=0; dir=0; type=0; pingpong=0; private_global=0; IO mode=ap_none:ce=0
Port [ data_3_V_read]:  wired=1; compound=0; hidden=0; nouse=0; global=0; static=0; extern=0; dir=0; type=0; pingpong=0; private_global=0; IO mode=ap_none:ce=0
Port [ data_4_V_read]:  wired=1; compound=0; hidden=0; nouse=0; global=0; static=0; extern=0; dir=0; type=0; pingpong=0; private_global=0; IO mode=ap_none:ce=0
Port [ data_5_V_read]:  wired=1; compound=0; hidden=0; nouse=0; global=0; static=0; extern=0; dir=0; type=0; pingpong=0; private_global=0; IO mode=ap_none:ce=0
Port [ data_6_V_read]:  wired=1; compound=0; hidden=0; nouse=0; global=0; static=0; extern=0; dir=0; type=0; pingpong=0; private_global=0; IO mode=ap_none:ce=0
Port [ data_7_V_read]:  wired=1; compound=0; hidden=0; nouse=0; global=0; static=0; extern=0; dir=0; type=0; pingpong=0; private_global=0; IO mode=ap_none:ce=0
---------------- STG Properties END ------------------

---------------- Datapath Model BEGIN ----------------

<LifeTime>
<method=bitvector/>
data_7_V_read_5   (read           ) [ 00]
data_6_V_read_5   (read           ) [ 00]
data_5_V_read_5   (read           ) [ 00]
data_4_V_read_5   (read           ) [ 00]
data_3_V_read_6   (read           ) [ 00]
data_2_V_read_6   (read           ) [ 00]
data_1_V_read_6   (read           ) [ 00]
data_0_V_read_6   (read           ) [ 00]
tmp               (specregionbegin) [ 00]
specpipeline_ln72 (specpipeline   ) [ 00]
empty             (specregionend  ) [ 00]
icmp_ln1494       (icmp           ) [ 01]
trunc_ln          (partselect     ) [ 00]
select_ln1494     (select         ) [ 00]
icmp_ln1494_1     (icmp           ) [ 01]
trunc_ln708_1     (partselect     ) [ 00]
select_ln1494_48  (select         ) [ 00]
icmp_ln1494_2     (icmp           ) [ 01]
trunc_ln708_2     (partselect     ) [ 00]
select_ln1494_49  (select         ) [ 00]
icmp_ln1494_3     (icmp           ) [ 01]
trunc_ln708_3     (partselect     ) [ 00]
select_ln1494_50  (select         ) [ 00]
icmp_ln1494_4     (icmp           ) [ 01]
trunc_ln708_4     (partselect     ) [ 00]
select_ln1494_51  (select         ) [ 00]
icmp_ln1494_5     (icmp           ) [ 01]
trunc_ln708_5     (partselect     ) [ 00]
select_ln1494_52  (select         ) [ 00]
icmp_ln1494_6     (icmp           ) [ 01]
trunc_ln708_6     (partselect     ) [ 00]
select_ln1494_53  (select         ) [ 00]
icmp_ln1494_7     (icmp           ) [ 01]
trunc_ln708_7     (partselect     ) [ 00]
select_ln1494_54  (select         ) [ 00]
mrv               (insertvalue    ) [ 00]
mrv_1             (insertvalue    ) [ 00]
mrv_2             (insertvalue    ) [ 00]
mrv_3             (insertvalue    ) [ 00]
mrv_4             (insertvalue    ) [ 00]
mrv_5             (insertvalue    ) [ 00]
mrv_6             (insertvalue    ) [ 00]
mrv_7             (insertvalue    ) [ 00]
ret_ln84          (ret            ) [ 00]
</LifeTime>

<model>

<comp_list>
<comp id="0" class="1000" name="data_0_V_read">
<pin_list>
<pin id="1" dir="1" index="0" bw="1" slack="0"/>
</pin_list>
<bind>
<StgValue><ssdm name="data_0_V_read"/></StgValue>
</bind>
</comp>

<comp id="2" class="1000" name="data_1_V_read">
<pin_list>
<pin id="3" dir="1" index="0" bw="1" slack="0"/>
</pin_list>
<bind>
<StgValue><ssdm name="data_1_V_read"/></StgValue>
</bind>
</comp>

<comp id="4" class="1000" name="data_2_V_read">
<pin_list>
<pin id="5" dir="1" index="0" bw="1" slack="0"/>
</pin_list>
<bind>
<StgValue><ssdm name="data_2_V_read"/></StgValue>
</bind>
</comp>

<comp id="6" class="1000" name="data_3_V_read">
<pin_list>
<pin id="7" dir="1" index="0" bw="1" slack="0"/>
</pin_list>
<bind>
<StgValue><ssdm name="data_3_V_read"/></StgValue>
</bind>
</comp>

<comp id="8" class="1000" name="data_4_V_read">
<pin_list>
<pin id="9" dir="1" index="0" bw="1" slack="0"/>
</pin_list>
<bind>
<StgValue><ssdm name="data_4_V_read"/></StgValue>
</bind>
</comp>

<comp id="10" class="1000" name="data_5_V_read">
<pin_list>
<pin id="11" dir="1" index="0" bw="1" slack="0"/>
</pin_list>
<bind>
<StgValue><ssdm name="data_5_V_read"/></StgValue>
</bind>
</comp>

<comp id="12" class="1000" name="data_6_V_read">
<pin_list>
<pin id="13" dir="1" index="0" bw="1" slack="0"/>
</pin_list>
<bind>
<StgValue><ssdm name="data_6_V_read"/></StgValue>
</bind>
</comp>

<comp id="14" class="1000" name="data_7_V_read">
<pin_list>
<pin id="15" dir="1" index="0" bw="1" slack="0"/>
</pin_list>
<bind>
<StgValue><ssdm name="data_7_V_read"/></StgValue>
</bind>
</comp>

<comp id="16" class="1001" name="const_16">
<pin_list>
<pin id="17" dir="1" index="0" bw="1" slack="0"/>
</pin_list>
<bind>
<StgValue><ssdm name="_ssdm_op_Read.ap_auto.i64"/></StgValue>
</bind>
</comp>

<comp id="18" class="1001" name="const_18">
<pin_list>
<pin id="19" dir="1" index="0" bw="1" slack="2147483647"/>
</pin_list>
<bind>
<StgValue><ssdm name="_ssdm_op_SpecRegionBegin"/></StgValue>
</bind>
</comp>

<comp id="20" class="1001" name="const_20">
<pin_list>
<pin id="21" dir="1" index="0" bw="1" slack="2147483647"/>
</pin_list>
<bind>
<StgValue><ssdm name="p_str38"/></StgValue>
</bind>
</comp>

<comp id="22" class="1001" name="const_22">
<pin_list>
<pin id="23" dir="1" index="0" bw="1" slack="2147483647"/>
</pin_list>
<bind>
<StgValue><ssdm name="_ssdm_op_SpecPipeline"/></StgValue>
</bind>
</comp>

<comp id="24" class="1001" name="const_24">
<pin_list>
<pin id="25" dir="1" index="0" bw="1" slack="2147483647"/>
</pin_list>
<bind>
<StgValue><ssdm name=""/></StgValue>
</bind>
</comp>

<comp id="26" class="1001" name="const_26">
<pin_list>
<pin id="27" dir="1" index="0" bw="1" slack="2147483647"/>
</pin_list>
<bind>
<StgValue><ssdm name=""/></StgValue>
</bind>
</comp>

<comp id="28" class="1001" name="const_28">
<pin_list>
<pin id="29" dir="1" index="0" bw="1" slack="2147483647"/>
</pin_list>
<bind>
<StgValue><ssdm name=""/></StgValue>
</bind>
</comp>

<comp id="30" class="1001" name="const_30">
<pin_list>
<pin id="31" dir="1" index="0" bw="1" slack="2147483647"/>
</pin_list>
<bind>
<StgValue><ssdm name="p_str15"/></StgValue>
</bind>
</comp>

<comp id="32" class="1001" name="const_32">
<pin_list>
<pin id="33" dir="1" index="0" bw="1" slack="2147483647"/>
</pin_list>
<bind>
<StgValue><ssdm name="_ssdm_op_SpecRegionEnd"/></StgValue>
</bind>
</comp>

<comp id="34" class="1001" name="const_34">
<pin_list>
<pin id="35" dir="1" index="0" bw="1" slack="0"/>
</pin_list>
<bind>
<StgValue><ssdm name=""/></StgValue>
</bind>
</comp>

<comp id="36" class="1001" name="const_36">
<pin_list>
<pin id="37" dir="1" index="0" bw="1" slack="0"/>
</pin_list>
<bind>
<StgValue><ssdm name="_ssdm_op_PartSelect.i14.i64.i32.i32"/></StgValue>
</bind>
</comp>

<comp id="38" class="1001" name="const_38">
<pin_list>
<pin id="39" dir="1" index="0" bw="1" slack="0"/>
</pin_list>
<bind>
<StgValue><ssdm name=""/></StgValue>
</bind>
</comp>

<comp id="40" class="1001" name="const_40">
<pin_list>
<pin id="41" dir="1" index="0" bw="1" slack="0"/>
</pin_list>
<bind>
<StgValue><ssdm name=""/></StgValue>
</bind>
</comp>

<comp id="42" class="1001" name="const_42">
<pin_list>
<pin id="43" dir="1" index="0" bw="1" slack="0"/>
</pin_list>
<bind>
<StgValue><ssdm name=""/></StgValue>
</bind>
</comp>

<comp id="44" class="1001" name="const_44">
<pin_list>
<pin id="45" dir="1" index="0" bw="1" slack="0"/>
</pin_list>
<bind>
<StgValue><ssdm name=""/></StgValue>
</bind>
</comp>

<comp id="46" class="1004" name="data_7_V_read_5_read_fu_46">
<pin_list>
<pin id="47" dir="0" index="0" bw="64" slack="0"/>
<pin id="48" dir="0" index="1" bw="64" slack="0"/>
<pin id="49" dir="1" index="2" bw="64" slack="0"/>
</pin_list>
<bind>
<opcode="read(1150) " fcode="read"/>
<opset="data_7_V_read_5/1 "/>
</bind>
</comp>

<comp id="52" class="1004" name="data_6_V_read_5_read_fu_52">
<pin_list>
<pin id="53" dir="0" index="0" bw="64" slack="0"/>
<pin id="54" dir="0" index="1" bw="64" slack="0"/>
<pin id="55" dir="1" index="2" bw="64" slack="0"/>
</pin_list>
<bind>
<opcode="read(1150) " fcode="read"/>
<opset="data_6_V_read_5/1 "/>
</bind>
</comp>

<comp id="58" class="1004" name="data_5_V_read_5_read_fu_58">
<pin_list>
<pin id="59" dir="0" index="0" bw="64" slack="0"/>
<pin id="60" dir="0" index="1" bw="64" slack="0"/>
<pin id="61" dir="1" index="2" bw="64" slack="0"/>
</pin_list>
<bind>
<opcode="read(1150) " fcode="read"/>
<opset="data_5_V_read_5/1 "/>
</bind>
</comp>

<comp id="64" class="1004" name="data_4_V_read_5_read_fu_64">
<pin_list>
<pin id="65" dir="0" index="0" bw="64" slack="0"/>
<pin id="66" dir="0" index="1" bw="64" slack="0"/>
<pin id="67" dir="1" index="2" bw="64" slack="0"/>
</pin_list>
<bind>
<opcode="read(1150) " fcode="read"/>
<opset="data_4_V_read_5/1 "/>
</bind>
</comp>

<comp id="70" class="1004" name="data_3_V_read_6_read_fu_70">
<pin_list>
<pin id="71" dir="0" index="0" bw="64" slack="0"/>
<pin id="72" dir="0" index="1" bw="64" slack="0"/>
<pin id="73" dir="1" index="2" bw="64" slack="0"/>
</pin_list>
<bind>
<opcode="read(1150) " fcode="read"/>
<opset="data_3_V_read_6/1 "/>
</bind>
</comp>

<comp id="76" class="1004" name="data_2_V_read_6_read_fu_76">
<pin_list>
<pin id="77" dir="0" index="0" bw="64" slack="0"/>
<pin id="78" dir="0" index="1" bw="64" slack="0"/>
<pin id="79" dir="1" index="2" bw="64" slack="0"/>
</pin_list>
<bind>
<opcode="read(1150) " fcode="read"/>
<opset="data_2_V_read_6/1 "/>
</bind>
</comp>

<comp id="82" class="1004" name="data_1_V_read_6_read_fu_82">
<pin_list>
<pin id="83" dir="0" index="0" bw="64" slack="0"/>
<pin id="84" dir="0" index="1" bw="64" slack="0"/>
<pin id="85" dir="1" index="2" bw="64" slack="0"/>
</pin_list>
<bind>
<opcode="read(1150) " fcode="read"/>
<opset="data_1_V_read_6/1 "/>
</bind>
</comp>

<comp id="88" class="1004" name="data_0_V_read_6_read_fu_88">
<pin_list>
<pin id="89" dir="0" index="0" bw="64" slack="0"/>
<pin id="90" dir="0" index="1" bw="64" slack="0"/>
<pin id="91" dir="1" index="2" bw="64" slack="0"/>
</pin_list>
<bind>
<opcode="read(1150) " fcode="read"/>
<opset="data_0_V_read_6/1 "/>
</bind>
</comp>

<comp id="94" class="1004" name="icmp_ln1494_fu_94">
<pin_list>
<pin id="95" dir="0" index="0" bw="64" slack="0"/>
<pin id="96" dir="0" index="1" bw="64" slack="0"/>
<pin id="97" dir="1" index="2" bw="1" slack="0"/>
</pin_list>
<bind>
<opcode="icmp(45) " fcode="icmp"/>
<opset="icmp_ln1494/1 "/>
</bind>
</comp>

<comp id="100" class="1004" name="trunc_ln_fu_100">
<pin_list>
<pin id="101" dir="0" index="0" bw="14" slack="0"/>
<pin id="102" dir="0" index="1" bw="64" slack="0"/>
<pin id="103" dir="0" index="2" bw="7" slack="0"/>
<pin id="104" dir="0" index="3" bw="7" slack="0"/>
<pin id="105" dir="1" index="4" bw="14" slack="0"/>
</pin_list>
<bind>
<opcode="partselect(1002) " fcode="partselect"/>
<opset="trunc_ln/1 "/>
</bind>
</comp>

<comp id="110" class="1004" name="select_ln1494_fu_110">
<pin_list>
<pin id="111" dir="0" index="0" bw="1" slack="0"/>
<pin id="112" dir="0" index="1" bw="14" slack="0"/>
<pin id="113" dir="0" index="2" bw="14" slack="0"/>
<pin id="114" dir="1" index="3" bw="14" slack="0"/>
</pin_list>
<bind>
<opcode="select(49) " fcode="select"/>
<opset="select_ln1494/1 "/>
</bind>
</comp>

<comp id="118" class="1004" name="icmp_ln1494_1_fu_118">
<pin_list>
<pin id="119" dir="0" index="0" bw="64" slack="0"/>
<pin id="120" dir="0" index="1" bw="64" slack="0"/>
<pin id="121" dir="1" index="2" bw="1" slack="0"/>
</pin_list>
<bind>
<opcode="icmp(45) " fcode="icmp"/>
<opset="icmp_ln1494_1/1 "/>
</bind>
</comp>

<comp id="124" class="1004" name="trunc_ln708_1_fu_124">
<pin_list>
<pin id="125" dir="0" index="0" bw="14" slack="0"/>
<pin id="126" dir="0" index="1" bw="64" slack="0"/>
<pin id="127" dir="0" index="2" bw="7" slack="0"/>
<pin id="128" dir="0" index="3" bw="7" slack="0"/>
<pin id="129" dir="1" index="4" bw="14" slack="0"/>
</pin_list>
<bind>
<opcode="partselect(1002) " fcode="partselect"/>
<opset="trunc_ln708_1/1 "/>
</bind>
</comp>

<comp id="134" class="1004" name="select_ln1494_48_fu_134">
<pin_list>
<pin id="135" dir="0" index="0" bw="1" slack="0"/>
<pin id="136" dir="0" index="1" bw="14" slack="0"/>
<pin id="137" dir="0" index="2" bw="14" slack="0"/>
<pin id="138" dir="1" index="3" bw="14" slack="0"/>
</pin_list>
<bind>
<opcode="select(49) " fcode="select"/>
<opset="select_ln1494_48/1 "/>
</bind>
</comp>

<comp id="142" class="1004" name="icmp_ln1494_2_fu_142">
<pin_list>
<pin id="143" dir="0" index="0" bw="64" slack="0"/>
<pin id="144" dir="0" index="1" bw="64" slack="0"/>
<pin id="145" dir="1" index="2" bw="1" slack="0"/>
</pin_list>
<bind>
<opcode="icmp(45) " fcode="icmp"/>
<opset="icmp_ln1494_2/1 "/>
</bind>
</comp>

<comp id="148" class="1004" name="trunc_ln708_2_fu_148">
<pin_list>
<pin id="149" dir="0" index="0" bw="14" slack="0"/>
<pin id="150" dir="0" index="1" bw="64" slack="0"/>
<pin id="151" dir="0" index="2" bw="7" slack="0"/>
<pin id="152" dir="0" index="3" bw="7" slack="0"/>
<pin id="153" dir="1" index="4" bw="14" slack="0"/>
</pin_list>
<bind>
<opcode="partselect(1002) " fcode="partselect"/>
<opset="trunc_ln708_2/1 "/>
</bind>
</comp>

<comp id="158" class="1004" name="select_ln1494_49_fu_158">
<pin_list>
<pin id="159" dir="0" index="0" bw="1" slack="0"/>
<pin id="160" dir="0" index="1" bw="14" slack="0"/>
<pin id="161" dir="0" index="2" bw="14" slack="0"/>
<pin id="162" dir="1" index="3" bw="14" slack="0"/>
</pin_list>
<bind>
<opcode="select(49) " fcode="select"/>
<opset="select_ln1494_49/1 "/>
</bind>
</comp>

<comp id="166" class="1004" name="icmp_ln1494_3_fu_166">
<pin_list>
<pin id="167" dir="0" index="0" bw="64" slack="0"/>
<pin id="168" dir="0" index="1" bw="64" slack="0"/>
<pin id="169" dir="1" index="2" bw="1" slack="0"/>
</pin_list>
<bind>
<opcode="icmp(45) " fcode="icmp"/>
<opset="icmp_ln1494_3/1 "/>
</bind>
</comp>

<comp id="172" class="1004" name="trunc_ln708_3_fu_172">
<pin_list>
<pin id="173" dir="0" index="0" bw="14" slack="0"/>
<pin id="174" dir="0" index="1" bw="64" slack="0"/>
<pin id="175" dir="0" index="2" bw="7" slack="0"/>
<pin id="176" dir="0" index="3" bw="7" slack="0"/>
<pin id="177" dir="1" index="4" bw="14" slack="0"/>
</pin_list>
<bind>
<opcode="partselect(1002) " fcode="partselect"/>
<opset="trunc_ln708_3/1 "/>
</bind>
</comp>

<comp id="182" class="1004" name="select_ln1494_50_fu_182">
<pin_list>
<pin id="183" dir="0" index="0" bw="1" slack="0"/>
<pin id="184" dir="0" index="1" bw="14" slack="0"/>
<pin id="185" dir="0" index="2" bw="14" slack="0"/>
<pin id="186" dir="1" index="3" bw="14" slack="0"/>
</pin_list>
<bind>
<opcode="select(49) " fcode="select"/>
<opset="select_ln1494_50/1 "/>
</bind>
</comp>

<comp id="190" class="1004" name="icmp_ln1494_4_fu_190">
<pin_list>
<pin id="191" dir="0" index="0" bw="64" slack="0"/>
<pin id="192" dir="0" index="1" bw="64" slack="0"/>
<pin id="193" dir="1" index="2" bw="1" slack="0"/>
</pin_list>
<bind>
<opcode="icmp(45) " fcode="icmp"/>
<opset="icmp_ln1494_4/1 "/>
</bind>
</comp>

<comp id="196" class="1004" name="trunc_ln708_4_fu_196">
<pin_list>
<pin id="197" dir="0" index="0" bw="14" slack="0"/>
<pin id="198" dir="0" index="1" bw="64" slack="0"/>
<pin id="199" dir="0" index="2" bw="7" slack="0"/>
<pin id="200" dir="0" index="3" bw="7" slack="0"/>
<pin id="201" dir="1" index="4" bw="14" slack="0"/>
</pin_list>
<bind>
<opcode="partselect(1002) " fcode="partselect"/>
<opset="trunc_ln708_4/1 "/>
</bind>
</comp>

<comp id="206" class="1004" name="select_ln1494_51_fu_206">
<pin_list>
<pin id="207" dir="0" index="0" bw="1" slack="0"/>
<pin id="208" dir="0" index="1" bw="14" slack="0"/>
<pin id="209" dir="0" index="2" bw="14" slack="0"/>
<pin id="210" dir="1" index="3" bw="14" slack="0"/>
</pin_list>
<bind>
<opcode="select(49) " fcode="select"/>
<opset="select_ln1494_51/1 "/>
</bind>
</comp>

<comp id="214" class="1004" name="icmp_ln1494_5_fu_214">
<pin_list>
<pin id="215" dir="0" index="0" bw="64" slack="0"/>
<pin id="216" dir="0" index="1" bw="64" slack="0"/>
<pin id="217" dir="1" index="2" bw="1" slack="0"/>
</pin_list>
<bind>
<opcode="icmp(45) " fcode="icmp"/>
<opset="icmp_ln1494_5/1 "/>
</bind>
</comp>

<comp id="220" class="1004" name="trunc_ln708_5_fu_220">
<pin_list>
<pin id="221" dir="0" index="0" bw="14" slack="0"/>
<pin id="222" dir="0" index="1" bw="64" slack="0"/>
<pin id="223" dir="0" index="2" bw="7" slack="0"/>
<pin id="224" dir="0" index="3" bw="7" slack="0"/>
<pin id="225" dir="1" index="4" bw="14" slack="0"/>
</pin_list>
<bind>
<opcode="partselect(1002) " fcode="partselect"/>
<opset="trunc_ln708_5/1 "/>
</bind>
</comp>

<comp id="230" class="1004" name="select_ln1494_52_fu_230">
<pin_list>
<pin id="231" dir="0" index="0" bw="1" slack="0"/>
<pin id="232" dir="0" index="1" bw="14" slack="0"/>
<pin id="233" dir="0" index="2" bw="14" slack="0"/>
<pin id="234" dir="1" index="3" bw="14" slack="0"/>
</pin_list>
<bind>
<opcode="select(49) " fcode="select"/>
<opset="select_ln1494_52/1 "/>
</bind>
</comp>

<comp id="238" class="1004" name="icmp_ln1494_6_fu_238">
<pin_list>
<pin id="239" dir="0" index="0" bw="64" slack="0"/>
<pin id="240" dir="0" index="1" bw="64" slack="0"/>
<pin id="241" dir="1" index="2" bw="1" slack="0"/>
</pin_list>
<bind>
<opcode="icmp(45) " fcode="icmp"/>
<opset="icmp_ln1494_6/1 "/>
</bind>
</comp>

<comp id="244" class="1004" name="trunc_ln708_6_fu_244">
<pin_list>
<pin id="245" dir="0" index="0" bw="14" slack="0"/>
<pin id="246" dir="0" index="1" bw="64" slack="0"/>
<pin id="247" dir="0" index="2" bw="7" slack="0"/>
<pin id="248" dir="0" index="3" bw="7" slack="0"/>
<pin id="249" dir="1" index="4" bw="14" slack="0"/>
</pin_list>
<bind>
<opcode="partselect(1002) " fcode="partselect"/>
<opset="trunc_ln708_6/1 "/>
</bind>
</comp>

<comp id="254" class="1004" name="select_ln1494_53_fu_254">
<pin_list>
<pin id="255" dir="0" index="0" bw="1" slack="0"/>
<pin id="256" dir="0" index="1" bw="14" slack="0"/>
<pin id="257" dir="0" index="2" bw="14" slack="0"/>
<pin id="258" dir="1" index="3" bw="14" slack="0"/>
</pin_list>
<bind>
<opcode="select(49) " fcode="select"/>
<opset="select_ln1494_53/1 "/>
</bind>
</comp>

<comp id="262" class="1004" name="icmp_ln1494_7_fu_262">
<pin_list>
<pin id="263" dir="0" index="0" bw="64" slack="0"/>
<pin id="264" dir="0" index="1" bw="64" slack="0"/>
<pin id="265" dir="1" index="2" bw="1" slack="0"/>
</pin_list>
<bind>
<opcode="icmp(45) " fcode="icmp"/>
<opset="icmp_ln1494_7/1 "/>
</bind>
</comp>

<comp id="268" class="1004" name="trunc_ln708_7_fu_268">
<pin_list>
<pin id="269" dir="0" index="0" bw="14" slack="0"/>
<pin id="270" dir="0" index="1" bw="64" slack="0"/>
<pin id="271" dir="0" index="2" bw="7" slack="0"/>
<pin id="272" dir="0" index="3" bw="7" slack="0"/>
<pin id="273" dir="1" index="4" bw="14" slack="0"/>
</pin_list>
<bind>
<opcode="partselect(1002) " fcode="partselect"/>
<opset="trunc_ln708_7/1 "/>
</bind>
</comp>

<comp id="278" class="1004" name="select_ln1494_54_fu_278">
<pin_list>
<pin id="279" dir="0" index="0" bw="1" slack="0"/>
<pin id="280" dir="0" index="1" bw="14" slack="0"/>
<pin id="281" dir="0" index="2" bw="14" slack="0"/>
<pin id="282" dir="1" index="3" bw="14" slack="0"/>
</pin_list>
<bind>
<opcode="select(49) " fcode="select"/>
<opset="select_ln1494_54/1 "/>
</bind>
</comp>

<comp id="286" class="1004" name="mrv_fu_286">
<pin_list>
<pin id="287" dir="0" index="0" bw="112" slack="0"/>
<pin id="288" dir="0" index="1" bw="14" slack="0"/>
<pin id="289" dir="1" index="2" bw="112" slack="0"/>
</pin_list>
<bind>
<opcode="insertvalue(57) " fcode="insertvalue"/>
<opset="mrv/1 "/>
</bind>
</comp>

<comp id="292" class="1004" name="mrv_1_fu_292">
<pin_list>
<pin id="293" dir="0" index="0" bw="112" slack="0"/>
<pin id="294" dir="0" index="1" bw="14" slack="0"/>
<pin id="295" dir="1" index="2" bw="112" slack="0"/>
</pin_list>
<bind>
<opcode="insertvalue(57) " fcode="insertvalue"/>
<opset="mrv_1/1 "/>
</bind>
</comp>

<comp id="298" class="1004" name="mrv_2_fu_298">
<pin_list>
<pin id="299" dir="0" index="0" bw="112" slack="0"/>
<pin id="300" dir="0" index="1" bw="14" slack="0"/>
<pin id="301" dir="1" index="2" bw="112" slack="0"/>
</pin_list>
<bind>
<opcode="insertvalue(57) " fcode="insertvalue"/>
<opset="mrv_2/1 "/>
</bind>
</comp>

<comp id="304" class="1004" name="mrv_3_fu_304">
<pin_list>
<pin id="305" dir="0" index="0" bw="112" slack="0"/>
<pin id="306" dir="0" index="1" bw="14" slack="0"/>
<pin id="307" dir="1" index="2" bw="112" slack="0"/>
</pin_list>
<bind>
<opcode="insertvalue(57) " fcode="insertvalue"/>
<opset="mrv_3/1 "/>
</bind>
</comp>

<comp id="310" class="1004" name="mrv_4_fu_310">
<pin_list>
<pin id="311" dir="0" index="0" bw="112" slack="0"/>
<pin id="312" dir="0" index="1" bw="14" slack="0"/>
<pin id="313" dir="1" index="2" bw="112" slack="0"/>
</pin_list>
<bind>
<opcode="insertvalue(57) " fcode="insertvalue"/>
<opset="mrv_4/1 "/>
</bind>
</comp>

<comp id="316" class="1004" name="mrv_5_fu_316">
<pin_list>
<pin id="317" dir="0" index="0" bw="112" slack="0"/>
<pin id="318" dir="0" index="1" bw="14" slack="0"/>
<pin id="319" dir="1" index="2" bw="112" slack="0"/>
</pin_list>
<bind>
<opcode="insertvalue(57) " fcode="insertvalue"/>
<opset="mrv_5/1 "/>
</bind>
</comp>

<comp id="322" class="1004" name="mrv_6_fu_322">
<pin_list>
<pin id="323" dir="0" index="0" bw="112" slack="0"/>
<pin id="324" dir="0" index="1" bw="14" slack="0"/>
<pin id="325" dir="1" index="2" bw="112" slack="0"/>
</pin_list>
<bind>
<opcode="insertvalue(57) " fcode="insertvalue"/>
<opset="mrv_6/1 "/>
</bind>
</comp>

<comp id="328" class="1004" name="mrv_7_fu_328">
<pin_list>
<pin id="329" dir="0" index="0" bw="112" slack="0"/>
<pin id="330" dir="0" index="1" bw="14" slack="0"/>
<pin id="331" dir="1" index="2" bw="112" slack="2147483647"/>
</pin_list>
<bind>
<opcode="insertvalue(57) " fcode="insertvalue"/>
<opset="mrv_7/1 "/>
</bind>
</comp>

</comp_list>

<net_list>
<net id="50"><net_src comp="16" pin="0"/><net_sink comp="46" pin=0"/></net>

<net id="51"><net_src comp="14" pin="0"/><net_sink comp="46" pin=1"/></net>

<net id="56"><net_src comp="16" pin="0"/><net_sink comp="52" pin=0"/></net>

<net id="57"><net_src comp="12" pin="0"/><net_sink comp="52" pin=1"/></net>

<net id="62"><net_src comp="16" pin="0"/><net_sink comp="58" pin=0"/></net>

<net id="63"><net_src comp="10" pin="0"/><net_sink comp="58" pin=1"/></net>

<net id="68"><net_src comp="16" pin="0"/><net_sink comp="64" pin=0"/></net>

<net id="69"><net_src comp="8" pin="0"/><net_sink comp="64" pin=1"/></net>

<net id="74"><net_src comp="16" pin="0"/><net_sink comp="70" pin=0"/></net>

<net id="75"><net_src comp="6" pin="0"/><net_sink comp="70" pin=1"/></net>

<net id="80"><net_src comp="16" pin="0"/><net_sink comp="76" pin=0"/></net>

<net id="81"><net_src comp="4" pin="0"/><net_sink comp="76" pin=1"/></net>

<net id="86"><net_src comp="16" pin="0"/><net_sink comp="82" pin=0"/></net>

<net id="87"><net_src comp="2" pin="0"/><net_sink comp="82" pin=1"/></net>

<net id="92"><net_src comp="16" pin="0"/><net_sink comp="88" pin=0"/></net>

<net id="93"><net_src comp="0" pin="0"/><net_sink comp="88" pin=1"/></net>

<net id="98"><net_src comp="88" pin="2"/><net_sink comp="94" pin=0"/></net>

<net id="99"><net_src comp="34" pin="0"/><net_sink comp="94" pin=1"/></net>

<net id="106"><net_src comp="36" pin="0"/><net_sink comp="100" pin=0"/></net>

<net id="107"><net_src comp="88" pin="2"/><net_sink comp="100" pin=1"/></net>

<net id="108"><net_src comp="38" pin="0"/><net_sink comp="100" pin=2"/></net>

<net id="109"><net_src comp="40" pin="0"/><net_sink comp="100" pin=3"/></net>

<net id="115"><net_src comp="94" pin="2"/><net_sink comp="110" pin=0"/></net>

<net id="116"><net_src comp="100" pin="4"/><net_sink comp="110" pin=1"/></net>

<net id="117"><net_src comp="42" pin="0"/><net_sink comp="110" pin=2"/></net>

<net id="122"><net_src comp="82" pin="2"/><net_sink comp="118" pin=0"/></net>

<net id="123"><net_src comp="34" pin="0"/><net_sink comp="118" pin=1"/></net>

<net id="130"><net_src comp="36" pin="0"/><net_sink comp="124" pin=0"/></net>

<net id="131"><net_src comp="82" pin="2"/><net_sink comp="124" pin=1"/></net>

<net id="132"><net_src comp="38" pin="0"/><net_sink comp="124" pin=2"/></net>

<net id="133"><net_src comp="40" pin="0"/><net_sink comp="124" pin=3"/></net>

<net id="139"><net_src comp="118" pin="2"/><net_sink comp="134" pin=0"/></net>

<net id="140"><net_src comp="124" pin="4"/><net_sink comp="134" pin=1"/></net>

<net id="141"><net_src comp="42" pin="0"/><net_sink comp="134" pin=2"/></net>

<net id="146"><net_src comp="76" pin="2"/><net_sink comp="142" pin=0"/></net>

<net id="147"><net_src comp="34" pin="0"/><net_sink comp="142" pin=1"/></net>

<net id="154"><net_src comp="36" pin="0"/><net_sink comp="148" pin=0"/></net>

<net id="155"><net_src comp="76" pin="2"/><net_sink comp="148" pin=1"/></net>

<net id="156"><net_src comp="38" pin="0"/><net_sink comp="148" pin=2"/></net>

<net id="157"><net_src comp="40" pin="0"/><net_sink comp="148" pin=3"/></net>

<net id="163"><net_src comp="142" pin="2"/><net_sink comp="158" pin=0"/></net>

<net id="164"><net_src comp="148" pin="4"/><net_sink comp="158" pin=1"/></net>

<net id="165"><net_src comp="42" pin="0"/><net_sink comp="158" pin=2"/></net>

<net id="170"><net_src comp="70" pin="2"/><net_sink comp="166" pin=0"/></net>

<net id="171"><net_src comp="34" pin="0"/><net_sink comp="166" pin=1"/></net>

<net id="178"><net_src comp="36" pin="0"/><net_sink comp="172" pin=0"/></net>

<net id="179"><net_src comp="70" pin="2"/><net_sink comp="172" pin=1"/></net>

<net id="180"><net_src comp="38" pin="0"/><net_sink comp="172" pin=2"/></net>

<net id="181"><net_src comp="40" pin="0"/><net_sink comp="172" pin=3"/></net>

<net id="187"><net_src comp="166" pin="2"/><net_sink comp="182" pin=0"/></net>

<net id="188"><net_src comp="172" pin="4"/><net_sink comp="182" pin=1"/></net>

<net id="189"><net_src comp="42" pin="0"/><net_sink comp="182" pin=2"/></net>

<net id="194"><net_src comp="64" pin="2"/><net_sink comp="190" pin=0"/></net>

<net id="195"><net_src comp="34" pin="0"/><net_sink comp="190" pin=1"/></net>

<net id="202"><net_src comp="36" pin="0"/><net_sink comp="196" pin=0"/></net>

<net id="203"><net_src comp="64" pin="2"/><net_sink comp="196" pin=1"/></net>

<net id="204"><net_src comp="38" pin="0"/><net_sink comp="196" pin=2"/></net>

<net id="205"><net_src comp="40" pin="0"/><net_sink comp="196" pin=3"/></net>

<net id="211"><net_src comp="190" pin="2"/><net_sink comp="206" pin=0"/></net>

<net id="212"><net_src comp="196" pin="4"/><net_sink comp="206" pin=1"/></net>

<net id="213"><net_src comp="42" pin="0"/><net_sink comp="206" pin=2"/></net>

<net id="218"><net_src comp="58" pin="2"/><net_sink comp="214" pin=0"/></net>

<net id="219"><net_src comp="34" pin="0"/><net_sink comp="214" pin=1"/></net>

<net id="226"><net_src comp="36" pin="0"/><net_sink comp="220" pin=0"/></net>

<net id="227"><net_src comp="58" pin="2"/><net_sink comp="220" pin=1"/></net>

<net id="228"><net_src comp="38" pin="0"/><net_sink comp="220" pin=2"/></net>

<net id="229"><net_src comp="40" pin="0"/><net_sink comp="220" pin=3"/></net>

<net id="235"><net_src comp="214" pin="2"/><net_sink comp="230" pin=0"/></net>

<net id="236"><net_src comp="220" pin="4"/><net_sink comp="230" pin=1"/></net>

<net id="237"><net_src comp="42" pin="0"/><net_sink comp="230" pin=2"/></net>

<net id="242"><net_src comp="52" pin="2"/><net_sink comp="238" pin=0"/></net>

<net id="243"><net_src comp="34" pin="0"/><net_sink comp="238" pin=1"/></net>

<net id="250"><net_src comp="36" pin="0"/><net_sink comp="244" pin=0"/></net>

<net id="251"><net_src comp="52" pin="2"/><net_sink comp="244" pin=1"/></net>

<net id="252"><net_src comp="38" pin="0"/><net_sink comp="244" pin=2"/></net>

<net id="253"><net_src comp="40" pin="0"/><net_sink comp="244" pin=3"/></net>

<net id="259"><net_src comp="238" pin="2"/><net_sink comp="254" pin=0"/></net>

<net id="260"><net_src comp="244" pin="4"/><net_sink comp="254" pin=1"/></net>

<net id="261"><net_src comp="42" pin="0"/><net_sink comp="254" pin=2"/></net>

<net id="266"><net_src comp="46" pin="2"/><net_sink comp="262" pin=0"/></net>

<net id="267"><net_src comp="34" pin="0"/><net_sink comp="262" pin=1"/></net>

<net id="274"><net_src comp="36" pin="0"/><net_sink comp="268" pin=0"/></net>

<net id="275"><net_src comp="46" pin="2"/><net_sink comp="268" pin=1"/></net>

<net id="276"><net_src comp="38" pin="0"/><net_sink comp="268" pin=2"/></net>

<net id="277"><net_src comp="40" pin="0"/><net_sink comp="268" pin=3"/></net>

<net id="283"><net_src comp="262" pin="2"/><net_sink comp="278" pin=0"/></net>

<net id="284"><net_src comp="268" pin="4"/><net_sink comp="278" pin=1"/></net>

<net id="285"><net_src comp="42" pin="0"/><net_sink comp="278" pin=2"/></net>

<net id="290"><net_src comp="44" pin="0"/><net_sink comp="286" pin=0"/></net>

<net id="291"><net_src comp="110" pin="3"/><net_sink comp="286" pin=1"/></net>

<net id="296"><net_src comp="286" pin="2"/><net_sink comp="292" pin=0"/></net>

<net id="297"><net_src comp="134" pin="3"/><net_sink comp="292" pin=1"/></net>

<net id="302"><net_src comp="292" pin="2"/><net_sink comp="298" pin=0"/></net>

<net id="303"><net_src comp="158" pin="3"/><net_sink comp="298" pin=1"/></net>

<net id="308"><net_src comp="298" pin="2"/><net_sink comp="304" pin=0"/></net>

<net id="309"><net_src comp="182" pin="3"/><net_sink comp="304" pin=1"/></net>

<net id="314"><net_src comp="304" pin="2"/><net_sink comp="310" pin=0"/></net>

<net id="315"><net_src comp="206" pin="3"/><net_sink comp="310" pin=1"/></net>

<net id="320"><net_src comp="310" pin="2"/><net_sink comp="316" pin=0"/></net>

<net id="321"><net_src comp="230" pin="3"/><net_sink comp="316" pin=1"/></net>

<net id="326"><net_src comp="316" pin="2"/><net_sink comp="322" pin=0"/></net>

<net id="327"><net_src comp="254" pin="3"/><net_sink comp="322" pin=1"/></net>

<net id="332"><net_src comp="322" pin="2"/><net_sink comp="328" pin=0"/></net>

<net id="333"><net_src comp="278" pin="3"/><net_sink comp="328" pin=1"/></net>

</net_list>

</model> 
---------------- Datapath Model END ------------------

* FSMD analyzer results:
  - Output states:
 - Input state : 
	Port: relu<ap_fixed,ap_ufixed<14,4,5,3,0>,relu_config7> : data_0_V_read | {1 }
	Port: relu<ap_fixed,ap_ufixed<14,4,5,3,0>,relu_config7> : data_1_V_read | {1 }
	Port: relu<ap_fixed,ap_ufixed<14,4,5,3,0>,relu_config7> : data_2_V_read | {1 }
	Port: relu<ap_fixed,ap_ufixed<14,4,5,3,0>,relu_config7> : data_3_V_read | {1 }
	Port: relu<ap_fixed,ap_ufixed<14,4,5,3,0>,relu_config7> : data_4_V_read | {1 }
	Port: relu<ap_fixed,ap_ufixed<14,4,5,3,0>,relu_config7> : data_5_V_read | {1 }
	Port: relu<ap_fixed,ap_ufixed<14,4,5,3,0>,relu_config7> : data_6_V_read | {1 }
	Port: relu<ap_fixed,ap_ufixed<14,4,5,3,0>,relu_config7> : data_7_V_read | {1 }
  - Chain level:
	State 1
		empty : 1
		select_ln1494 : 1
		select_ln1494_48 : 1
		select_ln1494_49 : 1
		select_ln1494_50 : 1
		select_ln1494_51 : 1
		select_ln1494_52 : 1
		select_ln1494_53 : 1
		select_ln1494_54 : 1
		mrv : 2
		mrv_1 : 3
		mrv_2 : 4
		mrv_3 : 5
		mrv_4 : 6
		mrv_5 : 7
		mrv_6 : 8
		mrv_7 : 9
		ret_ln84 : 10


============================================================
+ Verbose Summary: Datapath Resource usage 
============================================================

* Functional unit list:
|----------|----------------------------|---------|---------|
| Operation|       Functional Unit      |    FF   |   LUT   |
|----------|----------------------------|---------|---------|
|          |      icmp_ln1494_fu_94     |    0    |    29   |
|          |    icmp_ln1494_1_fu_118    |    0    |    29   |
|          |    icmp_ln1494_2_fu_142    |    0    |    29   |
|   icmp   |    icmp_ln1494_3_fu_166    |    0    |    29   |
|          |    icmp_ln1494_4_fu_190    |    0    |    29   |
|          |    icmp_ln1494_5_fu_214    |    0    |    29   |
|          |    icmp_ln1494_6_fu_238    |    0    |    29   |
|          |    icmp_ln1494_7_fu_262    |    0    |    29   |
|----------|----------------------------|---------|---------|
|          |    select_ln1494_fu_110    |    0    |    14   |
|          |   select_ln1494_48_fu_134  |    0    |    14   |
|          |   select_ln1494_49_fu_158  |    0    |    14   |
|  select  |   select_ln1494_50_fu_182  |    0    |    14   |
|          |   select_ln1494_51_fu_206  |    0    |    14   |
|          |   select_ln1494_52_fu_230  |    0    |    14   |
|          |   select_ln1494_53_fu_254  |    0    |    14   |
|          |   select_ln1494_54_fu_278  |    0    |    14   |
|----------|----------------------------|---------|---------|
|          | data_7_V_read_5_read_fu_46 |    0    |    0    |
|          | data_6_V_read_5_read_fu_52 |    0    |    0    |
|          | data_5_V_read_5_read_fu_58 |    0    |    0    |
|   read   | data_4_V_read_5_read_fu_64 |    0    |    0    |
|          | data_3_V_read_6_read_fu_70 |    0    |    0    |
|          | data_2_V_read_6_read_fu_76 |    0    |    0    |
|          | data_1_V_read_6_read_fu_82 |    0    |    0    |
|          | data_0_V_read_6_read_fu_88 |    0    |    0    |
|----------|----------------------------|---------|---------|
|          |       trunc_ln_fu_100      |    0    |    0    |
|          |    trunc_ln708_1_fu_124    |    0    |    0    |
|          |    trunc_ln708_2_fu_148    |    0    |    0    |
|partselect|    trunc_ln708_3_fu_172    |    0    |    0    |
|          |    trunc_ln708_4_fu_196    |    0    |    0    |
|          |    trunc_ln708_5_fu_220    |    0    |    0    |
|          |    trunc_ln708_6_fu_244    |    0    |    0    |
|          |    trunc_ln708_7_fu_268    |    0    |    0    |
|----------|----------------------------|---------|---------|
|          |         mrv_fu_286         |    0    |    0    |
|          |        mrv_1_fu_292        |    0    |    0    |
|          |        mrv_2_fu_298        |    0    |    0    |
|insertvalue|        mrv_3_fu_304        |    0    |    0    |
|          |        mrv_4_fu_310        |    0    |    0    |
|          |        mrv_5_fu_316        |    0    |    0    |
|          |        mrv_6_fu_322        |    0    |    0    |
|          |        mrv_7_fu_328        |    0    |    0    |
|----------|----------------------------|---------|---------|
|   Total  |                            |    0    |   344   |
|----------|----------------------------|---------|---------|

Memories:
N/A

* Register list:
N/A

* Multiplexer (MUX) list: 
|--------|------|------|------|--------|
|  Comp  |  Pin | Size |  BW  | S x BW |
|--------|------|------|------|--------|
|  Total |      |      |      |    0   |
|--------|------|------|------|--------|



* Summary:
+-----------+--------+--------+
|           |   FF   |   LUT  |
+-----------+--------+--------+
|  Function |    0   |   344  |
|   Memory  |    -   |    -   |
|Multiplexer|    -   |    -   |
|  Register |    -   |    -   |
+-----------+--------+--------+
|   Total   |    0   |   344  |
+-----------+--------+--------+
