

================================================================
== Vivado HLS Report for 'relu_ap_fixed_ap_ufixed_128_16_5_3_0_relu_config4_s'
================================================================
* Date:           Sat Aug  6 20:48:46 2022

* Version:        2019.1 (Build 2552052 on Fri May 24 15:28:33 MDT 2019)
* Project:        myproject_prj
* Solution:       solution1
* Product family: zynquplus
* Target device:  xczu3eg-sbva484-1-e


================================================================
== Performance Estimates
================================================================
+ Timing (ns): 
    * Summary: 
    +--------+-------+----------+------------+
    |  Clock | Target| Estimated| Uncertainty|
    +--------+-------+----------+------------+
    |ap_clk  |   5.00|     1.919|        0.62|
    +--------+-------+----------+------------+

+ Latency (clock cycles): 
    * Summary: 
    +-----+-----+-----+-----+----------+
    |  Latency  |  Interval | Pipeline |
    | min | max | min | max |   Type   |
    +-----+-----+-----+-----+----------+
    |    0|    0|    1|    1| function |
    +-----+-----+-----+-----+----------+

    + Detail: 
        * Instance: 
        N/A

        * Loop: 
        N/A

============================================================
+ Verbose Summary: Synthesis Manager
============================================================
InlineROM: 1
ExposeGlobal: 0
============================================================
+ Verbose Summary: CDFG Model
============================================================
IsTopModel: 0
ResetActiveHigh: 1
IsCombinational: 0
IsDatapathOnly: 0
HasWiredReturn: 1
HasMFsm: 2
HasVarLatency: 0
IsPipeline: 1
IsRtlPipelined: 0
IsInstanceOverlapped: 0
IsDontTouch: 0
HasImplIP: 0
IsGatedGlobalClock: 0

+ Individual pipeline summary: 
  * Pipeline-0: initiation interval (II) = 1, depth = 1


============================================================
+ Verbose Summary: Schedule
============================================================
* Number of FSM states : 1
* Pipeline : 1
  Pipeline-0 : II = 1, D = 1, States = { 1 }
* Dataflow Pipeline: 0

* FSM state transitions: 
1 --> 

* FSM state operations: 

State 1 <SV = 0> <Delay = 1.91>
ST_1 : Operation 2 [1/1] (0.00ns)   --->   "%data_3_V_read_2 = call i128 @_ssdm_op_Read.ap_auto.i128(i128 %data_3_V_read)" [firmware/nnet_utils/nnet_activation.h:64]   --->   Operation 2 'read' 'data_3_V_read_2' <Predicate = true> <Delay = 0.00>
ST_1 : Operation 3 [1/1] (0.00ns)   --->   "%data_2_V_read_2 = call i128 @_ssdm_op_Read.ap_auto.i128(i128 %data_2_V_read)" [firmware/nnet_utils/nnet_activation.h:64]   --->   Operation 3 'read' 'data_2_V_read_2' <Predicate = true> <Delay = 0.00>
ST_1 : Operation 4 [1/1] (0.00ns)   --->   "%data_1_V_read_2 = call i128 @_ssdm_op_Read.ap_auto.i128(i128 %data_1_V_read)" [firmware/nnet_utils/nnet_activation.h:64]   --->   Operation 4 'read' 'data_1_V_read_2' <Predicate = true> <Delay = 0.00>
ST_1 : Operation 5 [1/1] (0.00ns)   --->   "%data_0_V_read_2 = call i128 @_ssdm_op_Read.ap_auto.i128(i128 %data_0_V_read)" [firmware/nnet_utils/nnet_activation.h:64]   --->   Operation 5 'read' 'data_0_V_read_2' <Predicate = true> <Delay = 0.00>
ST_1 : Operation 6 [1/1] (0.00ns)   --->   "call void (...)* @_ssdm_op_SpecPipeline(i32 -1, i32 1, i32 1, i32 0, [1 x i8]* @p_str15) nounwind" [firmware/nnet_utils/nnet_activation.h:66]   --->   Operation 6 'specpipeline' <Predicate = true> <Delay = 0.00>
ST_1 : Operation 7 [1/1] (1.46ns)   --->   "%icmp_ln1494 = icmp sgt i128 %data_0_V_read_2, 0" [firmware/nnet_utils/nnet_activation.h:71]   --->   Operation 7 'icmp' 'icmp_ln1494' <Predicate = true> <Delay = 1.46> <Core = "Cmp">   --->   Core 25 'Cmp' <Latency = 0> <II = 1> <Delay = 1.46> <FuncUnit> <Opcode : 'icmp'> <InPorts = 2> <OutPorts = 1>
ST_1 : Operation 8 [1/1] (0.00ns)   --->   "%trunc_ln71 = trunc i128 %data_0_V_read_2 to i127" [firmware/nnet_utils/nnet_activation.h:71]   --->   Operation 8 'trunc' 'trunc_ln71' <Predicate = (icmp_ln1494)> <Delay = 0.00>
ST_1 : Operation 9 [1/1] (0.45ns)   --->   "%select_ln71 = select i1 %icmp_ln1494, i127 %trunc_ln71, i127 0" [firmware/nnet_utils/nnet_activation.h:71]   --->   Operation 9 'select' 'select_ln71' <Predicate = true> <Delay = 0.45> <Core = "Sel">   --->   Core 26 'Sel' <Latency = 0> <II = 1> <Delay = 0.45> <FuncUnit> <Opcode : 'select'> <InPorts = 3> <OutPorts = 1>
ST_1 : Operation 10 [1/1] (0.00ns)   --->   "%zext_ln71 = zext i127 %select_ln71 to i128" [firmware/nnet_utils/nnet_activation.h:71]   --->   Operation 10 'zext' 'zext_ln71' <Predicate = true> <Delay = 0.00>
ST_1 : Operation 11 [1/1] (1.46ns)   --->   "%icmp_ln1494_1 = icmp sgt i128 %data_1_V_read_2, 0" [firmware/nnet_utils/nnet_activation.h:71]   --->   Operation 11 'icmp' 'icmp_ln1494_1' <Predicate = true> <Delay = 1.46> <Core = "Cmp">   --->   Core 25 'Cmp' <Latency = 0> <II = 1> <Delay = 1.46> <FuncUnit> <Opcode : 'icmp'> <InPorts = 2> <OutPorts = 1>
ST_1 : Operation 12 [1/1] (0.00ns)   --->   "%trunc_ln71_8 = trunc i128 %data_1_V_read_2 to i127" [firmware/nnet_utils/nnet_activation.h:71]   --->   Operation 12 'trunc' 'trunc_ln71_8' <Predicate = (icmp_ln1494_1)> <Delay = 0.00>
ST_1 : Operation 13 [1/1] (0.45ns)   --->   "%select_ln71_8 = select i1 %icmp_ln1494_1, i127 %trunc_ln71_8, i127 0" [firmware/nnet_utils/nnet_activation.h:71]   --->   Operation 13 'select' 'select_ln71_8' <Predicate = true> <Delay = 0.45> <Core = "Sel">   --->   Core 26 'Sel' <Latency = 0> <II = 1> <Delay = 0.45> <FuncUnit> <Opcode : 'select'> <InPorts = 3> <OutPorts = 1>
ST_1 : Operation 14 [1/1] (0.00ns)   --->   "%zext_ln71_8 = zext i127 %select_ln71_8 to i128" [firmware/nnet_utils/nnet_activation.h:71]   --->   Operation 14 'zext' 'zext_ln71_8' <Predicate = true> <Delay = 0.00>
ST_1 : Operation 15 [1/1] (1.46ns)   --->   "%icmp_ln1494_2 = icmp sgt i128 %data_2_V_read_2, 0" [firmware/nnet_utils/nnet_activation.h:71]   --->   Operation 15 'icmp' 'icmp_ln1494_2' <Predicate = true> <Delay = 1.46> <Core = "Cmp">   --->   Core 25 'Cmp' <Latency = 0> <II = 1> <Delay = 1.46> <FuncUnit> <Opcode : 'icmp'> <InPorts = 2> <OutPorts = 1>
ST_1 : Operation 16 [1/1] (0.00ns)   --->   "%trunc_ln71_9 = trunc i128 %data_2_V_read_2 to i127" [firmware/nnet_utils/nnet_activation.h:71]   --->   Operation 16 'trunc' 'trunc_ln71_9' <Predicate = (icmp_ln1494_2)> <Delay = 0.00>
ST_1 : Operation 17 [1/1] (0.45ns)   --->   "%select_ln71_9 = select i1 %icmp_ln1494_2, i127 %trunc_ln71_9, i127 0" [firmware/nnet_utils/nnet_activation.h:71]   --->   Operation 17 'select' 'select_ln71_9' <Predicate = true> <Delay = 0.45> <Core = "Sel">   --->   Core 26 'Sel' <Latency = 0> <II = 1> <Delay = 0.45> <FuncUnit> <Opcode : 'select'> <InPorts = 3> <OutPorts = 1>
ST_1 : Operation 18 [1/1] (0.00ns)   --->   "%zext_ln71_9 = zext i127 %select_ln71_9 to i128" [firmware/nnet_utils/nnet_activation.h:71]   --->   Operation 18 'zext' 'zext_ln71_9' <Predicate = true> <Delay = 0.00>
ST_1 : Operation 19 [1/1] (1.46ns)   --->   "%icmp_ln1494_3 = icmp sgt i128 %data_3_V_read_2, 0" [firmware/nnet_utils/nnet_activation.h:71]   --->   Operation 19 'icmp' 'icmp_ln1494_3' <Predicate = true> <Delay = 1.46> <Core = "Cmp">   --->   Core 25 'Cmp' <Latency = 0> <II = 1> <Delay = 1.46> <FuncUnit> <Opcode : 'icmp'> <InPorts = 2> <OutPorts = 1>
ST_1 : Operation 20 [1/1] (0.00ns)   --->   "%trunc_ln71_10 = trunc i128 %data_3_V_read_2 to i127" [firmware/nnet_utils/nnet_activation.h:71]   --->   Operation 20 'trunc' 'trunc_ln71_10' <Predicate = (icmp_ln1494_3)> <Delay = 0.00>
ST_1 : Operation 21 [1/1] (0.45ns)   --->   "%select_ln71_10 = select i1 %icmp_ln1494_3, i127 %trunc_ln71_10, i127 0" [firmware/nnet_utils/nnet_activation.h:71]   --->   Operation 21 'select' 'select_ln71_10' <Predicate = true> <Delay = 0.45> <Core = "Sel">   --->   Core 26 'Sel' <Latency = 0> <II = 1> <Delay = 0.45> <FuncUnit> <Opcode : 'select'> <InPorts = 3> <OutPorts = 1>
ST_1 : Operation 22 [1/1] (0.00ns)   --->   "%zext_ln71_10 = zext i127 %select_ln71_10 to i128" [firmware/nnet_utils/nnet_activation.h:71]   --->   Operation 22 'zext' 'zext_ln71_10' <Predicate = true> <Delay = 0.00>
ST_1 : Operation 23 [1/1] (0.00ns)   --->   "%mrv = insertvalue { i128, i128, i128, i128 } undef, i128 %zext_ln71, 0" [firmware/nnet_utils/nnet_activation.h:74]   --->   Operation 23 'insertvalue' 'mrv' <Predicate = true> <Delay = 0.00>
ST_1 : Operation 24 [1/1] (0.00ns)   --->   "%mrv_1 = insertvalue { i128, i128, i128, i128 } %mrv, i128 %zext_ln71_8, 1" [firmware/nnet_utils/nnet_activation.h:74]   --->   Operation 24 'insertvalue' 'mrv_1' <Predicate = true> <Delay = 0.00>
ST_1 : Operation 25 [1/1] (0.00ns)   --->   "%mrv_2 = insertvalue { i128, i128, i128, i128 } %mrv_1, i128 %zext_ln71_9, 2" [firmware/nnet_utils/nnet_activation.h:74]   --->   Operation 25 'insertvalue' 'mrv_2' <Predicate = true> <Delay = 0.00>
ST_1 : Operation 26 [1/1] (0.00ns)   --->   "%mrv_3 = insertvalue { i128, i128, i128, i128 } %mrv_2, i128 %zext_ln71_10, 3" [firmware/nnet_utils/nnet_activation.h:74]   --->   Operation 26 'insertvalue' 'mrv_3' <Predicate = true> <Delay = 0.00>
ST_1 : Operation 27 [1/1] (0.00ns)   --->   "ret { i128, i128, i128, i128 } %mrv_3" [firmware/nnet_utils/nnet_activation.h:74]   --->   Operation 27 'ret' <Predicate = true> <Delay = 0.00>


============================================================
+ Verbose Summary: Binding
============================================================
STG Binding: 
---------------- STG Properties BEGIN ----------------
- Is combinational: 1
- Is one-state seq: 0
- Is datapath-only: 0
- Is pipelined: 1
- Is top level: 0
Port [ Return ] is wired: 1; IO mode=ap_ctrl_hs:ce=0
Port [ data_0_V_read]:  wired=1; compound=0; hidden=0; nouse=0; global=0; static=0; extern=0; dir=0; type=0; pingpong=0; private_global=0; IO mode=ap_none:ce=0
Port [ data_1_V_read]:  wired=1; compound=0; hidden=0; nouse=0; global=0; static=0; extern=0; dir=0; type=0; pingpong=0; private_global=0; IO mode=ap_none:ce=0
Port [ data_2_V_read]:  wired=1; compound=0; hidden=0; nouse=0; global=0; static=0; extern=0; dir=0; type=0; pingpong=0; private_global=0; IO mode=ap_none:ce=0
Port [ data_3_V_read]:  wired=1; compound=0; hidden=0; nouse=0; global=0; static=0; extern=0; dir=0; type=0; pingpong=0; private_global=0; IO mode=ap_none:ce=0
---------------- STG Properties END ------------------

---------------- Datapath Model BEGIN ----------------

<LifeTime>
<method=bitvector/>
data_3_V_read_2   (read        ) [ 00]
data_2_V_read_2   (read        ) [ 00]
data_1_V_read_2   (read        ) [ 00]
data_0_V_read_2   (read        ) [ 00]
specpipeline_ln66 (specpipeline) [ 00]
icmp_ln1494       (icmp        ) [ 01]
trunc_ln71        (trunc       ) [ 00]
select_ln71       (select      ) [ 00]
zext_ln71         (zext        ) [ 00]
icmp_ln1494_1     (icmp        ) [ 01]
trunc_ln71_8      (trunc       ) [ 00]
select_ln71_8     (select      ) [ 00]
zext_ln71_8       (zext        ) [ 00]
icmp_ln1494_2     (icmp        ) [ 01]
trunc_ln71_9      (trunc       ) [ 00]
select_ln71_9     (select      ) [ 00]
zext_ln71_9       (zext        ) [ 00]
icmp_ln1494_3     (icmp        ) [ 01]
trunc_ln71_10     (trunc       ) [ 00]
select_ln71_10    (select      ) [ 00]
zext_ln71_10      (zext        ) [ 00]
mrv               (insertvalue ) [ 00]
mrv_1             (insertvalue ) [ 00]
mrv_2             (insertvalue ) [ 00]
mrv_3             (insertvalue ) [ 00]
ret_ln74          (ret         ) [ 00]
</LifeTime>

<model>

<comp_list>
<comp id="0" class="1000" name="data_0_V_read">
<pin_list>
<pin id="1" dir="1" index="0" bw="1" slack="0"/>
</pin_list>
<bind>
<StgValue><ssdm name="data_0_V_read"/></StgValue>
</bind>
</comp>

<comp id="2" class="1000" name="data_1_V_read">
<pin_list>
<pin id="3" dir="1" index="0" bw="1" slack="0"/>
</pin_list>
<bind>
<StgValue><ssdm name="data_1_V_read"/></StgValue>
</bind>
</comp>

<comp id="4" class="1000" name="data_2_V_read">
<pin_list>
<pin id="5" dir="1" index="0" bw="1" slack="0"/>
</pin_list>
<bind>
<StgValue><ssdm name="data_2_V_read"/></StgValue>
</bind>
</comp>

<comp id="6" class="1000" name="data_3_V_read">
<pin_list>
<pin id="7" dir="1" index="0" bw="1" slack="0"/>
</pin_list>
<bind>
<StgValue><ssdm name="data_3_V_read"/></StgValue>
</bind>
</comp>

<comp id="8" class="1001" name="const_8">
<pin_list>
<pin id="9" dir="1" index="0" bw="1" slack="0"/>
</pin_list>
<bind>
<StgValue><ssdm name="_ssdm_op_Read.ap_auto.i128"/></StgValue>
</bind>
</comp>

<comp id="10" class="1001" name="const_10">
<pin_list>
<pin id="11" dir="1" index="0" bw="1" slack="2147483647"/>
</pin_list>
<bind>
<StgValue><ssdm name="_ssdm_op_SpecPipeline"/></StgValue>
</bind>
</comp>

<comp id="12" class="1001" name="const_12">
<pin_list>
<pin id="13" dir="1" index="0" bw="1" slack="2147483647"/>
</pin_list>
<bind>
<StgValue><ssdm name=""/></StgValue>
</bind>
</comp>

<comp id="14" class="1001" name="const_14">
<pin_list>
<pin id="15" dir="1" index="0" bw="1" slack="2147483647"/>
</pin_list>
<bind>
<StgValue><ssdm name=""/></StgValue>
</bind>
</comp>

<comp id="16" class="1001" name="const_16">
<pin_list>
<pin id="17" dir="1" index="0" bw="1" slack="2147483647"/>
</pin_list>
<bind>
<StgValue><ssdm name=""/></StgValue>
</bind>
</comp>

<comp id="18" class="1001" name="const_18">
<pin_list>
<pin id="19" dir="1" index="0" bw="1" slack="2147483647"/>
</pin_list>
<bind>
<StgValue><ssdm name="p_str15"/></StgValue>
</bind>
</comp>

<comp id="20" class="1001" name="const_20">
<pin_list>
<pin id="21" dir="1" index="0" bw="1" slack="0"/>
</pin_list>
<bind>
<StgValue><ssdm name=""/></StgValue>
</bind>
</comp>

<comp id="22" class="1001" name="const_22">
<pin_list>
<pin id="23" dir="1" index="0" bw="1" slack="0"/>
</pin_list>
<bind>
<StgValue><ssdm name=""/></StgValue>
</bind>
</comp>

<comp id="24" class="1001" name="const_24">
<pin_list>
<pin id="25" dir="1" index="0" bw="1" slack="0"/>
</pin_list>
<bind>
<StgValue><ssdm name=""/></StgValue>
</bind>
</comp>

<comp id="26" class="1004" name="data_3_V_read_2_read_fu_26">
<pin_list>
<pin id="27" dir="0" index="0" bw="128" slack="0"/>
<pin id="28" dir="0" index="1" bw="128" slack="0"/>
<pin id="29" dir="1" index="2" bw="128" slack="0"/>
</pin_list>
<bind>
<opcode="read(1150) " fcode="read"/>
<opset="data_3_V_read_2/1 "/>
</bind>
</comp>

<comp id="32" class="1004" name="data_2_V_read_2_read_fu_32">
<pin_list>
<pin id="33" dir="0" index="0" bw="128" slack="0"/>
<pin id="34" dir="0" index="1" bw="128" slack="0"/>
<pin id="35" dir="1" index="2" bw="128" slack="0"/>
</pin_list>
<bind>
<opcode="read(1150) " fcode="read"/>
<opset="data_2_V_read_2/1 "/>
</bind>
</comp>

<comp id="38" class="1004" name="data_1_V_read_2_read_fu_38">
<pin_list>
<pin id="39" dir="0" index="0" bw="128" slack="0"/>
<pin id="40" dir="0" index="1" bw="128" slack="0"/>
<pin id="41" dir="1" index="2" bw="128" slack="0"/>
</pin_list>
<bind>
<opcode="read(1150) " fcode="read"/>
<opset="data_1_V_read_2/1 "/>
</bind>
</comp>

<comp id="44" class="1004" name="data_0_V_read_2_read_fu_44">
<pin_list>
<pin id="45" dir="0" index="0" bw="128" slack="0"/>
<pin id="46" dir="0" index="1" bw="128" slack="0"/>
<pin id="47" dir="1" index="2" bw="128" slack="0"/>
</pin_list>
<bind>
<opcode="read(1150) " fcode="read"/>
<opset="data_0_V_read_2/1 "/>
</bind>
</comp>

<comp id="50" class="1004" name="icmp_ln1494_fu_50">
<pin_list>
<pin id="51" dir="0" index="0" bw="128" slack="0"/>
<pin id="52" dir="0" index="1" bw="1" slack="0"/>
<pin id="53" dir="1" index="2" bw="1" slack="0"/>
</pin_list>
<bind>
<opcode="icmp(45) " fcode="icmp"/>
<opset="icmp_ln1494/1 "/>
</bind>
</comp>

<comp id="56" class="1004" name="trunc_ln71_fu_56">
<pin_list>
<pin id="57" dir="0" index="0" bw="128" slack="0"/>
<pin id="58" dir="1" index="1" bw="127" slack="0"/>
</pin_list>
<bind>
<opcode="trunc(33) " fcode="trunc"/>
<opset="trunc_ln71/1 "/>
</bind>
</comp>

<comp id="60" class="1004" name="select_ln71_fu_60">
<pin_list>
<pin id="61" dir="0" index="0" bw="1" slack="0"/>
<pin id="62" dir="0" index="1" bw="127" slack="0"/>
<pin id="63" dir="0" index="2" bw="1" slack="0"/>
<pin id="64" dir="1" index="3" bw="127" slack="0"/>
</pin_list>
<bind>
<opcode="select(49) " fcode="select"/>
<opset="select_ln71/1 "/>
</bind>
</comp>

<comp id="68" class="1004" name="zext_ln71_fu_68">
<pin_list>
<pin id="69" dir="0" index="0" bw="127" slack="0"/>
<pin id="70" dir="1" index="1" bw="128" slack="0"/>
</pin_list>
<bind>
<opcode="zext(34) " fcode="zext"/>
<opset="zext_ln71/1 "/>
</bind>
</comp>

<comp id="72" class="1004" name="icmp_ln1494_1_fu_72">
<pin_list>
<pin id="73" dir="0" index="0" bw="128" slack="0"/>
<pin id="74" dir="0" index="1" bw="1" slack="0"/>
<pin id="75" dir="1" index="2" bw="1" slack="0"/>
</pin_list>
<bind>
<opcode="icmp(45) " fcode="icmp"/>
<opset="icmp_ln1494_1/1 "/>
</bind>
</comp>

<comp id="78" class="1004" name="trunc_ln71_8_fu_78">
<pin_list>
<pin id="79" dir="0" index="0" bw="128" slack="0"/>
<pin id="80" dir="1" index="1" bw="127" slack="0"/>
</pin_list>
<bind>
<opcode="trunc(33) " fcode="trunc"/>
<opset="trunc_ln71_8/1 "/>
</bind>
</comp>

<comp id="82" class="1004" name="select_ln71_8_fu_82">
<pin_list>
<pin id="83" dir="0" index="0" bw="1" slack="0"/>
<pin id="84" dir="0" index="1" bw="127" slack="0"/>
<pin id="85" dir="0" index="2" bw="1" slack="0"/>
<pin id="86" dir="1" index="3" bw="127" slack="0"/>
</pin_list>
<bind>
<opcode="select(49) " fcode="select"/>
<opset="select_ln71_8/1 "/>
</bind>
</comp>

<comp id="90" class="1004" name="zext_ln71_8_fu_90">
<pin_list>
<pin id="91" dir="0" index="0" bw="127" slack="0"/>
<pin id="92" dir="1" index="1" bw="128" slack="0"/>
</pin_list>
<bind>
<opcode="zext(34) " fcode="zext"/>
<opset="zext_ln71_8/1 "/>
</bind>
</comp>

<comp id="94" class="1004" name="icmp_ln1494_2_fu_94">
<pin_list>
<pin id="95" dir="0" index="0" bw="128" slack="0"/>
<pin id="96" dir="0" index="1" bw="1" slack="0"/>
<pin id="97" dir="1" index="2" bw="1" slack="0"/>
</pin_list>
<bind>
<opcode="icmp(45) " fcode="icmp"/>
<opset="icmp_ln1494_2/1 "/>
</bind>
</comp>

<comp id="100" class="1004" name="trunc_ln71_9_fu_100">
<pin_list>
<pin id="101" dir="0" index="0" bw="128" slack="0"/>
<pin id="102" dir="1" index="1" bw="127" slack="0"/>
</pin_list>
<bind>
<opcode="trunc(33) " fcode="trunc"/>
<opset="trunc_ln71_9/1 "/>
</bind>
</comp>

<comp id="104" class="1004" name="select_ln71_9_fu_104">
<pin_list>
<pin id="105" dir="0" index="0" bw="1" slack="0"/>
<pin id="106" dir="0" index="1" bw="127" slack="0"/>
<pin id="107" dir="0" index="2" bw="1" slack="0"/>
<pin id="108" dir="1" index="3" bw="127" slack="0"/>
</pin_list>
<bind>
<opcode="select(49) " fcode="select"/>
<opset="select_ln71_9/1 "/>
</bind>
</comp>

<comp id="112" class="1004" name="zext_ln71_9_fu_112">
<pin_list>
<pin id="113" dir="0" index="0" bw="127" slack="0"/>
<pin id="114" dir="1" index="1" bw="128" slack="0"/>
</pin_list>
<bind>
<opcode="zext(34) " fcode="zext"/>
<opset="zext_ln71_9/1 "/>
</bind>
</comp>

<comp id="116" class="1004" name="icmp_ln1494_3_fu_116">
<pin_list>
<pin id="117" dir="0" index="0" bw="128" slack="0"/>
<pin id="118" dir="0" index="1" bw="1" slack="0"/>
<pin id="119" dir="1" index="2" bw="1" slack="0"/>
</pin_list>
<bind>
<opcode="icmp(45) " fcode="icmp"/>
<opset="icmp_ln1494_3/1 "/>
</bind>
</comp>

<comp id="122" class="1004" name="trunc_ln71_10_fu_122">
<pin_list>
<pin id="123" dir="0" index="0" bw="128" slack="0"/>
<pin id="124" dir="1" index="1" bw="127" slack="0"/>
</pin_list>
<bind>
<opcode="trunc(33) " fcode="trunc"/>
<opset="trunc_ln71_10/1 "/>
</bind>
</comp>

<comp id="126" class="1004" name="select_ln71_10_fu_126">
<pin_list>
<pin id="127" dir="0" index="0" bw="1" slack="0"/>
<pin id="128" dir="0" index="1" bw="127" slack="0"/>
<pin id="129" dir="0" index="2" bw="1" slack="0"/>
<pin id="130" dir="1" index="3" bw="127" slack="0"/>
</pin_list>
<bind>
<opcode="select(49) " fcode="select"/>
<opset="select_ln71_10/1 "/>
</bind>
</comp>

<comp id="134" class="1004" name="zext_ln71_10_fu_134">
<pin_list>
<pin id="135" dir="0" index="0" bw="127" slack="0"/>
<pin id="136" dir="1" index="1" bw="128" slack="0"/>
</pin_list>
<bind>
<opcode="zext(34) " fcode="zext"/>
<opset="zext_ln71_10/1 "/>
</bind>
</comp>

<comp id="138" class="1004" name="mrv_fu_138">
<pin_list>
<pin id="139" dir="0" index="0" bw="512" slack="0"/>
<pin id="140" dir="0" index="1" bw="127" slack="0"/>
<pin id="141" dir="1" index="2" bw="512" slack="0"/>
</pin_list>
<bind>
<opcode="insertvalue(57) " fcode="insertvalue"/>
<opset="mrv/1 "/>
</bind>
</comp>

<comp id="144" class="1004" name="mrv_1_fu_144">
<pin_list>
<pin id="145" dir="0" index="0" bw="512" slack="0"/>
<pin id="146" dir="0" index="1" bw="127" slack="0"/>
<pin id="147" dir="1" index="2" bw="512" slack="0"/>
</pin_list>
<bind>
<opcode="insertvalue(57) " fcode="insertvalue"/>
<opset="mrv_1/1 "/>
</bind>
</comp>

<comp id="150" class="1004" name="mrv_2_fu_150">
<pin_list>
<pin id="151" dir="0" index="0" bw="512" slack="0"/>
<pin id="152" dir="0" index="1" bw="127" slack="0"/>
<pin id="153" dir="1" index="2" bw="512" slack="0"/>
</pin_list>
<bind>
<opcode="insertvalue(57) " fcode="insertvalue"/>
<opset="mrv_2/1 "/>
</bind>
</comp>

<comp id="156" class="1004" name="mrv_3_fu_156">
<pin_list>
<pin id="157" dir="0" index="0" bw="512" slack="0"/>
<pin id="158" dir="0" index="1" bw="127" slack="0"/>
<pin id="159" dir="1" index="2" bw="512" slack="2147483647"/>
</pin_list>
<bind>
<opcode="insertvalue(57) " fcode="insertvalue"/>
<opset="mrv_3/1 "/>
</bind>
</comp>

</comp_list>

<net_list>
<net id="30"><net_src comp="8" pin="0"/><net_sink comp="26" pin=0"/></net>

<net id="31"><net_src comp="6" pin="0"/><net_sink comp="26" pin=1"/></net>

<net id="36"><net_src comp="8" pin="0"/><net_sink comp="32" pin=0"/></net>

<net id="37"><net_src comp="4" pin="0"/><net_sink comp="32" pin=1"/></net>

<net id="42"><net_src comp="8" pin="0"/><net_sink comp="38" pin=0"/></net>

<net id="43"><net_src comp="2" pin="0"/><net_sink comp="38" pin=1"/></net>

<net id="48"><net_src comp="8" pin="0"/><net_sink comp="44" pin=0"/></net>

<net id="49"><net_src comp="0" pin="0"/><net_sink comp="44" pin=1"/></net>

<net id="54"><net_src comp="44" pin="2"/><net_sink comp="50" pin=0"/></net>

<net id="55"><net_src comp="20" pin="0"/><net_sink comp="50" pin=1"/></net>

<net id="59"><net_src comp="44" pin="2"/><net_sink comp="56" pin=0"/></net>

<net id="65"><net_src comp="50" pin="2"/><net_sink comp="60" pin=0"/></net>

<net id="66"><net_src comp="56" pin="1"/><net_sink comp="60" pin=1"/></net>

<net id="67"><net_src comp="22" pin="0"/><net_sink comp="60" pin=2"/></net>

<net id="71"><net_src comp="60" pin="3"/><net_sink comp="68" pin=0"/></net>

<net id="76"><net_src comp="38" pin="2"/><net_sink comp="72" pin=0"/></net>

<net id="77"><net_src comp="20" pin="0"/><net_sink comp="72" pin=1"/></net>

<net id="81"><net_src comp="38" pin="2"/><net_sink comp="78" pin=0"/></net>

<net id="87"><net_src comp="72" pin="2"/><net_sink comp="82" pin=0"/></net>

<net id="88"><net_src comp="78" pin="1"/><net_sink comp="82" pin=1"/></net>

<net id="89"><net_src comp="22" pin="0"/><net_sink comp="82" pin=2"/></net>

<net id="93"><net_src comp="82" pin="3"/><net_sink comp="90" pin=0"/></net>

<net id="98"><net_src comp="32" pin="2"/><net_sink comp="94" pin=0"/></net>

<net id="99"><net_src comp="20" pin="0"/><net_sink comp="94" pin=1"/></net>

<net id="103"><net_src comp="32" pin="2"/><net_sink comp="100" pin=0"/></net>

<net id="109"><net_src comp="94" pin="2"/><net_sink comp="104" pin=0"/></net>

<net id="110"><net_src comp="100" pin="1"/><net_sink comp="104" pin=1"/></net>

<net id="111"><net_src comp="22" pin="0"/><net_sink comp="104" pin=2"/></net>

<net id="115"><net_src comp="104" pin="3"/><net_sink comp="112" pin=0"/></net>

<net id="120"><net_src comp="26" pin="2"/><net_sink comp="116" pin=0"/></net>

<net id="121"><net_src comp="20" pin="0"/><net_sink comp="116" pin=1"/></net>

<net id="125"><net_src comp="26" pin="2"/><net_sink comp="122" pin=0"/></net>

<net id="131"><net_src comp="116" pin="2"/><net_sink comp="126" pin=0"/></net>

<net id="132"><net_src comp="122" pin="1"/><net_sink comp="126" pin=1"/></net>

<net id="133"><net_src comp="22" pin="0"/><net_sink comp="126" pin=2"/></net>

<net id="137"><net_src comp="126" pin="3"/><net_sink comp="134" pin=0"/></net>

<net id="142"><net_src comp="24" pin="0"/><net_sink comp="138" pin=0"/></net>

<net id="143"><net_src comp="68" pin="1"/><net_sink comp="138" pin=1"/></net>

<net id="148"><net_src comp="138" pin="2"/><net_sink comp="144" pin=0"/></net>

<net id="149"><net_src comp="90" pin="1"/><net_sink comp="144" pin=1"/></net>

<net id="154"><net_src comp="144" pin="2"/><net_sink comp="150" pin=0"/></net>

<net id="155"><net_src comp="112" pin="1"/><net_sink comp="150" pin=1"/></net>

<net id="160"><net_src comp="150" pin="2"/><net_sink comp="156" pin=0"/></net>

<net id="161"><net_src comp="134" pin="1"/><net_sink comp="156" pin=1"/></net>

</net_list>

</model> 
---------------- Datapath Model END ------------------

* FSMD analyzer results:
  - Output states:
 - Input state : 
	Port: relu<ap_fixed,ap_ufixed<128,16,5,3,0>,relu_config4> : data_0_V_read | {1 }
	Port: relu<ap_fixed,ap_ufixed<128,16,5,3,0>,relu_config4> : data_1_V_read | {1 }
	Port: relu<ap_fixed,ap_ufixed<128,16,5,3,0>,relu_config4> : data_2_V_read | {1 }
	Port: relu<ap_fixed,ap_ufixed<128,16,5,3,0>,relu_config4> : data_3_V_read | {1 }
  - Chain level:
	State 1
		select_ln71 : 1
		zext_ln71 : 2
		select_ln71_8 : 1
		zext_ln71_8 : 2
		select_ln71_9 : 1
		zext_ln71_9 : 2
		select_ln71_10 : 1
		zext_ln71_10 : 2
		mrv : 3
		mrv_1 : 4
		mrv_2 : 5
		mrv_3 : 6
		ret_ln74 : 7


============================================================
+ Verbose Summary: Datapath Resource usage 
============================================================

* Functional unit list:
|----------|----------------------------|---------|---------|
| Operation|       Functional Unit      |    FF   |   LUT   |
|----------|----------------------------|---------|---------|
|          |      select_ln71_fu_60     |    0    |   122   |
|  select  |     select_ln71_8_fu_82    |    0    |   122   |
|          |    select_ln71_9_fu_104    |    0    |   122   |
|          |    select_ln71_10_fu_126   |    0    |   122   |
|----------|----------------------------|---------|---------|
|          |      icmp_ln1494_fu_50     |    0    |    50   |
|   icmp   |     icmp_ln1494_1_fu_72    |    0    |    50   |
|          |     icmp_ln1494_2_fu_94    |    0    |    50   |
|          |    icmp_ln1494_3_fu_116    |    0    |    50   |
|----------|----------------------------|---------|---------|
|          | data_3_V_read_2_read_fu_26 |    0    |    0    |
|   read   | data_2_V_read_2_read_fu_32 |    0    |    0    |
|          | data_1_V_read_2_read_fu_38 |    0    |    0    |
|          | data_0_V_read_2_read_fu_44 |    0    |    0    |
|----------|----------------------------|---------|---------|
|          |      trunc_ln71_fu_56      |    0    |    0    |
|   trunc  |     trunc_ln71_8_fu_78     |    0    |    0    |
|          |     trunc_ln71_9_fu_100    |    0    |    0    |
|          |    trunc_ln71_10_fu_122    |    0    |    0    |
|----------|----------------------------|---------|---------|
|          |       zext_ln71_fu_68      |    0    |    0    |
|   zext   |      zext_ln71_8_fu_90     |    0    |    0    |
|          |     zext_ln71_9_fu_112     |    0    |    0    |
|          |     zext_ln71_10_fu_134    |    0    |    0    |
|----------|----------------------------|---------|---------|
|          |         mrv_fu_138         |    0    |    0    |
|insertvalue|        mrv_1_fu_144        |    0    |    0    |
|          |        mrv_2_fu_150        |    0    |    0    |
|          |        mrv_3_fu_156        |    0    |    0    |
|----------|----------------------------|---------|---------|
|   Total  |                            |    0    |   688   |
|----------|----------------------------|---------|---------|

Memories:
N/A

* Register list:
N/A

* Multiplexer (MUX) list: 
|--------|------|------|------|--------|
|  Comp  |  Pin | Size |  BW  | S x BW |
|--------|------|------|------|--------|
|  Total |      |      |      |    0   |
|--------|------|------|------|--------|



* Summary:
+-----------+--------+--------+
|           |   FF   |   LUT  |
+-----------+--------+--------+
|  Function |    0   |   688  |
|   Memory  |    -   |    -   |
|Multiplexer|    -   |    -   |
|  Register |    -   |    -   |
+-----------+--------+--------+
|   Total   |    0   |   688  |
+-----------+--------+--------+
