

================================================================
== Vivado HLS Report for 'dense_latency_0_0_0_0_0_0_0_0_0_0_0_0_0_2'
================================================================
* Date:           Tue Oct 25 22:21:45 2022

* Version:        2019.1 (Build 2552052 on Fri May 24 15:28:33 MDT 2019)
* Project:        myproject_prj
* Solution:       solution1
* Product family: zynquplus
* Target device:  xczu3eg-sbva484-1-e


================================================================
== Performance Estimates
================================================================
+ Timing (ns): 
    * Summary: 
    +--------+-------+----------+------------+
    |  Clock | Target| Estimated| Uncertainty|
    +--------+-------+----------+------------+
    |ap_clk  |   5.00|     4.216|        0.62|
    +--------+-------+----------+------------+

+ Latency (clock cycles): 
    * Summary: 
    +-----+-----+-----+-----+----------+
    |  Latency  |  Interval | Pipeline |
    | min | max | min | max |   Type   |
    +-----+-----+-----+-----+----------+
    |    1|    1|    1|    1| function |
    +-----+-----+-----+-----+----------+

    + Detail: 
        * Instance: 
        N/A

        * Loop: 
        N/A



================================================================
== Utilization Estimates
================================================================
* Summary: 
+-----------------+---------+-------+--------+-------+-----+
|       Name      | BRAM_18K| DSP48E|   FF   |  LUT  | URAM|
+-----------------+---------+-------+--------+-------+-----+
|DSP              |        -|      -|       -|      -|    -|
|Expression       |        -|    140|       0|   8385|    -|
|FIFO             |        -|      -|       -|      -|    -|
|Instance         |        -|      -|       -|      -|    -|
|Memory           |        -|      -|       -|      -|    -|
|Multiplexer      |        -|      -|       -|    108|    -|
|Register         |        -|      -|    2683|      -|    -|
+-----------------+---------+-------+--------+-------+-----+
|Total            |        0|    140|    2683|   8493|    0|
+-----------------+---------+-------+--------+-------+-----+
|Available        |      432|    360|  141120|  70560|    0|
+-----------------+---------+-------+--------+-------+-----+
|Utilization (%)  |        0|     38|       1|     12|    0|
+-----------------+---------+-------+--------+-------+-----+

+ Detail: 
    * Instance: 
    N/A

    * DSP48E: 
    N/A

    * Memory: 
    N/A

    * FIFO: 
    N/A

    * Expression: 
    +---------------------------+----------+-------+---+----+------------+------------+
    |       Variable Name       | Operation| DSP48E| FF| LUT| Bitwidth P0| Bitwidth P1|
    +---------------------------+----------+-------+---+----+------------+------------+
    |mul_ln1118_100_fu_544_p2   |     *    |      1|  0|   5|          16|          14|
    |mul_ln1118_101_fu_481_p2   |     *    |      1|  0|   5|          16|          14|
    |mul_ln1118_102_fu_492_p2   |     *    |      1|  0|   5|          16|          11|
    |mul_ln1118_103_fu_564_p2   |     *    |      1|  0|   5|          16|          14|
    |mul_ln1118_104_fu_603_p2   |     *    |      1|  0|   5|          16|          11|
    |mul_ln1118_105_fu_565_p2   |     *    |      1|  0|   5|          16|          14|
    |mul_ln1118_106_fu_529_p2   |     *    |      1|  0|   5|          16|          13|
    |mul_ln1118_107_fu_526_p2   |     *    |      1|  0|   5|          16|          14|
    |mul_ln1118_108_fu_523_p2   |     *    |      1|  0|   5|          16|          14|
    |mul_ln1118_39_fu_510_p2    |     *    |      1|  0|   5|          16|          14|
    |mul_ln1118_40_fu_549_p2    |     *    |      1|  0|   5|          16|          13|
    |mul_ln1118_41_fu_606_p2    |     *    |      1|  0|   5|          16|          12|
    |mul_ln1118_42_fu_588_p2    |     *    |      1|  0|   5|          16|          13|
    |mul_ln1118_43_fu_585_p2    |     *    |      1|  0|   5|          16|          12|
    |mul_ln1118_44_fu_533_p2    |     *    |      1|  0|   5|          16|          14|
    |mul_ln1118_45_fu_471_p2    |     *    |      1|  0|   5|          16|          13|
    |mul_ln1118_46_fu_517_p2    |     *    |      1|  0|   5|          16|          14|
    |mul_ln1118_47_fu_542_p2    |     *    |      1|  0|   5|          16|          13|
    |mul_ln1118_48_fu_584_p2    |     *    |      1|  0|   5|          16|          11|
    |mul_ln1118_49_fu_587_p2    |     *    |      1|  0|   5|          16|          14|
    |mul_ln1118_50_fu_514_p2    |     *    |      1|  0|   5|          16|          13|
    |mul_ln1118_51_fu_581_p2    |     *    |      1|  0|   5|          16|          10|
    |mul_ln1118_52_fu_484_p2    |     *    |      1|  0|   5|          16|          14|
    |mul_ln1118_53_fu_570_p2    |     *    |      1|  0|   5|          16|          14|
    |mul_ln1118_54_fu_553_p2    |     *    |      1|  0|   5|          16|          13|
    |mul_ln1118_55_fu_575_p2    |     *    |      1|  0|   5|          16|          14|
    |mul_ln1118_56_fu_477_p2    |     *    |      1|  0|   5|          16|          14|
    |mul_ln1118_57_fu_499_p2    |     *    |      1|  0|   5|          16|          10|
    |mul_ln1118_58_fu_563_p2    |     *    |      1|  0|   5|          16|          14|
    |mul_ln1118_59_fu_590_p2    |     *    |      1|  0|   5|          16|          14|
    |mul_ln1118_60_fu_560_p2    |     *    |      1|  0|   5|          16|          12|
    |mul_ln1118_61_fu_556_p2    |     *    |      1|  0|   5|          16|          14|
    |mul_ln1118_62_fu_475_p2    |     *    |      1|  0|   5|          16|          13|
    |mul_ln1118_63_fu_502_p2    |     *    |      1|  0|   5|          16|          14|
    |mul_ln1118_64_fu_525_p2    |     *    |      1|  0|   5|          16|          12|
    |mul_ln1118_65_fu_567_p2    |     *    |      1|  0|   5|          16|          14|
    |mul_ln1118_66_fu_486_p2    |     *    |      1|  0|   5|          16|          13|
    |mul_ln1118_67_fu_490_p2    |     *    |      1|  0|   5|          16|          14|
    |mul_ln1118_68_fu_534_p2    |     *    |      1|  0|   5|          16|          14|
    |mul_ln1118_69_fu_576_p2    |     *    |      1|  0|   5|          16|          14|
    |mul_ln1118_70_fu_522_p2    |     *    |      1|  0|   5|          16|          12|
    |mul_ln1118_71_fu_478_p2    |     *    |      1|  0|   5|          16|          12|
    |mul_ln1118_72_fu_531_p2    |     *    |      1|  0|   5|          16|          14|
    |mul_ln1118_73_fu_521_p2    |     *    |      1|  0|   5|          16|          11|
    |mul_ln1118_74_fu_540_p2    |     *    |      1|  0|   5|          16|          14|
    |mul_ln1118_75_fu_541_p2    |     *    |      1|  0|   5|          16|          13|
    |mul_ln1118_76_fu_509_p2    |     *    |      1|  0|   5|          16|          14|
    |mul_ln1118_77_fu_610_p2    |     *    |      1|  0|   5|          16|          14|
    |mul_ln1118_78_fu_503_p2    |     *    |      1|  0|   5|          16|          14|
    |mul_ln1118_79_fu_595_p2    |     *    |      1|  0|   5|          16|          14|
    |mul_ln1118_80_fu_497_p2    |     *    |      1|  0|   5|          16|          13|
    |mul_ln1118_81_fu_598_p2    |     *    |      1|  0|   5|          16|          13|
    |mul_ln1118_82_fu_494_p2    |     *    |      1|  0|   5|          16|          12|
    |mul_ln1118_83_fu_491_p2    |     *    |      1|  0|   5|          16|          14|
    |mul_ln1118_84_fu_545_p2    |     *    |      1|  0|   5|          16|           8|
    |mul_ln1118_85_fu_609_p2    |     *    |      1|  0|   5|          16|          11|
    |mul_ln1118_86_fu_506_p2    |     *    |      1|  0|   5|          16|          13|
    |mul_ln1118_87_fu_476_p2    |     *    |      1|  0|   5|          16|          13|
    |mul_ln1118_88_fu_543_p2    |     *    |      1|  0|   5|          16|          11|
    |mul_ln1118_89_fu_472_p2    |     *    |      1|  0|   5|          16|          14|
    |mul_ln1118_90_fu_473_p2    |     *    |      1|  0|   5|          16|          14|
    |mul_ln1118_91_fu_572_p2    |     *    |      1|  0|   5|          16|          13|
    |mul_ln1118_92_fu_573_p2    |     *    |      1|  0|   5|          16|          11|
    |mul_ln1118_93_fu_605_p2    |     *    |      1|  0|   5|          16|          13|
    |mul_ln1118_94_fu_602_p2    |     *    |      1|  0|   5|          16|          12|
    |mul_ln1118_95_fu_593_p2    |     *    |      1|  0|   5|          16|          14|
    |mul_ln1118_96_fu_583_p2    |     *    |      1|  0|   5|          16|          12|
    |mul_ln1118_97_fu_596_p2    |     *    |      1|  0|   5|          16|          13|
    |mul_ln1118_98_fu_568_p2    |     *    |      1|  0|   5|          16|          14|
    |mul_ln1118_99_fu_611_p2    |     *    |      1|  0|   5|          16|          13|
    |mul_ln1118_fu_608_p2       |     *    |      1|  0|   5|          16|          14|
    |mul_ln728_100_fu_488_p2    |     *    |      1|  0|   5|          16|          15|
    |mul_ln728_101_fu_479_p2    |     *    |      1|  0|   5|          16|          13|
    |mul_ln728_102_fu_574_p2    |     *    |      1|  0|   5|          16|          12|
    |mul_ln728_103_fu_528_p2    |     *    |      1|  0|   5|          16|          13|
    |mul_ln728_104_fu_571_p2    |     *    |      1|  0|   5|          16|          13|
    |mul_ln728_105_fu_604_p2    |     *    |      1|  0|   5|          16|          12|
    |mul_ln728_106_fu_469_p2    |     *    |      1|  0|   5|          16|          12|
    |mul_ln728_107_fu_482_p2    |     *    |      1|  0|   5|          16|          13|
    |mul_ln728_108_fu_524_p2    |     *    |      1|  0|   5|          16|          10|
    |mul_ln728_109_fu_470_p2    |     *    |      1|  0|   5|          16|          13|
    |mul_ln728_110_fu_519_p2    |     *    |      1|  0|   5|          16|          13|
    |mul_ln728_111_fu_516_p2    |     *    |      1|  0|   5|          16|          13|
    |mul_ln728_112_fu_511_p2    |     *    |      1|  0|   5|          16|          13|
    |mul_ln728_113_fu_485_p2    |     *    |      1|  0|   5|          16|          13|
    |mul_ln728_114_fu_582_p2    |     *    |      1|  0|   5|          16|          10|
    |mul_ln728_115_fu_504_p2    |     *    |      1|  0|   5|          16|          13|
    |mul_ln728_116_fu_535_p2    |     *    |      1|  0|   5|          16|           8|
    |mul_ln728_117_fu_591_p2    |     *    |      1|  0|   5|          16|          10|
    |mul_ln728_118_fu_577_p2    |     *    |      1|  0|   5|          16|          13|
    |mul_ln728_119_fu_537_p2    |     *    |      1|  0|   5|          16|           9|
    |mul_ln728_120_fu_538_p2    |     *    |      1|  0|   5|          16|          10|
    |mul_ln728_121_fu_483_p2    |     *    |      1|  0|   5|          16|          11|
    |mul_ln728_122_fu_546_p2    |     *    |      1|  0|   5|          16|          12|
    |mul_ln728_123_fu_566_p2    |     *    |      1|  0|   5|          16|          13|
    |mul_ln728_124_fu_520_p2    |     *    |      1|  0|   5|          16|           8|
    |mul_ln728_57_fu_559_p2     |     *    |      1|  0|   5|          16|           7|
    |mul_ln728_58_fu_507_p2     |     *    |      1|  0|   5|          16|          13|
    |mul_ln728_59_fu_550_p2     |     *    |      1|  0|   5|          16|          13|
    |mul_ln728_60_fu_498_p2     |     *    |      1|  0|   5|          16|          13|
    |mul_ln728_61_fu_547_p2     |     *    |      1|  0|   5|          16|          13|
    |mul_ln728_62_fu_578_p2     |     *    |      1|  0|   5|          16|          11|
    |mul_ln728_63_fu_489_p2     |     *    |      1|  0|   5|          16|          13|
    |mul_ln728_64_fu_552_p2     |     *    |      1|  0|   5|          16|          12|
    |mul_ln728_65_fu_569_p2     |     *    |      1|  0|   5|          16|          12|
    |mul_ln728_66_fu_513_p2     |     *    |      1|  0|   5|          16|          11|
    |mul_ln728_67_fu_558_p2     |     *    |      1|  0|   5|          16|          11|
    |mul_ln728_68_fu_474_p2     |     *    |      1|  0|   5|          16|          13|
    |mul_ln728_69_fu_468_p2     |     *    |      1|  0|   5|          16|          13|
    |mul_ln728_70_fu_607_p2     |     *    |      1|  0|   5|          16|          15|
    |mul_ln728_71_fu_548_p2     |     *    |      1|  0|   5|          16|          14|
    |mul_ln728_72_fu_557_p2     |     *    |      1|  0|   5|          16|          10|
    |mul_ln728_73_fu_600_p2     |     *    |      1|  0|   5|          16|          13|
    |mul_ln728_74_fu_495_p2     |     *    |      1|  0|   5|          16|          13|
    |mul_ln728_75_fu_554_p2     |     *    |      1|  0|   5|          16|          13|
    |mul_ln728_76_fu_551_p2     |     *    |      1|  0|   5|          16|          13|
    |mul_ln728_77_fu_562_p2     |     *    |      1|  0|   5|          16|          13|
    |mul_ln728_78_fu_496_p2     |     *    |      1|  0|   5|          16|          15|
    |mul_ln728_79_fu_493_p2     |     *    |      1|  0|   5|          16|          15|
    |mul_ln728_80_fu_539_p2     |     *    |      1|  0|   5|          16|          12|
    |mul_ln728_81_fu_536_p2     |     *    |      1|  0|   5|          16|          12|
    |mul_ln728_82_fu_487_p2     |     *    |      1|  0|   5|          16|           7|
    |mul_ln728_83_fu_530_p2     |     *    |      1|  0|   5|          16|          12|
    |mul_ln728_84_fu_480_p2     |     *    |      1|  0|   5|          16|          13|
    |mul_ln728_85_fu_501_p2     |     *    |      1|  0|   5|          16|           8|
    |mul_ln728_86_fu_527_p2     |     *    |      1|  0|   5|          16|          13|
    |mul_ln728_87_fu_594_p2     |     *    |      1|  0|   5|          16|          11|
    |mul_ln728_88_fu_508_p2     |     *    |      1|  0|   5|          16|          10|
    |mul_ln728_89_fu_532_p2     |     *    |      1|  0|   5|          16|          12|
    |mul_ln728_90_fu_518_p2     |     *    |      1|  0|   5|          16|          13|
    |mul_ln728_91_fu_515_p2     |     *    |      1|  0|   5|          16|          13|
    |mul_ln728_92_fu_580_p2     |     *    |      1|  0|   5|          16|          13|
    |mul_ln728_93_fu_561_p2     |     *    |      1|  0|   5|          16|          12|
    |mul_ln728_94_fu_555_p2     |     *    |      1|  0|   5|          16|          11|
    |mul_ln728_95_fu_589_p2     |     *    |      1|  0|   5|          16|          13|
    |mul_ln728_96_fu_505_p2     |     *    |      1|  0|   5|          16|          12|
    |mul_ln728_97_fu_599_p2     |     *    |      1|  0|   5|          16|          10|
    |mul_ln728_98_fu_597_p2     |     *    |      1|  0|   5|          16|          11|
    |mul_ln728_99_fu_592_p2     |     *    |      1|  0|   5|          16|          15|
    |mul_ln728_fu_579_p2        |     *    |      1|  0|   5|          16|          15|
    |acc_10_V_fu_85138_p2       |     +    |      0|  0|  50|          52|          52|
    |acc_11_V_fu_85181_p2       |     +    |      0|  0|  50|          52|          52|
    |acc_1_V_fu_84748_p2        |     +    |      0|  0|  50|          52|          52|
    |acc_2_V_fu_84787_p2        |     +    |      0|  0|  50|          52|          52|
    |acc_3_V_fu_84830_p2        |     +    |      0|  0|  50|          52|          52|
    |acc_4_V_fu_84864_p2        |     +    |      0|  0|  50|          52|          52|
    |acc_5_V_fu_84913_p2        |     +    |      0|  0|  50|          52|          52|
    |acc_6_V_fu_84946_p2        |     +    |      0|  0|  50|          52|          52|
    |acc_7_V_fu_85003_p2        |     +    |      0|  0|  50|          52|          52|
    |acc_8_V_fu_85046_p2        |     +    |      0|  0|  50|          52|          52|
    |acc_9_V_fu_85095_p2        |     +    |      0|  0|  50|          52|          52|
    |add_ln1118_1_fu_82604_p2   |     +    |      0|  0|  31|          24|          24|
    |add_ln1118_2_fu_83078_p2   |     +    |      0|  0|  34|          27|          27|
    |add_ln1118_fu_84230_p2     |     +    |      0|  0|  37|          30|          30|
    |add_ln703_100_fu_83826_p2  |     +    |      0|  0|  50|          52|          52|
    |add_ln703_101_fu_84644_p2  |     +    |      0|  0|  50|          52|          52|
    |add_ln703_102_fu_83832_p2  |     +    |      0|  0|  59|          52|          52|
    |add_ln703_103_fu_84648_p2  |     +    |      0|  0|  50|          52|          52|
    |add_ln703_104_fu_84653_p2  |     +    |      0|  0|  50|          50|          50|
    |add_ln703_105_fu_84659_p2  |     +    |      0|  0|  55|          48|          45|
    |add_ln703_106_fu_84669_p2  |     +    |      0|  0|  50|          50|          50|
    |add_ln703_107_fu_84679_p2  |     +    |      0|  0|  50|          52|          52|
    |add_ln703_109_fu_83838_p2  |     +    |      0|  0|  58|          51|          51|
    |add_ln703_110_fu_84694_p2  |     +    |      0|  0|  59|          52|          52|
    |add_ln703_111_fu_83844_p2  |     +    |      0|  0|  58|          51|          51|
    |add_ln703_112_fu_84703_p2  |     +    |      0|  0|  59|          52|          52|
    |add_ln703_113_fu_84709_p2  |     +    |      0|  0|  50|          52|          52|
    |add_ln703_114_fu_83850_p2  |     +    |      0|  0|  59|          52|          52|
    |add_ln703_115_fu_84715_p2  |     +    |      0|  0|  50|          52|          52|
    |add_ln703_116_fu_84720_p2  |     +    |      0|  0|  50|          52|          52|
    |add_ln703_117_fu_84726_p2  |     +    |      0|  0|  55|          48|          44|
    |add_ln703_118_fu_84736_p2  |     +    |      0|  0|  50|          52|          52|
    |add_ln703_119_fu_84742_p2  |     +    |      0|  0|  50|          52|          52|
    |add_ln703_121_fu_83856_p2  |     +    |      0|  0|  50|          52|          52|
    |add_ln703_122_fu_83862_p2  |     +    |      0|  0|  50|          52|          52|
    |add_ln703_123_fu_83868_p2  |     +    |      0|  0|  50|          52|          52|
    |add_ln703_124_fu_83874_p2  |     +    |      0|  0|  50|          52|          52|
    |add_ln703_125_fu_84754_p2  |     +    |      0|  0|  50|          52|          52|
    |add_ln703_126_fu_83880_p2  |     +    |      0|  0|  59|          52|          52|
    |add_ln703_127_fu_84758_p2  |     +    |      0|  0|  50|          52|          52|
    |add_ln703_128_fu_84763_p2  |     +    |      0|  0|  50|          52|          52|
    |add_ln703_129_fu_84769_p2  |     +    |      0|  0|  59|          52|          43|
    |add_ln703_130_fu_84775_p2  |     +    |      0|  0|  50|          52|          52|
    |add_ln703_131_fu_84781_p2  |     +    |      0|  0|  50|          52|          52|
    |add_ln703_133_fu_83886_p2  |     +    |      0|  0|  56|          49|          49|
    |add_ln703_134_fu_84796_p2  |     +    |      0|  0|  59|          52|          52|
    |add_ln703_135_fu_83892_p2  |     +    |      0|  0|  50|          52|          52|
    |add_ln703_136_fu_83898_p2  |     +    |      0|  0|  50|          52|          52|
    |add_ln703_137_fu_84802_p2  |     +    |      0|  0|  50|          52|          52|
    |add_ln703_138_fu_83904_p2  |     +    |      0|  0|  59|          52|          52|
    |add_ln703_139_fu_84807_p2  |     +    |      0|  0|  50|          52|          52|
    |add_ln703_140_fu_83910_p2  |     +    |      0|  0|  58|          51|          51|
    |add_ln703_141_fu_83916_p2  |     +    |      0|  0|  56|          49|          45|
    |add_ln703_142_fu_84818_p2  |     +    |      0|  0|  59|          52|          52|
    |add_ln703_143_fu_84824_p2  |     +    |      0|  0|  50|          52|          52|
    |add_ln703_145_fu_83922_p2  |     +    |      0|  0|  50|          52|          52|
    |add_ln703_146_fu_83928_p2  |     +    |      0|  0|  50|          52|          52|
    |add_ln703_147_fu_83934_p2  |     +    |      0|  0|  50|          52|          52|
    |add_ln703_148_fu_83940_p2  |     +    |      0|  0|  50|          52|          52|
    |add_ln703_149_fu_84836_p2  |     +    |      0|  0|  50|          52|          52|
    |add_ln703_150_fu_83946_p2  |     +    |      0|  0|  59|          52|          52|
    |add_ln703_151_fu_84840_p2  |     +    |      0|  0|  50|          52|          52|
    |add_ln703_152_fu_83952_p2  |     +    |      0|  0|  57|          50|          50|
    |add_ln703_153_fu_84848_p2  |     +    |      0|  0|  58|          51|          51|
    |add_ln703_154_fu_84858_p2  |     +    |      0|  0|  50|          52|          52|
    |add_ln703_156_fu_83958_p2  |     +    |      0|  0|  58|          51|          51|
    |add_ln703_157_fu_84873_p2  |     +    |      0|  0|  59|          52|          52|
    |add_ln703_158_fu_83964_p2  |     +    |      0|  0|  50|          52|          52|
    |add_ln703_159_fu_83970_p2  |     +    |      0|  0|  50|          52|          52|
    |add_ln703_160_fu_84879_p2  |     +    |      0|  0|  50|          52|          52|
    |add_ln703_161_fu_83976_p2  |     +    |      0|  0|  59|          52|          52|
    |add_ln703_162_fu_84884_p2  |     +    |      0|  0|  50|          52|          52|
    |add_ln703_163_fu_84889_p2  |     +    |      0|  0|  50|          52|          52|
    |add_ln703_164_fu_84895_p2  |     +    |      0|  0|  59|          52|          44|
    |add_ln703_165_fu_84901_p2  |     +    |      0|  0|  50|          52|          52|
    |add_ln703_166_fu_84907_p2  |     +    |      0|  0|  50|          52|          52|
    |add_ln703_168_fu_83982_p2  |     +    |      0|  0|  50|          52|          52|
    |add_ln703_169_fu_83988_p2  |     +    |      0|  0|  50|          52|          52|
    |add_ln703_170_fu_83994_p2  |     +    |      0|  0|  50|          52|          52|
    |add_ln703_171_fu_84000_p2  |     +    |      0|  0|  50|          52|          52|
    |add_ln703_172_fu_84919_p2  |     +    |      0|  0|  50|          52|          52|
    |add_ln703_173_fu_84006_p2  |     +    |      0|  0|  59|          52|          52|
    |add_ln703_174_fu_84923_p2  |     +    |      0|  0|  50|          52|          52|
    |add_ln703_175_fu_84012_p2  |     +    |      0|  0|  58|          51|          51|
    |add_ln703_176_fu_84018_p2  |     +    |      0|  0|  58|          51|          45|
    |add_ln703_177_fu_84934_p2  |     +    |      0|  0|  59|          52|          52|
    |add_ln703_178_fu_84940_p2  |     +    |      0|  0|  50|          52|          52|
    |add_ln703_180_fu_84024_p2  |     +    |      0|  0|  57|          50|          50|
    |add_ln703_181_fu_84955_p2  |     +    |      0|  0|  58|          51|          51|
    |add_ln703_182_fu_84030_p2  |     +    |      0|  0|  50|          52|          52|
    |add_ln703_183_fu_84036_p2  |     +    |      0|  0|  50|          52|          52|
    |add_ln703_184_fu_84965_p2  |     +    |      0|  0|  50|          52|          52|
    |add_ln703_185_fu_84042_p2  |     +    |      0|  0|  59|          52|          52|
    |add_ln703_186_fu_84970_p2  |     +    |      0|  0|  50|          52|          52|
    |add_ln703_187_fu_84975_p2  |     +    |      0|  0|  50|          52|          52|
    |add_ln703_188_fu_84981_p2  |     +    |      0|  0|  58|          51|          44|
    |add_ln703_189_fu_84991_p2  |     +    |      0|  0|  50|          52|          52|
    |add_ln703_190_fu_84997_p2  |     +    |      0|  0|  50|          52|          52|
    |add_ln703_192_fu_84048_p2  |     +    |      0|  0|  50|          52|          52|
    |add_ln703_193_fu_84054_p2  |     +    |      0|  0|  50|          52|          52|
    |add_ln703_194_fu_84060_p2  |     +    |      0|  0|  50|          52|          52|
    |add_ln703_195_fu_84066_p2  |     +    |      0|  0|  50|          52|          52|
    |add_ln703_196_fu_85009_p2  |     +    |      0|  0|  50|          52|          52|
    |add_ln703_197_fu_84072_p2  |     +    |      0|  0|  59|          52|          52|
    |add_ln703_198_fu_85013_p2  |     +    |      0|  0|  50|          52|          52|
    |add_ln703_199_fu_85018_p2  |     +    |      0|  0|  50|          52|          52|
    |add_ln703_200_fu_85024_p2  |     +    |      0|  0|  58|          51|          44|
    |add_ln703_201_fu_85034_p2  |     +    |      0|  0|  50|          52|          52|
    |add_ln703_202_fu_85040_p2  |     +    |      0|  0|  50|          52|          52|
    |add_ln703_204_fu_84078_p2  |     +    |      0|  0|  58|          51|          51|
    |add_ln703_205_fu_85055_p2  |     +    |      0|  0|  59|          52|          52|
    |add_ln703_206_fu_84084_p2  |     +    |      0|  0|  50|          52|          52|
    |add_ln703_207_fu_84090_p2  |     +    |      0|  0|  50|          52|          52|
    |add_ln703_208_fu_85061_p2  |     +    |      0|  0|  50|          52|          52|
    |add_ln703_209_fu_84096_p2  |     +    |      0|  0|  59|          52|          52|
    |add_ln703_210_fu_85066_p2  |     +    |      0|  0|  50|          52|          52|
    |add_ln703_211_fu_85071_p2  |     +    |      0|  0|  50|          52|          52|
    |add_ln703_212_fu_85077_p2  |     +    |      0|  0|  59|          52|          46|
    |add_ln703_213_fu_85083_p2  |     +    |      0|  0|  50|          52|          52|
    |add_ln703_214_fu_85089_p2  |     +    |      0|  0|  50|          52|          52|
    |add_ln703_216_fu_84102_p2  |     +    |      0|  0|  50|          52|          52|
    |add_ln703_217_fu_84108_p2  |     +    |      0|  0|  50|          52|          52|
    |add_ln703_218_fu_84114_p2  |     +    |      0|  0|  50|          52|          52|
    |add_ln703_219_fu_84120_p2  |     +    |      0|  0|  50|          52|          52|
    |add_ln703_220_fu_85101_p2  |     +    |      0|  0|  50|          52|          52|
    |add_ln703_221_fu_84126_p2  |     +    |      0|  0|  58|          51|          51|
    |add_ln703_222_fu_85108_p2  |     +    |      0|  0|  50|          52|          52|
    |add_ln703_223_fu_85114_p2  |     +    |      0|  0|  50|          52|          52|
    |add_ln703_224_fu_85120_p2  |     +    |      0|  0|  59|          52|          46|
    |add_ln703_225_fu_85126_p2  |     +    |      0|  0|  50|          52|          52|
    |add_ln703_226_fu_85132_p2  |     +    |      0|  0|  50|          52|          52|
    |add_ln703_228_fu_84132_p2  |     +    |      0|  0|  50|          52|          52|
    |add_ln703_229_fu_84138_p2  |     +    |      0|  0|  50|          52|          52|
    |add_ln703_230_fu_84144_p2  |     +    |      0|  0|  58|          51|          51|
    |add_ln703_231_fu_85147_p2  |     +    |      0|  0|  59|          52|          52|
    |add_ln703_232_fu_85153_p2  |     +    |      0|  0|  50|          52|          52|
    |add_ln703_233_fu_84150_p2  |     +    |      0|  0|  59|          52|          52|
    |add_ln703_234_fu_85158_p2  |     +    |      0|  0|  50|          52|          52|
    |add_ln703_235_fu_84156_p2  |     +    |      0|  0|  58|          51|          51|
    |add_ln703_236_fu_84162_p2  |     +    |      0|  0|  54|          47|          46|
    |add_ln703_237_fu_85169_p2  |     +    |      0|  0|  59|          52|          52|
    |add_ln703_238_fu_85175_p2  |     +    |      0|  0|  50|          52|          52|
    |add_ln703_98_fu_83814_p2   |     +    |      0|  0|  50|          52|          52|
    |add_ln703_99_fu_83820_p2   |     +    |      0|  0|  50|          52|          52|
    |add_ln703_fu_83808_p2      |     +    |      0|  0|  50|          52|          52|
    |p_Val2_s_fu_84685_p2       |     +    |      0|  0|  50|          52|          52|
    |sub_ln1118_3_fu_83681_p2   |     -    |      0|  0|  33|          26|          26|
    |sub_ln1118_fu_83659_p2     |     -    |      0|  0|  32|           1|          25|
    +---------------------------+----------+-------+---+----+------------+------------+
    |Total                      |          |    140|  0|8385|        9743|        9221|
    +---------------------------+----------+-------+---+----+------------+------------+

    * Multiplexer: 
    +--------------+----+-----------+-----+-----------+
    |     Name     | LUT| Input Size| Bits| Total Bits|
    +--------------+----+-----------+-----+-----------+
    |ap_return_0   |   9|          2|   24|         48|
    |ap_return_1   |   9|          2|   24|         48|
    |ap_return_10  |   9|          2|   24|         48|
    |ap_return_11  |   9|          2|   24|         48|
    |ap_return_2   |   9|          2|   24|         48|
    |ap_return_3   |   9|          2|   24|         48|
    |ap_return_4   |   9|          2|   24|         48|
    |ap_return_5   |   9|          2|   24|         48|
    |ap_return_6   |   9|          2|   24|         48|
    |ap_return_7   |   9|          2|   24|         48|
    |ap_return_8   |   9|          2|   24|         48|
    |ap_return_9   |   9|          2|   24|         48|
    +--------------+----+-----------+-----+-----------+
    |Total         | 108|         24|  288|        576|
    +--------------+----+-----------+-----+-----------+

    * Register: 
    +----------------------------+----+----+-----+-----------+
    |            Name            | FF | LUT| Bits| Const Bits|
    +----------------------------+----+----+-----+-----------+
    |add_ln703_100_reg_85390     |  29|   0|   52|         23|
    |add_ln703_102_reg_85395     |  26|   0|   52|         26|
    |add_ln703_109_reg_85400     |  28|   0|   51|         23|
    |add_ln703_111_reg_85405     |  27|   0|   51|         24|
    |add_ln703_114_reg_85410     |  30|   0|   52|         22|
    |add_ln703_122_reg_85415     |  30|   0|   52|         22|
    |add_ln703_124_reg_85420     |  30|   0|   52|         22|
    |add_ln703_126_reg_85425     |  30|   0|   52|         22|
    |add_ln703_133_reg_85430     |  25|   0|   49|         24|
    |add_ln703_136_reg_85435     |  28|   0|   52|         24|
    |add_ln703_138_reg_85440     |  27|   0|   52|         25|
    |add_ln703_140_reg_85445     |  29|   0|   51|         22|
    |add_ln703_141_reg_85450     |  27|   0|   49|         22|
    |add_ln703_146_reg_85455     |  28|   0|   52|         24|
    |add_ln703_148_reg_85460     |  30|   0|   52|         22|
    |add_ln703_150_reg_85465     |  30|   0|   52|         22|
    |add_ln703_152_reg_85470     |  26|   0|   50|         24|
    |add_ln703_156_reg_85475     |  27|   0|   51|         24|
    |add_ln703_159_reg_85480     |  30|   0|   52|         22|
    |add_ln703_161_reg_85485     |  28|   0|   52|         24|
    |add_ln703_169_reg_85490     |  26|   0|   52|         26|
    |add_ln703_171_reg_85495     |  30|   0|   52|         22|
    |add_ln703_173_reg_85500     |  29|   0|   52|         23|
    |add_ln703_175_reg_85505     |  29|   0|   51|         22|
    |add_ln703_176_reg_85510     |  28|   0|   51|         23|
    |add_ln703_180_reg_85515     |  27|   0|   50|         23|
    |add_ln703_183_reg_85520     |  28|   0|   52|         24|
    |add_ln703_185_reg_85525     |  30|   0|   52|         22|
    |add_ln703_193_reg_85530     |  29|   0|   52|         23|
    |add_ln703_195_reg_85535     |  28|   0|   52|         24|
    |add_ln703_197_reg_85540     |  29|   0|   52|         23|
    |add_ln703_204_reg_85545     |  28|   0|   51|         23|
    |add_ln703_207_reg_85550     |  30|   0|   52|         22|
    |add_ln703_209_reg_85555     |  28|   0|   52|         24|
    |add_ln703_217_reg_85560     |  28|   0|   52|         24|
    |add_ln703_219_reg_85565     |  30|   0|   52|         22|
    |add_ln703_221_reg_85570     |  29|   0|   51|         22|
    |add_ln703_229_reg_85575     |  29|   0|   52|         23|
    |add_ln703_230_reg_85580     |  27|   0|   51|         24|
    |add_ln703_233_reg_85585     |  30|   0|   52|         22|
    |add_ln703_235_reg_85590     |  27|   0|   51|         24|
    |add_ln703_236_reg_85595     |  23|   0|   47|         24|
    |add_ln703_98_reg_85385      |  29|   0|   52|         23|
    |ap_ce_reg                   |   1|   0|    1|          0|
    |ap_return_0_int_reg         |  24|   0|   24|          0|
    |ap_return_10_int_reg        |  24|   0|   24|          0|
    |ap_return_11_int_reg        |  24|   0|   24|          0|
    |ap_return_1_int_reg         |  24|   0|   24|          0|
    |ap_return_2_int_reg         |  24|   0|   24|          0|
    |ap_return_3_int_reg         |  24|   0|   24|          0|
    |ap_return_4_int_reg         |  24|   0|   24|          0|
    |ap_return_5_int_reg         |  24|   0|   24|          0|
    |ap_return_6_int_reg         |  24|   0|   24|          0|
    |ap_return_7_int_reg         |  24|   0|   24|          0|
    |ap_return_8_int_reg         |  24|   0|   24|          0|
    |ap_return_9_int_reg         |  24|   0|   24|          0|
    |data_0_V_read_15_reg_85379  |  16|   0|   16|          0|
    |mul_ln1118_100_reg_82216    |  30|   0|   30|          0|
    |mul_ln1118_101_reg_82220    |  29|   0|   30|          1|
    |mul_ln1118_102_reg_82224    |  27|   0|   27|          0|
    |mul_ln1118_103_reg_82239    |  26|   0|   30|          4|
    |mul_ln1118_105_reg_82249    |  29|   0|   30|          1|
    |mul_ln1118_106_reg_82260    |  29|   0|   29|          0|
    |mul_ln1118_107_reg_82264    |  29|   0|   30|          1|
    |mul_ln1118_108_reg_82268    |  28|   0|   30|          2|
    |mul_ln1118_39_reg_81822     |  29|   0|   30|          1|
    |mul_ln1118_41_reg_81829     |  24|   0|   28|          4|
    |mul_ln1118_43_reg_81836     |  27|   0|   28|          1|
    |mul_ln1118_73_reg_82025     |  26|   0|   27|          1|
    |mul_ln1118_74_reg_82041     |  27|   0|   30|          3|
    |mul_ln1118_75_reg_82045     |  29|   0|   29|          0|
    |mul_ln1118_76_reg_82053     |  29|   0|   30|          1|
    |mul_ln1118_77_reg_82069     |  26|   0|   30|          4|
    |mul_ln1118_91_reg_82160     |  28|   0|   29|          1|
    |mul_ln1118_92_reg_82164     |  25|   0|   27|          2|
    |mul_ln1118_93_reg_82171     |  27|   0|   29|          2|
    |mul_ln1118_94_reg_82175     |  26|   0|   28|          2|
    |mul_ln1118_95_reg_82179     |  23|   0|   30|          7|
    |mul_ln1118_96_reg_82190     |  27|   0|   28|          1|
    |mul_ln1118_97_reg_82198     |  29|   0|   29|          0|
    |mul_ln1118_98_reg_82205     |  30|   0|   30|          0|
    |mul_ln1118_99_reg_82212     |  27|   0|   29|          2|
    |mul_ln1118_reg_81815        |  27|   0|   30|          3|
    |mul_ln728_108_reg_82145     |  23|   0|   26|          3|
    |mul_ln728_109_reg_82149     |  27|   0|   29|          2|
    |mul_ln728_110_reg_82153     |  29|   0|   29|          0|
    |mul_ln728_113_reg_82183     |  28|   0|   29|          1|
    |mul_ln728_115_reg_82194     |  27|   0|   29|          2|
    |mul_ln728_119_reg_82231     |  25|   0|   25|          0|
    |mul_ln728_120_reg_82235     |  24|   0|   26|          2|
    |mul_ln728_123_reg_82256     |  27|   0|   29|          2|
    |mul_ln728_70_reg_81921      |  29|   0|   30|          1|
    |mul_ln728_76_reg_81952      |  25|   0|   29|          4|
    |mul_ln728_90_reg_82029      |  27|   0|   29|          2|
    |mul_ln728_91_reg_82033      |  27|   0|   29|          2|
    |mul_ln728_92_reg_82037      |  29|   0|   29|          0|
    |mul_ln728_93_reg_82049      |  27|   0|   28|          1|
    |mul_ln728_94_reg_82057      |  25|   0|   27|          2|
    |mul_ln728_95_reg_82061      |  23|   0|   29|          6|
    |mul_ln728_96_reg_82065      |  27|   0|   28|          1|
    +----------------------------+----+----+-----+-----------+
    |Total                       |2683|   0| 3753|       1070|
    +----------------------------+----+----+-----+-----------+



================================================================
== Interface
================================================================
* Summary: 
+----------------+-----+-----+------------+-------------------------------------------+--------------+
|    RTL Ports   | Dir | Bits|  Protocol  |               Source Object               |    C Type    |
+----------------+-----+-----+------------+-------------------------------------------+--------------+
|ap_clk          |  in |    1| ap_ctrl_hs | dense_latency.0.0.0.0.0.0.0.0.0.0.0.0.0.2 | return value |
|ap_rst          |  in |    1| ap_ctrl_hs | dense_latency.0.0.0.0.0.0.0.0.0.0.0.0.0.2 | return value |
|ap_return_0     | out |   24| ap_ctrl_hs | dense_latency.0.0.0.0.0.0.0.0.0.0.0.0.0.2 | return value |
|ap_return_1     | out |   24| ap_ctrl_hs | dense_latency.0.0.0.0.0.0.0.0.0.0.0.0.0.2 | return value |
|ap_return_2     | out |   24| ap_ctrl_hs | dense_latency.0.0.0.0.0.0.0.0.0.0.0.0.0.2 | return value |
|ap_return_3     | out |   24| ap_ctrl_hs | dense_latency.0.0.0.0.0.0.0.0.0.0.0.0.0.2 | return value |
|ap_return_4     | out |   24| ap_ctrl_hs | dense_latency.0.0.0.0.0.0.0.0.0.0.0.0.0.2 | return value |
|ap_return_5     | out |   24| ap_ctrl_hs | dense_latency.0.0.0.0.0.0.0.0.0.0.0.0.0.2 | return value |
|ap_return_6     | out |   24| ap_ctrl_hs | dense_latency.0.0.0.0.0.0.0.0.0.0.0.0.0.2 | return value |
|ap_return_7     | out |   24| ap_ctrl_hs | dense_latency.0.0.0.0.0.0.0.0.0.0.0.0.0.2 | return value |
|ap_return_8     | out |   24| ap_ctrl_hs | dense_latency.0.0.0.0.0.0.0.0.0.0.0.0.0.2 | return value |
|ap_return_9     | out |   24| ap_ctrl_hs | dense_latency.0.0.0.0.0.0.0.0.0.0.0.0.0.2 | return value |
|ap_return_10    | out |   24| ap_ctrl_hs | dense_latency.0.0.0.0.0.0.0.0.0.0.0.0.0.2 | return value |
|ap_return_11    | out |   24| ap_ctrl_hs | dense_latency.0.0.0.0.0.0.0.0.0.0.0.0.0.2 | return value |
|ap_ce           |  in |    1| ap_ctrl_hs | dense_latency.0.0.0.0.0.0.0.0.0.0.0.0.0.2 | return value |
|data_0_V_read   |  in |   16|   ap_none  |               data_0_V_read               |    scalar    |
|data_1_V_read   |  in |   16|   ap_none  |               data_1_V_read               |    scalar    |
|data_2_V_read   |  in |   16|   ap_none  |               data_2_V_read               |    scalar    |
|data_3_V_read   |  in |   16|   ap_none  |               data_3_V_read               |    scalar    |
|data_4_V_read   |  in |   16|   ap_none  |               data_4_V_read               |    scalar    |
|data_5_V_read   |  in |   16|   ap_none  |               data_5_V_read               |    scalar    |
|data_6_V_read   |  in |   16|   ap_none  |               data_6_V_read               |    scalar    |
|data_7_V_read   |  in |   16|   ap_none  |               data_7_V_read               |    scalar    |
|data_8_V_read   |  in |   16|   ap_none  |               data_8_V_read               |    scalar    |
|data_9_V_read   |  in |   16|   ap_none  |               data_9_V_read               |    scalar    |
|data_10_V_read  |  in |   16|   ap_none  |               data_10_V_read              |    scalar    |
|data_11_V_read  |  in |   16|   ap_none  |               data_11_V_read              |    scalar    |
+----------------+-----+-----+------------+-------------------------------------------+--------------+

