

================================================================
== Vivado HLS Report for 'dense_latency_ap_fixed_ap_fixed_config2_0_0_0_0_0'
================================================================
* Date:           Tue Oct 25 22:21:44 2022

* Version:        2019.1 (Build 2552052 on Fri May 24 15:28:33 MDT 2019)
* Project:        myproject_prj
* Solution:       solution1
* Product family: zynquplus
* Target device:  xczu3eg-sbva484-1-e


================================================================
== Performance Estimates
================================================================
+ Timing (ns): 
    * Summary: 
    +--------+-------+----------+------------+
    |  Clock | Target| Estimated| Uncertainty|
    +--------+-------+----------+------------+
    |ap_clk  |   5.00|     3.880|        0.62|
    +--------+-------+----------+------------+

+ Latency (clock cycles): 
    * Summary: 
    +-----+-----+-----+-----+----------+
    |  Latency  |  Interval | Pipeline |
    | min | max | min | max |   Type   |
    +-----+-----+-----+-----+----------+
    |    1|    1|    1|    1| function |
    +-----+-----+-----+-----+----------+

    + Detail: 
        * Instance: 
        N/A

        * Loop: 
        N/A



================================================================
== Utilization Estimates
================================================================
* Summary: 
+-----------------+---------+-------+--------+-------+-----+
|       Name      | BRAM_18K| DSP48E|   FF   |  LUT  | URAM|
+-----------------+---------+-------+--------+-------+-----+
|DSP              |        -|      -|       -|      -|    -|
|Expression       |        -|      8|       0|    316|    -|
|FIFO             |        -|      -|       -|      -|    -|
|Instance         |        -|      -|       -|      -|    -|
|Memory           |        -|      -|       -|      -|    -|
|Multiplexer      |        -|      -|       -|     36|    -|
|Register         |        -|      -|     264|      -|    -|
+-----------------+---------+-------+--------+-------+-----+
|Total            |        0|      8|     264|    352|    0|
+-----------------+---------+-------+--------+-------+-----+
|Available        |      432|    360|  141120|  70560|    0|
+-----------------+---------+-------+--------+-------+-----+
|Utilization (%)  |        0|      2|   ~0   |   ~0  |    0|
+-----------------+---------+-------+--------+-------+-----+

+ Detail: 
    * Instance: 
    N/A

    * DSP48E: 
    N/A

    * Memory: 
    N/A

    * FIFO: 
    N/A

    * Expression: 
    +----------------------+----------+-------+---+----+------------+------------+
    |     Variable Name    | Operation| DSP48E| FF| LUT| Bitwidth P0| Bitwidth P1|
    +----------------------+----------+-------+---+----+------------+------------+
    |mul_ln728_1_fu_67_p2  |     *    |      2|  0|  20|          32|          14|
    |mul_ln728_2_fu_64_p2  |     *    |      2|  0|  20|          32|          14|
    |mul_ln728_3_fu_66_p2  |     *    |      2|  0|  20|          32|          15|
    |mul_ln728_fu_65_p2    |     *    |      2|  0|  20|          32|          14|
    |acc_1_V_fu_211_p2     |     +    |      0|  0|  59|          52|          46|
    |acc_2_V_fu_217_p2     |     +    |      0|  0|  59|          52|          45|
    |acc_3_V_fu_223_p2     |     +    |      0|  0|  59|          52|          45|
    |p_Val2_s_fu_205_p2    |     +    |      0|  0|  59|          52|          46|
    +----------------------+----------+-------+---+----+------------+------------+
    |Total                 |          |      8|  0| 316|         336|         239|
    +----------------------+----------+-------+---+----+------------+------------+

    * Multiplexer: 
    +-------------+----+-----------+-----+-----------+
    |     Name    | LUT| Input Size| Bits| Total Bits|
    +-------------+----+-----------+-----+-----------+
    |ap_return_0  |   9|          2|   23|         46|
    |ap_return_1  |   9|          2|   23|         46|
    |ap_return_2  |   9|          2|   23|         46|
    |ap_return_3  |   9|          2|   23|         46|
    +-------------+----+-----------+-----+-----------+
    |Total        |  36|          8|   92|        184|
    +-------------+----+-----------+-----+-----------+

    * Register: 
    +---------------------+----+----+-----+-----------+
    |         Name        | FF | LUT| Bits| Const Bits|
    +---------------------+----+----+-----+-----------+
    |ap_ce_reg            |   1|   0|    1|          0|
    |ap_return_0_int_reg  |  23|   0|   23|          0|
    |ap_return_1_int_reg  |  23|   0|   23|          0|
    |ap_return_2_int_reg  |  23|   0|   23|          0|
    |ap_return_3_int_reg  |  23|   0|   23|          0|
    |mul_ln728_1_reg_152  |  41|   0|   44|          3|
    |mul_ln728_2_reg_156  |  43|   0|   44|          1|
    |mul_ln728_3_reg_160  |  44|   0|   44|          0|
    |mul_ln728_reg_148    |  43|   0|   44|          1|
    +---------------------+----+----+-----+-----------+
    |Total                | 264|   0|  269|          5|
    +---------------------+----+----+-----+-----------+



================================================================
== Interface
================================================================
* Summary: 
+-------------+-----+-----+------------+----------------------------------------------------+--------------+
|  RTL Ports  | Dir | Bits|  Protocol  |                    Source Object                   |    C Type    |
+-------------+-----+-----+------------+----------------------------------------------------+--------------+
|ap_clk       |  in |    1| ap_ctrl_hs | dense_latency<ap_fixed,ap_fixed,config2>.0.0.0.0.0 | return value |
|ap_rst       |  in |    1| ap_ctrl_hs | dense_latency<ap_fixed,ap_fixed,config2>.0.0.0.0.0 | return value |
|ap_return_0  | out |   23| ap_ctrl_hs | dense_latency<ap_fixed,ap_fixed,config2>.0.0.0.0.0 | return value |
|ap_return_1  | out |   23| ap_ctrl_hs | dense_latency<ap_fixed,ap_fixed,config2>.0.0.0.0.0 | return value |
|ap_return_2  | out |   23| ap_ctrl_hs | dense_latency<ap_fixed,ap_fixed,config2>.0.0.0.0.0 | return value |
|ap_return_3  | out |   23| ap_ctrl_hs | dense_latency<ap_fixed,ap_fixed,config2>.0.0.0.0.0 | return value |
|ap_ce        |  in |    1| ap_ctrl_hs | dense_latency<ap_fixed,ap_fixed,config2>.0.0.0.0.0 | return value |
|data_V_read  |  in |   32|   ap_none  |                     data_V_read                    |    scalar    |
+-------------+-----+-----+------------+----------------------------------------------------+--------------+

