

================================================================
== Vivado HLS Report for 'dense_latency_0_0_0_0_0_0_0_0_0_0_0_0_0_0_0_0_0_0_0_0_0'
================================================================
* Date:           Tue Oct 25 22:21:50 2022

* Version:        2019.1 (Build 2552052 on Fri May 24 15:28:33 MDT 2019)
* Project:        myproject_prj
* Solution:       solution1
* Product family: zynquplus
* Target device:  xczu3eg-sbva484-1-e


================================================================
== Performance Estimates
================================================================
+ Timing (ns): 
    * Summary: 
    +--------+-------+----------+------------+
    |  Clock | Target| Estimated| Uncertainty|
    +--------+-------+----------+------------+
    |ap_clk  |   5.00|     4.354|        0.62|
    +--------+-------+----------+------------+

+ Latency (clock cycles): 
    * Summary: 
    +-----+-----+-----+-----+----------+
    |  Latency  |  Interval | Pipeline |
    | min | max | min | max |   Type   |
    +-----+-----+-----+-----+----------+
    |    2|    2|    1|    1| function |
    +-----+-----+-----+-----+----------+

    + Detail: 
        * Instance: 
        N/A

        * Loop: 
        N/A



================================================================
== Utilization Estimates
================================================================
* Summary: 
+-----------------+---------+-------+--------+-------+-----+
|       Name      | BRAM_18K| DSP48E|   FF   |  LUT  | URAM|
+-----------------+---------+-------+--------+-------+-----+
|DSP              |        -|      -|       -|      -|    -|
|Expression       |        -|    448|       0|  21018|    -|
|FIFO             |        -|      -|       -|      -|    -|
|Instance         |        -|      -|       -|      -|    -|
|Memory           |        -|      -|       -|      -|    -|
|Multiplexer      |        -|      -|       -|    180|    -|
|Register         |        -|      -|   10083|      -|    -|
+-----------------+---------+-------+--------+-------+-----+
|Total            |        0|    448|   10083|  21198|    0|
+-----------------+---------+-------+--------+-------+-----+
|Available        |      432|    360|  141120|  70560|    0|
+-----------------+---------+-------+--------+-------+-----+
|Utilization (%)  |        0|    124|       7|     30|    0|
+-----------------+---------+-------+--------+-------+-----+

+ Detail: 
    * Instance: 
    N/A

    * DSP48E: 
    N/A

    * Memory: 
    N/A

    * FIFO: 
    N/A

    * Expression: 
    +----------------------------+----------+-------+---+-----+------------+------------+
    |        Variable Name       | Operation| DSP48E| FF| LUT | Bitwidth P0| Bitwidth P1|
    +----------------------------+----------+-------+---+-----+------------+------------+
    |mul_ln1118_10_fu_779_p2     |     *    |      2|  0|   40|          28|          10|
    |mul_ln1118_11_fu_821_p2     |     *    |      2|  0|   40|          28|          11|
    |mul_ln1118_12_fu_673_p2     |     *    |      2|  0|   40|          28|          11|
    |mul_ln1118_13_fu_674_p2     |     *    |      2|  0|   40|          28|          12|
    |mul_ln1118_14_fu_861_p2     |     *    |      2|  0|   40|          28|          11|
    |mul_ln1118_15_fu_801_p2     |     *    |      2|  0|   40|          28|          12|
    |mul_ln1118_16_fu_800_p2     |     *    |      2|  0|   40|          28|          12|
    |mul_ln1118_17_fu_683_p2     |     *    |      2|  0|   40|          28|          12|
    |mul_ln1118_18_fu_740_p2     |     *    |      2|  0|   40|          28|          12|
    |mul_ln1118_19_fu_639_p2     |     *    |      2|  0|   40|          28|          12|
    |mul_ln1118_1_fu_760_p2      |     *    |      2|  0|   40|          28|          12|
    |mul_ln1118_20_fu_667_p2     |     *    |      2|  0|   40|          28|          12|
    |mul_ln1118_21_fu_784_p2     |     *    |      2|  0|   40|          28|          10|
    |mul_ln1118_2_fu_681_p2      |     *    |      2|  0|   40|          28|          12|
    |mul_ln1118_3_fu_664_p2      |     *    |      2|  0|   40|          28|          12|
    |mul_ln1118_4_fu_655_p2      |     *    |      2|  0|   40|          28|          12|
    |mul_ln1118_5_fu_832_p2      |     *    |      2|  0|   40|          28|          12|
    |mul_ln1118_6_fu_768_p2      |     *    |      2|  0|   40|          28|          10|
    |mul_ln1118_7_fu_863_p2      |     *    |      2|  0|   40|          28|          10|
    |mul_ln1118_8_fu_785_p2      |     *    |      2|  0|   40|          28|          10|
    |mul_ln1118_9_fu_644_p2      |     *    |      2|  0|   40|          28|          12|
    |mul_ln1118_fu_820_p2        |     *    |      2|  0|   40|          28|          11|
    |mul_ln728_100_fu_679_p2     |     *    |      2|  0|   40|          28|          13|
    |mul_ln728_101_fu_691_p2     |     *    |      2|  0|   40|          28|           8|
    |mul_ln728_102_fu_745_p2     |     *    |      2|  0|   40|          28|          14|
    |mul_ln728_103_fu_758_p2     |     *    |      2|  0|   40|          28|          14|
    |mul_ln728_104_fu_858_p2     |     *    |      2|  0|   40|          28|          14|
    |mul_ln728_105_fu_733_p2     |     *    |      2|  0|   40|          28|          13|
    |mul_ln728_106_fu_721_p2     |     *    |      2|  0|   40|          28|          12|
    |mul_ln728_107_fu_822_p2     |     *    |      2|  0|   40|          28|          13|
    |mul_ln728_108_fu_712_p2     |     *    |      2|  0|   40|          28|          13|
    |mul_ln728_109_fu_813_p2     |     *    |      2|  0|   40|          28|          13|
    |mul_ln728_10_fu_845_p2      |     *    |      2|  0|   40|          28|           9|
    |mul_ln728_110_fu_859_p2     |     *    |      2|  0|   40|          28|          14|
    |mul_ln728_111_fu_650_p2     |     *    |      2|  0|   40|          28|          10|
    |mul_ln728_112_fu_702_p2     |     *    |      2|  0|   40|          28|          14|
    |mul_ln728_113_fu_783_p2     |     *    |      2|  0|   40|          28|          12|
    |mul_ln728_114_fu_871_p2     |     *    |      2|  0|   40|          28|          14|
    |mul_ln728_115_fu_865_p2     |     *    |      2|  0|   40|          28|          14|
    |mul_ln728_116_fu_810_p2     |     *    |      2|  0|   40|          28|          15|
    |mul_ln728_117_fu_640_p2     |     *    |      2|  0|   40|          28|          12|
    |mul_ln728_118_fu_771_p2     |     *    |      2|  0|   40|          28|          12|
    |mul_ln728_119_fu_728_p2     |     *    |      2|  0|   40|          28|          14|
    |mul_ln728_11_fu_833_p2      |     *    |      2|  0|   40|          28|          13|
    |mul_ln728_120_fu_716_p2     |     *    |      2|  0|   40|          28|          13|
    |mul_ln728_121_fu_719_p2     |     *    |      2|  0|   40|          28|          13|
    |mul_ln728_122_fu_722_p2     |     *    |      2|  0|   40|          28|          13|
    |mul_ln728_123_fu_808_p2     |     *    |      2|  0|   40|          28|          14|
    |mul_ln728_124_fu_830_p2     |     *    |      2|  0|   40|          28|          13|
    |mul_ln728_125_fu_672_p2     |     *    |      2|  0|   40|          28|          14|
    |mul_ln728_126_fu_824_p2     |     *    |      2|  0|   40|          28|          13|
    |mul_ln728_127_fu_754_p2     |     *    |      2|  0|   40|          28|          13|
    |mul_ln728_128_fu_755_p2     |     *    |      2|  0|   40|          28|          13|
    |mul_ln728_129_fu_684_p2     |     *    |      2|  0|   40|          28|          13|
    |mul_ln728_12_fu_739_p2      |     *    |      2|  0|   40|          28|          14|
    |mul_ln728_130_fu_669_p2     |     *    |      2|  0|   40|          28|          11|
    |mul_ln728_131_fu_750_p2     |     *    |      2|  0|   40|          28|          13|
    |mul_ln728_132_fu_763_p2     |     *    |      2|  0|   40|          28|          13|
    |mul_ln728_133_fu_781_p2     |     *    |      2|  0|   40|          28|          13|
    |mul_ln728_134_fu_851_p2     |     *    |      2|  0|   40|          28|          13|
    |mul_ln728_135_fu_714_p2     |     *    |      2|  0|   40|          28|          13|
    |mul_ln728_136_fu_717_p2     |     *    |      2|  0|   40|          28|          11|
    |mul_ln728_137_fu_803_p2     |     *    |      2|  0|   40|          28|          13|
    |mul_ln728_138_fu_697_p2     |     *    |      2|  0|   40|          28|          13|
    |mul_ln728_139_fu_857_p2     |     *    |      2|  0|   40|          28|          13|
    |mul_ln728_13_fu_676_p2      |     *    |      2|  0|   40|          28|          13|
    |mul_ln728_140_fu_700_p2     |     *    |      2|  0|   40|          28|          13|
    |mul_ln728_141_fu_701_p2     |     *    |      2|  0|   40|          28|          13|
    |mul_ln728_142_fu_770_p2     |     *    |      2|  0|   40|          28|          13|
    |mul_ln728_143_fu_711_p2     |     *    |      2|  0|   40|          28|          14|
    |mul_ln728_144_fu_854_p2     |     *    |      2|  0|   40|          28|          13|
    |mul_ln728_145_fu_855_p2     |     *    |      2|  0|   40|          28|          11|
    |mul_ln728_146_fu_730_p2     |     *    |      2|  0|   40|          28|          13|
    |mul_ln728_147_fu_846_p2     |     *    |      2|  0|   40|          28|          13|
    |mul_ln728_148_fu_819_p2     |     *    |      2|  0|   40|          28|          15|
    |mul_ln728_149_fu_807_p2     |     *    |      2|  0|   40|          28|          13|
    |mul_ln728_14_fu_844_p2      |     *    |      2|  0|   40|          28|          11|
    |mul_ln728_150_fu_727_p2     |     *    |      2|  0|   40|          28|          13|
    |mul_ln728_151_fu_798_p2     |     *    |      2|  0|   40|          28|          12|
    |mul_ln728_152_fu_756_p2     |     *    |      2|  0|   40|          28|          13|
    |mul_ln728_153_fu_757_p2     |     *    |      2|  0|   40|          28|          13|
    |mul_ln728_154_fu_842_p2     |     *    |      2|  0|   40|          28|          13|
    |mul_ln728_155_fu_839_p2     |     *    |      2|  0|   40|          28|          13|
    |mul_ln728_156_fu_682_p2     |     *    |      2|  0|   40|          28|          12|
    |mul_ln728_157_fu_753_p2     |     *    |      2|  0|   40|          28|          14|
    |mul_ln728_158_fu_853_p2     |     *    |      2|  0|   40|          28|          12|
    |mul_ln728_159_fu_826_p2     |     *    |      2|  0|   40|          28|          13|
    |mul_ln728_15_fu_829_p2      |     *    |      2|  0|   40|          28|          13|
    |mul_ln728_160_fu_649_p2     |     *    |      2|  0|   40|          28|          13|
    |mul_ln728_161_fu_704_p2     |     *    |      2|  0|   40|          28|          12|
    |mul_ln728_162_fu_677_p2     |     *    |      2|  0|   40|          28|          13|
    |mul_ln728_163_fu_793_p2     |     *    |      2|  0|   40|          28|          13|
    |mul_ln728_164_fu_799_p2     |     *    |      2|  0|   40|          28|          13|
    |mul_ln728_165_fu_720_p2     |     *    |      2|  0|   40|          28|          13|
    |mul_ln728_166_fu_706_p2     |     *    |      2|  0|   40|          28|           9|
    |mul_ln728_167_fu_787_p2     |     *    |      2|  0|   40|          28|          14|
    |mul_ln728_168_fu_788_p2     |     *    |      2|  0|   40|          28|          13|
    |mul_ln728_169_fu_638_p2     |     *    |      2|  0|   40|          28|          13|
    |mul_ln728_16_fu_850_p2      |     *    |      2|  0|   40|          28|          14|
    |mul_ln728_170_fu_748_p2     |     *    |      2|  0|   40|          28|          13|
    |mul_ln728_171_fu_848_p2     |     *    |      2|  0|   40|          28|          14|
    |mul_ln728_172_fu_836_p2     |     *    |      2|  0|   40|          28|          14|
    |mul_ln728_173_fu_696_p2     |     *    |      2|  0|   40|          28|          13|
    |mul_ln728_174_fu_797_p2     |     *    |      2|  0|   40|          28|          13|
    |mul_ln728_175_fu_660_p2     |     *    |      2|  0|   40|          28|          12|
    |mul_ln728_176_fu_736_p2     |     *    |      2|  0|   40|          28|          13|
    |mul_ln728_177_fu_777_p2     |     *    |      2|  0|   40|          28|          14|
    |mul_ln728_178_fu_661_p2     |     *    |      2|  0|   40|          28|          14|
    |mul_ln728_179_fu_678_p2     |     *    |      2|  0|   40|          28|          14|
    |mul_ln728_17_fu_769_p2      |     *    |      2|  0|   40|          28|          10|
    |mul_ln728_180_fu_663_p2     |     *    |      2|  0|   40|          28|          14|
    |mul_ln728_181_fu_744_p2     |     *    |      2|  0|   40|          28|          14|
    |mul_ln728_182_fu_840_p2     |     *    |      2|  0|   40|          28|          14|
    |mul_ln728_183_fu_843_p2     |     *    |      2|  0|   40|          28|          14|
    |mul_ln728_184_fu_651_p2     |     *    |      2|  0|   40|          28|          14|
    |mul_ln728_185_fu_694_p2     |     *    |      2|  0|   40|          28|          13|
    |mul_ln728_186_fu_806_p2     |     *    |      2|  0|   40|          28|           8|
    |mul_ln728_187_fu_715_p2     |     *    |      2|  0|   40|          28|          12|
    |mul_ln728_188_fu_780_p2     |     *    |      2|  0|   40|          28|          14|
    |mul_ln728_189_fu_709_p2     |     *    |      2|  0|   40|          28|          10|
    |mul_ln728_18_fu_690_p2      |     *    |      2|  0|   40|          28|          13|
    |mul_ln728_190_fu_782_p2     |     *    |      2|  0|   40|          28|          14|
    |mul_ln728_191_fu_870_p2     |     *    |      2|  0|   40|          28|          13|
    |mul_ln728_192_fu_705_p2     |     *    |      2|  0|   40|          28|          12|
    |mul_ln728_193_fu_794_p2     |     *    |      2|  0|   40|          28|          12|
    |mul_ln728_194_fu_738_p2     |     *    |      2|  0|   40|          28|          15|
    |mul_ln728_195_fu_838_p2     |     *    |      2|  0|   40|          28|          12|
    |mul_ln728_196_fu_841_p2     |     *    |      2|  0|   40|          28|          11|
    |mul_ln728_197_fu_814_p2     |     *    |      2|  0|   40|          28|          13|
    |mul_ln728_198_fu_689_p2     |     *    |      2|  0|   40|          28|          14|
    |mul_ln728_199_fu_737_p2     |     *    |      2|  0|   40|          28|          10|
    |mul_ln728_19_fu_791_p2      |     *    |      2|  0|   40|          28|          13|
    |mul_ln728_1_fu_866_p2       |     *    |      2|  0|   40|          28|          13|
    |mul_ln728_200_fu_662_p2     |     *    |      2|  0|   40|          28|          13|
    |mul_ln728_201_fu_680_p2     |     *    |      2|  0|   40|          28|          12|
    |mul_ln728_20_fu_809_p2      |     *    |      2|  0|   40|          28|           7|
    |mul_ln728_21_fu_752_p2      |     *    |      2|  0|   40|          28|          13|
    |mul_ln728_22_fu_852_p2      |     *    |      2|  0|   40|          28|          13|
    |mul_ln728_23_fu_743_p2      |     *    |      2|  0|   40|          28|          12|
    |mul_ln728_24_fu_761_p2      |     *    |      2|  0|   40|          28|          12|
    |mul_ln728_25_fu_646_p2      |     *    |      2|  0|   40|          28|          15|
    |mul_ln728_26_fu_790_p2      |     *    |      2|  0|   40|          28|          14|
    |mul_ln728_27_fu_648_p2      |     *    |      2|  0|   40|          28|          10|
    |mul_ln728_28_fu_792_p2      |     *    |      2|  0|   40|          28|          14|
    |mul_ln728_29_fu_872_p2      |     *    |      2|  0|   40|          28|          13|
    |mul_ln728_2_fu_867_p2       |     *    |      2|  0|   40|          28|          14|
    |mul_ln728_30_fu_802_p2      |     *    |      2|  0|   40|          28|          12|
    |mul_ln728_31_fu_874_p2      |     *    |      2|  0|   40|          28|          12|
    |mul_ln728_32_fu_795_p2      |     *    |      2|  0|   40|          28|          12|
    |mul_ln728_33_fu_685_p2      |     *    |      2|  0|   40|          28|          10|
    |mul_ln728_34_fu_658_p2      |     *    |      2|  0|   40|          28|          15|
    |mul_ln728_35_fu_774_p2      |     *    |      2|  0|   40|          28|          13|
    |mul_ln728_36_fu_762_p2      |     *    |      2|  0|   40|          28|          12|
    |mul_ln728_37_fu_734_p2      |     *    |      2|  0|   40|          28|           8|
    |mul_ln728_38_fu_835_p2      |     *    |      2|  0|   40|          28|          14|
    |mul_ln728_39_fu_823_p2      |     *    |      2|  0|   40|          28|          14|
    |mul_ln728_3_fu_868_p2       |     *    |      2|  0|   40|          28|          12|
    |mul_ln728_40_fu_665_p2      |     *    |      2|  0|   40|          28|          13|
    |mul_ln728_41_fu_746_p2      |     *    |      2|  0|   40|          28|          13|
    |mul_ln728_42_fu_747_p2      |     *    |      2|  0|   40|          28|          12|
    |mul_ln728_43_fu_827_p2      |     *    |      2|  0|   40|          28|          13|
    |mul_ln728_44_fu_765_p2      |     *    |      2|  0|   40|          28|          12|
    |mul_ln728_45_fu_837_p2      |     *    |      2|  0|   40|          28|          12|
    |mul_ln728_46_fu_751_p2      |     *    |      2|  0|   40|          28|          12|
    |mul_ln728_47_fu_725_p2      |     *    |      2|  0|   40|          28|          13|
    |mul_ln728_48_fu_653_p2      |     *    |      2|  0|   40|          28|          10|
    |mul_ln728_49_fu_641_p2      |     *    |      2|  0|   40|          28|          14|
    |mul_ln728_4_fu_710_p2       |     *    |      2|  0|   40|          28|          13|
    |mul_ln728_50_fu_869_p2      |     *    |      2|  0|   40|          28|          13|
    |mul_ln728_51_fu_647_p2      |     *    |      2|  0|   40|          28|          13|
    |mul_ln728_52_fu_732_p2      |     *    |      2|  0|   40|          28|          14|
    |mul_ln728_53_fu_864_p2      |     *    |      2|  0|   40|          28|          13|
    |mul_ln728_54_fu_698_p2      |     *    |      2|  0|   40|          28|          14|
    |mul_ln728_55_fu_699_p2      |     *    |      2|  0|   40|          28|           9|
    |mul_ln728_56_fu_708_p2      |     *    |      2|  0|   40|          28|          14|
    |mul_ln728_57_fu_860_p2      |     *    |      2|  0|   40|          28|          10|
    |mul_ln728_58_fu_687_p2      |     *    |      2|  0|   40|          28|          12|
    |mul_ln728_59_fu_862_p2      |     *    |      2|  0|   40|          28|          10|
    |mul_ln728_5_fu_643_p2       |     *    |      2|  0|   40|          28|          11|
    |mul_ln728_60_fu_816_p2      |     *    |      2|  0|   40|          28|          13|
    |mul_ln728_61_fu_713_p2      |     *    |      2|  0|   40|          28|          11|
    |mul_ln728_62_fu_675_p2      |     *    |      2|  0|   40|          28|          14|
    |mul_ln728_63_fu_776_p2      |     *    |      2|  0|   40|          28|          13|
    |mul_ln728_64_fu_749_p2      |     *    |      2|  0|   40|          28|          13|
    |mul_ln728_65_fu_849_p2      |     *    |      2|  0|   40|          28|          14|
    |mul_ln728_66_fu_657_p2      |     *    |      2|  0|   40|          28|          14|
    |mul_ln728_67_fu_825_p2      |     *    |      2|  0|   40|          28|          14|
    |mul_ln728_68_fu_828_p2      |     *    |      2|  0|   40|          28|          12|
    |mul_ln728_69_fu_741_p2      |     *    |      2|  0|   40|          28|          14|
    |mul_ln728_6_fu_796_p2       |     *    |      2|  0|   40|          28|          14|
    |mul_ln728_70_fu_670_p2      |     *    |      2|  0|   40|          28|          14|
    |mul_ln728_71_fu_759_p2      |     *    |      2|  0|   40|          28|          12|
    |mul_ln728_72_fu_831_p2      |     *    |      2|  0|   40|          28|          14|
    |mul_ln728_73_fu_652_p2      |     *    |      2|  0|   40|          28|          12|
    |mul_ln728_74_fu_666_p2      |     *    |      2|  0|   40|          28|          11|
    |mul_ln728_75_fu_834_p2      |     *    |      2|  0|   40|          28|          14|
    |mul_ln728_76_fu_668_p2      |     *    |      2|  0|   40|          28|          14|
    |mul_ln728_77_fu_686_p2      |     *    |      2|  0|   40|          28|          13|
    |mul_ln728_78_fu_856_p2      |     *    |      2|  0|   40|          28|          13|
    |mul_ln728_79_fu_731_p2      |     *    |      2|  0|   40|          28|          13|
    |mul_ln728_7_fu_656_p2       |     *    |      2|  0|   40|          28|          14|
    |mul_ln728_80_fu_695_p2      |     *    |      2|  0|   40|          28|          12|
    |mul_ln728_81_fu_703_p2      |     *    |      2|  0|   40|          28|          13|
    |mul_ln728_82_fu_642_p2      |     *    |      2|  0|   40|          28|          13|
    |mul_ln728_83_fu_786_p2      |     *    |      2|  0|   40|          28|          13|
    |mul_ln728_84_fu_707_p2      |     *    |      2|  0|   40|          28|          14|
    |mul_ln728_85_fu_645_p2      |     *    |      2|  0|   40|          28|          14|
    |mul_ln728_86_fu_789_p2      |     *    |      2|  0|   40|          28|          13|
    |mul_ln728_87_fu_718_p2      |     *    |      2|  0|   40|          28|          12|
    |mul_ln728_88_fu_778_p2      |     *    |      2|  0|   40|          28|          12|
    |mul_ln728_89_fu_766_p2      |     *    |      2|  0|   40|          28|          12|
    |mul_ln728_8_fu_772_p2       |     *    |      2|  0|   40|          28|          11|
    |mul_ln728_90_fu_671_p2      |     *    |      2|  0|   40|          28|          14|
    |mul_ln728_91_fu_726_p2      |     *    |      2|  0|   40|          28|          13|
    |mul_ln728_92_fu_729_p2      |     *    |      2|  0|   40|          28|          13|
    |mul_ln728_93_fu_815_p2      |     *    |      2|  0|   40|          28|          11|
    |mul_ln728_94_fu_818_p2      |     *    |      2|  0|   40|          28|          12|
    |mul_ln728_95_fu_817_p2      |     *    |      2|  0|   40|          28|          13|
    |mul_ln728_96_fu_659_p2      |     *    |      2|  0|   40|          28|          13|
    |mul_ln728_97_fu_764_p2      |     *    |      2|  0|   40|          28|          11|
    |mul_ln728_98_fu_693_p2      |     *    |      2|  0|   40|          28|          13|
    |mul_ln728_99_fu_742_p2      |     *    |      2|  0|   40|          28|          14|
    |mul_ln728_9_fu_692_p2       |     *    |      2|  0|   40|          28|          13|
    |mul_ln728_fu_873_p2         |     *    |      2|  0|   40|          28|          13|
    |acc_10_V_fu_217417_p2       |     +    |      0|  0|   50|          50|          50|
    |acc_11_V_fu_217477_p2       |     +    |      0|  0|   50|          50|          50|
    |acc_12_V_fu_217547_p2       |     +    |      0|  0|   50|          50|          50|
    |acc_13_V_fu_217613_p2       |     +    |      0|  0|   50|          50|          50|
    |acc_14_V_fu_217679_p2       |     +    |      0|  0|   50|          50|          50|
    |acc_15_V_fu_217739_p2       |     +    |      0|  0|   50|          50|          50|
    |acc_16_V_fu_217799_p2       |     +    |      0|  0|   50|          50|          50|
    |acc_17_V_fu_217862_p2       |     +    |      0|  0|   50|          50|          50|
    |acc_18_V_fu_217928_p2       |     +    |      0|  0|   50|          50|          50|
    |acc_19_V_fu_217994_p2       |     +    |      0|  0|   50|          50|          50|
    |acc_1_V_fu_216763_p2        |     +    |      0|  0|   50|          50|          50|
    |acc_2_V_fu_216835_p2        |     +    |      0|  0|   50|          50|          50|
    |acc_3_V_fu_216911_p2        |     +    |      0|  0|   50|          50|          50|
    |acc_4_V_fu_216983_p2        |     +    |      0|  0|   50|          50|          50|
    |acc_5_V_fu_217055_p2        |     +    |      0|  0|   50|          50|          50|
    |acc_6_V_fu_217131_p2        |     +    |      0|  0|   50|          50|          50|
    |acc_7_V_fu_217203_p2        |     +    |      0|  0|   50|          50|          50|
    |acc_8_V_fu_217275_p2        |     +    |      0|  0|   50|          50|          50|
    |acc_9_V_fu_217351_p2        |     +    |      0|  0|   50|          50|          50|
    |add_ln703_100_fu_217233_p2  |     +    |      0|  0|   50|          50|          50|
    |add_ln703_101_fu_217239_p2  |     +    |      0|  0|   57|          50|          50|
    |add_ln703_102_fu_217245_p2  |     +    |      0|  0|   50|          50|          50|
    |add_ln703_103_fu_217251_p2  |     +    |      0|  0|   50|          50|          50|
    |add_ln703_104_fu_217257_p2  |     +    |      0|  0|   57|          50|          43|
    |add_ln703_105_fu_217263_p2  |     +    |      0|  0|   50|          50|          50|
    |add_ln703_106_fu_217269_p2  |     +    |      0|  0|   50|          50|          50|
    |add_ln703_108_fu_217281_p2  |     +    |      0|  0|   50|          50|          50|
    |add_ln703_109_fu_217287_p2  |     +    |      0|  0|   50|          50|          50|
    |add_ln703_10_fu_216685_p2   |     +    |      0|  0|   50|          50|          50|
    |add_ln703_110_fu_217293_p2  |     +    |      0|  0|   50|          50|          50|
    |add_ln703_111_fu_217299_p2  |     +    |      0|  0|   50|          50|          50|
    |add_ln703_112_fu_217305_p2  |     +    |      0|  0|   50|          50|          50|
    |add_ln703_113_fu_217311_p2  |     +    |      0|  0|   57|          50|          50|
    |add_ln703_114_fu_217317_p2  |     +    |      0|  0|   50|          50|          50|
    |add_ln703_115_fu_217323_p2  |     +    |      0|  0|   50|          50|          50|
    |add_ln703_116_fu_217329_p2  |     +    |      0|  0|   55|          48|          41|
    |add_ln703_117_fu_217339_p2  |     +    |      0|  0|   50|          50|          50|
    |add_ln703_118_fu_217345_p2  |     +    |      0|  0|   50|          50|          50|
    |add_ln703_120_fu_217357_p2  |     +    |      0|  0|   50|          50|          50|
    |add_ln703_121_fu_217363_p2  |     +    |      0|  0|   50|          50|          50|
    |add_ln703_122_fu_217369_p2  |     +    |      0|  0|   50|          50|          50|
    |add_ln703_123_fu_217375_p2  |     +    |      0|  0|   50|          50|          50|
    |add_ln703_124_fu_217381_p2  |     +    |      0|  0|   50|          50|          50|
    |add_ln703_125_fu_217387_p2  |     +    |      0|  0|   57|          50|          50|
    |add_ln703_126_fu_217393_p2  |     +    |      0|  0|   50|          50|          50|
    |add_ln703_127_fu_217399_p2  |     +    |      0|  0|   50|          50|          50|
    |add_ln703_128_fu_217405_p2  |     +    |      0|  0|   50|          50|          50|
    |add_ln703_129_fu_217411_p2  |     +    |      0|  0|   50|          50|          50|
    |add_ln703_12_fu_216697_p2   |     +    |      0|  0|   50|          50|          50|
    |add_ln703_131_fu_217423_p2  |     +    |      0|  0|   57|          50|          50|
    |add_ln703_132_fu_217429_p2  |     +    |      0|  0|   50|          50|          50|
    |add_ln703_133_fu_217435_p2  |     +    |      0|  0|   50|          50|          50|
    |add_ln703_134_fu_217441_p2  |     +    |      0|  0|   50|          50|          50|
    |add_ln703_135_fu_217447_p2  |     +    |      0|  0|   57|          50|          50|
    |add_ln703_136_fu_217453_p2  |     +    |      0|  0|   50|          50|          50|
    |add_ln703_137_fu_217459_p2  |     +    |      0|  0|   50|          50|          50|
    |add_ln703_138_fu_217465_p2  |     +    |      0|  0|   50|          50|          50|
    |add_ln703_139_fu_217471_p2  |     +    |      0|  0|   50|          50|          50|
    |add_ln703_13_fu_216703_p2   |     +    |      0|  0|   50|          50|          50|
    |add_ln703_141_fu_217483_p2  |     +    |      0|  0|   50|          50|          50|
    |add_ln703_142_fu_217489_p2  |     +    |      0|  0|   50|          50|          50|
    |add_ln703_143_fu_217495_p2  |     +    |      0|  0|   55|          48|          48|
    |add_ln703_144_fu_217505_p2  |     +    |      0|  0|   57|          50|          50|
    |add_ln703_145_fu_217511_p2  |     +    |      0|  0|   50|          50|          50|
    |add_ln703_146_fu_217517_p2  |     +    |      0|  0|   57|          50|          50|
    |add_ln703_147_fu_217523_p2  |     +    |      0|  0|   50|          50|          50|
    |add_ln703_148_fu_217529_p2  |     +    |      0|  0|   50|          50|          50|
    |add_ln703_149_fu_217535_p2  |     +    |      0|  0|   50|          50|          50|
    |add_ln703_14_fu_216709_p2   |     +    |      0|  0|   50|          50|          50|
    |add_ln703_150_fu_217541_p2  |     +    |      0|  0|   50|          50|          50|
    |add_ln703_152_fu_217553_p2  |     +    |      0|  0|   50|          50|          50|
    |add_ln703_153_fu_217559_p2  |     +    |      0|  0|   50|          50|          50|
    |add_ln703_154_fu_217565_p2  |     +    |      0|  0|   50|          50|          50|
    |add_ln703_155_fu_217571_p2  |     +    |      0|  0|   50|          50|          50|
    |add_ln703_156_fu_217577_p2  |     +    |      0|  0|   50|          50|          50|
    |add_ln703_157_fu_217583_p2  |     +    |      0|  0|   57|          50|          50|
    |add_ln703_158_fu_217589_p2  |     +    |      0|  0|   50|          50|          50|
    |add_ln703_159_fu_217595_p2  |     +    |      0|  0|   50|          50|          50|
    |add_ln703_15_fu_216715_p2   |     +    |      0|  0|   50|          50|          50|
    |add_ln703_160_fu_217601_p2  |     +    |      0|  0|   50|          50|          50|
    |add_ln703_161_fu_217607_p2  |     +    |      0|  0|   50|          50|          50|
    |add_ln703_163_fu_217619_p2  |     +    |      0|  0|   50|          50|          50|
    |add_ln703_164_fu_217625_p2  |     +    |      0|  0|   50|          50|          50|
    |add_ln703_165_fu_217631_p2  |     +    |      0|  0|   50|          50|          50|
    |add_ln703_166_fu_217637_p2  |     +    |      0|  0|   50|          50|          50|
    |add_ln703_167_fu_217643_p2  |     +    |      0|  0|   50|          50|          50|
    |add_ln703_168_fu_217649_p2  |     +    |      0|  0|   57|          50|          50|
    |add_ln703_169_fu_217655_p2  |     +    |      0|  0|   50|          50|          50|
    |add_ln703_16_fu_216721_p2   |     +    |      0|  0|   50|          50|          50|
    |add_ln703_170_fu_217661_p2  |     +    |      0|  0|   50|          50|          50|
    |add_ln703_171_fu_217667_p2  |     +    |      0|  0|   50|          50|          50|
    |add_ln703_172_fu_217673_p2  |     +    |      0|  0|   50|          50|          50|
    |add_ln703_174_fu_217685_p2  |     +    |      0|  0|   57|          50|          50|
    |add_ln703_175_fu_217691_p2  |     +    |      0|  0|   50|          50|          50|
    |add_ln703_176_fu_217697_p2  |     +    |      0|  0|   50|          50|          50|
    |add_ln703_177_fu_217703_p2  |     +    |      0|  0|   50|          50|          50|
    |add_ln703_178_fu_217709_p2  |     +    |      0|  0|   57|          50|          50|
    |add_ln703_179_fu_217715_p2  |     +    |      0|  0|   50|          50|          50|
    |add_ln703_17_fu_216727_p2   |     +    |      0|  0|   57|          50|          50|
    |add_ln703_180_fu_217721_p2  |     +    |      0|  0|   50|          50|          50|
    |add_ln703_181_fu_217727_p2  |     +    |      0|  0|   50|          50|          50|
    |add_ln703_182_fu_217733_p2  |     +    |      0|  0|   50|          50|          50|
    |add_ln703_184_fu_217745_p2  |     +    |      0|  0|   57|          50|          50|
    |add_ln703_185_fu_217751_p2  |     +    |      0|  0|   50|          50|          50|
    |add_ln703_186_fu_217757_p2  |     +    |      0|  0|   50|          50|          50|
    |add_ln703_187_fu_217763_p2  |     +    |      0|  0|   50|          50|          50|
    |add_ln703_188_fu_217769_p2  |     +    |      0|  0|   57|          50|          50|
    |add_ln703_189_fu_217775_p2  |     +    |      0|  0|   50|          50|          50|
    |add_ln703_18_fu_216733_p2   |     +    |      0|  0|   50|          50|          50|
    |add_ln703_190_fu_217781_p2  |     +    |      0|  0|   50|          50|          50|
    |add_ln703_191_fu_217787_p2  |     +    |      0|  0|   50|          50|          50|
    |add_ln703_192_fu_217793_p2  |     +    |      0|  0|   50|          50|          50|
    |add_ln703_194_fu_217805_p2  |     +    |      0|  0|   50|          50|          50|
    |add_ln703_195_fu_217811_p2  |     +    |      0|  0|   50|          50|          50|
    |add_ln703_196_fu_217817_p2  |     +    |      0|  0|   50|          50|          50|
    |add_ln703_197_fu_217823_p2  |     +    |      0|  0|   50|          50|          50|
    |add_ln703_198_fu_217829_p2  |     +    |      0|  0|   50|          50|          50|
    |add_ln703_199_fu_217835_p2  |     +    |      0|  0|   57|          50|          50|
    |add_ln703_19_fu_216739_p2   |     +    |      0|  0|   50|          50|          50|
    |add_ln703_1_fu_216631_p2    |     +    |      0|  0|   50|          50|          50|
    |add_ln703_200_fu_217841_p2  |     +    |      0|  0|   50|          50|          50|
    |add_ln703_201_fu_214522_p2  |     +    |      0|  0|   56|          49|          49|
    |add_ln703_202_fu_217850_p2  |     +    |      0|  0|   57|          50|          50|
    |add_ln703_203_fu_217856_p2  |     +    |      0|  0|   50|          50|          50|
    |add_ln703_205_fu_217868_p2  |     +    |      0|  0|   50|          50|          50|
    |add_ln703_206_fu_217874_p2  |     +    |      0|  0|   50|          50|          50|
    |add_ln703_207_fu_217880_p2  |     +    |      0|  0|   50|          50|          50|
    |add_ln703_208_fu_217886_p2  |     +    |      0|  0|   50|          50|          50|
    |add_ln703_209_fu_217892_p2  |     +    |      0|  0|   50|          50|          50|
    |add_ln703_20_fu_216745_p2   |     +    |      0|  0|   57|          50|          43|
    |add_ln703_210_fu_217898_p2  |     +    |      0|  0|   57|          50|          50|
    |add_ln703_211_fu_217904_p2  |     +    |      0|  0|   50|          50|          50|
    |add_ln703_212_fu_217910_p2  |     +    |      0|  0|   50|          50|          50|
    |add_ln703_213_fu_217916_p2  |     +    |      0|  0|   50|          50|          50|
    |add_ln703_214_fu_217922_p2  |     +    |      0|  0|   50|          50|          50|
    |add_ln703_216_fu_217934_p2  |     +    |      0|  0|   50|          50|          50|
    |add_ln703_217_fu_217940_p2  |     +    |      0|  0|   50|          50|          50|
    |add_ln703_218_fu_217946_p2  |     +    |      0|  0|   50|          50|          50|
    |add_ln703_219_fu_217952_p2  |     +    |      0|  0|   50|          50|          50|
    |add_ln703_21_fu_216751_p2   |     +    |      0|  0|   50|          50|          50|
    |add_ln703_220_fu_217958_p2  |     +    |      0|  0|   50|          50|          50|
    |add_ln703_221_fu_217964_p2  |     +    |      0|  0|   57|          50|          50|
    |add_ln703_222_fu_217970_p2  |     +    |      0|  0|   50|          50|          50|
    |add_ln703_223_fu_217976_p2  |     +    |      0|  0|   50|          50|          36|
    |add_ln703_224_fu_217982_p2  |     +    |      0|  0|   50|          50|          50|
    |add_ln703_225_fu_217988_p2  |     +    |      0|  0|   50|          50|          50|
    |add_ln703_22_fu_216757_p2   |     +    |      0|  0|   50|          50|          50|
    |add_ln703_24_fu_216769_p2   |     +    |      0|  0|   50|          50|          50|
    |add_ln703_25_fu_216775_p2   |     +    |      0|  0|   50|          50|          50|
    |add_ln703_26_fu_216781_p2   |     +    |      0|  0|   50|          50|          50|
    |add_ln703_27_fu_216787_p2   |     +    |      0|  0|   50|          50|          50|
    |add_ln703_28_fu_216793_p2   |     +    |      0|  0|   50|          50|          50|
    |add_ln703_29_fu_216799_p2   |     +    |      0|  0|   57|          50|          50|
    |add_ln703_2_fu_216637_p2    |     +    |      0|  0|   50|          50|          50|
    |add_ln703_30_fu_216805_p2   |     +    |      0|  0|   50|          50|          50|
    |add_ln703_31_fu_216811_p2   |     +    |      0|  0|   50|          50|          50|
    |add_ln703_32_fu_216817_p2   |     +    |      0|  0|   57|          50|          43|
    |add_ln703_33_fu_216823_p2   |     +    |      0|  0|   50|          50|          50|
    |add_ln703_34_fu_216829_p2   |     +    |      0|  0|   50|          50|          50|
    |add_ln703_36_fu_216841_p2   |     +    |      0|  0|   50|          50|          50|
    |add_ln703_37_fu_216847_p2   |     +    |      0|  0|   50|          50|          50|
    |add_ln703_38_fu_216853_p2   |     +    |      0|  0|   50|          50|          50|
    |add_ln703_39_fu_216859_p2   |     +    |      0|  0|   50|          50|          50|
    |add_ln703_3_fu_216643_p2    |     +    |      0|  0|   50|          50|          50|
    |add_ln703_40_fu_216865_p2   |     +    |      0|  0|   50|          50|          50|
    |add_ln703_41_fu_216871_p2   |     +    |      0|  0|   57|          50|          50|
    |add_ln703_42_fu_216877_p2   |     +    |      0|  0|   50|          50|          50|
    |add_ln703_43_fu_216883_p2   |     +    |      0|  0|   50|          50|          50|
    |add_ln703_44_fu_216889_p2   |     +    |      0|  0|   53|          46|          43|
    |add_ln703_45_fu_216899_p2   |     +    |      0|  0|   50|          50|          50|
    |add_ln703_46_fu_216905_p2   |     +    |      0|  0|   50|          50|          50|
    |add_ln703_48_fu_216917_p2   |     +    |      0|  0|   50|          50|          50|
    |add_ln703_49_fu_216923_p2   |     +    |      0|  0|   50|          50|          50|
    |add_ln703_4_fu_216649_p2    |     +    |      0|  0|   50|          50|          50|
    |add_ln703_50_fu_216929_p2   |     +    |      0|  0|   50|          50|          50|
    |add_ln703_51_fu_216935_p2   |     +    |      0|  0|   50|          50|          50|
    |add_ln703_52_fu_216941_p2   |     +    |      0|  0|   50|          50|          50|
    |add_ln703_53_fu_216947_p2   |     +    |      0|  0|   57|          50|          50|
    |add_ln703_54_fu_216953_p2   |     +    |      0|  0|   50|          50|          50|
    |add_ln703_55_fu_216959_p2   |     +    |      0|  0|   50|          50|          50|
    |add_ln703_56_fu_216965_p2   |     +    |      0|  0|   57|          50|          43|
    |add_ln703_57_fu_216971_p2   |     +    |      0|  0|   50|          50|          50|
    |add_ln703_58_fu_216977_p2   |     +    |      0|  0|   50|          50|          50|
    |add_ln703_5_fu_216655_p2    |     +    |      0|  0|   57|          50|          50|
    |add_ln703_60_fu_216989_p2   |     +    |      0|  0|   50|          50|          50|
    |add_ln703_61_fu_216995_p2   |     +    |      0|  0|   50|          50|          50|
    |add_ln703_62_fu_217001_p2   |     +    |      0|  0|   50|          50|          50|
    |add_ln703_63_fu_217007_p2   |     +    |      0|  0|   50|          50|          50|
    |add_ln703_64_fu_217013_p2   |     +    |      0|  0|   50|          50|          50|
    |add_ln703_65_fu_217019_p2   |     +    |      0|  0|   57|          50|          50|
    |add_ln703_66_fu_217025_p2   |     +    |      0|  0|   50|          50|          50|
    |add_ln703_67_fu_217031_p2   |     +    |      0|  0|   50|          50|          50|
    |add_ln703_68_fu_217037_p2   |     +    |      0|  0|   57|          50|          43|
    |add_ln703_69_fu_217043_p2   |     +    |      0|  0|   50|          50|          50|
    |add_ln703_6_fu_216661_p2    |     +    |      0|  0|   50|          50|          50|
    |add_ln703_70_fu_217049_p2   |     +    |      0|  0|   50|          50|          50|
    |add_ln703_72_fu_217061_p2   |     +    |      0|  0|   50|          50|          50|
    |add_ln703_73_fu_217067_p2   |     +    |      0|  0|   50|          50|          50|
    |add_ln703_74_fu_217073_p2   |     +    |      0|  0|   50|          50|          50|
    |add_ln703_75_fu_217079_p2   |     +    |      0|  0|   50|          50|          50|
    |add_ln703_76_fu_217085_p2   |     +    |      0|  0|   50|          50|          50|
    |add_ln703_77_fu_217091_p2   |     +    |      0|  0|   57|          50|          50|
    |add_ln703_78_fu_217097_p2   |     +    |      0|  0|   50|          50|          50|
    |add_ln703_79_fu_217103_p2   |     +    |      0|  0|   50|          50|          50|
    |add_ln703_7_fu_216667_p2    |     +    |      0|  0|   50|          50|          50|
    |add_ln703_80_fu_217109_p2   |     +    |      0|  0|   55|          48|          43|
    |add_ln703_81_fu_217119_p2   |     +    |      0|  0|   50|          50|          50|
    |add_ln703_82_fu_217125_p2   |     +    |      0|  0|   50|          50|          50|
    |add_ln703_84_fu_217137_p2   |     +    |      0|  0|   50|          50|          50|
    |add_ln703_85_fu_217143_p2   |     +    |      0|  0|   50|          50|          50|
    |add_ln703_86_fu_217149_p2   |     +    |      0|  0|   50|          50|          50|
    |add_ln703_87_fu_217155_p2   |     +    |      0|  0|   50|          50|          50|
    |add_ln703_88_fu_217161_p2   |     +    |      0|  0|   50|          50|          50|
    |add_ln703_89_fu_217167_p2   |     +    |      0|  0|   57|          50|          50|
    |add_ln703_8_fu_216673_p2    |     +    |      0|  0|   57|          50|          41|
    |add_ln703_90_fu_217173_p2   |     +    |      0|  0|   50|          50|          50|
    |add_ln703_91_fu_217179_p2   |     +    |      0|  0|   50|          50|          50|
    |add_ln703_92_fu_217185_p2   |     +    |      0|  0|   57|          50|          43|
    |add_ln703_93_fu_217191_p2   |     +    |      0|  0|   50|          50|          50|
    |add_ln703_94_fu_217197_p2   |     +    |      0|  0|   50|          50|          50|
    |add_ln703_96_fu_217209_p2   |     +    |      0|  0|   50|          50|          50|
    |add_ln703_97_fu_217215_p2   |     +    |      0|  0|   50|          50|          50|
    |add_ln703_98_fu_217221_p2   |     +    |      0|  0|   50|          50|          50|
    |add_ln703_99_fu_217227_p2   |     +    |      0|  0|   50|          50|          50|
    |add_ln703_9_fu_216679_p2    |     +    |      0|  0|   50|          50|          50|
    |add_ln703_fu_216625_p2      |     +    |      0|  0|   50|          50|          50|
    |p_Val2_s_fu_216691_p2       |     +    |      0|  0|   50|          50|          50|
    |sub_ln1118_1_fu_215321_p2   |     -    |      0|  0|   46|           1|          39|
    |sub_ln1118_2_fu_215342_p2   |     -    |      0|  0|   47|          40|          40|
    |sub_ln1118_3_fu_216335_p2   |     -    |      0|  0|   50|           1|          40|
    |sub_ln1118_4_fu_214439_p2   |     -    |      0|  0|   37|           1|          30|
    |sub_ln1118_5_fu_214504_p2   |     -    |      0|  0|   47|          40|          40|
    |sub_ln1118_fu_216452_p2     |     -    |      0|  0|   36|           1|          29|
    |sub_ln728_1_fu_214759_p2    |     -    |      0|  0|   50|           1|          40|
    |sub_ln728_2_fu_214776_p2    |     -    |      0|  0|   50|          40|          40|
    |sub_ln728_3_fu_216352_p2    |     -    |      0|  0|   50|          40|          40|
    |sub_ln728_fu_214694_p2      |     -    |      0|  0|   47|          40|          40|
    +----------------------------+----------+-------+---+-----+------------+------------+
    |Total                       |          |    448|  0|21018|       17816|       14459|
    +----------------------------+----------+-------+---+-----+------------+------------+

    * Multiplexer: 
    +--------------+----+-----------+-----+-----------+
    |     Name     | LUT| Input Size| Bits| Total Bits|
    +--------------+----+-----------+-----+-----------+
    |ap_return_0   |   9|          2|   32|         64|
    |ap_return_1   |   9|          2|   32|         64|
    |ap_return_10  |   9|          2|   32|         64|
    |ap_return_11  |   9|          2|   32|         64|
    |ap_return_12  |   9|          2|   32|         64|
    |ap_return_13  |   9|          2|   32|         64|
    |ap_return_14  |   9|          2|   32|         64|
    |ap_return_15  |   9|          2|   32|         64|
    |ap_return_16  |   9|          2|   32|         64|
    |ap_return_17  |   9|          2|   32|         64|
    |ap_return_18  |   9|          2|   32|         64|
    |ap_return_19  |   9|          2|   32|         64|
    |ap_return_2   |   9|          2|   32|         64|
    |ap_return_3   |   9|          2|   32|         64|
    |ap_return_4   |   9|          2|   32|         64|
    |ap_return_5   |   9|          2|   32|         64|
    |ap_return_6   |   9|          2|   32|         64|
    |ap_return_7   |   9|          2|   32|         64|
    |ap_return_8   |   9|          2|   32|         64|
    |ap_return_9   |   9|          2|   32|         64|
    +--------------+----+-----------+-----+-----------+
    |Total         | 180|         40|  640|       1280|
    +--------------+----+-----------+-----+-----------+

    * Register: 
    +-------------------------------------------+-----+----+-----+-----------+
    |                    Name                   |  FF | LUT| Bits| Const Bits|
    +-------------------------------------------+-----+----+-----+-----------+
    |add_ln703_201_reg_218429                   |   38|   0|   49|         11|
    |ap_ce_reg                                  |    1|   0|    1|          0|
    |ap_return_0_int_reg                        |   32|   0|   32|          0|
    |ap_return_10_int_reg                       |   32|   0|   32|          0|
    |ap_return_11_int_reg                       |   32|   0|   32|          0|
    |ap_return_12_int_reg                       |   32|   0|   32|          0|
    |ap_return_13_int_reg                       |   32|   0|   32|          0|
    |ap_return_14_int_reg                       |   32|   0|   32|          0|
    |ap_return_15_int_reg                       |   32|   0|   32|          0|
    |ap_return_16_int_reg                       |   32|   0|   32|          0|
    |ap_return_17_int_reg                       |   32|   0|   32|          0|
    |ap_return_18_int_reg                       |   32|   0|   32|          0|
    |ap_return_19_int_reg                       |   32|   0|   32|          0|
    |ap_return_1_int_reg                        |   32|   0|   32|          0|
    |ap_return_2_int_reg                        |   32|   0|   32|          0|
    |ap_return_3_int_reg                        |   32|   0|   32|          0|
    |ap_return_4_int_reg                        |   32|   0|   32|          0|
    |ap_return_5_int_reg                        |   32|   0|   32|          0|
    |ap_return_6_int_reg                        |   32|   0|   32|          0|
    |ap_return_7_int_reg                        |   32|   0|   32|          0|
    |ap_return_8_int_reg                        |   32|   0|   32|          0|
    |ap_return_9_int_reg                        |   32|   0|   32|          0|
    |data_0_V_read_17_reg_218404                |   28|   0|   28|          0|
    |data_0_V_read_17_reg_218404_pp0_iter1_reg  |   28|   0|   28|          0|
    |data_0_V_read_int_reg                      |   28|   0|   28|          0|
    |data_10_V_read11_reg_218329                |   28|   0|   28|          0|
    |data_10_V_read11_reg_218329_pp0_iter1_reg  |   28|   0|   28|          0|
    |data_10_V_read_int_reg                     |   28|   0|   28|          0|
    |data_11_V_read12_reg_218320                |   28|   0|   28|          0|
    |data_11_V_read_int_reg                     |   28|   0|   28|          0|
    |data_1_V_read_17_reg_218395                |   28|   0|   28|          0|
    |data_1_V_read_17_reg_218395_pp0_iter1_reg  |   28|   0|   28|          0|
    |data_1_V_read_int_reg                      |   28|   0|   28|          0|
    |data_2_V_read_17_reg_218388                |   28|   0|   28|          0|
    |data_2_V_read_int_reg                      |   28|   0|   28|          0|
    |data_3_V_read_17_reg_218380                |   28|   0|   28|          0|
    |data_3_V_read_int_reg                      |   28|   0|   28|          0|
    |data_4_V_read_15_reg_218371                |   28|   0|   28|          0|
    |data_4_V_read_15_reg_218371_pp0_iter1_reg  |   28|   0|   28|          0|
    |data_4_V_read_int_reg                      |   28|   0|   28|          0|
    |data_5_V_read_15_reg_218364                |   28|   0|   28|          0|
    |data_5_V_read_int_reg                      |   28|   0|   28|          0|
    |data_6_V_read_15_reg_218358                |   28|   0|   28|          0|
    |data_6_V_read_int_reg                      |   28|   0|   28|          0|
    |data_7_V_read_15_reg_218351                |   28|   0|   28|          0|
    |data_7_V_read_int_reg                      |   28|   0|   28|          0|
    |data_8_V_read_12_reg_218345                |   28|   0|   28|          0|
    |data_8_V_read_int_reg                      |   28|   0|   28|          0|
    |data_9_V_read_12_reg_218336                |   28|   0|   28|          0|
    |data_9_V_read_12_reg_218336_pp0_iter1_reg  |   28|   0|   28|          0|
    |data_9_V_read_int_reg                      |   28|   0|   28|          0|
    |mul_ln1118_10_reg_213835                   |   36|   0|   38|          2|
    |mul_ln1118_11_reg_213895                   |   37|   0|   39|          2|
    |mul_ln1118_12_reg_213907                   |   37|   0|   39|          2|
    |mul_ln1118_13_reg_213911                   |   36|   0|   40|          4|
    |mul_ln1118_14_reg_213947                   |   38|   0|   39|          1|
    |mul_ln1118_15_reg_213959                   |   39|   0|   40|          1|
    |mul_ln1118_16_reg_213999                   |   38|   0|   40|          2|
    |mul_ln1118_17_reg_214015                   |   39|   0|   40|          1|
    |mul_ln1118_18_reg_214019                   |   39|   0|   40|          1|
    |mul_ln1118_19_reg_214051                   |   40|   0|   40|          0|
    |mul_ln1118_1_reg_213307                    |   37|   0|   40|          3|
    |mul_ln1118_20_reg_214059                   |   38|   0|   40|          2|
    |mul_ln1118_21_reg_214087                   |   36|   0|   38|          2|
    |mul_ln1118_2_reg_213311                    |   39|   0|   40|          1|
    |mul_ln1118_3_reg_213407                    |   39|   0|   40|          1|
    |mul_ln1118_4_reg_213559                    |   40|   0|   40|          0|
    |mul_ln1118_5_reg_213575                    |   38|   0|   40|          2|
    |mul_ln1118_6_reg_213579                    |   37|   0|   38|          1|
    |mul_ln1118_7_reg_213591                    |   36|   0|   38|          2|
    |mul_ln1118_8_reg_213727                    |   37|   0|   38|          1|
    |mul_ln1118_9_reg_213811                    |   39|   0|   40|          1|
    |mul_ln1118_reg_213255                      |   38|   0|   39|          1|
    |mul_ln728_100_reg_213667                   |   39|   0|   40|          1|
    |mul_ln728_101_reg_213671                   |   35|   0|   36|          1|
    |mul_ln728_102_reg_213675                   |   36|   0|   40|          4|
    |mul_ln728_103_reg_213679                   |   35|   0|   40|          5|
    |mul_ln728_104_reg_213683                   |   40|   0|   40|          0|
    |mul_ln728_105_reg_213687                   |   36|   0|   40|          4|
    |mul_ln728_106_reg_213691                   |   38|   0|   40|          2|
    |mul_ln728_107_reg_213695                   |   39|   0|   40|          1|
    |mul_ln728_108_reg_213699                   |   40|   0|   40|          0|
    |mul_ln728_109_reg_213703                   |   37|   0|   40|          3|
    |mul_ln728_10_reg_213279                    |   34|   0|   37|          3|
    |mul_ln728_110_reg_213707                   |   38|   0|   40|          2|
    |mul_ln728_111_reg_213711                   |   37|   0|   38|          1|
    |mul_ln728_112_reg_213715                   |   38|   0|   40|          2|
    |mul_ln728_113_reg_213719                   |   38|   0|   40|          2|
    |mul_ln728_114_reg_213723                   |   40|   0|   40|          0|
    |mul_ln728_115_reg_213731                   |   37|   0|   40|          3|
    |mul_ln728_116_reg_213735                   |   38|   0|   40|          2|
    |mul_ln728_117_reg_213739                   |   39|   0|   40|          1|
    |mul_ln728_118_reg_213743                   |   39|   0|   40|          1|
    |mul_ln728_119_reg_213747                   |   37|   0|   40|          3|
    |mul_ln728_11_reg_213283                    |   33|   0|   40|          7|
    |mul_ln728_120_reg_213751                   |   39|   0|   40|          1|
    |mul_ln728_121_reg_213755                   |   38|   0|   40|          2|
    |mul_ln728_122_reg_213759                   |   38|   0|   40|          2|
    |mul_ln728_123_reg_213763                   |   38|   0|   40|          2|
    |mul_ln728_124_reg_213767                   |   38|   0|   40|          2|
    |mul_ln728_125_reg_213771                   |   38|   0|   40|          2|
    |mul_ln728_126_reg_213775                   |   39|   0|   40|          1|
    |mul_ln728_127_reg_213779                   |   36|   0|   40|          4|
    |mul_ln728_128_reg_213783                   |   37|   0|   40|          3|
    |mul_ln728_129_reg_213787                   |   40|   0|   40|          0|
    |mul_ln728_12_reg_213287                    |   39|   0|   40|          1|
    |mul_ln728_130_reg_213791                   |   38|   0|   39|          1|
    |mul_ln728_131_reg_213795                   |   39|   0|   40|          1|
    |mul_ln728_132_reg_213799                   |   36|   0|   40|          4|
    |mul_ln728_133_reg_213803                   |   39|   0|   40|          1|
    |mul_ln728_134_reg_213807                   |   39|   0|   40|          1|
    |mul_ln728_135_reg_213815                   |   39|   0|   40|          1|
    |mul_ln728_136_reg_213819                   |   39|   0|   39|          0|
    |mul_ln728_137_reg_213823                   |   38|   0|   40|          2|
    |mul_ln728_138_reg_213827                   |   39|   0|   40|          1|
    |mul_ln728_139_reg_213831                   |   38|   0|   40|          2|
    |mul_ln728_13_reg_213291                    |   38|   0|   40|          2|
    |mul_ln728_140_reg_213839                   |   40|   0|   40|          0|
    |mul_ln728_141_reg_213843                   |   38|   0|   40|          2|
    |mul_ln728_142_reg_213847                   |   40|   0|   40|          0|
    |mul_ln728_143_reg_213851                   |   38|   0|   40|          2|
    |mul_ln728_144_reg_213855                   |   40|   0|   40|          0|
    |mul_ln728_145_reg_213859                   |   39|   0|   39|          0|
    |mul_ln728_146_reg_213863                   |   40|   0|   40|          0|
    |mul_ln728_147_reg_213867                   |   36|   0|   40|          4|
    |mul_ln728_148_reg_213871                   |   40|   0|   40|          0|
    |mul_ln728_149_reg_213875                   |   38|   0|   40|          2|
    |mul_ln728_14_reg_213295                    |   36|   0|   39|          3|
    |mul_ln728_150_reg_213879                   |   36|   0|   40|          4|
    |mul_ln728_151_reg_213883                   |   38|   0|   40|          2|
    |mul_ln728_152_reg_213887                   |   40|   0|   40|          0|
    |mul_ln728_153_reg_213891                   |   38|   0|   40|          2|
    |mul_ln728_154_reg_213899                   |   36|   0|   40|          4|
    |mul_ln728_155_reg_213903                   |   39|   0|   40|          1|
    |mul_ln728_156_reg_213915                   |   36|   0|   40|          4|
    |mul_ln728_157_reg_213919                   |   40|   0|   40|          0|
    |mul_ln728_158_reg_213923                   |   40|   0|   40|          0|
    |mul_ln728_159_reg_213927                   |   39|   0|   40|          1|
    |mul_ln728_15_reg_213299                    |   39|   0|   40|          1|
    |mul_ln728_160_reg_213931                   |   38|   0|   40|          2|
    |mul_ln728_161_reg_213935                   |   40|   0|   40|          0|
    |mul_ln728_162_reg_213939                   |   37|   0|   40|          3|
    |mul_ln728_163_reg_213943                   |   39|   0|   40|          1|
    |mul_ln728_164_reg_213951                   |   38|   0|   40|          2|
    |mul_ln728_165_reg_213955                   |   38|   0|   40|          2|
    |mul_ln728_166_reg_213963                   |   37|   0|   37|          0|
    |mul_ln728_167_reg_213967                   |   39|   0|   40|          1|
    |mul_ln728_168_reg_213971                   |   39|   0|   40|          1|
    |mul_ln728_169_reg_213975                   |   39|   0|   40|          1|
    |mul_ln728_16_reg_213303                    |   40|   0|   40|          0|
    |mul_ln728_170_reg_213979                   |   38|   0|   40|          2|
    |mul_ln728_171_reg_213983                   |   40|   0|   40|          0|
    |mul_ln728_172_reg_213987                   |   39|   0|   40|          1|
    |mul_ln728_173_reg_213991                   |   40|   0|   40|          0|
    |mul_ln728_174_reg_213995                   |   40|   0|   40|          0|
    |mul_ln728_175_reg_214003                   |   37|   0|   40|          3|
    |mul_ln728_176_reg_214007                   |   39|   0|   40|          1|
    |mul_ln728_177_reg_214011                   |   37|   0|   40|          3|
    |mul_ln728_178_reg_214023                   |   36|   0|   40|          4|
    |mul_ln728_179_reg_214027                   |   37|   0|   40|          3|
    |mul_ln728_17_reg_213315                    |   38|   0|   38|          0|
    |mul_ln728_180_reg_214031                   |   37|   0|   40|          3|
    |mul_ln728_181_reg_214035                   |   37|   0|   40|          3|
    |mul_ln728_182_reg_214039                   |   38|   0|   40|          2|
    |mul_ln728_183_reg_214043                   |   36|   0|   40|          4|
    |mul_ln728_184_reg_214047                   |   39|   0|   40|          1|
    |mul_ln728_185_reg_214055                   |   36|   0|   40|          4|
    |mul_ln728_186_reg_214063                   |   34|   0|   36|          2|
    |mul_ln728_187_reg_214067                   |   40|   0|   40|          0|
    |mul_ln728_188_reg_214071                   |   38|   0|   40|          2|
    |mul_ln728_189_reg_214075                   |   36|   0|   38|          2|
    |mul_ln728_18_reg_213319                    |   39|   0|   40|          1|
    |mul_ln728_190_reg_214079                   |   38|   0|   40|          2|
    |mul_ln728_191_reg_214083                   |   39|   0|   40|          1|
    |mul_ln728_192_reg_214091                   |   40|   0|   40|          0|
    |mul_ln728_193_reg_214095                   |   40|   0|   40|          0|
    |mul_ln728_194_reg_214099                   |   36|   0|   40|          4|
    |mul_ln728_195_reg_214103                   |   39|   0|   40|          1|
    |mul_ln728_196_reg_214107                   |   32|   0|   39|          7|
    |mul_ln728_197_reg_214111                   |   40|   0|   40|          0|
    |mul_ln728_198_reg_214115                   |   39|   0|   40|          1|
    |mul_ln728_199_reg_1827                     |   36|   0|   38|          2|
    |mul_ln728_19_reg_213323                    |   39|   0|   40|          1|
    |mul_ln728_1_reg_213239                     |   36|   0|   40|          4|
    |mul_ln728_200_reg_214119                   |   38|   0|   40|          2|
    |mul_ln728_201_reg_214123                   |   40|   0|   40|          0|
    |mul_ln728_20_reg_213327                    |   34|   0|   35|          1|
    |mul_ln728_21_reg_213331                    |   37|   0|   40|          3|
    |mul_ln728_22_reg_213335                    |   37|   0|   40|          3|
    |mul_ln728_23_reg_213339                    |   40|   0|   40|          0|
    |mul_ln728_24_reg_213343                    |   40|   0|   40|          0|
    |mul_ln728_25_reg_213347                    |   40|   0|   40|          0|
    |mul_ln728_26_reg_213351                    |   38|   0|   40|          2|
    |mul_ln728_27_reg_213355                    |   35|   0|   38|          3|
    |mul_ln728_28_reg_213359                    |   39|   0|   40|          1|
    |mul_ln728_29_reg_213363                    |   34|   0|   40|          6|
    |mul_ln728_2_reg_213243                     |   39|   0|   40|          1|
    |mul_ln728_30_reg_213367                    |   37|   0|   40|          3|
    |mul_ln728_31_reg_213371                    |   38|   0|   40|          2|
    |mul_ln728_32_reg_213375                    |   40|   0|   40|          0|
    |mul_ln728_33_reg_213379                    |   37|   0|   38|          1|
    |mul_ln728_34_reg_213383                    |   38|   0|   40|          2|
    |mul_ln728_35_reg_213387                    |   37|   0|   40|          3|
    |mul_ln728_36_reg_213391                    |   39|   0|   40|          1|
    |mul_ln728_37_reg_213395                    |   34|   0|   36|          2|
    |mul_ln728_38_reg_213399                    |   40|   0|   40|          0|
    |mul_ln728_39_reg_213403                    |   40|   0|   40|          0|
    |mul_ln728_3_reg_213247                     |   40|   0|   40|          0|
    |mul_ln728_40_reg_213411                    |   34|   0|   40|          6|
    |mul_ln728_41_reg_213415                    |   40|   0|   40|          0|
    |mul_ln728_42_reg_213419                    |   40|   0|   40|          0|
    |mul_ln728_43_reg_213423                    |   40|   0|   40|          0|
    |mul_ln728_44_reg_213427                    |   38|   0|   40|          2|
    |mul_ln728_45_reg_213431                    |   40|   0|   40|          0|
    |mul_ln728_46_reg_213435                    |   33|   0|   40|          7|
    |mul_ln728_47_reg_213439                    |   38|   0|   40|          2|
    |mul_ln728_48_reg_213443                    |   35|   0|   38|          3|
    |mul_ln728_49_reg_213447                    |   37|   0|   40|          3|
    |mul_ln728_4_reg_213251                     |   39|   0|   40|          1|
    |mul_ln728_50_reg_213451                    |   37|   0|   40|          3|
    |mul_ln728_51_reg_213455                    |   38|   0|   40|          2|
    |mul_ln728_52_reg_213459                    |   36|   0|   40|          4|
    |mul_ln728_53_reg_213463                    |   40|   0|   40|          0|
    |mul_ln728_54_reg_213467                    |   38|   0|   40|          2|
    |mul_ln728_55_reg_213471                    |   37|   0|   37|          0|
    |mul_ln728_56_reg_213475                    |   39|   0|   40|          1|
    |mul_ln728_57_reg_213479                    |   37|   0|   38|          1|
    |mul_ln728_58_reg_213483                    |   38|   0|   40|          2|
    |mul_ln728_59_reg_213487                    |   34|   0|   38|          4|
    |mul_ln728_5_reg_213259                     |   37|   0|   39|          2|
    |mul_ln728_60_reg_213491                    |   37|   0|   40|          3|
    |mul_ln728_61_reg_213495                    |   38|   0|   39|          1|
    |mul_ln728_62_reg_213499                    |   39|   0|   40|          1|
    |mul_ln728_63_reg_213503                    |   37|   0|   40|          3|
    |mul_ln728_64_reg_213507                    |   37|   0|   40|          3|
    |mul_ln728_65_reg_213511                    |   40|   0|   40|          0|
    |mul_ln728_66_reg_213515                    |   39|   0|   40|          1|
    |mul_ln728_67_reg_213519                    |   38|   0|   40|          2|
    |mul_ln728_68_reg_213523                    |   38|   0|   40|          2|
    |mul_ln728_69_reg_213527                    |   40|   0|   40|          0|
    |mul_ln728_6_reg_213263                     |   40|   0|   40|          0|
    |mul_ln728_70_reg_213531                    |   37|   0|   40|          3|
    |mul_ln728_71_reg_213535                    |   39|   0|   40|          1|
    |mul_ln728_72_reg_213539                    |   38|   0|   40|          2|
    |mul_ln728_73_reg_213543                    |   37|   0|   40|          3|
    |mul_ln728_74_reg_213547                    |   39|   0|   39|          0|
    |mul_ln728_75_reg_213551                    |   39|   0|   40|          1|
    |mul_ln728_76_reg_213555                    |   38|   0|   40|          2|
    |mul_ln728_77_reg_213563                    |   39|   0|   40|          1|
    |mul_ln728_78_reg_213567                    |   39|   0|   40|          1|
    |mul_ln728_79_reg_213571                    |   39|   0|   40|          1|
    |mul_ln728_7_reg_213267                     |   37|   0|   40|          3|
    |mul_ln728_80_reg_213583                    |   39|   0|   40|          1|
    |mul_ln728_81_reg_213587                    |   35|   0|   40|          5|
    |mul_ln728_82_reg_213595                    |   39|   0|   40|          1|
    |mul_ln728_83_reg_213599                    |   39|   0|   40|          1|
    |mul_ln728_84_reg_213603                    |   38|   0|   40|          2|
    |mul_ln728_85_reg_213607                    |   39|   0|   40|          1|
    |mul_ln728_86_reg_213611                    |   32|   0|   40|          8|
    |mul_ln728_87_reg_213615                    |   37|   0|   40|          3|
    |mul_ln728_88_reg_213619                    |   37|   0|   40|          3|
    |mul_ln728_89_reg_213623                    |   38|   0|   40|          2|
    |mul_ln728_8_reg_213271                     |   36|   0|   39|          3|
    |mul_ln728_90_reg_213627                    |   38|   0|   40|          2|
    |mul_ln728_91_reg_213631                    |   36|   0|   40|          4|
    |mul_ln728_92_reg_213635                    |   39|   0|   40|          1|
    |mul_ln728_93_reg_213639                    |   37|   0|   39|          2|
    |mul_ln728_94_reg_213643                    |   40|   0|   40|          0|
    |mul_ln728_95_reg_213647                    |   36|   0|   40|          4|
    |mul_ln728_96_reg_213651                    |   38|   0|   40|          2|
    |mul_ln728_97_reg_213655                    |   36|   0|   39|          3|
    |mul_ln728_98_reg_213659                    |   38|   0|   40|          2|
    |mul_ln728_99_reg_213663                    |   38|   0|   40|          2|
    |mul_ln728_9_reg_213275                     |   40|   0|   40|          0|
    |mul_ln728_reg_213235                       |   39|   0|   40|          1|
    |shl_ln728_75_reg_218419                    |   29|   0|   40|         11|
    |sub_ln1118_5_reg_218424                    |   38|   0|   40|          2|
    |zext_ln1118_153_reg_218413                 |   28|   0|   38|         10|
    +-------------------------------------------+-----+----+-----+-----------+
    |Total                                      |10083|   0|10511|        428|
    +-------------------------------------------+-----+----+-----+-----------+



================================================================
== Interface
================================================================
* Summary: 
+----------------+-----+-----+------------+---------------------------------------------------------+--------------+
|    RTL Ports   | Dir | Bits|  Protocol  |                      Source Object                      |    C Type    |
+----------------+-----+-----+------------+---------------------------------------------------------+--------------+
|ap_clk          |  in |    1| ap_ctrl_hs | dense_latency.0.0.0.0.0.0.0.0.0.0.0.0.0.0.0.0.0.0.0.0.0 | return value |
|ap_rst          |  in |    1| ap_ctrl_hs | dense_latency.0.0.0.0.0.0.0.0.0.0.0.0.0.0.0.0.0.0.0.0.0 | return value |
|ap_return_0     | out |   32| ap_ctrl_hs | dense_latency.0.0.0.0.0.0.0.0.0.0.0.0.0.0.0.0.0.0.0.0.0 | return value |
|ap_return_1     | out |   32| ap_ctrl_hs | dense_latency.0.0.0.0.0.0.0.0.0.0.0.0.0.0.0.0.0.0.0.0.0 | return value |
|ap_return_2     | out |   32| ap_ctrl_hs | dense_latency.0.0.0.0.0.0.0.0.0.0.0.0.0.0.0.0.0.0.0.0.0 | return value |
|ap_return_3     | out |   32| ap_ctrl_hs | dense_latency.0.0.0.0.0.0.0.0.0.0.0.0.0.0.0.0.0.0.0.0.0 | return value |
|ap_return_4     | out |   32| ap_ctrl_hs | dense_latency.0.0.0.0.0.0.0.0.0.0.0.0.0.0.0.0.0.0.0.0.0 | return value |
|ap_return_5     | out |   32| ap_ctrl_hs | dense_latency.0.0.0.0.0.0.0.0.0.0.0.0.0.0.0.0.0.0.0.0.0 | return value |
|ap_return_6     | out |   32| ap_ctrl_hs | dense_latency.0.0.0.0.0.0.0.0.0.0.0.0.0.0.0.0.0.0.0.0.0 | return value |
|ap_return_7     | out |   32| ap_ctrl_hs | dense_latency.0.0.0.0.0.0.0.0.0.0.0.0.0.0.0.0.0.0.0.0.0 | return value |
|ap_return_8     | out |   32| ap_ctrl_hs | dense_latency.0.0.0.0.0.0.0.0.0.0.0.0.0.0.0.0.0.0.0.0.0 | return value |
|ap_return_9     | out |   32| ap_ctrl_hs | dense_latency.0.0.0.0.0.0.0.0.0.0.0.0.0.0.0.0.0.0.0.0.0 | return value |
|ap_return_10    | out |   32| ap_ctrl_hs | dense_latency.0.0.0.0.0.0.0.0.0.0.0.0.0.0.0.0.0.0.0.0.0 | return value |
|ap_return_11    | out |   32| ap_ctrl_hs | dense_latency.0.0.0.0.0.0.0.0.0.0.0.0.0.0.0.0.0.0.0.0.0 | return value |
|ap_return_12    | out |   32| ap_ctrl_hs | dense_latency.0.0.0.0.0.0.0.0.0.0.0.0.0.0.0.0.0.0.0.0.0 | return value |
|ap_return_13    | out |   32| ap_ctrl_hs | dense_latency.0.0.0.0.0.0.0.0.0.0.0.0.0.0.0.0.0.0.0.0.0 | return value |
|ap_return_14    | out |   32| ap_ctrl_hs | dense_latency.0.0.0.0.0.0.0.0.0.0.0.0.0.0.0.0.0.0.0.0.0 | return value |
|ap_return_15    | out |   32| ap_ctrl_hs | dense_latency.0.0.0.0.0.0.0.0.0.0.0.0.0.0.0.0.0.0.0.0.0 | return value |
|ap_return_16    | out |   32| ap_ctrl_hs | dense_latency.0.0.0.0.0.0.0.0.0.0.0.0.0.0.0.0.0.0.0.0.0 | return value |
|ap_return_17    | out |   32| ap_ctrl_hs | dense_latency.0.0.0.0.0.0.0.0.0.0.0.0.0.0.0.0.0.0.0.0.0 | return value |
|ap_return_18    | out |   32| ap_ctrl_hs | dense_latency.0.0.0.0.0.0.0.0.0.0.0.0.0.0.0.0.0.0.0.0.0 | return value |
|ap_return_19    | out |   32| ap_ctrl_hs | dense_latency.0.0.0.0.0.0.0.0.0.0.0.0.0.0.0.0.0.0.0.0.0 | return value |
|ap_ce           |  in |    1| ap_ctrl_hs | dense_latency.0.0.0.0.0.0.0.0.0.0.0.0.0.0.0.0.0.0.0.0.0 | return value |
|data_0_V_read   |  in |   28|   ap_none  |                      data_0_V_read                      |    scalar    |
|data_1_V_read   |  in |   28|   ap_none  |                      data_1_V_read                      |    scalar    |
|data_2_V_read   |  in |   28|   ap_none  |                      data_2_V_read                      |    scalar    |
|data_3_V_read   |  in |   28|   ap_none  |                      data_3_V_read                      |    scalar    |
|data_4_V_read   |  in |   28|   ap_none  |                      data_4_V_read                      |    scalar    |
|data_5_V_read   |  in |   28|   ap_none  |                      data_5_V_read                      |    scalar    |
|data_6_V_read   |  in |   28|   ap_none  |                      data_6_V_read                      |    scalar    |
|data_7_V_read   |  in |   28|   ap_none  |                      data_7_V_read                      |    scalar    |
|data_8_V_read   |  in |   28|   ap_none  |                      data_8_V_read                      |    scalar    |
|data_9_V_read   |  in |   28|   ap_none  |                      data_9_V_read                      |    scalar    |
|data_10_V_read  |  in |   28|   ap_none  |                      data_10_V_read                     |    scalar    |
|data_11_V_read  |  in |   28|   ap_none  |                      data_11_V_read                     |    scalar    |
+----------------+-----+-----+------------+---------------------------------------------------------+--------------+

